-- Found ament_cmake: 1.3.12 (/opt/ros/humble/share/ament_cmake/cmake)
-- Override CMake install command with custom implementation using symlinks instead of copying resources
-- Found grid_map_cmake_helpers: 2.4.0 (/home/wego/drive_ws/install/grid_map_cmake_helpers/share/grid_map_cmake_helpers/cmake)
-- Found grid_map_core: 2.4.0 (/home/wego/drive_ws/install/grid_map_core/share/grid_map_core/cmake)
-- Found geometry_msgs: 4.9.0 (/opt/ros/humble/share/geometry_msgs/cmake)
-- Found rosidl_generator_c: 3.1.7 (/opt/ros/humble/share/rosidl_generator_c/cmake)
-- Found rosidl_adapter: 3.1.7 (/opt/ros/humble/share/rosidl_adapter/cmake)
-- Found rosidl_generator_cpp: 3.1.7 (/opt/ros/humble/share/rosidl_generator_cpp/cmake)
-- Using all available rosidl_typesupport_c: rosidl_typesupport_fastrtps_c;rosidl_typesupport_introspection_c
-- Using all available rosidl_typesupport_cpp: rosidl_typesupport_fastrtps_cpp;rosidl_typesupport_introspection_cpp
-- Found nav2_costmap_2d: 1.1.19 (/home/wego/wego_ws/install/nav2_costmap_2d/share/nav2_costmap_2d/cmake)
-- Found rmw_implementation_cmake: 6.1.2 (/opt/ros/humble/share/rmw_implementation_cmake/cmake)
-- Found rmw_fastrtps_cpp: 6.2.9 (/opt/ros/humble/share/rmw_fastrtps_cpp/cmake)
-- Using RMW implementation 'rmw_fastrtps_cpp' as default
-- Ensuring Eigen3 include directory is part of orocos-kdl CMake target
-- Found ament_lint_auto: 0.12.14 (/opt/ros/humble/share/ament_lint_auto/cmake)
-- Found gtest sources under '/opt/ros/humble/src/gtest_vendor': C++ tests using 'Google Test' will be built
-- Added test 'cppcheck' to perform static code analysis on C / C++ code
-- Configured cppcheck include dirs: $<BUILD_INTERFACE:/home/wego/drive_ws/src/grid_map/grid_map_costmap_2d/include>
-- Configured cppcheck exclude dirs and/or files: 
-- Added test 'lint_cmake' to check CMake code style
-- Added test 'uncrustify' to check C / C++ code style
-- Configured uncrustify additional arguments: 
-- Added test 'xmllint' to check XML markup files
-- Configuring done
-- Generating done
-- Build files have been written to: /home/wego/drive_ws/build/grid_map_costmap_2d
[35m[1mConsolidate compiler generated dependencies of target gtest_main[0m
[35m[1mConsolidate compiler generated dependencies of target gtest[0m
[  0%] Built target grid_map_costmap_2d
[ 22%] Built target gtest_main
[ 44%] Built target gtest
[35m[1mConsolidate compiler generated dependencies of target costmap-2d-ros-test[0m
[35m[1mConsolidate compiler generated dependencies of target grid_map_costmap_2d-test[0m
[ 55%] [32mBuilding CXX object test/CMakeFiles/grid_map_costmap_2d-test.dir/test_grid_map_costmap_2d.cpp.o[0m
[ 66%] [32mBuilding CXX object test/CMakeFiles/costmap-2d-ros-test.dir/test_costmap_2d_ros.cpp.o[0m
[ 77%] [32mBuilding CXX object test/CMakeFiles/grid_map_costmap_2d-test.dir/test_costmap_2d_converter.cpp.o[0m
[ 88%] [32m[1mLinking CXX executable grid_map_costmap_2d-test[0m
[ 88%] Built target grid_map_costmap_2d-test
[100%] [32m[1mLinking CXX executable costmap-2d-ros-test[0m
[100%] Built target costmap-2d-ros-test
-- Install configuration: "Release"
-- Execute custom install script
-- Up-to-date symlink: /home/wego/drive_ws/install/grid_map_costmap_2d/share/grid_map_costmap_2d/environment/library_path.sh
-- Up-to-date symlink: /home/wego/drive_ws/install/grid_map_costmap_2d/share/grid_map_costmap_2d/environment/library_path.dsv
-- Up-to-date symlink: /home/wego/drive_ws/install/grid_map_costmap_2d/share/ament_index/resource_index/package_run_dependencies/grid_map_costmap_2d
-- Up-to-date symlink: /home/wego/drive_ws/install/grid_map_costmap_2d/share/ament_index/resource_index/parent_prefix_path/grid_map_costmap_2d
-- Up-to-date symlink: /home/wego/drive_ws/install/grid_map_costmap_2d/share/grid_map_costmap_2d/environment/ament_prefix_path.sh
-- Up-to-date symlink: /home/wego/drive_ws/install/grid_map_costmap_2d/share/grid_map_costmap_2d/environment/ament_prefix_path.dsv
-- Up-to-date symlink: /home/wego/drive_ws/install/grid_map_costmap_2d/share/grid_map_costmap_2d/environment/path.sh
-- Up-to-date symlink: /home/wego/drive_ws/install/grid_map_costmap_2d/share/grid_map_costmap_2d/environment/path.dsv
-- Up-to-date symlink: /home/wego/drive_ws/install/grid_map_costmap_2d/share/grid_map_costmap_2d/local_setup.bash
-- Up-to-date symlink: /home/wego/drive_ws/install/grid_map_costmap_2d/share/grid_map_costmap_2d/local_setup.sh
-- Up-to-date symlink: /home/wego/drive_ws/install/grid_map_costmap_2d/share/grid_map_costmap_2d/local_setup.zsh
-- Up-to-date symlink: /home/wego/drive_ws/install/grid_map_costmap_2d/share/grid_map_costmap_2d/local_setup.dsv
-- Symlinking: /home/wego/drive_ws/install/grid_map_costmap_2d/share/grid_map_costmap_2d/package.dsv
-- Up-to-date symlink: /home/wego/drive_ws/install/grid_map_costmap_2d/share/ament_index/resource_index/packages/grid_map_costmap_2d
-- Up-to-date symlink: /home/wego/drive_ws/install/grid_map_costmap_2d/share/grid_map_costmap_2d/cmake/ament_cmake_export_targets-extras.cmake
-- Up-to-date symlink: /home/wego/drive_ws/install/grid_map_costmap_2d/share/grid_map_costmap_2d/cmake/ament_cmake_export_dependencies-extras.cmake
-- Up-to-date symlink: /home/wego/drive_ws/install/grid_map_costmap_2d/share/grid_map_costmap_2d/cmake/grid_map_costmap_2dConfig.cmake
-- Up-to-date symlink: /home/wego/drive_ws/install/grid_map_costmap_2d/share/grid_map_costmap_2d/cmake/grid_map_costmap_2dConfig-version.cmake
-- Up-to-date symlink: /home/wego/drive_ws/install/grid_map_costmap_2d/share/grid_map_costmap_2d/package.xml
-- Up-to-date: /home/wego/drive_ws/install/grid_map_costmap_2d/include/grid_map_costmap_2d
-- Up-to-date: /home/wego/drive_ws/install/grid_map_costmap_2d/include/grid_map_costmap_2d/grid_map_costmap_2d
-- Up-to-date: /home/wego/drive_ws/install/grid_map_costmap_2d/include/grid_map_costmap_2d/grid_map_costmap_2d/costmap_2d_converter.hpp
-- Up-to-date: /home/wego/drive_ws/install/grid_map_costmap_2d/include/grid_map_costmap_2d/grid_map_costmap_2d/grid_map_costmap_2d.hpp
-- Up-to-date: /home/wego/drive_ws/install/grid_map_costmap_2d/share/grid_map_costmap_2d/cmake/export_grid_map_costmap_2dExport.cmake
