[0.068s] Invoking command in '/home/wego/drive_ws/build/grid_map_costmap_2d': AMENT_PREFIX_PATH=/home/wego/drive_ws/install/grid_map_core:/home/wego/drive_ws/install/grid_map_cmake_helpers:${AMENT_PREFIX_PATH} CMAKE_PREFIX_PATH=/home/wego/drive_ws/install/grid_map_core:/home/wego/drive_ws/install/grid_map_cmake_helpers:/home/wego/wego_ws/install/ydlidar_ros2_driver:/home/wego/wego_ws/install/wego_msgs:/home/wego/wego_ws/install/wego_2d_nav:/home/wego/wego_ws/install/wego:/home/wego/wego_ws/install/robot_localization:/home/wego/wego_ws/install/orbbec_description:/home/wego/wego_ws/install/orbbec_camera:/home/wego/wego_ws/install/orbbec_camera_msgs:/home/wego/wego_ws/install/nav2_bringup:/home/wego/wego_ws/install/navigation2:/home/wego/wego_ws/install/nav2_smoother:/home/wego/wego_ws/install/nav2_rotation_shim_controller:/home/wego/wego_ws/install/nav2_graceful_controller:/home/wego/wego_ws/install/nav2_dwb_controller:/home/wego/wego_ws/install/nav2_controller:/home/wego/wego_ws/install/dwb_plugins:/home/wego/wego_ws/install/dwb_critics:/home/wego/wego_ws/install/dwb_core:/home/wego/wego_ws/install/nav_2d_utils:/home/wego/wego_ws/install/dwb_msgs:/home/wego/wego_ws/install/nav_2d_msgs:/home/wego/wego_ws/install/nav2_waypoint_follower:/home/wego/wego_ws/install/nav2_theta_star_planner:/home/wego/wego_ws/install/nav2_smac_planner:/home/wego/wego_ws/install/nav2_route:/home/wego/wego_ws/install/nav2_regulated_pure_pursuit_controller:/home/wego/wego_ws/install/nav2_planner:/home/wego/wego_ws/install/nav2_navfn_planner:/home/wego/wego_ws/install/nav2_mppi_controller:/home/wego/wego_ws/install/nav2_constrained_smoother:/home/wego/wego_ws/install/nav2_bt_navigator:/home/wego/wego_ws/install/nav2_behaviors:/home/wego/wego_ws/install/nav2_core:/home/wego/wego_ws/install/nav2_collision_monitor:/home/wego/wego_ws/install/costmap_queue:/home/wego/wego_ws/install/nav2_costmap_2d:/home/wego/wego_ws/install/nav2_voxel_grid:/home/wego/wego_ws/install/nav2_velocity_smoother:/home/wego/wego_ws/install/nav2_rviz_plugins:/home/wego/wego_ws/install/nav2_map_server:/home/wego/wego_ws/install/nav2_lifecycle_manager:/home/wego/wego_ws/install/nav2_behavior_tree:/home/wego/wego_ws/install/nav2_amcl:/home/wego/wego_ws/install/nav2_util:/home/wego/wego_ws/install/nav2_msgs:/home/wego/wego_ws/install/nav2_common:/home/wego/wego_ws/install/limo_base:/home/wego/wego_ws/install/limo_msgs:/home/wego/wego_ws/install/limo_description:/home/wego/wego_ws/install/lift_ctr:/home/wego/wego_ws/install/dl_ros2_msgs:/home/wego/wego_ws/install/limo_ros2_application:/home/wego/wego_ws/install/nav2_simple_commander:/home/wego/wego_ws/install/dl_ros2_application:/opt/ros/humble LD_LIBRARY_PATH=/home/wego/drive_ws/install/grid_map_core/lib:${LD_LIBRARY_PATH} /usr/bin/cmake --build /home/wego/drive_ws/build/grid_map_costmap_2d -- -j6 -l6
[0.166s] -- Found ament_cmake: 1.3.12 (/opt/ros/humble/share/ament_cmake/cmake)
[0.565s] -- Override CMake install command with custom implementation using symlinks instead of copying resources
[0.593s] -- Found grid_map_cmake_helpers: 2.4.0 (/home/wego/drive_ws/install/grid_map_cmake_helpers/share/grid_map_cmake_helpers/cmake)
[0.593s] -- Found grid_map_core: 2.4.0 (/home/wego/drive_ws/install/grid_map_core/share/grid_map_core/cmake)
[0.599s] -- Found geometry_msgs: 4.9.0 (/opt/ros/humble/share/geometry_msgs/cmake)
[0.673s] -- Found rosidl_generator_c: 3.1.7 (/opt/ros/humble/share/rosidl_generator_c/cmake)
[0.683s] -- Found rosidl_adapter: 3.1.7 (/opt/ros/humble/share/rosidl_adapter/cmake)
[0.696s] -- Found rosidl_generator_cpp: 3.1.7 (/opt/ros/humble/share/rosidl_generator_cpp/cmake)
[0.722s] -- Using all available rosidl_typesupport_c: rosidl_typesupport_fastrtps_c;rosidl_typesupport_introspection_c
[0.763s] -- Using all available rosidl_typesupport_cpp: rosidl_typesupport_fastrtps_cpp;rosidl_typesupport_introspection_cpp
[0.851s] -- Found nav2_costmap_2d: 1.1.19 (/home/wego/wego_ws/install/nav2_costmap_2d/share/nav2_costmap_2d/cmake)
[0.948s] -- Found rmw_implementation_cmake: 6.1.2 (/opt/ros/humble/share/rmw_implementation_cmake/cmake)
[0.954s] -- Found rmw_fastrtps_cpp: 6.2.9 (/opt/ros/humble/share/rmw_fastrtps_cpp/cmake)
[1.246s] -- Using RMW implementation 'rmw_fastrtps_cpp' as default
[1.722s] -- Ensuring Eigen3 include directory is part of orocos-kdl CMake target
[2.007s] -- Found ament_lint_auto: 0.12.14 (/opt/ros/humble/share/ament_lint_auto/cmake)
[2.267s] -- Found gtest sources under '/opt/ros/humble/src/gtest_vendor': C++ tests using 'Google Test' will be built
[2.299s] -- Added test 'cppcheck' to perform static code analysis on C / C++ code
[2.299s] -- Configured cppcheck include dirs: $<BUILD_INTERFACE:/home/wego/drive_ws/src/grid_map/grid_map_costmap_2d/include>
[2.299s] -- Configured cppcheck exclude dirs and/or files: 
[2.300s] -- Added test 'lint_cmake' to check CMake code style
[2.303s] -- Added test 'uncrustify' to check C / C++ code style
[2.303s] -- Configured uncrustify additional arguments: 
[2.303s] -- Added test 'xmllint' to check XML markup files
[2.310s] -- Configuring done
[2.461s] -- Generating done
[2.489s] -- Build files have been written to: /home/wego/drive_ws/build/grid_map_costmap_2d
[2.563s] [35m[1mConsolidate compiler generated dependencies of target gtest_main[0m
[2.568s] [35m[1mConsolidate compiler generated dependencies of target gtest[0m
[2.579s] [  0%] Built target grid_map_costmap_2d
[2.600s] [ 22%] Built target gtest_main
[2.602s] [ 44%] Built target gtest
[2.626s] [35m[1mConsolidate compiler generated dependencies of target costmap-2d-ros-test[0m
[2.626s] [35m[1mConsolidate compiler generated dependencies of target grid_map_costmap_2d-test[0m
[2.674s] [ 55%] [32mBuilding CXX object test/CMakeFiles/grid_map_costmap_2d-test.dir/test_grid_map_costmap_2d.cpp.o[0m
[2.702s] [ 66%] [32mBuilding CXX object test/CMakeFiles/costmap-2d-ros-test.dir/test_costmap_2d_ros.cpp.o[0m
[2.703s] [ 77%] [32mBuilding CXX object test/CMakeFiles/grid_map_costmap_2d-test.dir/test_costmap_2d_converter.cpp.o[0m
[25.506s] [ 88%] [32m[1mLinking CXX executable grid_map_costmap_2d-test[0m
[26.119s] [ 88%] Built target grid_map_costmap_2d-test
[29.803s] [100%] [32m[1mLinking CXX executable costmap-2d-ros-test[0m
[30.444s] [100%] Built target costmap-2d-ros-test
[30.473s] Invoked command in '/home/wego/drive_ws/build/grid_map_costmap_2d' returned '0': AMENT_PREFIX_PATH=/home/wego/drive_ws/install/grid_map_core:/home/wego/drive_ws/install/grid_map_cmake_helpers:${AMENT_PREFIX_PATH} CMAKE_PREFIX_PATH=/home/wego/drive_ws/install/grid_map_core:/home/wego/drive_ws/install/grid_map_cmake_helpers:/home/wego/wego_ws/install/ydlidar_ros2_driver:/home/wego/wego_ws/install/wego_msgs:/home/wego/wego_ws/install/wego_2d_nav:/home/wego/wego_ws/install/wego:/home/wego/wego_ws/install/robot_localization:/home/wego/wego_ws/install/orbbec_description:/home/wego/wego_ws/install/orbbec_camera:/home/wego/wego_ws/install/orbbec_camera_msgs:/home/wego/wego_ws/install/nav2_bringup:/home/wego/wego_ws/install/navigation2:/home/wego/wego_ws/install/nav2_smoother:/home/wego/wego_ws/install/nav2_rotation_shim_controller:/home/wego/wego_ws/install/nav2_graceful_controller:/home/wego/wego_ws/install/nav2_dwb_controller:/home/wego/wego_ws/install/nav2_controller:/home/wego/wego_ws/install/dwb_plugins:/home/wego/wego_ws/install/dwb_critics:/home/wego/wego_ws/install/dwb_core:/home/wego/wego_ws/install/nav_2d_utils:/home/wego/wego_ws/install/dwb_msgs:/home/wego/wego_ws/install/nav_2d_msgs:/home/wego/wego_ws/install/nav2_waypoint_follower:/home/wego/wego_ws/install/nav2_theta_star_planner:/home/wego/wego_ws/install/nav2_smac_planner:/home/wego/wego_ws/install/nav2_route:/home/wego/wego_ws/install/nav2_regulated_pure_pursuit_controller:/home/wego/wego_ws/install/nav2_planner:/home/wego/wego_ws/install/nav2_navfn_planner:/home/wego/wego_ws/install/nav2_mppi_controller:/home/wego/wego_ws/install/nav2_constrained_smoother:/home/wego/wego_ws/install/nav2_bt_navigator:/home/wego/wego_ws/install/nav2_behaviors:/home/wego/wego_ws/install/nav2_core:/home/wego/wego_ws/install/nav2_collision_monitor:/home/wego/wego_ws/install/costmap_queue:/home/wego/wego_ws/install/nav2_costmap_2d:/home/wego/wego_ws/install/nav2_voxel_grid:/home/wego/wego_ws/install/nav2_velocity_smoother:/home/wego/wego_ws/install/nav2_rviz_plugins:/home/wego/wego_ws/install/nav2_map_server:/home/wego/wego_ws/install/nav2_lifecycle_manager:/home/wego/wego_ws/install/nav2_behavior_tree:/home/wego/wego_ws/install/nav2_amcl:/home/wego/wego_ws/install/nav2_util:/home/wego/wego_ws/install/nav2_msgs:/home/wego/wego_ws/install/nav2_common:/home/wego/wego_ws/install/limo_base:/home/wego/wego_ws/install/limo_msgs:/home/wego/wego_ws/install/limo_description:/home/wego/wego_ws/install/lift_ctr:/home/wego/wego_ws/install/dl_ros2_msgs:/home/wego/wego_ws/install/limo_ros2_application:/home/wego/wego_ws/install/nav2_simple_commander:/home/wego/wego_ws/install/dl_ros2_application:/opt/ros/humble LD_LIBRARY_PATH=/home/wego/drive_ws/install/grid_map_core/lib:${LD_LIBRARY_PATH} /usr/bin/cmake --build /home/wego/drive_ws/build/grid_map_costmap_2d -- -j6 -l6
[30.480s] Invoking command in '/home/wego/drive_ws/build/grid_map_costmap_2d': AMENT_PREFIX_PATH=/home/wego/drive_ws/install/grid_map_core:/home/wego/drive_ws/install/grid_map_cmake_helpers:${AMENT_PREFIX_PATH} CMAKE_PREFIX_PATH=/home/wego/drive_ws/install/grid_map_core:/home/wego/drive_ws/install/grid_map_cmake_helpers:/home/wego/wego_ws/install/ydlidar_ros2_driver:/home/wego/wego_ws/install/wego_msgs:/home/wego/wego_ws/install/wego_2d_nav:/home/wego/wego_ws/install/wego:/home/wego/wego_ws/install/robot_localization:/home/wego/wego_ws/install/orbbec_description:/home/wego/wego_ws/install/orbbec_camera:/home/wego/wego_ws/install/orbbec_camera_msgs:/home/wego/wego_ws/install/nav2_bringup:/home/wego/wego_ws/install/navigation2:/home/wego/wego_ws/install/nav2_smoother:/home/wego/wego_ws/install/nav2_rotation_shim_controller:/home/wego/wego_ws/install/nav2_graceful_controller:/home/wego/wego_ws/install/nav2_dwb_controller:/home/wego/wego_ws/install/nav2_controller:/home/wego/wego_ws/install/dwb_plugins:/home/wego/wego_ws/install/dwb_critics:/home/wego/wego_ws/install/dwb_core:/home/wego/wego_ws/install/nav_2d_utils:/home/wego/wego_ws/install/dwb_msgs:/home/wego/wego_ws/install/nav_2d_msgs:/home/wego/wego_ws/install/nav2_waypoint_follower:/home/wego/wego_ws/install/nav2_theta_star_planner:/home/wego/wego_ws/install/nav2_smac_planner:/home/wego/wego_ws/install/nav2_route:/home/wego/wego_ws/install/nav2_regulated_pure_pursuit_controller:/home/wego/wego_ws/install/nav2_planner:/home/wego/wego_ws/install/nav2_navfn_planner:/home/wego/wego_ws/install/nav2_mppi_controller:/home/wego/wego_ws/install/nav2_constrained_smoother:/home/wego/wego_ws/install/nav2_bt_navigator:/home/wego/wego_ws/install/nav2_behaviors:/home/wego/wego_ws/install/nav2_core:/home/wego/wego_ws/install/nav2_collision_monitor:/home/wego/wego_ws/install/costmap_queue:/home/wego/wego_ws/install/nav2_costmap_2d:/home/wego/wego_ws/install/nav2_voxel_grid:/home/wego/wego_ws/install/nav2_velocity_smoother:/home/wego/wego_ws/install/nav2_rviz_plugins:/home/wego/wego_ws/install/nav2_map_server:/home/wego/wego_ws/install/nav2_lifecycle_manager:/home/wego/wego_ws/install/nav2_behavior_tree:/home/wego/wego_ws/install/nav2_amcl:/home/wego/wego_ws/install/nav2_util:/home/wego/wego_ws/install/nav2_msgs:/home/wego/wego_ws/install/nav2_common:/home/wego/wego_ws/install/limo_base:/home/wego/wego_ws/install/limo_msgs:/home/wego/wego_ws/install/limo_description:/home/wego/wego_ws/install/lift_ctr:/home/wego/wego_ws/install/dl_ros2_msgs:/home/wego/wego_ws/install/limo_ros2_application:/home/wego/wego_ws/install/nav2_simple_commander:/home/wego/wego_ws/install/dl_ros2_application:/opt/ros/humble LD_LIBRARY_PATH=/home/wego/drive_ws/install/grid_map_core/lib:${LD_LIBRARY_PATH} /usr/bin/cmake --install /home/wego/drive_ws/build/grid_map_costmap_2d
[30.497s] -- Install configuration: "Release"
[30.498s] -- Execute custom install script
[30.499s] -- Up-to-date symlink: /home/wego/drive_ws/install/grid_map_costmap_2d/share/grid_map_costmap_2d/environment/library_path.sh
[30.500s] -- Up-to-date symlink: /home/wego/drive_ws/install/grid_map_costmap_2d/share/grid_map_costmap_2d/environment/library_path.dsv
[30.501s] -- Up-to-date symlink: /home/wego/drive_ws/install/grid_map_costmap_2d/share/ament_index/resource_index/package_run_dependencies/grid_map_costmap_2d
[30.501s] -- Up-to-date symlink: /home/wego/drive_ws/install/grid_map_costmap_2d/share/ament_index/resource_index/parent_prefix_path/grid_map_costmap_2d
[30.502s] -- Up-to-date symlink: /home/wego/drive_ws/install/grid_map_costmap_2d/share/grid_map_costmap_2d/environment/ament_prefix_path.sh
[30.502s] -- Up-to-date symlink: /home/wego/drive_ws/install/grid_map_costmap_2d/share/grid_map_costmap_2d/environment/ament_prefix_path.dsv
[30.503s] -- Up-to-date symlink: /home/wego/drive_ws/install/grid_map_costmap_2d/share/grid_map_costmap_2d/environment/path.sh
[30.503s] -- Up-to-date symlink: /home/wego/drive_ws/install/grid_map_costmap_2d/share/grid_map_costmap_2d/environment/path.dsv
[30.504s] -- Up-to-date symlink: /home/wego/drive_ws/install/grid_map_costmap_2d/share/grid_map_costmap_2d/local_setup.bash
[30.504s] -- Up-to-date symlink: /home/wego/drive_ws/install/grid_map_costmap_2d/share/grid_map_costmap_2d/local_setup.sh
[30.505s] -- Up-to-date symlink: /home/wego/drive_ws/install/grid_map_costmap_2d/share/grid_map_costmap_2d/local_setup.zsh
[30.505s] -- Up-to-date symlink: /home/wego/drive_ws/install/grid_map_costmap_2d/share/grid_map_costmap_2d/local_setup.dsv
[30.506s] -- Symlinking: /home/wego/drive_ws/install/grid_map_costmap_2d/share/grid_map_costmap_2d/package.dsv
[30.525s] -- Up-to-date symlink: /home/wego/drive_ws/install/grid_map_costmap_2d/share/ament_index/resource_index/packages/grid_map_costmap_2d
[30.525s] -- Up-to-date symlink: /home/wego/drive_ws/install/grid_map_costmap_2d/share/grid_map_costmap_2d/cmake/ament_cmake_export_targets-extras.cmake
[30.526s] -- Up-to-date symlink: /home/wego/drive_ws/install/grid_map_costmap_2d/share/grid_map_costmap_2d/cmake/ament_cmake_export_dependencies-extras.cmake
[30.526s] -- Up-to-date symlink: /home/wego/drive_ws/install/grid_map_costmap_2d/share/grid_map_costmap_2d/cmake/grid_map_costmap_2dConfig.cmake
[30.527s] -- Up-to-date symlink: /home/wego/drive_ws/install/grid_map_costmap_2d/share/grid_map_costmap_2d/cmake/grid_map_costmap_2dConfig-version.cmake
[30.527s] -- Up-to-date symlink: /home/wego/drive_ws/install/grid_map_costmap_2d/share/grid_map_costmap_2d/package.xml
[30.528s] -- Up-to-date: /home/wego/drive_ws/install/grid_map_costmap_2d/include/grid_map_costmap_2d
[30.528s] -- Up-to-date: /home/wego/drive_ws/install/grid_map_costmap_2d/include/grid_map_costmap_2d/grid_map_costmap_2d
[30.528s] -- Up-to-date: /home/wego/drive_ws/install/grid_map_costmap_2d/include/grid_map_costmap_2d/grid_map_costmap_2d/costmap_2d_converter.hpp
[30.529s] -- Up-to-date: /home/wego/drive_ws/install/grid_map_costmap_2d/include/grid_map_costmap_2d/grid_map_costmap_2d/grid_map_costmap_2d.hpp
[30.529s] -- Up-to-date: /home/wego/drive_ws/install/grid_map_costmap_2d/share/grid_map_costmap_2d/cmake/export_grid_map_costmap_2dExport.cmake
[30.540s] Invoked command in '/home/wego/drive_ws/build/grid_map_costmap_2d' returned '0': AMENT_PREFIX_PATH=/home/wego/drive_ws/install/grid_map_core:/home/wego/drive_ws/install/grid_map_cmake_helpers:${AMENT_PREFIX_PATH} CMAKE_PREFIX_PATH=/home/wego/drive_ws/install/grid_map_core:/home/wego/drive_ws/install/grid_map_cmake_helpers:/home/wego/wego_ws/install/ydlidar_ros2_driver:/home/wego/wego_ws/install/wego_msgs:/home/wego/wego_ws/install/wego_2d_nav:/home/wego/wego_ws/install/wego:/home/wego/wego_ws/install/robot_localization:/home/wego/wego_ws/install/orbbec_description:/home/wego/wego_ws/install/orbbec_camera:/home/wego/wego_ws/install/orbbec_camera_msgs:/home/wego/wego_ws/install/nav2_bringup:/home/wego/wego_ws/install/navigation2:/home/wego/wego_ws/install/nav2_smoother:/home/wego/wego_ws/install/nav2_rotation_shim_controller:/home/wego/wego_ws/install/nav2_graceful_controller:/home/wego/wego_ws/install/nav2_dwb_controller:/home/wego/wego_ws/install/nav2_controller:/home/wego/wego_ws/install/dwb_plugins:/home/wego/wego_ws/install/dwb_critics:/home/wego/wego_ws/install/dwb_core:/home/wego/wego_ws/install/nav_2d_utils:/home/wego/wego_ws/install/dwb_msgs:/home/wego/wego_ws/install/nav_2d_msgs:/home/wego/wego_ws/install/nav2_waypoint_follower:/home/wego/wego_ws/install/nav2_theta_star_planner:/home/wego/wego_ws/install/nav2_smac_planner:/home/wego/wego_ws/install/nav2_route:/home/wego/wego_ws/install/nav2_regulated_pure_pursuit_controller:/home/wego/wego_ws/install/nav2_planner:/home/wego/wego_ws/install/nav2_navfn_planner:/home/wego/wego_ws/install/nav2_mppi_controller:/home/wego/wego_ws/install/nav2_constrained_smoother:/home/wego/wego_ws/install/nav2_bt_navigator:/home/wego/wego_ws/install/nav2_behaviors:/home/wego/wego_ws/install/nav2_core:/home/wego/wego_ws/install/nav2_collision_monitor:/home/wego/wego_ws/install/costmap_queue:/home/wego/wego_ws/install/nav2_costmap_2d:/home/wego/wego_ws/install/nav2_voxel_grid:/home/wego/wego_ws/install/nav2_velocity_smoother:/home/wego/wego_ws/install/nav2_rviz_plugins:/home/wego/wego_ws/install/nav2_map_server:/home/wego/wego_ws/install/nav2_lifecycle_manager:/home/wego/wego_ws/install/nav2_behavior_tree:/home/wego/wego_ws/install/nav2_amcl:/home/wego/wego_ws/install/nav2_util:/home/wego/wego_ws/install/nav2_msgs:/home/wego/wego_ws/install/nav2_common:/home/wego/wego_ws/install/limo_base:/home/wego/wego_ws/install/limo_msgs:/home/wego/wego_ws/install/limo_description:/home/wego/wego_ws/install/lift_ctr:/home/wego/wego_ws/install/dl_ros2_msgs:/home/wego/wego_ws/install/limo_ros2_application:/home/wego/wego_ws/install/nav2_simple_commander:/home/wego/wego_ws/install/dl_ros2_application:/opt/ros/humble LD_LIBRARY_PATH=/home/wego/drive_ws/install/grid_map_core/lib:${LD_LIBRARY_PATH} /usr/bin/cmake --install /home/wego/drive_ws/build/grid_map_costmap_2d
