-- Found ament_cmake: 1.3.12 (/opt/ros/humble/share/ament_cmake/cmake)
-- Override CMake install command with custom implementation using symlinks instead of copying resources
-- Found grid_map_cmake_helpers: 2.4.0 (/home/wego/drive_ws/install/grid_map_cmake_helpers/share/grid_map_cmake_helpers/cmake)
-- Found grid_map_core: 2.4.0 (/home/wego/drive_ws/install/grid_map_core/share/grid_map_core/cmake)
-- Found grid_map_msgs: 2.4.0 (/home/wego/drive_ws/install/grid_map_msgs/share/grid_map_msgs/cmake)
-- Found rosidl_generator_c: 3.1.7 (/opt/ros/humble/share/rosidl_generator_c/cmake)
-- Found rosidl_adapter: 3.1.7 (/opt/ros/humble/share/rosidl_adapter/cmake)
-- Found rosidl_generator_cpp: 3.1.7 (/opt/ros/humble/share/rosidl_generator_cpp/cmake)
-- Using all available rosidl_typesupport_c: rosidl_typesupport_fastrtps_c;rosidl_typesupport_introspection_c
-- Using all available rosidl_typesupport_cpp: rosidl_typesupport_fastrtps_cpp;rosidl_typesupport_introspection_cpp
-- Found grid_map_ros: 2.4.0 (/home/wego/drive_ws/install/grid_map_ros/share/grid_map_ros/cmake)
-- Found rmw_implementation_cmake: 6.1.2 (/opt/ros/humble/share/rmw_implementation_cmake/cmake)
-- Found rmw_fastrtps_cpp: 6.2.9 (/opt/ros/humble/share/rmw_fastrtps_cpp/cmake)
-- Found TinyXML2 via Config file: TinyXML2_DIR-NOTFOUND
-- Found TinyXML2 via Config file: TinyXML2_DIR-NOTFOUND
-- Found TinyXML2 via Config file: TinyXML2_DIR-NOTFOUND
-- Found TinyXML2 via Config file: TinyXML2_DIR-NOTFOUND
-- Using RMW implementation 'rmw_fastrtps_cpp' as default
-- Eigen found (include: /usr/include/eigen3, version: 3.4.0)
-- FLANN found (include: /usr/include, lib: /usr/lib/aarch64-linux-gnu/libflann_cpp.so)
-- OpenNI found (version: 1.5.4.0, include: /usr/include/ni, lib: /usr/lib/libOpenNI.so;libusb::libusb)
-- OpenNI2 found (version: 2.2.0.33, include: /usr/include/openni2, lib: /usr/lib/aarch64-linux-gnu/libOpenNI2.so;libusb::libusb)
-- Eigen found (include: /usr/include/eigen3, version: 3.4.0)
-- OpenNI found (version: 1.5.4.0, include: /usr/include/ni, lib: /usr/lib/libOpenNI.so;libusb::libusb)
-- OpenNI2 found (version: 2.2.0.33, include: /usr/include/openni2, lib: /usr/lib/aarch64-linux-gnu/libOpenNI2.so;libusb::libusb)
-- Found Qhull version 8.0.2
-- OpenNI found (version: 1.5.4.0, include: /usr/include/ni, lib: /usr/lib/libOpenNI.so;libusb::libusb)
-- looking for PCL_COMMON
-- looking for PCL_KDTREE
-- looking for PCL_OCTREE
-- looking for PCL_SEARCH
-- looking for PCL_SAMPLE_CONSENSUS
-- looking for PCL_FILTERS
-- looking for PCL_2D
-- looking for PCL_GEOMETRY
-- looking for PCL_IO
-- looking for PCL_FEATURES
-- looking for PCL_ML
-- looking for PCL_SEGMENTATION
-- looking for PCL_VISUALIZATION
-- looking for PCL_SURFACE
-- looking for PCL_REGISTRATION
-- looking for PCL_KEYPOINTS
-- looking for PCL_TRACKING
-- looking for PCL_RECOGNITION
-- looking for PCL_STEREO
-- looking for PCL_APPS
-- looking for PCL_IN_HAND_SCANNER
-- looking for PCL_MODELER
-- looking for PCL_POINT_CLOUD_EDITOR
-- looking for PCL_OUTOFCORE
-- looking for PCL_PEOPLE
-- Found ament_lint_auto: 0.12.14 (/opt/ros/humble/share/ament_lint_auto/cmake)
-- Found gtest sources under '/opt/ros/humble/src/gtest_vendor': C++ tests using 'Google Test' will be built
-- Added test 'cppcheck' to perform static code analysis on C / C++ code
-- Configured cppcheck include dirs: /home/wego/drive_ws/src/grid_map/grid_map_pcl/include
-- Configured cppcheck exclude dirs and/or files: 
-- Added test 'flake8' to check Python code syntax and style conventions
-- Added test 'lint_cmake' to check CMake code style
-- Added test 'pep257' to check Python code against some of the docstring style conventions in PEP 257
-- Added test 'uncrustify' to check C / C++ code style
-- Configured uncrustify additional arguments: 
-- Added test 'xmllint' to check XML markup files
-- Configuring done
-- Generating done
-- Build files have been written to: /home/wego/drive_ws/build/grid_map_pcl
[35m[1mConsolidate compiler generated dependencies of target grid_map_pcl[0m
[35m[1mConsolidate compiler generated dependencies of target gtest_main[0m
[ 10%] Built target gtest_main
[35m[1mConsolidate compiler generated dependencies of target gtest[0m
[ 15%] [32mBuilding CXX object CMakeFiles/grid_map_pcl.dir/src/helpers.cpp.o[0m
[ 26%] Built target gtest
[ 31%] [32m[1mLinking CXX shared library libgrid_map_pcl.so[0m
[ 52%] Built target grid_map_pcl
[35m[1mConsolidate compiler generated dependencies of target grid_map_pcl_loader_node[0m
[ 57%] [32mBuilding CXX object CMakeFiles/grid_map_pcl_loader_node.dir/src/grid_map_pcl_loader_node.cpp.o[0m
[ 63%] [32m[1mLinking CXX executable grid_map_pcl_loader_node[0m
[ 63%] Built target grid_map_pcl_loader_node
[35m[1mConsolidate compiler generated dependencies of target grid_map_pcl-test[0m
[ 68%] [32m[1mLinking CXX executable grid_map_pcl-test[0m
[100%] Built target grid_map_pcl-test
-- Install configuration: "Release"
-- Execute custom install script
-- Up-to-date symlink: /home/wego/drive_ws/install/grid_map_pcl/lib/libgrid_map_pcl.so
-- Up-to-date symlink: /home/wego/drive_ws/install/grid_map_pcl/lib/grid_map_pcl/grid_map_pcl_loader_node
-- Up-to-date symlink: /home/wego/drive_ws/install/grid_map_pcl/share/grid_map_pcl/config/parameters.yaml
-- Up-to-date symlink: /home/wego/drive_ws/install/grid_map_pcl/share/grid_map_pcl/launch/grid_map_pcl_loader_launch.py
-- Up-to-date symlink: /home/wego/drive_ws/install/grid_map_pcl/share/grid_map_pcl/test_data//parameters.yaml
-- Up-to-date symlink: /home/wego/drive_ws/install/grid_map_pcl/share/grid_map_pcl/test_data//plane_noisy.pcd
-- Up-to-date symlink: /home/wego/drive_ws/install/grid_map_pcl/share/grid_map_pcl/environment/library_path.sh
-- Up-to-date symlink: /home/wego/drive_ws/install/grid_map_pcl/share/grid_map_pcl/environment/library_path.dsv
-- Up-to-date symlink: /home/wego/drive_ws/install/grid_map_pcl/share/ament_index/resource_index/package_run_dependencies/grid_map_pcl
-- Up-to-date symlink: /home/wego/drive_ws/install/grid_map_pcl/share/ament_index/resource_index/parent_prefix_path/grid_map_pcl
-- Up-to-date symlink: /home/wego/drive_ws/install/grid_map_pcl/share/grid_map_pcl/environment/ament_prefix_path.sh
-- Up-to-date symlink: /home/wego/drive_ws/install/grid_map_pcl/share/grid_map_pcl/environment/ament_prefix_path.dsv
-- Up-to-date symlink: /home/wego/drive_ws/install/grid_map_pcl/share/grid_map_pcl/environment/path.sh
-- Up-to-date symlink: /home/wego/drive_ws/install/grid_map_pcl/share/grid_map_pcl/environment/path.dsv
-- Up-to-date symlink: /home/wego/drive_ws/install/grid_map_pcl/share/grid_map_pcl/local_setup.bash
-- Up-to-date symlink: /home/wego/drive_ws/install/grid_map_pcl/share/grid_map_pcl/local_setup.sh
-- Up-to-date symlink: /home/wego/drive_ws/install/grid_map_pcl/share/grid_map_pcl/local_setup.zsh
-- Up-to-date symlink: /home/wego/drive_ws/install/grid_map_pcl/share/grid_map_pcl/local_setup.dsv
-- Symlinking: /home/wego/drive_ws/install/grid_map_pcl/share/grid_map_pcl/package.dsv
-- Up-to-date symlink: /home/wego/drive_ws/install/grid_map_pcl/share/ament_index/resource_index/packages/grid_map_pcl
-- Up-to-date symlink: /home/wego/drive_ws/install/grid_map_pcl/share/grid_map_pcl/cmake/ament_cmake_export_include_directories-extras.cmake
-- Up-to-date symlink: /home/wego/drive_ws/install/grid_map_pcl/share/grid_map_pcl/cmake/ament_cmake_export_libraries-extras.cmake
-- Up-to-date symlink: /home/wego/drive_ws/install/grid_map_pcl/share/grid_map_pcl/cmake/grid_map_pclConfig.cmake
-- Up-to-date symlink: /home/wego/drive_ws/install/grid_map_pcl/share/grid_map_pcl/cmake/grid_map_pclConfig-version.cmake
-- Up-to-date symlink: /home/wego/drive_ws/install/grid_map_pcl/share/grid_map_pcl/package.xml
-- Up-to-date: /home/wego/drive_ws/install/grid_map_pcl/include/grid_map_pcl
-- Up-to-date: /home/wego/drive_ws/install/grid_map_pcl/include/grid_map_pcl/GridMapPclLoader.hpp
-- Up-to-date: /home/wego/drive_ws/install/grid_map_pcl/include/grid_map_pcl/PointcloudProcessor.hpp
-- Up-to-date: /home/wego/drive_ws/install/grid_map_pcl/include/grid_map_pcl/grid_map_pcl.hpp
-- Up-to-date: /home/wego/drive_ws/install/grid_map_pcl/include/grid_map_pcl/helpers.hpp
-- Up-to-date: /home/wego/drive_ws/install/grid_map_pcl/include/grid_map_pcl/PclLoaderParameters.hpp
-- Up-to-date: /home/wego/drive_ws/install/grid_map_pcl/include/grid_map_pcl/GridMapPclConverter.hpp
