[0.091s] Invoking command in '/home/wego/drive_ws/build/grid_map_pcl': AMENT_PREFIX_PATH=/home/wego/drive_ws/install/grid_map_ros:/home/wego/drive_ws/install/grid_map_cv:/home/wego/drive_ws/install/grid_map_msgs:/home/wego/drive_ws/install/grid_map_core:/home/wego/drive_ws/install/grid_map_cmake_helpers:${AMENT_PREFIX_PATH} CMAKE_PREFIX_PATH=/home/wego/drive_ws/install/grid_map_ros:/home/wego/drive_ws/install/grid_map_cv:/home/wego/drive_ws/install/grid_map_msgs:/home/wego/drive_ws/install/grid_map_core:/home/wego/drive_ws/install/grid_map_cmake_helpers:/home/wego/wego_ws/install/ydlidar_ros2_driver:/home/wego/wego_ws/install/wego_msgs:/home/wego/wego_ws/install/wego_2d_nav:/home/wego/wego_ws/install/wego:/home/wego/wego_ws/install/robot_localization:/home/wego/wego_ws/install/orbbec_description:/home/wego/wego_ws/install/orbbec_camera:/home/wego/wego_ws/install/orbbec_camera_msgs:/home/wego/wego_ws/install/nav2_bringup:/home/wego/wego_ws/install/navigation2:/home/wego/wego_ws/install/nav2_smoother:/home/wego/wego_ws/install/nav2_rotation_shim_controller:/home/wego/wego_ws/install/nav2_graceful_controller:/home/wego/wego_ws/install/nav2_dwb_controller:/home/wego/wego_ws/install/nav2_controller:/home/wego/wego_ws/install/dwb_plugins:/home/wego/wego_ws/install/dwb_critics:/home/wego/wego_ws/install/dwb_core:/home/wego/wego_ws/install/nav_2d_utils:/home/wego/wego_ws/install/dwb_msgs:/home/wego/wego_ws/install/nav_2d_msgs:/home/wego/wego_ws/install/nav2_waypoint_follower:/home/wego/wego_ws/install/nav2_theta_star_planner:/home/wego/wego_ws/install/nav2_smac_planner:/home/wego/wego_ws/install/nav2_route:/home/wego/wego_ws/install/nav2_regulated_pure_pursuit_controller:/home/wego/wego_ws/install/nav2_planner:/home/wego/wego_ws/install/nav2_navfn_planner:/home/wego/wego_ws/install/nav2_mppi_controller:/home/wego/wego_ws/install/nav2_constrained_smoother:/home/wego/wego_ws/install/nav2_bt_navigator:/home/wego/wego_ws/install/nav2_behaviors:/home/wego/wego_ws/install/nav2_core:/home/wego/wego_ws/install/nav2_collision_monitor:/home/wego/wego_ws/install/costmap_queue:/home/wego/wego_ws/install/nav2_costmap_2d:/home/wego/wego_ws/install/nav2_voxel_grid:/home/wego/wego_ws/install/nav2_velocity_smoother:/home/wego/wego_ws/install/nav2_rviz_plugins:/home/wego/wego_ws/install/nav2_map_server:/home/wego/wego_ws/install/nav2_lifecycle_manager:/home/wego/wego_ws/install/nav2_behavior_tree:/home/wego/wego_ws/install/nav2_amcl:/home/wego/wego_ws/install/nav2_util:/home/wego/wego_ws/install/nav2_msgs:/home/wego/wego_ws/install/nav2_common:/home/wego/wego_ws/install/limo_base:/home/wego/wego_ws/install/limo_msgs:/home/wego/wego_ws/install/limo_description:/home/wego/wego_ws/install/lift_ctr:/home/wego/wego_ws/install/dl_ros2_msgs:/home/wego/wego_ws/install/limo_ros2_application:/home/wego/wego_ws/install/nav2_simple_commander:/home/wego/wego_ws/install/dl_ros2_application:/opt/ros/humble LD_LIBRARY_PATH=/home/wego/drive_ws/install/grid_map_ros/lib:/home/wego/drive_ws/install/grid_map_cv/lib:/home/wego/drive_ws/install/grid_map_msgs/lib:/home/wego/drive_ws/install/grid_map_core/lib:/usr/lib/aarch64-linux-gnu:/usr/lib/aarch64-linux-gnu/nvidia:/usr/lib/aarch64-linux-gnu:/usr/lib/aarch64-linux-gnu/nvidia:/opt/ros/humble/lib:/usr/lib/aarch64-linux-gnu:/home/wego/wego_ws/install/wego_msgs/lib:/home/wego/wego_ws/install/robot_localization/lib:/home/wego/wego_ws/install/orbbec_camera/lib:/home/wego/wego_ws/install/orbbec_camera_msgs/lib:/home/wego/wego_ws/install/nav2_smoother/lib:/home/wego/wego_ws/install/nav2_rotation_shim_controller/lib:/home/wego/wego_ws/install/nav2_graceful_controller/lib:/home/wego/wego_ws/install/nav2_controller/lib:/home/wego/wego_ws/install/dwb_plugins/lib:/home/wego/wego_ws/install/dwb_critics/lib:/home/wego/wego_ws/install/dwb_core/lib:/home/wego/wego_ws/install/nav_2d_utils/lib:/home/wego/wego_ws/install/dwb_msgs/lib:/home/wego/wego_ws/install/nav_2d_msgs/lib:/home/wego/wego_ws/install/nav2_waypoint_follower/lib:/home/wego/wego_ws/install/nav2_theta_star_planner/lib:/home/wego/wego_ws/install/nav2_smac_planner/lib:/home/wego/wego_ws/install/nav2_route/lib:/home/wego/wego_ws/install/nav2_regulated_pure_pursuit_controller/lib:/home/wego/wego_ws/install/nav2_planner/lib:/home/wego/wego_ws/install/nav2_navfn_planner/lib:/home/wego/wego_ws/install/nav2_mppi_controller/lib:/home/wego/wego_ws/install/nav2_constrained_smoother/lib:/home/wego/wego_ws/install/nav2_bt_navigator/lib:/home/wego/wego_ws/install/nav2_behaviors/lib:/home/wego/wego_ws/install/nav2_collision_monitor/lib:/home/wego/wego_ws/install/costmap_queue/lib:/home/wego/wego_ws/install/nav2_costmap_2d/lib:/home/wego/wego_ws/install/nav2_voxel_grid/lib:/home/wego/wego_ws/install/nav2_velocity_smoother/lib:/home/wego/wego_ws/install/nav2_rviz_plugins/lib:/home/wego/wego_ws/install/nav2_map_server/lib:/home/wego/wego_ws/install/nav2_lifecycle_manager/lib:/home/wego/wego_ws/install/nav2_behavior_tree/lib:/home/wego/wego_ws/install/nav2_amcl/lib:/home/wego/wego_ws/install/nav2_util/lib:/home/wego/wego_ws/install/nav2_msgs/lib:/home/wego/wego_ws/install/limo_msgs/lib:/home/wego/wego_ws/install/dl_ros2_msgs/lib:/opt/ros/humble/opt/rviz_ogre_vendor/lib:/opt/ros/humble/lib/aarch64-linux-gnu:/opt/ros/humble/lib:/usr/local/cuda-12.6/lib64:/usr/local/TensorRT-10.3.0.26/lib PYTHONPATH=/home/wego/drive_ws/install/grid_map_msgs/local/lib/python3.10/dist-packages:${PYTHONPATH} /usr/bin/cmake --build /home/wego/drive_ws/build/grid_map_pcl -- -j6 -l6
[0.189s] -- Found ament_cmake: 1.3.12 (/opt/ros/humble/share/ament_cmake/cmake)
[0.625s] -- Override CMake install command with custom implementation using symlinks instead of copying resources
[0.643s] -- Found grid_map_cmake_helpers: 2.4.0 (/home/wego/drive_ws/install/grid_map_cmake_helpers/share/grid_map_cmake_helpers/cmake)
[0.644s] -- Found grid_map_core: 2.4.0 (/home/wego/drive_ws/install/grid_map_core/share/grid_map_core/cmake)
[0.648s] -- Found grid_map_msgs: 2.4.0 (/home/wego/drive_ws/install/grid_map_msgs/share/grid_map_msgs/cmake)
[0.723s] -- Found rosidl_generator_c: 3.1.7 (/opt/ros/humble/share/rosidl_generator_c/cmake)
[0.727s] -- Found rosidl_adapter: 3.1.7 (/opt/ros/humble/share/rosidl_adapter/cmake)
[0.744s] -- Found rosidl_generator_cpp: 3.1.7 (/opt/ros/humble/share/rosidl_generator_cpp/cmake)
[0.776s] -- Using all available rosidl_typesupport_c: rosidl_typesupport_fastrtps_c;rosidl_typesupport_introspection_c
[0.817s] -- Using all available rosidl_typesupport_cpp: rosidl_typesupport_fastrtps_cpp;rosidl_typesupport_introspection_cpp
[0.943s] -- Found grid_map_ros: 2.4.0 (/home/wego/drive_ws/install/grid_map_ros/share/grid_map_ros/cmake)
[1.121s] -- Found rmw_implementation_cmake: 6.1.2 (/opt/ros/humble/share/rmw_implementation_cmake/cmake)
[1.128s] -- Found rmw_fastrtps_cpp: 6.2.9 (/opt/ros/humble/share/rmw_fastrtps_cpp/cmake)
[1.167s] -- Found TinyXML2 via Config file: TinyXML2_DIR-NOTFOUND
[1.185s] -- Found TinyXML2 via Config file: TinyXML2_DIR-NOTFOUND
[1.222s] -- Found TinyXML2 via Config file: TinyXML2_DIR-NOTFOUND
[1.241s] -- Found TinyXML2 via Config file: TinyXML2_DIR-NOTFOUND
[1.272s] -- Using RMW implementation 'rmw_fastrtps_cpp' as default
[1.596s] -- Eigen found (include: /usr/include/eigen3, version: 3.4.0)
[1.694s] -- FLANN found (include: /usr/include, lib: /usr/lib/aarch64-linux-gnu/libflann_cpp.so)
[2.894s] -- OpenNI found (version: 1.5.4.0, include: /usr/include/ni, lib: /usr/lib/libOpenNI.so;libusb::libusb)
[2.924s] -- OpenNI2 found (version: 2.2.0.33, include: /usr/include/openni2, lib: /usr/lib/aarch64-linux-gnu/libOpenNI2.so;libusb::libusb)
[2.925s] [0m** WARNING ** io features related to pcap will be disabled[0m
[3.823s] -- Eigen found (include: /usr/include/eigen3, version: 3.4.0)
[3.863s] -- OpenNI found (version: 1.5.4.0, include: /usr/include/ni, lib: /usr/lib/libOpenNI.so;libusb::libusb)
[3.897s] -- OpenNI2 found (version: 2.2.0.33, include: /usr/include/openni2, lib: /usr/lib/aarch64-linux-gnu/libOpenNI2.so;libusb::libusb)
[4.554s] -- Found Qhull version 8.0.2
[5.664s] -- OpenNI found (version: 1.5.4.0, include: /usr/include/ni, lib: /usr/lib/libOpenNI.so;libusb::libusb)
[6.863s] -- looking for PCL_COMMON
[6.865s] -- looking for PCL_KDTREE
[6.865s] -- looking for PCL_OCTREE
[6.866s] -- looking for PCL_SEARCH
[6.867s] -- looking for PCL_SAMPLE_CONSENSUS
[6.867s] -- looking for PCL_FILTERS
[6.883s] -- looking for PCL_2D
[6.883s] -- looking for PCL_GEOMETRY
[6.884s] -- looking for PCL_IO
[6.892s] -- looking for PCL_FEATURES
[6.892s] -- looking for PCL_ML
[6.892s] -- looking for PCL_SEGMENTATION
[6.893s] -- looking for PCL_VISUALIZATION
[6.894s] -- looking for PCL_SURFACE
[6.918s] -- looking for PCL_REGISTRATION
[6.919s] -- looking for PCL_KEYPOINTS
[6.919s] -- looking for PCL_TRACKING
[6.920s] -- looking for PCL_RECOGNITION
[6.921s] -- looking for PCL_STEREO
[6.922s] -- looking for PCL_APPS
[6.940s] -- looking for PCL_IN_HAND_SCANNER
[6.941s] -- looking for PCL_MODELER
[6.942s] -- looking for PCL_POINT_CLOUD_EDITOR
[6.942s] -- looking for PCL_OUTOFCORE
[6.943s] -- looking for PCL_PEOPLE
[7.640s] -- Found ament_lint_auto: 0.12.14 (/opt/ros/humble/share/ament_lint_auto/cmake)
[8.656s] -- Found gtest sources under '/opt/ros/humble/src/gtest_vendor': C++ tests using 'Google Test' will be built
[8.773s] -- Added test 'cppcheck' to perform static code analysis on C / C++ code
[8.778s] -- Configured cppcheck include dirs: /home/wego/drive_ws/src/grid_map/grid_map_pcl/include
[8.778s] -- Configured cppcheck exclude dirs and/or files: 
[8.780s] -- Added test 'flake8' to check Python code syntax and style conventions
[8.785s] -- Added test 'lint_cmake' to check CMake code style
[8.789s] -- Added test 'pep257' to check Python code against some of the docstring style conventions in PEP 257
[8.803s] -- Added test 'uncrustify' to check C / C++ code style
[8.803s] -- Configured uncrustify additional arguments: 
[8.808s] -- Added test 'xmllint' to check XML markup files
[8.836s] -- Configuring done
[10.335s] -- Generating done
[10.521s] -- Build files have been written to: /home/wego/drive_ws/build/grid_map_pcl
[10.926s] [35m[1mConsolidate compiler generated dependencies of target grid_map_pcl[0m
[10.938s] [35m[1mConsolidate compiler generated dependencies of target gtest_main[0m
[11.090s] [ 10%] Built target gtest_main
[11.217s] [35m[1mConsolidate compiler generated dependencies of target gtest[0m
[11.310s] [ 15%] [32mBuilding CXX object CMakeFiles/grid_map_pcl.dir/src/helpers.cpp.o[0m
[11.356s] [ 26%] Built target gtest
[64.910s] [ 31%] [32m[1mLinking CXX shared library libgrid_map_pcl.so[0m
[69.491s] [ 52%] Built target grid_map_pcl
[69.524s] [35m[1mConsolidate compiler generated dependencies of target grid_map_pcl_loader_node[0m
[69.634s] [ 57%] [32mBuilding CXX object CMakeFiles/grid_map_pcl_loader_node.dir/src/grid_map_pcl_loader_node.cpp.o[0m
[95.436s] [ 63%] [32m[1mLinking CXX executable grid_map_pcl_loader_node[0m
[97.896s] [ 63%] Built target grid_map_pcl_loader_node
[97.940s] [35m[1mConsolidate compiler generated dependencies of target grid_map_pcl-test[0m
[98.038s] [ 68%] [32m[1mLinking CXX executable grid_map_pcl-test[0m
[100.579s] [100%] Built target grid_map_pcl-test
[100.623s] Invoked command in '/home/wego/drive_ws/build/grid_map_pcl' returned '0': AMENT_PREFIX_PATH=/home/wego/drive_ws/install/grid_map_ros:/home/wego/drive_ws/install/grid_map_cv:/home/wego/drive_ws/install/grid_map_msgs:/home/wego/drive_ws/install/grid_map_core:/home/wego/drive_ws/install/grid_map_cmake_helpers:${AMENT_PREFIX_PATH} CMAKE_PREFIX_PATH=/home/wego/drive_ws/install/grid_map_ros:/home/wego/drive_ws/install/grid_map_cv:/home/wego/drive_ws/install/grid_map_msgs:/home/wego/drive_ws/install/grid_map_core:/home/wego/drive_ws/install/grid_map_cmake_helpers:/home/wego/wego_ws/install/ydlidar_ros2_driver:/home/wego/wego_ws/install/wego_msgs:/home/wego/wego_ws/install/wego_2d_nav:/home/wego/wego_ws/install/wego:/home/wego/wego_ws/install/robot_localization:/home/wego/wego_ws/install/orbbec_description:/home/wego/wego_ws/install/orbbec_camera:/home/wego/wego_ws/install/orbbec_camera_msgs:/home/wego/wego_ws/install/nav2_bringup:/home/wego/wego_ws/install/navigation2:/home/wego/wego_ws/install/nav2_smoother:/home/wego/wego_ws/install/nav2_rotation_shim_controller:/home/wego/wego_ws/install/nav2_graceful_controller:/home/wego/wego_ws/install/nav2_dwb_controller:/home/wego/wego_ws/install/nav2_controller:/home/wego/wego_ws/install/dwb_plugins:/home/wego/wego_ws/install/dwb_critics:/home/wego/wego_ws/install/dwb_core:/home/wego/wego_ws/install/nav_2d_utils:/home/wego/wego_ws/install/dwb_msgs:/home/wego/wego_ws/install/nav_2d_msgs:/home/wego/wego_ws/install/nav2_waypoint_follower:/home/wego/wego_ws/install/nav2_theta_star_planner:/home/wego/wego_ws/install/nav2_smac_planner:/home/wego/wego_ws/install/nav2_route:/home/wego/wego_ws/install/nav2_regulated_pure_pursuit_controller:/home/wego/wego_ws/install/nav2_planner:/home/wego/wego_ws/install/nav2_navfn_planner:/home/wego/wego_ws/install/nav2_mppi_controller:/home/wego/wego_ws/install/nav2_constrained_smoother:/home/wego/wego_ws/install/nav2_bt_navigator:/home/wego/wego_ws/install/nav2_behaviors:/home/wego/wego_ws/install/nav2_core:/home/wego/wego_ws/install/nav2_collision_monitor:/home/wego/wego_ws/install/costmap_queue:/home/wego/wego_ws/install/nav2_costmap_2d:/home/wego/wego_ws/install/nav2_voxel_grid:/home/wego/wego_ws/install/nav2_velocity_smoother:/home/wego/wego_ws/install/nav2_rviz_plugins:/home/wego/wego_ws/install/nav2_map_server:/home/wego/wego_ws/install/nav2_lifecycle_manager:/home/wego/wego_ws/install/nav2_behavior_tree:/home/wego/wego_ws/install/nav2_amcl:/home/wego/wego_ws/install/nav2_util:/home/wego/wego_ws/install/nav2_msgs:/home/wego/wego_ws/install/nav2_common:/home/wego/wego_ws/install/limo_base:/home/wego/wego_ws/install/limo_msgs:/home/wego/wego_ws/install/limo_description:/home/wego/wego_ws/install/lift_ctr:/home/wego/wego_ws/install/dl_ros2_msgs:/home/wego/wego_ws/install/limo_ros2_application:/home/wego/wego_ws/install/nav2_simple_commander:/home/wego/wego_ws/install/dl_ros2_application:/opt/ros/humble LD_LIBRARY_PATH=/home/wego/drive_ws/install/grid_map_ros/lib:/home/wego/drive_ws/install/grid_map_cv/lib:/home/wego/drive_ws/install/grid_map_msgs/lib:/home/wego/drive_ws/install/grid_map_core/lib:/usr/lib/aarch64-linux-gnu:/usr/lib/aarch64-linux-gnu/nvidia:/usr/lib/aarch64-linux-gnu:/usr/lib/aarch64-linux-gnu/nvidia:/opt/ros/humble/lib:/usr/lib/aarch64-linux-gnu:/home/wego/wego_ws/install/wego_msgs/lib:/home/wego/wego_ws/install/robot_localization/lib:/home/wego/wego_ws/install/orbbec_camera/lib:/home/wego/wego_ws/install/orbbec_camera_msgs/lib:/home/wego/wego_ws/install/nav2_smoother/lib:/home/wego/wego_ws/install/nav2_rotation_shim_controller/lib:/home/wego/wego_ws/install/nav2_graceful_controller/lib:/home/wego/wego_ws/install/nav2_controller/lib:/home/wego/wego_ws/install/dwb_plugins/lib:/home/wego/wego_ws/install/dwb_critics/lib:/home/wego/wego_ws/install/dwb_core/lib:/home/wego/wego_ws/install/nav_2d_utils/lib:/home/wego/wego_ws/install/dwb_msgs/lib:/home/wego/wego_ws/install/nav_2d_msgs/lib:/home/wego/wego_ws/install/nav2_waypoint_follower/lib:/home/wego/wego_ws/install/nav2_theta_star_planner/lib:/home/wego/wego_ws/install/nav2_smac_planner/lib:/home/wego/wego_ws/install/nav2_route/lib:/home/wego/wego_ws/install/nav2_regulated_pure_pursuit_controller/lib:/home/wego/wego_ws/install/nav2_planner/lib:/home/wego/wego_ws/install/nav2_navfn_planner/lib:/home/wego/wego_ws/install/nav2_mppi_controller/lib:/home/wego/wego_ws/install/nav2_constrained_smoother/lib:/home/wego/wego_ws/install/nav2_bt_navigator/lib:/home/wego/wego_ws/install/nav2_behaviors/lib:/home/wego/wego_ws/install/nav2_collision_monitor/lib:/home/wego/wego_ws/install/costmap_queue/lib:/home/wego/wego_ws/install/nav2_costmap_2d/lib:/home/wego/wego_ws/install/nav2_voxel_grid/lib:/home/wego/wego_ws/install/nav2_velocity_smoother/lib:/home/wego/wego_ws/install/nav2_rviz_plugins/lib:/home/wego/wego_ws/install/nav2_map_server/lib:/home/wego/wego_ws/install/nav2_lifecycle_manager/lib:/home/wego/wego_ws/install/nav2_behavior_tree/lib:/home/wego/wego_ws/install/nav2_amcl/lib:/home/wego/wego_ws/install/nav2_util/lib:/home/wego/wego_ws/install/nav2_msgs/lib:/home/wego/wego_ws/install/limo_msgs/lib:/home/wego/wego_ws/install/dl_ros2_msgs/lib:/opt/ros/humble/opt/rviz_ogre_vendor/lib:/opt/ros/humble/lib/aarch64-linux-gnu:/opt/ros/humble/lib:/usr/local/cuda-12.6/lib64:/usr/local/TensorRT-10.3.0.26/lib PYTHONPATH=/home/wego/drive_ws/install/grid_map_msgs/local/lib/python3.10/dist-packages:${PYTHONPATH} /usr/bin/cmake --build /home/wego/drive_ws/build/grid_map_pcl -- -j6 -l6
[100.631s] Invoking command in '/home/wego/drive_ws/build/grid_map_pcl': AMENT_PREFIX_PATH=/home/wego/drive_ws/install/grid_map_ros:/home/wego/drive_ws/install/grid_map_cv:/home/wego/drive_ws/install/grid_map_msgs:/home/wego/drive_ws/install/grid_map_core:/home/wego/drive_ws/install/grid_map_cmake_helpers:${AMENT_PREFIX_PATH} CMAKE_PREFIX_PATH=/home/wego/drive_ws/install/grid_map_ros:/home/wego/drive_ws/install/grid_map_cv:/home/wego/drive_ws/install/grid_map_msgs:/home/wego/drive_ws/install/grid_map_core:/home/wego/drive_ws/install/grid_map_cmake_helpers:/home/wego/wego_ws/install/ydlidar_ros2_driver:/home/wego/wego_ws/install/wego_msgs:/home/wego/wego_ws/install/wego_2d_nav:/home/wego/wego_ws/install/wego:/home/wego/wego_ws/install/robot_localization:/home/wego/wego_ws/install/orbbec_description:/home/wego/wego_ws/install/orbbec_camera:/home/wego/wego_ws/install/orbbec_camera_msgs:/home/wego/wego_ws/install/nav2_bringup:/home/wego/wego_ws/install/navigation2:/home/wego/wego_ws/install/nav2_smoother:/home/wego/wego_ws/install/nav2_rotation_shim_controller:/home/wego/wego_ws/install/nav2_graceful_controller:/home/wego/wego_ws/install/nav2_dwb_controller:/home/wego/wego_ws/install/nav2_controller:/home/wego/wego_ws/install/dwb_plugins:/home/wego/wego_ws/install/dwb_critics:/home/wego/wego_ws/install/dwb_core:/home/wego/wego_ws/install/nav_2d_utils:/home/wego/wego_ws/install/dwb_msgs:/home/wego/wego_ws/install/nav_2d_msgs:/home/wego/wego_ws/install/nav2_waypoint_follower:/home/wego/wego_ws/install/nav2_theta_star_planner:/home/wego/wego_ws/install/nav2_smac_planner:/home/wego/wego_ws/install/nav2_route:/home/wego/wego_ws/install/nav2_regulated_pure_pursuit_controller:/home/wego/wego_ws/install/nav2_planner:/home/wego/wego_ws/install/nav2_navfn_planner:/home/wego/wego_ws/install/nav2_mppi_controller:/home/wego/wego_ws/install/nav2_constrained_smoother:/home/wego/wego_ws/install/nav2_bt_navigator:/home/wego/wego_ws/install/nav2_behaviors:/home/wego/wego_ws/install/nav2_core:/home/wego/wego_ws/install/nav2_collision_monitor:/home/wego/wego_ws/install/costmap_queue:/home/wego/wego_ws/install/nav2_costmap_2d:/home/wego/wego_ws/install/nav2_voxel_grid:/home/wego/wego_ws/install/nav2_velocity_smoother:/home/wego/wego_ws/install/nav2_rviz_plugins:/home/wego/wego_ws/install/nav2_map_server:/home/wego/wego_ws/install/nav2_lifecycle_manager:/home/wego/wego_ws/install/nav2_behavior_tree:/home/wego/wego_ws/install/nav2_amcl:/home/wego/wego_ws/install/nav2_util:/home/wego/wego_ws/install/nav2_msgs:/home/wego/wego_ws/install/nav2_common:/home/wego/wego_ws/install/limo_base:/home/wego/wego_ws/install/limo_msgs:/home/wego/wego_ws/install/limo_description:/home/wego/wego_ws/install/lift_ctr:/home/wego/wego_ws/install/dl_ros2_msgs:/home/wego/wego_ws/install/limo_ros2_application:/home/wego/wego_ws/install/nav2_simple_commander:/home/wego/wego_ws/install/dl_ros2_application:/opt/ros/humble LD_LIBRARY_PATH=/home/wego/drive_ws/install/grid_map_ros/lib:/home/wego/drive_ws/install/grid_map_cv/lib:/home/wego/drive_ws/install/grid_map_msgs/lib:/home/wego/drive_ws/install/grid_map_core/lib:/usr/lib/aarch64-linux-gnu:/usr/lib/aarch64-linux-gnu/nvidia:/usr/lib/aarch64-linux-gnu:/usr/lib/aarch64-linux-gnu/nvidia:/opt/ros/humble/lib:/usr/lib/aarch64-linux-gnu:/home/wego/wego_ws/install/wego_msgs/lib:/home/wego/wego_ws/install/robot_localization/lib:/home/wego/wego_ws/install/orbbec_camera/lib:/home/wego/wego_ws/install/orbbec_camera_msgs/lib:/home/wego/wego_ws/install/nav2_smoother/lib:/home/wego/wego_ws/install/nav2_rotation_shim_controller/lib:/home/wego/wego_ws/install/nav2_graceful_controller/lib:/home/wego/wego_ws/install/nav2_controller/lib:/home/wego/wego_ws/install/dwb_plugins/lib:/home/wego/wego_ws/install/dwb_critics/lib:/home/wego/wego_ws/install/dwb_core/lib:/home/wego/wego_ws/install/nav_2d_utils/lib:/home/wego/wego_ws/install/dwb_msgs/lib:/home/wego/wego_ws/install/nav_2d_msgs/lib:/home/wego/wego_ws/install/nav2_waypoint_follower/lib:/home/wego/wego_ws/install/nav2_theta_star_planner/lib:/home/wego/wego_ws/install/nav2_smac_planner/lib:/home/wego/wego_ws/install/nav2_route/lib:/home/wego/wego_ws/install/nav2_regulated_pure_pursuit_controller/lib:/home/wego/wego_ws/install/nav2_planner/lib:/home/wego/wego_ws/install/nav2_navfn_planner/lib:/home/wego/wego_ws/install/nav2_mppi_controller/lib:/home/wego/wego_ws/install/nav2_constrained_smoother/lib:/home/wego/wego_ws/install/nav2_bt_navigator/lib:/home/wego/wego_ws/install/nav2_behaviors/lib:/home/wego/wego_ws/install/nav2_collision_monitor/lib:/home/wego/wego_ws/install/costmap_queue/lib:/home/wego/wego_ws/install/nav2_costmap_2d/lib:/home/wego/wego_ws/install/nav2_voxel_grid/lib:/home/wego/wego_ws/install/nav2_velocity_smoother/lib:/home/wego/wego_ws/install/nav2_rviz_plugins/lib:/home/wego/wego_ws/install/nav2_map_server/lib:/home/wego/wego_ws/install/nav2_lifecycle_manager/lib:/home/wego/wego_ws/install/nav2_behavior_tree/lib:/home/wego/wego_ws/install/nav2_amcl/lib:/home/wego/wego_ws/install/nav2_util/lib:/home/wego/wego_ws/install/nav2_msgs/lib:/home/wego/wego_ws/install/limo_msgs/lib:/home/wego/wego_ws/install/dl_ros2_msgs/lib:/opt/ros/humble/opt/rviz_ogre_vendor/lib:/opt/ros/humble/lib/aarch64-linux-gnu:/opt/ros/humble/lib:/usr/local/cuda-12.6/lib64:/usr/local/TensorRT-10.3.0.26/lib PYTHONPATH=/home/wego/drive_ws/install/grid_map_msgs/local/lib/python3.10/dist-packages:${PYTHONPATH} /usr/bin/cmake --install /home/wego/drive_ws/build/grid_map_pcl
[100.649s] -- Install configuration: "Release"
[100.650s] -- Execute custom install script
[100.651s] -- Up-to-date symlink: /home/wego/drive_ws/install/grid_map_pcl/lib/libgrid_map_pcl.so
[100.652s] -- Up-to-date symlink: /home/wego/drive_ws/install/grid_map_pcl/lib/grid_map_pcl/grid_map_pcl_loader_node
[100.653s] -- Up-to-date symlink: /home/wego/drive_ws/install/grid_map_pcl/share/grid_map_pcl/config/parameters.yaml
[100.654s] -- Up-to-date symlink: /home/wego/drive_ws/install/grid_map_pcl/share/grid_map_pcl/launch/grid_map_pcl_loader_launch.py
[100.656s] -- Up-to-date symlink: /home/wego/drive_ws/install/grid_map_pcl/share/grid_map_pcl/test_data//parameters.yaml
[100.656s] -- Up-to-date symlink: /home/wego/drive_ws/install/grid_map_pcl/share/grid_map_pcl/test_data//plane_noisy.pcd
[100.656s] -- Up-to-date symlink: /home/wego/drive_ws/install/grid_map_pcl/share/grid_map_pcl/environment/library_path.sh
[100.657s] -- Up-to-date symlink: /home/wego/drive_ws/install/grid_map_pcl/share/grid_map_pcl/environment/library_path.dsv
[100.661s] -- Up-to-date symlink: /home/wego/drive_ws/install/grid_map_pcl/share/ament_index/resource_index/package_run_dependencies/grid_map_pcl
[100.661s] -- Up-to-date symlink: /home/wego/drive_ws/install/grid_map_pcl/share/ament_index/resource_index/parent_prefix_path/grid_map_pcl
[100.662s] -- Up-to-date symlink: /home/wego/drive_ws/install/grid_map_pcl/share/grid_map_pcl/environment/ament_prefix_path.sh
[100.662s] -- Up-to-date symlink: /home/wego/drive_ws/install/grid_map_pcl/share/grid_map_pcl/environment/ament_prefix_path.dsv
[100.663s] -- Up-to-date symlink: /home/wego/drive_ws/install/grid_map_pcl/share/grid_map_pcl/environment/path.sh
[100.663s] -- Up-to-date symlink: /home/wego/drive_ws/install/grid_map_pcl/share/grid_map_pcl/environment/path.dsv
[100.663s] -- Up-to-date symlink: /home/wego/drive_ws/install/grid_map_pcl/share/grid_map_pcl/local_setup.bash
[100.664s] -- Up-to-date symlink: /home/wego/drive_ws/install/grid_map_pcl/share/grid_map_pcl/local_setup.sh
[100.664s] -- Up-to-date symlink: /home/wego/drive_ws/install/grid_map_pcl/share/grid_map_pcl/local_setup.zsh
[100.664s] -- Up-to-date symlink: /home/wego/drive_ws/install/grid_map_pcl/share/grid_map_pcl/local_setup.dsv
[100.665s] -- Symlinking: /home/wego/drive_ws/install/grid_map_pcl/share/grid_map_pcl/package.dsv
[100.684s] -- Up-to-date symlink: /home/wego/drive_ws/install/grid_map_pcl/share/ament_index/resource_index/packages/grid_map_pcl
[100.684s] -- Up-to-date symlink: /home/wego/drive_ws/install/grid_map_pcl/share/grid_map_pcl/cmake/ament_cmake_export_include_directories-extras.cmake
[100.684s] -- Up-to-date symlink: /home/wego/drive_ws/install/grid_map_pcl/share/grid_map_pcl/cmake/ament_cmake_export_libraries-extras.cmake
[100.685s] -- Up-to-date symlink: /home/wego/drive_ws/install/grid_map_pcl/share/grid_map_pcl/cmake/grid_map_pclConfig.cmake
[100.685s] -- Up-to-date symlink: /home/wego/drive_ws/install/grid_map_pcl/share/grid_map_pcl/cmake/grid_map_pclConfig-version.cmake
[100.686s] -- Up-to-date symlink: /home/wego/drive_ws/install/grid_map_pcl/share/grid_map_pcl/package.xml
[100.686s] -- Up-to-date: /home/wego/drive_ws/install/grid_map_pcl/include/grid_map_pcl
[100.686s] -- Up-to-date: /home/wego/drive_ws/install/grid_map_pcl/include/grid_map_pcl/GridMapPclLoader.hpp
[100.687s] -- Up-to-date: /home/wego/drive_ws/install/grid_map_pcl/include/grid_map_pcl/PointcloudProcessor.hpp
[100.687s] -- Up-to-date: /home/wego/drive_ws/install/grid_map_pcl/include/grid_map_pcl/grid_map_pcl.hpp
[100.687s] -- Up-to-date: /home/wego/drive_ws/install/grid_map_pcl/include/grid_map_pcl/helpers.hpp
[100.687s] -- Up-to-date: /home/wego/drive_ws/install/grid_map_pcl/include/grid_map_pcl/PclLoaderParameters.hpp
[100.687s] -- Up-to-date: /home/wego/drive_ws/install/grid_map_pcl/include/grid_map_pcl/GridMapPclConverter.hpp
[100.694s] Invoked command in '/home/wego/drive_ws/build/grid_map_pcl' returned '0': AMENT_PREFIX_PATH=/home/wego/drive_ws/install/grid_map_ros:/home/wego/drive_ws/install/grid_map_cv:/home/wego/drive_ws/install/grid_map_msgs:/home/wego/drive_ws/install/grid_map_core:/home/wego/drive_ws/install/grid_map_cmake_helpers:${AMENT_PREFIX_PATH} CMAKE_PREFIX_PATH=/home/wego/drive_ws/install/grid_map_ros:/home/wego/drive_ws/install/grid_map_cv:/home/wego/drive_ws/install/grid_map_msgs:/home/wego/drive_ws/install/grid_map_core:/home/wego/drive_ws/install/grid_map_cmake_helpers:/home/wego/wego_ws/install/ydlidar_ros2_driver:/home/wego/wego_ws/install/wego_msgs:/home/wego/wego_ws/install/wego_2d_nav:/home/wego/wego_ws/install/wego:/home/wego/wego_ws/install/robot_localization:/home/wego/wego_ws/install/orbbec_description:/home/wego/wego_ws/install/orbbec_camera:/home/wego/wego_ws/install/orbbec_camera_msgs:/home/wego/wego_ws/install/nav2_bringup:/home/wego/wego_ws/install/navigation2:/home/wego/wego_ws/install/nav2_smoother:/home/wego/wego_ws/install/nav2_rotation_shim_controller:/home/wego/wego_ws/install/nav2_graceful_controller:/home/wego/wego_ws/install/nav2_dwb_controller:/home/wego/wego_ws/install/nav2_controller:/home/wego/wego_ws/install/dwb_plugins:/home/wego/wego_ws/install/dwb_critics:/home/wego/wego_ws/install/dwb_core:/home/wego/wego_ws/install/nav_2d_utils:/home/wego/wego_ws/install/dwb_msgs:/home/wego/wego_ws/install/nav_2d_msgs:/home/wego/wego_ws/install/nav2_waypoint_follower:/home/wego/wego_ws/install/nav2_theta_star_planner:/home/wego/wego_ws/install/nav2_smac_planner:/home/wego/wego_ws/install/nav2_route:/home/wego/wego_ws/install/nav2_regulated_pure_pursuit_controller:/home/wego/wego_ws/install/nav2_planner:/home/wego/wego_ws/install/nav2_navfn_planner:/home/wego/wego_ws/install/nav2_mppi_controller:/home/wego/wego_ws/install/nav2_constrained_smoother:/home/wego/wego_ws/install/nav2_bt_navigator:/home/wego/wego_ws/install/nav2_behaviors:/home/wego/wego_ws/install/nav2_core:/home/wego/wego_ws/install/nav2_collision_monitor:/home/wego/wego_ws/install/costmap_queue:/home/wego/wego_ws/install/nav2_costmap_2d:/home/wego/wego_ws/install/nav2_voxel_grid:/home/wego/wego_ws/install/nav2_velocity_smoother:/home/wego/wego_ws/install/nav2_rviz_plugins:/home/wego/wego_ws/install/nav2_map_server:/home/wego/wego_ws/install/nav2_lifecycle_manager:/home/wego/wego_ws/install/nav2_behavior_tree:/home/wego/wego_ws/install/nav2_amcl:/home/wego/wego_ws/install/nav2_util:/home/wego/wego_ws/install/nav2_msgs:/home/wego/wego_ws/install/nav2_common:/home/wego/wego_ws/install/limo_base:/home/wego/wego_ws/install/limo_msgs:/home/wego/wego_ws/install/limo_description:/home/wego/wego_ws/install/lift_ctr:/home/wego/wego_ws/install/dl_ros2_msgs:/home/wego/wego_ws/install/limo_ros2_application:/home/wego/wego_ws/install/nav2_simple_commander:/home/wego/wego_ws/install/dl_ros2_application:/opt/ros/humble LD_LIBRARY_PATH=/home/wego/drive_ws/install/grid_map_ros/lib:/home/wego/drive_ws/install/grid_map_cv/lib:/home/wego/drive_ws/install/grid_map_msgs/lib:/home/wego/drive_ws/install/grid_map_core/lib:/usr/lib/aarch64-linux-gnu:/usr/lib/aarch64-linux-gnu/nvidia:/usr/lib/aarch64-linux-gnu:/usr/lib/aarch64-linux-gnu/nvidia:/opt/ros/humble/lib:/usr/lib/aarch64-linux-gnu:/home/wego/wego_ws/install/wego_msgs/lib:/home/wego/wego_ws/install/robot_localization/lib:/home/wego/wego_ws/install/orbbec_camera/lib:/home/wego/wego_ws/install/orbbec_camera_msgs/lib:/home/wego/wego_ws/install/nav2_smoother/lib:/home/wego/wego_ws/install/nav2_rotation_shim_controller/lib:/home/wego/wego_ws/install/nav2_graceful_controller/lib:/home/wego/wego_ws/install/nav2_controller/lib:/home/wego/wego_ws/install/dwb_plugins/lib:/home/wego/wego_ws/install/dwb_critics/lib:/home/wego/wego_ws/install/dwb_core/lib:/home/wego/wego_ws/install/nav_2d_utils/lib:/home/wego/wego_ws/install/dwb_msgs/lib:/home/wego/wego_ws/install/nav_2d_msgs/lib:/home/wego/wego_ws/install/nav2_waypoint_follower/lib:/home/wego/wego_ws/install/nav2_theta_star_planner/lib:/home/wego/wego_ws/install/nav2_smac_planner/lib:/home/wego/wego_ws/install/nav2_route/lib:/home/wego/wego_ws/install/nav2_regulated_pure_pursuit_controller/lib:/home/wego/wego_ws/install/nav2_planner/lib:/home/wego/wego_ws/install/nav2_navfn_planner/lib:/home/wego/wego_ws/install/nav2_mppi_controller/lib:/home/wego/wego_ws/install/nav2_constrained_smoother/lib:/home/wego/wego_ws/install/nav2_bt_navigator/lib:/home/wego/wego_ws/install/nav2_behaviors/lib:/home/wego/wego_ws/install/nav2_collision_monitor/lib:/home/wego/wego_ws/install/costmap_queue/lib:/home/wego/wego_ws/install/nav2_costmap_2d/lib:/home/wego/wego_ws/install/nav2_voxel_grid/lib:/home/wego/wego_ws/install/nav2_velocity_smoother/lib:/home/wego/wego_ws/install/nav2_rviz_plugins/lib:/home/wego/wego_ws/install/nav2_map_server/lib:/home/wego/wego_ws/install/nav2_lifecycle_manager/lib:/home/wego/wego_ws/install/nav2_behavior_tree/lib:/home/wego/wego_ws/install/nav2_amcl/lib:/home/wego/wego_ws/install/nav2_util/lib:/home/wego/wego_ws/install/nav2_msgs/lib:/home/wego/wego_ws/install/limo_msgs/lib:/home/wego/wego_ws/install/dl_ros2_msgs/lib:/opt/ros/humble/opt/rviz_ogre_vendor/lib:/opt/ros/humble/lib/aarch64-linux-gnu:/opt/ros/humble/lib:/usr/local/cuda-12.6/lib64:/usr/local/TensorRT-10.3.0.26/lib PYTHONPATH=/home/wego/drive_ws/install/grid_map_msgs/local/lib/python3.10/dist-packages:${PYTHONPATH} /usr/bin/cmake --install /home/wego/drive_ws/build/grid_map_pcl
