[0.067s] Invoking command in '/home/wego/drive_ws/build/grid_map_costmap_2d': AMENT_PREFIX_PATH=/home/wego/drive_ws/install/grid_map_core:/home/wego/drive_ws/install/grid_map_cmake_helpers:${AMENT_PREFIX_PATH} CMAKE_PREFIX_PATH=/home/wego/drive_ws/install/grid_map_core:/home/wego/drive_ws/install/grid_map_cmake_helpers:/home/wego/wego_ws/install/yolo_bringup:/home/wego/wego_ws/install/yolo_msgs:/home/wego/wego_ws/install/ydlidar_ros2_driver:/home/wego/wego_ws/install/wego_msgs:/home/wego/wego_ws/install/wego_2d_nav:/home/wego/wego_ws/install/wego:/home/wego/wego_ws/install/robot_localization:/home/wego/wego_ws/install/orbbec_description:/home/wego/wego_ws/install/orbbec_camera:/home/wego/wego_ws/install/orbbec_camera_msgs:/home/wego/wego_ws/install/nav2_bringup:/home/wego/wego_ws/install/navigation2:/home/wego/wego_ws/install/nav2_smoother:/home/wego/wego_ws/install/nav2_rotation_shim_controller:/home/wego/wego_ws/install/nav2_graceful_controller:/home/wego/wego_ws/install/nav2_dwb_controller:/home/wego/wego_ws/install/nav2_controller:/home/wego/wego_ws/install/dwb_plugins:/home/wego/wego_ws/install/dwb_critics:/home/wego/wego_ws/install/dwb_core:/home/wego/wego_ws/install/nav_2d_utils:/home/wego/wego_ws/install/dwb_msgs:/home/wego/wego_ws/install/nav_2d_msgs:/home/wego/wego_ws/install/nav2_waypoint_follower:/home/wego/wego_ws/install/nav2_theta_star_planner:/home/wego/wego_ws/install/nav2_smac_planner:/home/wego/wego_ws/install/nav2_route:/home/wego/wego_ws/install/nav2_regulated_pure_pursuit_controller:/home/wego/wego_ws/install/nav2_planner:/home/wego/wego_ws/install/nav2_navfn_planner:/home/wego/wego_ws/install/nav2_mppi_controller:/home/wego/wego_ws/install/nav2_constrained_smoother:/home/wego/wego_ws/install/nav2_bt_navigator:/home/wego/wego_ws/install/nav2_behaviors:/home/wego/wego_ws/install/nav2_core:/home/wego/wego_ws/install/nav2_collision_monitor:/home/wego/wego_ws/install/costmap_queue:/home/wego/wego_ws/install/nav2_costmap_2d:/home/wego/wego_ws/install/nav2_voxel_grid:/home/wego/wego_ws/install/nav2_velocity_smoother:/home/wego/wego_ws/install/nav2_rviz_plugins:/home/wego/wego_ws/install/nav2_map_server:/home/wego/wego_ws/install/nav2_lifecycle_manager:/home/wego/wego_ws/install/nav2_behavior_tree:/home/wego/wego_ws/install/nav2_amcl:/home/wego/wego_ws/install/nav2_util:/home/wego/wego_ws/install/nav2_msgs:/home/wego/wego_ws/install/nav2_common:/home/wego/wego_ws/install/limo_base:/home/wego/wego_ws/install/limo_msgs:/home/wego/wego_ws/install/limo_description:/home/wego/wego_ws/install/lift_ctr:/home/wego/wego_ws/install/dl_ros2_msgs:/home/wego/wego_ws/install/yolo_ros:/home/wego/wego_ws/install/limo_ros2_application:/home/wego/wego_ws/install/nav2_simple_commander:/home/wego/wego_ws/install/dl_ros2_application:/opt/ros/humble LD_LIBRARY_PATH=/home/wego/drive_ws/install/grid_map_core/lib:${LD_LIBRARY_PATH} /usr/bin/cmake /home/wego/drive_ws/src/grid_map/grid_map_costmap_2d -DAMENT_CMAKE_SYMLINK_INSTALL=1 -DCMAKE_INSTALL_PREFIX=/home/wego/drive_ws/install/grid_map_costmap_2d
[0.174s] -- The C compiler identification is GNU 11.4.0
[0.292s] -- The CXX compiler identification is GNU 11.4.0
[0.310s] -- Detecting C compiler ABI info
[0.454s] -- Detecting C compiler ABI info - done
[0.480s] -- Check for working C compiler: /usr/bin/cc - skipped
[0.480s] -- Detecting C compile features
[0.480s] -- Detecting C compile features - done
[0.488s] -- Detecting CXX compiler ABI info
[0.648s] -- Detecting CXX compiler ABI info - done
[0.676s] -- Check for working CXX compiler: /usr/bin/c++ - skipped
[0.677s] -- Detecting CXX compile features
[0.678s] -- Detecting CXX compile features - done
[0.700s] -- Found ament_cmake: 1.3.12 (/opt/ros/humble/share/ament_cmake/cmake)
[1.148s] -- Found Python3: /usr/bin/python3 (found version "3.10.12") found components: Interpreter 
[1.320s] -- Override CMake install command with custom implementation using symlinks instead of copying resources
[1.533s] -- Found grid_map_cmake_helpers: 2.4.0 (/home/wego/drive_ws/install/grid_map_cmake_helpers/share/grid_map_cmake_helpers/cmake)
[1.534s] -- Found grid_map_core: 2.4.0 (/home/wego/drive_ws/install/grid_map_core/share/grid_map_core/cmake)
[1.572s] -- Found geometry_msgs: 4.9.0 (/opt/ros/humble/share/geometry_msgs/cmake)
[1.746s] -- Found rosidl_generator_c: 3.1.7 (/opt/ros/humble/share/rosidl_generator_c/cmake)
[1.776s] -- Found rosidl_adapter: 3.1.7 (/opt/ros/humble/share/rosidl_adapter/cmake)
[1.812s] -- Found rosidl_generator_cpp: 3.1.7 (/opt/ros/humble/share/rosidl_generator_cpp/cmake)
[1.859s] -- Using all available rosidl_typesupport_c: rosidl_typesupport_fastrtps_c;rosidl_typesupport_introspection_c
[1.924s] -- Using all available rosidl_typesupport_cpp: rosidl_typesupport_fastrtps_cpp;rosidl_typesupport_introspection_cpp
[2.030s] -- Found nav2_costmap_2d: 1.1.19 (/home/wego/wego_ws/install/nav2_costmap_2d/share/nav2_costmap_2d/cmake)
[2.263s] -- Found rmw_implementation_cmake: 6.1.2 (/opt/ros/humble/share/rmw_implementation_cmake/cmake)
[2.284s] -- Found rmw_fastrtps_cpp: 6.2.9 (/opt/ros/humble/share/rmw_fastrtps_cpp/cmake)
[2.559s] -- Found OpenSSL: /usr/lib/aarch64-linux-gnu/libcrypto.so (found version "3.0.2")  
[2.649s] -- Found FastRTPS: /opt/ros/humble/include  
[2.809s] -- Using RMW implementation 'rmw_fastrtps_cpp' as default
[2.901s] -- Looking for pthread.h
[3.215s] -- Looking for pthread.h - found
[3.215s] -- Performing Test CMAKE_HAVE_LIBC_PTHREAD
[3.621s] -- Performing Test CMAKE_HAVE_LIBC_PTHREAD - Success
[3.625s] -- Found Threads: TRUE  
[4.734s] -- Found Eigen3: TRUE (found version "3.4.0") 
[4.736s] -- Ensuring Eigen3 include directory is part of orocos-kdl CMake target
[5.260s] -- Setting build type to Release as none was specified.
[5.284s] -- Found ament_lint_auto: 0.12.14 (/opt/ros/humble/share/ament_lint_auto/cmake)
[5.848s] -- Found gtest sources under '/opt/ros/humble/src/gtest_vendor': C++ tests using 'Google Test' will be built
[5.879s] -- Added test 'cppcheck' to perform static code analysis on C / C++ code
[5.880s] -- Configured cppcheck include dirs: $<BUILD_INTERFACE:/home/wego/drive_ws/src/grid_map/grid_map_costmap_2d/include>
[5.880s] -- Configured cppcheck exclude dirs and/or files: 
[5.886s] -- Added test 'lint_cmake' to check CMake code style
[5.892s] -- Added test 'uncrustify' to check C / C++ code style
[5.892s] -- Configured uncrustify additional arguments: 
[5.898s] -- Added test 'xmllint' to check XML markup files
[5.910s] -- Configuring done
[6.137s] -- Generating done
[6.164s] -- Build files have been written to: /home/wego/drive_ws/build/grid_map_costmap_2d
[6.223s] Invoked command in '/home/wego/drive_ws/build/grid_map_costmap_2d' returned '0': AMENT_PREFIX_PATH=/home/wego/drive_ws/install/grid_map_core:/home/wego/drive_ws/install/grid_map_cmake_helpers:${AMENT_PREFIX_PATH} CMAKE_PREFIX_PATH=/home/wego/drive_ws/install/grid_map_core:/home/wego/drive_ws/install/grid_map_cmake_helpers:/home/wego/wego_ws/install/yolo_bringup:/home/wego/wego_ws/install/yolo_msgs:/home/wego/wego_ws/install/ydlidar_ros2_driver:/home/wego/wego_ws/install/wego_msgs:/home/wego/wego_ws/install/wego_2d_nav:/home/wego/wego_ws/install/wego:/home/wego/wego_ws/install/robot_localization:/home/wego/wego_ws/install/orbbec_description:/home/wego/wego_ws/install/orbbec_camera:/home/wego/wego_ws/install/orbbec_camera_msgs:/home/wego/wego_ws/install/nav2_bringup:/home/wego/wego_ws/install/navigation2:/home/wego/wego_ws/install/nav2_smoother:/home/wego/wego_ws/install/nav2_rotation_shim_controller:/home/wego/wego_ws/install/nav2_graceful_controller:/home/wego/wego_ws/install/nav2_dwb_controller:/home/wego/wego_ws/install/nav2_controller:/home/wego/wego_ws/install/dwb_plugins:/home/wego/wego_ws/install/dwb_critics:/home/wego/wego_ws/install/dwb_core:/home/wego/wego_ws/install/nav_2d_utils:/home/wego/wego_ws/install/dwb_msgs:/home/wego/wego_ws/install/nav_2d_msgs:/home/wego/wego_ws/install/nav2_waypoint_follower:/home/wego/wego_ws/install/nav2_theta_star_planner:/home/wego/wego_ws/install/nav2_smac_planner:/home/wego/wego_ws/install/nav2_route:/home/wego/wego_ws/install/nav2_regulated_pure_pursuit_controller:/home/wego/wego_ws/install/nav2_planner:/home/wego/wego_ws/install/nav2_navfn_planner:/home/wego/wego_ws/install/nav2_mppi_controller:/home/wego/wego_ws/install/nav2_constrained_smoother:/home/wego/wego_ws/install/nav2_bt_navigator:/home/wego/wego_ws/install/nav2_behaviors:/home/wego/wego_ws/install/nav2_core:/home/wego/wego_ws/install/nav2_collision_monitor:/home/wego/wego_ws/install/costmap_queue:/home/wego/wego_ws/install/nav2_costmap_2d:/home/wego/wego_ws/install/nav2_voxel_grid:/home/wego/wego_ws/install/nav2_velocity_smoother:/home/wego/wego_ws/install/nav2_rviz_plugins:/home/wego/wego_ws/install/nav2_map_server:/home/wego/wego_ws/install/nav2_lifecycle_manager:/home/wego/wego_ws/install/nav2_behavior_tree:/home/wego/wego_ws/install/nav2_amcl:/home/wego/wego_ws/install/nav2_util:/home/wego/wego_ws/install/nav2_msgs:/home/wego/wego_ws/install/nav2_common:/home/wego/wego_ws/install/limo_base:/home/wego/wego_ws/install/limo_msgs:/home/wego/wego_ws/install/limo_description:/home/wego/wego_ws/install/lift_ctr:/home/wego/wego_ws/install/dl_ros2_msgs:/home/wego/wego_ws/install/yolo_ros:/home/wego/wego_ws/install/limo_ros2_application:/home/wego/wego_ws/install/nav2_simple_commander:/home/wego/wego_ws/install/dl_ros2_application:/opt/ros/humble LD_LIBRARY_PATH=/home/wego/drive_ws/install/grid_map_core/lib:${LD_LIBRARY_PATH} /usr/bin/cmake /home/wego/drive_ws/src/grid_map/grid_map_costmap_2d -DAMENT_CMAKE_SYMLINK_INSTALL=1 -DCMAKE_INSTALL_PREFIX=/home/wego/drive_ws/install/grid_map_costmap_2d
[6.227s] Invoking command in '/home/wego/drive_ws/build/grid_map_costmap_2d': AMENT_PREFIX_PATH=/home/wego/drive_ws/install/grid_map_core:/home/wego/drive_ws/install/grid_map_cmake_helpers:${AMENT_PREFIX_PATH} CMAKE_PREFIX_PATH=/home/wego/drive_ws/install/grid_map_core:/home/wego/drive_ws/install/grid_map_cmake_helpers:/home/wego/wego_ws/install/yolo_bringup:/home/wego/wego_ws/install/yolo_msgs:/home/wego/wego_ws/install/ydlidar_ros2_driver:/home/wego/wego_ws/install/wego_msgs:/home/wego/wego_ws/install/wego_2d_nav:/home/wego/wego_ws/install/wego:/home/wego/wego_ws/install/robot_localization:/home/wego/wego_ws/install/orbbec_description:/home/wego/wego_ws/install/orbbec_camera:/home/wego/wego_ws/install/orbbec_camera_msgs:/home/wego/wego_ws/install/nav2_bringup:/home/wego/wego_ws/install/navigation2:/home/wego/wego_ws/install/nav2_smoother:/home/wego/wego_ws/install/nav2_rotation_shim_controller:/home/wego/wego_ws/install/nav2_graceful_controller:/home/wego/wego_ws/install/nav2_dwb_controller:/home/wego/wego_ws/install/nav2_controller:/home/wego/wego_ws/install/dwb_plugins:/home/wego/wego_ws/install/dwb_critics:/home/wego/wego_ws/install/dwb_core:/home/wego/wego_ws/install/nav_2d_utils:/home/wego/wego_ws/install/dwb_msgs:/home/wego/wego_ws/install/nav_2d_msgs:/home/wego/wego_ws/install/nav2_waypoint_follower:/home/wego/wego_ws/install/nav2_theta_star_planner:/home/wego/wego_ws/install/nav2_smac_planner:/home/wego/wego_ws/install/nav2_route:/home/wego/wego_ws/install/nav2_regulated_pure_pursuit_controller:/home/wego/wego_ws/install/nav2_planner:/home/wego/wego_ws/install/nav2_navfn_planner:/home/wego/wego_ws/install/nav2_mppi_controller:/home/wego/wego_ws/install/nav2_constrained_smoother:/home/wego/wego_ws/install/nav2_bt_navigator:/home/wego/wego_ws/install/nav2_behaviors:/home/wego/wego_ws/install/nav2_core:/home/wego/wego_ws/install/nav2_collision_monitor:/home/wego/wego_ws/install/costmap_queue:/home/wego/wego_ws/install/nav2_costmap_2d:/home/wego/wego_ws/install/nav2_voxel_grid:/home/wego/wego_ws/install/nav2_velocity_smoother:/home/wego/wego_ws/install/nav2_rviz_plugins:/home/wego/wego_ws/install/nav2_map_server:/home/wego/wego_ws/install/nav2_lifecycle_manager:/home/wego/wego_ws/install/nav2_behavior_tree:/home/wego/wego_ws/install/nav2_amcl:/home/wego/wego_ws/install/nav2_util:/home/wego/wego_ws/install/nav2_msgs:/home/wego/wego_ws/install/nav2_common:/home/wego/wego_ws/install/limo_base:/home/wego/wego_ws/install/limo_msgs:/home/wego/wego_ws/install/limo_description:/home/wego/wego_ws/install/lift_ctr:/home/wego/wego_ws/install/dl_ros2_msgs:/home/wego/wego_ws/install/yolo_ros:/home/wego/wego_ws/install/limo_ros2_application:/home/wego/wego_ws/install/nav2_simple_commander:/home/wego/wego_ws/install/dl_ros2_application:/opt/ros/humble LD_LIBRARY_PATH=/home/wego/drive_ws/install/grid_map_core/lib:${LD_LIBRARY_PATH} /usr/bin/cmake --build /home/wego/drive_ws/build/grid_map_costmap_2d -- -j6 -l6
[6.504s] [ 11%] [32mBuilding CXX object gtest/CMakeFiles/gtest.dir/src/gtest-all.cc.o[0m
[6.548s] [ 22%] [32mBuilding CXX object gtest/CMakeFiles/gtest_main.dir/src/gtest_main.cc.o[0m
[6.552s] [ 22%] Built target grid_map_costmap_2d
[9.992s] [ 33%] [32m[1mLinking CXX static library libgtest_main.a[0m
[10.173s] [ 33%] Built target gtest_main
[27.720s] [ 44%] [32m[1mLinking CXX static library libgtest.a[0m
[27.801s] [ 44%] Built target gtest
[27.865s] [ 55%] [32mBuilding CXX object test/CMakeFiles/costmap-2d-ros-test.dir/test_costmap_2d_ros.cpp.o[0m
[27.885s] [ 66%] [32mBuilding CXX object test/CMakeFiles/grid_map_costmap_2d-test.dir/test_grid_map_costmap_2d.cpp.o[0m
[27.916s] [ 77%] [32mBuilding CXX object test/CMakeFiles/grid_map_costmap_2d-test.dir/test_costmap_2d_converter.cpp.o[0m
[51.003s] [ 88%] [32m[1mLinking CXX executable grid_map_costmap_2d-test[0m
[51.611s] [ 88%] Built target grid_map_costmap_2d-test
[55.305s] [100%] [32m[1mLinking CXX executable costmap-2d-ros-test[0m
[55.955s] [100%] Built target costmap-2d-ros-test
[55.977s] Invoked command in '/home/wego/drive_ws/build/grid_map_costmap_2d' returned '0': AMENT_PREFIX_PATH=/home/wego/drive_ws/install/grid_map_core:/home/wego/drive_ws/install/grid_map_cmake_helpers:${AMENT_PREFIX_PATH} CMAKE_PREFIX_PATH=/home/wego/drive_ws/install/grid_map_core:/home/wego/drive_ws/install/grid_map_cmake_helpers:/home/wego/wego_ws/install/yolo_bringup:/home/wego/wego_ws/install/yolo_msgs:/home/wego/wego_ws/install/ydlidar_ros2_driver:/home/wego/wego_ws/install/wego_msgs:/home/wego/wego_ws/install/wego_2d_nav:/home/wego/wego_ws/install/wego:/home/wego/wego_ws/install/robot_localization:/home/wego/wego_ws/install/orbbec_description:/home/wego/wego_ws/install/orbbec_camera:/home/wego/wego_ws/install/orbbec_camera_msgs:/home/wego/wego_ws/install/nav2_bringup:/home/wego/wego_ws/install/navigation2:/home/wego/wego_ws/install/nav2_smoother:/home/wego/wego_ws/install/nav2_rotation_shim_controller:/home/wego/wego_ws/install/nav2_graceful_controller:/home/wego/wego_ws/install/nav2_dwb_controller:/home/wego/wego_ws/install/nav2_controller:/home/wego/wego_ws/install/dwb_plugins:/home/wego/wego_ws/install/dwb_critics:/home/wego/wego_ws/install/dwb_core:/home/wego/wego_ws/install/nav_2d_utils:/home/wego/wego_ws/install/dwb_msgs:/home/wego/wego_ws/install/nav_2d_msgs:/home/wego/wego_ws/install/nav2_waypoint_follower:/home/wego/wego_ws/install/nav2_theta_star_planner:/home/wego/wego_ws/install/nav2_smac_planner:/home/wego/wego_ws/install/nav2_route:/home/wego/wego_ws/install/nav2_regulated_pure_pursuit_controller:/home/wego/wego_ws/install/nav2_planner:/home/wego/wego_ws/install/nav2_navfn_planner:/home/wego/wego_ws/install/nav2_mppi_controller:/home/wego/wego_ws/install/nav2_constrained_smoother:/home/wego/wego_ws/install/nav2_bt_navigator:/home/wego/wego_ws/install/nav2_behaviors:/home/wego/wego_ws/install/nav2_core:/home/wego/wego_ws/install/nav2_collision_monitor:/home/wego/wego_ws/install/costmap_queue:/home/wego/wego_ws/install/nav2_costmap_2d:/home/wego/wego_ws/install/nav2_voxel_grid:/home/wego/wego_ws/install/nav2_velocity_smoother:/home/wego/wego_ws/install/nav2_rviz_plugins:/home/wego/wego_ws/install/nav2_map_server:/home/wego/wego_ws/install/nav2_lifecycle_manager:/home/wego/wego_ws/install/nav2_behavior_tree:/home/wego/wego_ws/install/nav2_amcl:/home/wego/wego_ws/install/nav2_util:/home/wego/wego_ws/install/nav2_msgs:/home/wego/wego_ws/install/nav2_common:/home/wego/wego_ws/install/limo_base:/home/wego/wego_ws/install/limo_msgs:/home/wego/wego_ws/install/limo_description:/home/wego/wego_ws/install/lift_ctr:/home/wego/wego_ws/install/dl_ros2_msgs:/home/wego/wego_ws/install/yolo_ros:/home/wego/wego_ws/install/limo_ros2_application:/home/wego/wego_ws/install/nav2_simple_commander:/home/wego/wego_ws/install/dl_ros2_application:/opt/ros/humble LD_LIBRARY_PATH=/home/wego/drive_ws/install/grid_map_core/lib:${LD_LIBRARY_PATH} /usr/bin/cmake --build /home/wego/drive_ws/build/grid_map_costmap_2d -- -j6 -l6
[55.981s] Invoking command in '/home/wego/drive_ws/build/grid_map_costmap_2d': AMENT_PREFIX_PATH=/home/wego/drive_ws/install/grid_map_core:/home/wego/drive_ws/install/grid_map_cmake_helpers:${AMENT_PREFIX_PATH} CMAKE_PREFIX_PATH=/home/wego/drive_ws/install/grid_map_core:/home/wego/drive_ws/install/grid_map_cmake_helpers:/home/wego/wego_ws/install/yolo_bringup:/home/wego/wego_ws/install/yolo_msgs:/home/wego/wego_ws/install/ydlidar_ros2_driver:/home/wego/wego_ws/install/wego_msgs:/home/wego/wego_ws/install/wego_2d_nav:/home/wego/wego_ws/install/wego:/home/wego/wego_ws/install/robot_localization:/home/wego/wego_ws/install/orbbec_description:/home/wego/wego_ws/install/orbbec_camera:/home/wego/wego_ws/install/orbbec_camera_msgs:/home/wego/wego_ws/install/nav2_bringup:/home/wego/wego_ws/install/navigation2:/home/wego/wego_ws/install/nav2_smoother:/home/wego/wego_ws/install/nav2_rotation_shim_controller:/home/wego/wego_ws/install/nav2_graceful_controller:/home/wego/wego_ws/install/nav2_dwb_controller:/home/wego/wego_ws/install/nav2_controller:/home/wego/wego_ws/install/dwb_plugins:/home/wego/wego_ws/install/dwb_critics:/home/wego/wego_ws/install/dwb_core:/home/wego/wego_ws/install/nav_2d_utils:/home/wego/wego_ws/install/dwb_msgs:/home/wego/wego_ws/install/nav_2d_msgs:/home/wego/wego_ws/install/nav2_waypoint_follower:/home/wego/wego_ws/install/nav2_theta_star_planner:/home/wego/wego_ws/install/nav2_smac_planner:/home/wego/wego_ws/install/nav2_route:/home/wego/wego_ws/install/nav2_regulated_pure_pursuit_controller:/home/wego/wego_ws/install/nav2_planner:/home/wego/wego_ws/install/nav2_navfn_planner:/home/wego/wego_ws/install/nav2_mppi_controller:/home/wego/wego_ws/install/nav2_constrained_smoother:/home/wego/wego_ws/install/nav2_bt_navigator:/home/wego/wego_ws/install/nav2_behaviors:/home/wego/wego_ws/install/nav2_core:/home/wego/wego_ws/install/nav2_collision_monitor:/home/wego/wego_ws/install/costmap_queue:/home/wego/wego_ws/install/nav2_costmap_2d:/home/wego/wego_ws/install/nav2_voxel_grid:/home/wego/wego_ws/install/nav2_velocity_smoother:/home/wego/wego_ws/install/nav2_rviz_plugins:/home/wego/wego_ws/install/nav2_map_server:/home/wego/wego_ws/install/nav2_lifecycle_manager:/home/wego/wego_ws/install/nav2_behavior_tree:/home/wego/wego_ws/install/nav2_amcl:/home/wego/wego_ws/install/nav2_util:/home/wego/wego_ws/install/nav2_msgs:/home/wego/wego_ws/install/nav2_common:/home/wego/wego_ws/install/limo_base:/home/wego/wego_ws/install/limo_msgs:/home/wego/wego_ws/install/limo_description:/home/wego/wego_ws/install/lift_ctr:/home/wego/wego_ws/install/dl_ros2_msgs:/home/wego/wego_ws/install/yolo_ros:/home/wego/wego_ws/install/limo_ros2_application:/home/wego/wego_ws/install/nav2_simple_commander:/home/wego/wego_ws/install/dl_ros2_application:/opt/ros/humble LD_LIBRARY_PATH=/home/wego/drive_ws/install/grid_map_core/lib:${LD_LIBRARY_PATH} /usr/bin/cmake --install /home/wego/drive_ws/build/grid_map_costmap_2d
[55.997s] -- Install configuration: "Release"
[55.998s] -- Execute custom install script
[55.999s] -- Symlinking: /home/wego/drive_ws/install/grid_map_costmap_2d/share/grid_map_costmap_2d/environment/library_path.sh
[56.015s] -- Symlinking: /home/wego/drive_ws/install/grid_map_costmap_2d/share/grid_map_costmap_2d/environment/library_path.dsv
[56.031s] -- Symlinking: /home/wego/drive_ws/install/grid_map_costmap_2d/share/ament_index/resource_index/package_run_dependencies/grid_map_costmap_2d
[56.047s] -- Symlinking: /home/wego/drive_ws/install/grid_map_costmap_2d/share/ament_index/resource_index/parent_prefix_path/grid_map_costmap_2d
[56.063s] -- Symlinking: /home/wego/drive_ws/install/grid_map_costmap_2d/share/grid_map_costmap_2d/environment/ament_prefix_path.sh
[56.079s] -- Symlinking: /home/wego/drive_ws/install/grid_map_costmap_2d/share/grid_map_costmap_2d/environment/ament_prefix_path.dsv
[56.096s] -- Symlinking: /home/wego/drive_ws/install/grid_map_costmap_2d/share/grid_map_costmap_2d/environment/path.sh
[56.112s] -- Symlinking: /home/wego/drive_ws/install/grid_map_costmap_2d/share/grid_map_costmap_2d/environment/path.dsv
[56.128s] -- Symlinking: /home/wego/drive_ws/install/grid_map_costmap_2d/share/grid_map_costmap_2d/local_setup.bash
[56.144s] -- Symlinking: /home/wego/drive_ws/install/grid_map_costmap_2d/share/grid_map_costmap_2d/local_setup.sh
[56.160s] -- Symlinking: /home/wego/drive_ws/install/grid_map_costmap_2d/share/grid_map_costmap_2d/local_setup.zsh
[56.176s] -- Symlinking: /home/wego/drive_ws/install/grid_map_costmap_2d/share/grid_map_costmap_2d/local_setup.dsv
[56.192s] -- Symlinking: /home/wego/drive_ws/install/grid_map_costmap_2d/share/grid_map_costmap_2d/package.dsv
[56.208s] -- Symlinking: /home/wego/drive_ws/install/grid_map_costmap_2d/share/ament_index/resource_index/packages/grid_map_costmap_2d
[56.224s] -- Symlinking: /home/wego/drive_ws/install/grid_map_costmap_2d/share/grid_map_costmap_2d/cmake/ament_cmake_export_targets-extras.cmake
[56.241s] -- Symlinking: /home/wego/drive_ws/install/grid_map_costmap_2d/share/grid_map_costmap_2d/cmake/ament_cmake_export_dependencies-extras.cmake
[56.259s] -- Symlinking: /home/wego/drive_ws/install/grid_map_costmap_2d/share/grid_map_costmap_2d/cmake/grid_map_costmap_2dConfig.cmake
[56.273s] -- Symlinking: /home/wego/drive_ws/install/grid_map_costmap_2d/share/grid_map_costmap_2d/cmake/grid_map_costmap_2dConfig-version.cmake
[56.290s] -- Symlinking: /home/wego/drive_ws/install/grid_map_costmap_2d/share/grid_map_costmap_2d/package.xml
[56.306s] -- Installing: /home/wego/drive_ws/install/grid_map_costmap_2d/include/grid_map_costmap_2d
[56.306s] -- Installing: /home/wego/drive_ws/install/grid_map_costmap_2d/include/grid_map_costmap_2d/grid_map_costmap_2d
[56.306s] -- Installing: /home/wego/drive_ws/install/grid_map_costmap_2d/include/grid_map_costmap_2d/grid_map_costmap_2d/costmap_2d_converter.hpp
[56.306s] -- Installing: /home/wego/drive_ws/install/grid_map_costmap_2d/include/grid_map_costmap_2d/grid_map_costmap_2d/grid_map_costmap_2d.hpp
[56.307s] -- Installing: /home/wego/drive_ws/install/grid_map_costmap_2d/share/grid_map_costmap_2d/cmake/export_grid_map_costmap_2dExport.cmake
[56.312s] Invoked command in '/home/wego/drive_ws/build/grid_map_costmap_2d' returned '0': AMENT_PREFIX_PATH=/home/wego/drive_ws/install/grid_map_core:/home/wego/drive_ws/install/grid_map_cmake_helpers:${AMENT_PREFIX_PATH} CMAKE_PREFIX_PATH=/home/wego/drive_ws/install/grid_map_core:/home/wego/drive_ws/install/grid_map_cmake_helpers:/home/wego/wego_ws/install/yolo_bringup:/home/wego/wego_ws/install/yolo_msgs:/home/wego/wego_ws/install/ydlidar_ros2_driver:/home/wego/wego_ws/install/wego_msgs:/home/wego/wego_ws/install/wego_2d_nav:/home/wego/wego_ws/install/wego:/home/wego/wego_ws/install/robot_localization:/home/wego/wego_ws/install/orbbec_description:/home/wego/wego_ws/install/orbbec_camera:/home/wego/wego_ws/install/orbbec_camera_msgs:/home/wego/wego_ws/install/nav2_bringup:/home/wego/wego_ws/install/navigation2:/home/wego/wego_ws/install/nav2_smoother:/home/wego/wego_ws/install/nav2_rotation_shim_controller:/home/wego/wego_ws/install/nav2_graceful_controller:/home/wego/wego_ws/install/nav2_dwb_controller:/home/wego/wego_ws/install/nav2_controller:/home/wego/wego_ws/install/dwb_plugins:/home/wego/wego_ws/install/dwb_critics:/home/wego/wego_ws/install/dwb_core:/home/wego/wego_ws/install/nav_2d_utils:/home/wego/wego_ws/install/dwb_msgs:/home/wego/wego_ws/install/nav_2d_msgs:/home/wego/wego_ws/install/nav2_waypoint_follower:/home/wego/wego_ws/install/nav2_theta_star_planner:/home/wego/wego_ws/install/nav2_smac_planner:/home/wego/wego_ws/install/nav2_route:/home/wego/wego_ws/install/nav2_regulated_pure_pursuit_controller:/home/wego/wego_ws/install/nav2_planner:/home/wego/wego_ws/install/nav2_navfn_planner:/home/wego/wego_ws/install/nav2_mppi_controller:/home/wego/wego_ws/install/nav2_constrained_smoother:/home/wego/wego_ws/install/nav2_bt_navigator:/home/wego/wego_ws/install/nav2_behaviors:/home/wego/wego_ws/install/nav2_core:/home/wego/wego_ws/install/nav2_collision_monitor:/home/wego/wego_ws/install/costmap_queue:/home/wego/wego_ws/install/nav2_costmap_2d:/home/wego/wego_ws/install/nav2_voxel_grid:/home/wego/wego_ws/install/nav2_velocity_smoother:/home/wego/wego_ws/install/nav2_rviz_plugins:/home/wego/wego_ws/install/nav2_map_server:/home/wego/wego_ws/install/nav2_lifecycle_manager:/home/wego/wego_ws/install/nav2_behavior_tree:/home/wego/wego_ws/install/nav2_amcl:/home/wego/wego_ws/install/nav2_util:/home/wego/wego_ws/install/nav2_msgs:/home/wego/wego_ws/install/nav2_common:/home/wego/wego_ws/install/limo_base:/home/wego/wego_ws/install/limo_msgs:/home/wego/wego_ws/install/limo_description:/home/wego/wego_ws/install/lift_ctr:/home/wego/wego_ws/install/dl_ros2_msgs:/home/wego/wego_ws/install/yolo_ros:/home/wego/wego_ws/install/limo_ros2_application:/home/wego/wego_ws/install/nav2_simple_commander:/home/wego/wego_ws/install/dl_ros2_application:/opt/ros/humble LD_LIBRARY_PATH=/home/wego/drive_ws/install/grid_map_core/lib:${LD_LIBRARY_PATH} /usr/bin/cmake --install /home/wego/drive_ws/build/grid_map_costmap_2d
