[0.156s] Invoking command in '/home/wego/drive_ws/build/grid_map_demos': AMENT_PREFIX_PATH=/home/wego/drive_ws/install/grid_map_visualization:/home/wego/drive_ws/install/grid_map_rviz_plugin:/home/wego/drive_ws/install/grid_map_loader:/home/wego/drive_ws/install/grid_map_filters:/home/wego/drive_ws/install/grid_map_ros:/home/wego/drive_ws/install/grid_map_octomap:/home/wego/drive_ws/install/grid_map_cv:/home/wego/drive_ws/install/grid_map_msgs:/home/wego/drive_ws/install/grid_map_core:/home/wego/drive_ws/install/grid_map_cmake_helpers:${AMENT_PREFIX_PATH} CMAKE_PREFIX_PATH=/home/wego/drive_ws/install/grid_map_visualization:/home/wego/drive_ws/install/grid_map_rviz_plugin:/home/wego/drive_ws/install/grid_map_loader:/home/wego/drive_ws/install/grid_map_filters:/home/wego/drive_ws/install/grid_map_ros:/home/wego/drive_ws/install/grid_map_octomap:/home/wego/drive_ws/install/grid_map_cv:/home/wego/drive_ws/install/grid_map_msgs:/home/wego/drive_ws/install/grid_map_core:/home/wego/drive_ws/install/grid_map_cmake_helpers:/home/wego/wego_ws/install/ydlidar_ros2_driver:/home/wego/wego_ws/install/wego_msgs:/home/wego/wego_ws/install/wego_2d_nav:/home/wego/wego_ws/install/wego:/home/wego/wego_ws/install/robot_localization:/home/wego/wego_ws/install/orbbec_description:/home/wego/wego_ws/install/orbbec_camera:/home/wego/wego_ws/install/orbbec_camera_msgs:/home/wego/wego_ws/install/nav2_bringup:/home/wego/wego_ws/install/navigation2:/home/wego/wego_ws/install/nav2_smoother:/home/wego/wego_ws/install/nav2_rotation_shim_controller:/home/wego/wego_ws/install/nav2_graceful_controller:/home/wego/wego_ws/install/nav2_dwb_controller:/home/wego/wego_ws/install/nav2_controller:/home/wego/wego_ws/install/dwb_plugins:/home/wego/wego_ws/install/dwb_critics:/home/wego/wego_ws/install/dwb_core:/home/wego/wego_ws/install/nav_2d_utils:/home/wego/wego_ws/install/dwb_msgs:/home/wego/wego_ws/install/nav_2d_msgs:/home/wego/wego_ws/install/nav2_waypoint_follower:/home/wego/wego_ws/install/nav2_theta_star_planner:/home/wego/wego_ws/install/nav2_smac_planner:/home/wego/wego_ws/install/nav2_route:/home/wego/wego_ws/install/nav2_regulated_pure_pursuit_controller:/home/wego/wego_ws/install/nav2_planner:/home/wego/wego_ws/install/nav2_navfn_planner:/home/wego/wego_ws/install/nav2_mppi_controller:/home/wego/wego_ws/install/nav2_constrained_smoother:/home/wego/wego_ws/install/nav2_bt_navigator:/home/wego/wego_ws/install/nav2_behaviors:/home/wego/wego_ws/install/nav2_core:/home/wego/wego_ws/install/nav2_collision_monitor:/home/wego/wego_ws/install/costmap_queue:/home/wego/wego_ws/install/nav2_costmap_2d:/home/wego/wego_ws/install/nav2_voxel_grid:/home/wego/wego_ws/install/nav2_velocity_smoother:/home/wego/wego_ws/install/nav2_rviz_plugins:/home/wego/wego_ws/install/nav2_map_server:/home/wego/wego_ws/install/nav2_lifecycle_manager:/home/wego/wego_ws/install/nav2_behavior_tree:/home/wego/wego_ws/install/nav2_amcl:/home/wego/wego_ws/install/nav2_util:/home/wego/wego_ws/install/nav2_msgs:/home/wego/wego_ws/install/nav2_common:/home/wego/wego_ws/install/limo_base:/home/wego/wego_ws/install/limo_msgs:/home/wego/wego_ws/install/limo_description:/home/wego/wego_ws/install/lift_ctr:/home/wego/wego_ws/install/dl_ros2_msgs:/home/wego/wego_ws/install/limo_ros2_application:/home/wego/wego_ws/install/nav2_simple_commander:/home/wego/wego_ws/install/dl_ros2_application:/opt/ros/humble LD_LIBRARY_PATH=/home/wego/drive_ws/install/grid_map_visualization/lib:/home/wego/drive_ws/install/grid_map_rviz_plugin/lib:/home/wego/drive_ws/install/grid_map_loader/lib:/home/wego/drive_ws/install/grid_map_filters/lib:/home/wego/drive_ws/install/grid_map_ros/lib:/home/wego/drive_ws/install/grid_map_octomap/lib:/home/wego/drive_ws/install/grid_map_cv/lib:/home/wego/drive_ws/install/grid_map_msgs/lib:/home/wego/drive_ws/install/grid_map_core/lib:/usr/lib/aarch64-linux-gnu:/usr/lib/aarch64-linux-gnu/nvidia:/usr/lib/aarch64-linux-gnu:/usr/lib/aarch64-linux-gnu/nvidia:/opt/ros/humble/lib:/usr/lib/aarch64-linux-gnu:/home/wego/wego_ws/install/wego_msgs/lib:/home/wego/wego_ws/install/robot_localization/lib:/home/wego/wego_ws/install/orbbec_camera/lib:/home/wego/wego_ws/install/orbbec_camera_msgs/lib:/home/wego/wego_ws/install/nav2_smoother/lib:/home/wego/wego_ws/install/nav2_rotation_shim_controller/lib:/home/wego/wego_ws/install/nav2_graceful_controller/lib:/home/wego/wego_ws/install/nav2_controller/lib:/home/wego/wego_ws/install/dwb_plugins/lib:/home/wego/wego_ws/install/dwb_critics/lib:/home/wego/wego_ws/install/dwb_core/lib:/home/wego/wego_ws/install/nav_2d_utils/lib:/home/wego/wego_ws/install/dwb_msgs/lib:/home/wego/wego_ws/install/nav_2d_msgs/lib:/home/wego/wego_ws/install/nav2_waypoint_follower/lib:/home/wego/wego_ws/install/nav2_theta_star_planner/lib:/home/wego/wego_ws/install/nav2_smac_planner/lib:/home/wego/wego_ws/install/nav2_route/lib:/home/wego/wego_ws/install/nav2_regulated_pure_pursuit_controller/lib:/home/wego/wego_ws/install/nav2_planner/lib:/home/wego/wego_ws/install/nav2_navfn_planner/lib:/home/wego/wego_ws/install/nav2_mppi_controller/lib:/home/wego/wego_ws/install/nav2_constrained_smoother/lib:/home/wego/wego_ws/install/nav2_bt_navigator/lib:/home/wego/wego_ws/install/nav2_behaviors/lib:/home/wego/wego_ws/install/nav2_collision_monitor/lib:/home/wego/wego_ws/install/costmap_queue/lib:/home/wego/wego_ws/install/nav2_costmap_2d/lib:/home/wego/wego_ws/install/nav2_voxel_grid/lib:/home/wego/wego_ws/install/nav2_velocity_smoother/lib:/home/wego/wego_ws/install/nav2_rviz_plugins/lib:/home/wego/wego_ws/install/nav2_map_server/lib:/home/wego/wego_ws/install/nav2_lifecycle_manager/lib:/home/wego/wego_ws/install/nav2_behavior_tree/lib:/home/wego/wego_ws/install/nav2_amcl/lib:/home/wego/wego_ws/install/nav2_util/lib:/home/wego/wego_ws/install/nav2_msgs/lib:/home/wego/wego_ws/install/limo_msgs/lib:/home/wego/wego_ws/install/dl_ros2_msgs/lib:/opt/ros/humble/opt/rviz_ogre_vendor/lib:/opt/ros/humble/lib/aarch64-linux-gnu:/opt/ros/humble/lib:/usr/local/cuda-12.6/lib64:/usr/local/TensorRT-10.3.0.26/lib PYTHONPATH=/home/wego/drive_ws/install/grid_map_msgs/local/lib/python3.10/dist-packages:${PYTHONPATH} /usr/bin/cmake --build /home/wego/drive_ws/build/grid_map_demos -- -j6 -l6
[0.294s] -- Found ament_cmake: 1.3.12 (/opt/ros/humble/share/ament_cmake/cmake)
[0.718s] -- Override CMake install command with custom implementation using symlinks instead of copying resources
[0.760s] -- Found cv_bridge: 3.2.1 (/opt/ros/humble/share/cv_bridge/cmake)
[0.863s] -- Found rosidl_generator_c: 3.1.7 (/opt/ros/humble/share/rosidl_generator_c/cmake)
[0.871s] -- Found rosidl_adapter: 3.1.7 (/opt/ros/humble/share/rosidl_adapter/cmake)
[0.885s] -- Found rosidl_generator_cpp: 3.1.7 (/opt/ros/humble/share/rosidl_generator_cpp/cmake)
[0.931s] -- Using all available rosidl_typesupport_c: rosidl_typesupport_fastrtps_c;rosidl_typesupport_introspection_c
[0.969s] -- Using all available rosidl_typesupport_cpp: rosidl_typesupport_fastrtps_cpp;rosidl_typesupport_introspection_cpp
[1.092s] -- Found filters: 2.2.2 (/opt/ros/humble/share/filters/cmake)
[1.229s] -- Found rmw_implementation_cmake: 6.1.2 (/opt/ros/humble/share/rmw_implementation_cmake/cmake)
[1.238s] -- Found rmw_fastrtps_cpp: 6.2.9 (/opt/ros/humble/share/rmw_fastrtps_cpp/cmake)
[1.285s] -- Found TinyXML2 via Config file: TinyXML2_DIR-NOTFOUND
[1.309s] -- Found TinyXML2 via Config file: TinyXML2_DIR-NOTFOUND
[1.348s] -- Found TinyXML2 via Config file: TinyXML2_DIR-NOTFOUND
[1.371s] -- Found TinyXML2 via Config file: TinyXML2_DIR-NOTFOUND
[1.406s] -- Using RMW implementation 'rmw_fastrtps_cpp' as default
[1.500s] -- Found grid_map_cmake_helpers: 2.4.0 (/home/wego/drive_ws/install/grid_map_cmake_helpers/share/grid_map_cmake_helpers/cmake)
[1.501s] -- Found grid_map_core: 2.4.0 (/home/wego/drive_ws/install/grid_map_core/share/grid_map_core/cmake)
[1.509s] -- Found grid_map_cv: 2.4.0 (/home/wego/drive_ws/install/grid_map_cv/share/grid_map_cv/cmake)
[1.517s] -- Found grid_map_msgs: 2.4.0 (/home/wego/drive_ws/install/grid_map_msgs/share/grid_map_msgs/cmake)
[1.550s] -- Found grid_map_octomap: 2.4.0 (/home/wego/drive_ws/install/grid_map_octomap/share/grid_map_octomap/cmake)
[1.558s] -- Found grid_map_ros: 2.4.0 (/home/wego/drive_ws/install/grid_map_ros/share/grid_map_ros/cmake)
[1.778s] -- Found octomap_msgs: 2.0.1 (/opt/ros/humble/share/octomap_msgs/cmake)
[2.650s] -- Found ament_lint_auto: 0.12.14 (/opt/ros/humble/share/ament_lint_auto/cmake)
[3.251s] -- Added test 'cppcheck' to perform static code analysis on C / C++ code
[3.257s] -- Configured cppcheck include dirs: /home/wego/drive_ws/src/grid_map/grid_map_demos/include
[3.258s] -- Configured cppcheck exclude dirs and/or files: 
[3.260s] -- Added test 'flake8' to check Python code syntax and style conventions
[3.264s] -- Added test 'lint_cmake' to check CMake code style
[3.265s] -- Added test 'pep257' to check Python code against some of the docstring style conventions in PEP 257
[3.273s] -- Added test 'uncrustify' to check C / C++ code style
[3.273s] -- Configured uncrustify additional arguments: 
[3.275s] -- Added test 'xmllint' to check XML markup files
[3.281s] -- Configuring done
[3.848s] -- Generating done
[3.933s] -- Build files have been written to: /home/wego/drive_ws/build/grid_map_demos
[4.021s] [35m[1mConsolidate compiler generated dependencies of target simple_demo[0m
[4.074s] [  3%] [32mBuilding CXX object CMakeFiles/simple_demo.dir/src/simple_demo_node.cpp.o[0m
[30.082s] [35m[1mConsolidate compiler generated dependencies of target move_demo[0m
[30.084s] [35m[1mConsolidate compiler generated dependencies of target octomap_to_gridmap_demo[0m
[30.140s] [  6%] [32mBuilding CXX object CMakeFiles/move_demo.dir/src/move_demo_node.cpp.o[0m
[30.151s] [ 10%] [32mBuilding CXX object CMakeFiles/octomap_to_gridmap_demo.dir/src/octomap_to_gridmap_demo_node.cpp.o[0m
[31.137s] [35m[1mConsolidate compiler generated dependencies of target image_to_gridmap_demo[0m
[31.201s] [ 13%] [32mBuilding CXX object CMakeFiles/image_to_gridmap_demo.dir/src/image_to_gridmap_demo_node.cpp.o[0m
[32.257s] [35m[1mConsolidate compiler generated dependencies of target iterators_demo[0m
[32.370s] [ 16%] [32mBuilding CXX object CMakeFiles/iterators_demo.dir/src/iterators_demo_node.cpp.o[0m
[33.361s] [35m[1mConsolidate compiler generated dependencies of target tutorial_demo[0m
[33.454s] [ 20%] [32mBuilding CXX object CMakeFiles/tutorial_demo.dir/src/tutorial_demo_node.cpp.o[0m
[163.994s] [ 23%] [32mBuilding CXX object CMakeFiles/octomap_to_gridmap_demo.dir/src/OctomapToGridmapDemo.cpp.o[0m
[173.134s] [ 26%] [32m[1mLinking CXX executable simple_demo[0m
[174.262s] [ 30%] [32mBuilding CXX object CMakeFiles/iterators_demo.dir/src/IteratorsDemo.cpp.o[0m
[175.023s] [ 30%] Built target simple_demo
[178.054s] [ 33%] [32mBuilding CXX object CMakeFiles/image_to_gridmap_demo.dir/src/ImageToGridmapDemo.cpp.o[0m
[211.652s] [ 36%] [32m[1mLinking CXX executable move_demo[0m
[212.760s] [ 36%] Built target move_demo
[226.701s] [ 40%] [32m[1mLinking CXX executable tutorial_demo[0m
[227.987s] [ 40%] Built target tutorial_demo
[281.058s] [35m[1mConsolidate compiler generated dependencies of target resolution_change_demo[0m
[281.122s] [ 43%] [32mBuilding CXX object CMakeFiles/resolution_change_demo.dir/src/resolution_change_demo_node.cpp.o[0m
[283.128s] [35m[1mConsolidate compiler generated dependencies of target opencv_demo[0m
[283.199s] [ 46%] [32mBuilding CXX object CMakeFiles/opencv_demo.dir/src/opencv_demo_node.cpp.o[0m
[305.312s] [ 50%] [32m[1mLinking CXX executable iterators_demo[0m
[306.695s] [ 50%] Built target iterators_demo
[315.746s] [35m[1mConsolidate compiler generated dependencies of target filters_demo_lib[0m
[315.823s] [ 53%] [32mBuilding CXX object CMakeFiles/filters_demo_lib.dir/src/FiltersDemo.cpp.o[0m
[317.807s] [35m[1mConsolidate compiler generated dependencies of target iterator_benchmark[0m
[317.861s] [ 60%] Built target iterator_benchmark
[317.914s] [35m[1mConsolidate compiler generated dependencies of target normal_filter_comparison_demo[0m
[318.004s] [ 63%] [32mBuilding CXX object CMakeFiles/normal_filter_comparison_demo.dir/src/normal_filter_comparison_node.cpp.o[0m
[324.873s] [ 66%] [32m[1mLinking CXX executable octomap_to_gridmap_demo[0m
[326.224s] [ 66%] Built target octomap_to_gridmap_demo
[388.607s] [ 70%] [32m[1mLinking CXX executable image_to_gridmap_demo[0m
[390.097s] [ 70%] Built target image_to_gridmap_demo
[405.968s] [ 73%] [32m[1mLinking CXX executable resolution_change_demo[0m
[407.089s] [ 73%] Built target resolution_change_demo
[421.752s] [ 76%] [32m[1mLinking CXX executable opencv_demo[0m
[422.062s] /usr/bin/ld: warning: libopencv_imgproc.so.4.5d, needed by /opt/ros/humble/lib/libcv_bridge.so, may conflict with libopencv_imgproc.so.408
[422.063s] /usr/bin/ld: warning: libopencv_core.so.4.5d, needed by /opt/ros/humble/lib/libcv_bridge.so, may conflict with libopencv_core.so.408
[422.972s] [ 76%] Built target opencv_demo
[521.564s] [ 80%] [32m[1mLinking CXX executable normal_filter_comparison_demo[0m
[522.633s] [ 80%] Built target normal_filter_comparison_demo
[522.663s] [35m[1mConsolidate compiler generated dependencies of target interpolation_demo[0m
[522.725s] [ 83%] [32mBuilding CXX object CMakeFiles/interpolation_demo.dir/src/InterpolationDemo.cpp.o[0m
[581.098s] [01m[K/home/wego/drive_ws/src/grid_map/grid_map_demos/src/InterpolationDemo.cpp:[m[K In member function ‘[01m[Kgrid_map_demos::InterpolationDemo::ErrorAndDuration grid_map_demos::InterpolationDemo::interpolateAndComputeError(std::string, const string&) const[m[K’:
[581.098s] [01m[K/home/wego/drive_ws/src/grid_map/grid_map_demos/src/InterpolationDemo.cpp:315:56:[m[K [01;36m[Knote: [m[Kparameter passing for argument of type ‘[01m[Kstd::pair<grid_map_demos::Error, double>[m[K’ when C++17 is enabled changed to match C++14 ]8;;https://gcc.gnu.org/gcc-10/changes.html#empty_basein GCC 10.1]8;;
[581.098s]   315 | td::string world, const std::string & method) [01;36m[Kconst[m[K
[581.098s]       |                                               [01;36m[K^~~~~[m[K
[581.099s] 
[604.538s] [ 86%] [32m[1mLinking CXX shared library libfilters_demo_lib.so[0m
[605.071s] [ 86%] Built target filters_demo_lib
[605.100s] [35m[1mConsolidate compiler generated dependencies of target filters_demo[0m
[605.154s] [ 90%] [32mBuilding CXX object CMakeFiles/filters_demo.dir/src/filters_demo_node.cpp.o[0m
[633.676s] [ 93%] [32m[1mLinking CXX executable interpolation_demo[0m
[634.722s] [ 96%] Built target interpolation_demo
[700.556s] [100%] [32m[1mLinking CXX executable filters_demo[0m
[701.606s] [100%] Built target filters_demo
[701.640s] Invoked command in '/home/wego/drive_ws/build/grid_map_demos' returned '0': AMENT_PREFIX_PATH=/home/wego/drive_ws/install/grid_map_visualization:/home/wego/drive_ws/install/grid_map_rviz_plugin:/home/wego/drive_ws/install/grid_map_loader:/home/wego/drive_ws/install/grid_map_filters:/home/wego/drive_ws/install/grid_map_ros:/home/wego/drive_ws/install/grid_map_octomap:/home/wego/drive_ws/install/grid_map_cv:/home/wego/drive_ws/install/grid_map_msgs:/home/wego/drive_ws/install/grid_map_core:/home/wego/drive_ws/install/grid_map_cmake_helpers:${AMENT_PREFIX_PATH} CMAKE_PREFIX_PATH=/home/wego/drive_ws/install/grid_map_visualization:/home/wego/drive_ws/install/grid_map_rviz_plugin:/home/wego/drive_ws/install/grid_map_loader:/home/wego/drive_ws/install/grid_map_filters:/home/wego/drive_ws/install/grid_map_ros:/home/wego/drive_ws/install/grid_map_octomap:/home/wego/drive_ws/install/grid_map_cv:/home/wego/drive_ws/install/grid_map_msgs:/home/wego/drive_ws/install/grid_map_core:/home/wego/drive_ws/install/grid_map_cmake_helpers:/home/wego/wego_ws/install/ydlidar_ros2_driver:/home/wego/wego_ws/install/wego_msgs:/home/wego/wego_ws/install/wego_2d_nav:/home/wego/wego_ws/install/wego:/home/wego/wego_ws/install/robot_localization:/home/wego/wego_ws/install/orbbec_description:/home/wego/wego_ws/install/orbbec_camera:/home/wego/wego_ws/install/orbbec_camera_msgs:/home/wego/wego_ws/install/nav2_bringup:/home/wego/wego_ws/install/navigation2:/home/wego/wego_ws/install/nav2_smoother:/home/wego/wego_ws/install/nav2_rotation_shim_controller:/home/wego/wego_ws/install/nav2_graceful_controller:/home/wego/wego_ws/install/nav2_dwb_controller:/home/wego/wego_ws/install/nav2_controller:/home/wego/wego_ws/install/dwb_plugins:/home/wego/wego_ws/install/dwb_critics:/home/wego/wego_ws/install/dwb_core:/home/wego/wego_ws/install/nav_2d_utils:/home/wego/wego_ws/install/dwb_msgs:/home/wego/wego_ws/install/nav_2d_msgs:/home/wego/wego_ws/install/nav2_waypoint_follower:/home/wego/wego_ws/install/nav2_theta_star_planner:/home/wego/wego_ws/install/nav2_smac_planner:/home/wego/wego_ws/install/nav2_route:/home/wego/wego_ws/install/nav2_regulated_pure_pursuit_controller:/home/wego/wego_ws/install/nav2_planner:/home/wego/wego_ws/install/nav2_navfn_planner:/home/wego/wego_ws/install/nav2_mppi_controller:/home/wego/wego_ws/install/nav2_constrained_smoother:/home/wego/wego_ws/install/nav2_bt_navigator:/home/wego/wego_ws/install/nav2_behaviors:/home/wego/wego_ws/install/nav2_core:/home/wego/wego_ws/install/nav2_collision_monitor:/home/wego/wego_ws/install/costmap_queue:/home/wego/wego_ws/install/nav2_costmap_2d:/home/wego/wego_ws/install/nav2_voxel_grid:/home/wego/wego_ws/install/nav2_velocity_smoother:/home/wego/wego_ws/install/nav2_rviz_plugins:/home/wego/wego_ws/install/nav2_map_server:/home/wego/wego_ws/install/nav2_lifecycle_manager:/home/wego/wego_ws/install/nav2_behavior_tree:/home/wego/wego_ws/install/nav2_amcl:/home/wego/wego_ws/install/nav2_util:/home/wego/wego_ws/install/nav2_msgs:/home/wego/wego_ws/install/nav2_common:/home/wego/wego_ws/install/limo_base:/home/wego/wego_ws/install/limo_msgs:/home/wego/wego_ws/install/limo_description:/home/wego/wego_ws/install/lift_ctr:/home/wego/wego_ws/install/dl_ros2_msgs:/home/wego/wego_ws/install/limo_ros2_application:/home/wego/wego_ws/install/nav2_simple_commander:/home/wego/wego_ws/install/dl_ros2_application:/opt/ros/humble LD_LIBRARY_PATH=/home/wego/drive_ws/install/grid_map_visualization/lib:/home/wego/drive_ws/install/grid_map_rviz_plugin/lib:/home/wego/drive_ws/install/grid_map_loader/lib:/home/wego/drive_ws/install/grid_map_filters/lib:/home/wego/drive_ws/install/grid_map_ros/lib:/home/wego/drive_ws/install/grid_map_octomap/lib:/home/wego/drive_ws/install/grid_map_cv/lib:/home/wego/drive_ws/install/grid_map_msgs/lib:/home/wego/drive_ws/install/grid_map_core/lib:/usr/lib/aarch64-linux-gnu:/usr/lib/aarch64-linux-gnu/nvidia:/usr/lib/aarch64-linux-gnu:/usr/lib/aarch64-linux-gnu/nvidia:/opt/ros/humble/lib:/usr/lib/aarch64-linux-gnu:/home/wego/wego_ws/install/wego_msgs/lib:/home/wego/wego_ws/install/robot_localization/lib:/home/wego/wego_ws/install/orbbec_camera/lib:/home/wego/wego_ws/install/orbbec_camera_msgs/lib:/home/wego/wego_ws/install/nav2_smoother/lib:/home/wego/wego_ws/install/nav2_rotation_shim_controller/lib:/home/wego/wego_ws/install/nav2_graceful_controller/lib:/home/wego/wego_ws/install/nav2_controller/lib:/home/wego/wego_ws/install/dwb_plugins/lib:/home/wego/wego_ws/install/dwb_critics/lib:/home/wego/wego_ws/install/dwb_core/lib:/home/wego/wego_ws/install/nav_2d_utils/lib:/home/wego/wego_ws/install/dwb_msgs/lib:/home/wego/wego_ws/install/nav_2d_msgs/lib:/home/wego/wego_ws/install/nav2_waypoint_follower/lib:/home/wego/wego_ws/install/nav2_theta_star_planner/lib:/home/wego/wego_ws/install/nav2_smac_planner/lib:/home/wego/wego_ws/install/nav2_route/lib:/home/wego/wego_ws/install/nav2_regulated_pure_pursuit_controller/lib:/home/wego/wego_ws/install/nav2_planner/lib:/home/wego/wego_ws/install/nav2_navfn_planner/lib:/home/wego/wego_ws/install/nav2_mppi_controller/lib:/home/wego/wego_ws/install/nav2_constrained_smoother/lib:/home/wego/wego_ws/install/nav2_bt_navigator/lib:/home/wego/wego_ws/install/nav2_behaviors/lib:/home/wego/wego_ws/install/nav2_collision_monitor/lib:/home/wego/wego_ws/install/costmap_queue/lib:/home/wego/wego_ws/install/nav2_costmap_2d/lib:/home/wego/wego_ws/install/nav2_voxel_grid/lib:/home/wego/wego_ws/install/nav2_velocity_smoother/lib:/home/wego/wego_ws/install/nav2_rviz_plugins/lib:/home/wego/wego_ws/install/nav2_map_server/lib:/home/wego/wego_ws/install/nav2_lifecycle_manager/lib:/home/wego/wego_ws/install/nav2_behavior_tree/lib:/home/wego/wego_ws/install/nav2_amcl/lib:/home/wego/wego_ws/install/nav2_util/lib:/home/wego/wego_ws/install/nav2_msgs/lib:/home/wego/wego_ws/install/limo_msgs/lib:/home/wego/wego_ws/install/dl_ros2_msgs/lib:/opt/ros/humble/opt/rviz_ogre_vendor/lib:/opt/ros/humble/lib/aarch64-linux-gnu:/opt/ros/humble/lib:/usr/local/cuda-12.6/lib64:/usr/local/TensorRT-10.3.0.26/lib PYTHONPATH=/home/wego/drive_ws/install/grid_map_msgs/local/lib/python3.10/dist-packages:${PYTHONPATH} /usr/bin/cmake --build /home/wego/drive_ws/build/grid_map_demos -- -j6 -l6
[701.647s] Invoking command in '/home/wego/drive_ws/build/grid_map_demos': AMENT_PREFIX_PATH=/home/wego/drive_ws/install/grid_map_visualization:/home/wego/drive_ws/install/grid_map_rviz_plugin:/home/wego/drive_ws/install/grid_map_loader:/home/wego/drive_ws/install/grid_map_filters:/home/wego/drive_ws/install/grid_map_ros:/home/wego/drive_ws/install/grid_map_octomap:/home/wego/drive_ws/install/grid_map_cv:/home/wego/drive_ws/install/grid_map_msgs:/home/wego/drive_ws/install/grid_map_core:/home/wego/drive_ws/install/grid_map_cmake_helpers:${AMENT_PREFIX_PATH} CMAKE_PREFIX_PATH=/home/wego/drive_ws/install/grid_map_visualization:/home/wego/drive_ws/install/grid_map_rviz_plugin:/home/wego/drive_ws/install/grid_map_loader:/home/wego/drive_ws/install/grid_map_filters:/home/wego/drive_ws/install/grid_map_ros:/home/wego/drive_ws/install/grid_map_octomap:/home/wego/drive_ws/install/grid_map_cv:/home/wego/drive_ws/install/grid_map_msgs:/home/wego/drive_ws/install/grid_map_core:/home/wego/drive_ws/install/grid_map_cmake_helpers:/home/wego/wego_ws/install/ydlidar_ros2_driver:/home/wego/wego_ws/install/wego_msgs:/home/wego/wego_ws/install/wego_2d_nav:/home/wego/wego_ws/install/wego:/home/wego/wego_ws/install/robot_localization:/home/wego/wego_ws/install/orbbec_description:/home/wego/wego_ws/install/orbbec_camera:/home/wego/wego_ws/install/orbbec_camera_msgs:/home/wego/wego_ws/install/nav2_bringup:/home/wego/wego_ws/install/navigation2:/home/wego/wego_ws/install/nav2_smoother:/home/wego/wego_ws/install/nav2_rotation_shim_controller:/home/wego/wego_ws/install/nav2_graceful_controller:/home/wego/wego_ws/install/nav2_dwb_controller:/home/wego/wego_ws/install/nav2_controller:/home/wego/wego_ws/install/dwb_plugins:/home/wego/wego_ws/install/dwb_critics:/home/wego/wego_ws/install/dwb_core:/home/wego/wego_ws/install/nav_2d_utils:/home/wego/wego_ws/install/dwb_msgs:/home/wego/wego_ws/install/nav_2d_msgs:/home/wego/wego_ws/install/nav2_waypoint_follower:/home/wego/wego_ws/install/nav2_theta_star_planner:/home/wego/wego_ws/install/nav2_smac_planner:/home/wego/wego_ws/install/nav2_route:/home/wego/wego_ws/install/nav2_regulated_pure_pursuit_controller:/home/wego/wego_ws/install/nav2_planner:/home/wego/wego_ws/install/nav2_navfn_planner:/home/wego/wego_ws/install/nav2_mppi_controller:/home/wego/wego_ws/install/nav2_constrained_smoother:/home/wego/wego_ws/install/nav2_bt_navigator:/home/wego/wego_ws/install/nav2_behaviors:/home/wego/wego_ws/install/nav2_core:/home/wego/wego_ws/install/nav2_collision_monitor:/home/wego/wego_ws/install/costmap_queue:/home/wego/wego_ws/install/nav2_costmap_2d:/home/wego/wego_ws/install/nav2_voxel_grid:/home/wego/wego_ws/install/nav2_velocity_smoother:/home/wego/wego_ws/install/nav2_rviz_plugins:/home/wego/wego_ws/install/nav2_map_server:/home/wego/wego_ws/install/nav2_lifecycle_manager:/home/wego/wego_ws/install/nav2_behavior_tree:/home/wego/wego_ws/install/nav2_amcl:/home/wego/wego_ws/install/nav2_util:/home/wego/wego_ws/install/nav2_msgs:/home/wego/wego_ws/install/nav2_common:/home/wego/wego_ws/install/limo_base:/home/wego/wego_ws/install/limo_msgs:/home/wego/wego_ws/install/limo_description:/home/wego/wego_ws/install/lift_ctr:/home/wego/wego_ws/install/dl_ros2_msgs:/home/wego/wego_ws/install/limo_ros2_application:/home/wego/wego_ws/install/nav2_simple_commander:/home/wego/wego_ws/install/dl_ros2_application:/opt/ros/humble LD_LIBRARY_PATH=/home/wego/drive_ws/install/grid_map_visualization/lib:/home/wego/drive_ws/install/grid_map_rviz_plugin/lib:/home/wego/drive_ws/install/grid_map_loader/lib:/home/wego/drive_ws/install/grid_map_filters/lib:/home/wego/drive_ws/install/grid_map_ros/lib:/home/wego/drive_ws/install/grid_map_octomap/lib:/home/wego/drive_ws/install/grid_map_cv/lib:/home/wego/drive_ws/install/grid_map_msgs/lib:/home/wego/drive_ws/install/grid_map_core/lib:/usr/lib/aarch64-linux-gnu:/usr/lib/aarch64-linux-gnu/nvidia:/usr/lib/aarch64-linux-gnu:/usr/lib/aarch64-linux-gnu/nvidia:/opt/ros/humble/lib:/usr/lib/aarch64-linux-gnu:/home/wego/wego_ws/install/wego_msgs/lib:/home/wego/wego_ws/install/robot_localization/lib:/home/wego/wego_ws/install/orbbec_camera/lib:/home/wego/wego_ws/install/orbbec_camera_msgs/lib:/home/wego/wego_ws/install/nav2_smoother/lib:/home/wego/wego_ws/install/nav2_rotation_shim_controller/lib:/home/wego/wego_ws/install/nav2_graceful_controller/lib:/home/wego/wego_ws/install/nav2_controller/lib:/home/wego/wego_ws/install/dwb_plugins/lib:/home/wego/wego_ws/install/dwb_critics/lib:/home/wego/wego_ws/install/dwb_core/lib:/home/wego/wego_ws/install/nav_2d_utils/lib:/home/wego/wego_ws/install/dwb_msgs/lib:/home/wego/wego_ws/install/nav_2d_msgs/lib:/home/wego/wego_ws/install/nav2_waypoint_follower/lib:/home/wego/wego_ws/install/nav2_theta_star_planner/lib:/home/wego/wego_ws/install/nav2_smac_planner/lib:/home/wego/wego_ws/install/nav2_route/lib:/home/wego/wego_ws/install/nav2_regulated_pure_pursuit_controller/lib:/home/wego/wego_ws/install/nav2_planner/lib:/home/wego/wego_ws/install/nav2_navfn_planner/lib:/home/wego/wego_ws/install/nav2_mppi_controller/lib:/home/wego/wego_ws/install/nav2_constrained_smoother/lib:/home/wego/wego_ws/install/nav2_bt_navigator/lib:/home/wego/wego_ws/install/nav2_behaviors/lib:/home/wego/wego_ws/install/nav2_collision_monitor/lib:/home/wego/wego_ws/install/costmap_queue/lib:/home/wego/wego_ws/install/nav2_costmap_2d/lib:/home/wego/wego_ws/install/nav2_voxel_grid/lib:/home/wego/wego_ws/install/nav2_velocity_smoother/lib:/home/wego/wego_ws/install/nav2_rviz_plugins/lib:/home/wego/wego_ws/install/nav2_map_server/lib:/home/wego/wego_ws/install/nav2_lifecycle_manager/lib:/home/wego/wego_ws/install/nav2_behavior_tree/lib:/home/wego/wego_ws/install/nav2_amcl/lib:/home/wego/wego_ws/install/nav2_util/lib:/home/wego/wego_ws/install/nav2_msgs/lib:/home/wego/wego_ws/install/limo_msgs/lib:/home/wego/wego_ws/install/dl_ros2_msgs/lib:/opt/ros/humble/opt/rviz_ogre_vendor/lib:/opt/ros/humble/lib/aarch64-linux-gnu:/opt/ros/humble/lib:/usr/local/cuda-12.6/lib64:/usr/local/TensorRT-10.3.0.26/lib PYTHONPATH=/home/wego/drive_ws/install/grid_map_msgs/local/lib/python3.10/dist-packages:${PYTHONPATH} /usr/bin/cmake --install /home/wego/drive_ws/build/grid_map_demos
[701.666s] -- Install configuration: "Release"
[701.667s] -- Execute custom install script
[701.668s] -- Up-to-date symlink: /home/wego/drive_ws/install/grid_map_demos/lib/grid_map_demos/filters_demo
[701.668s] -- Up-to-date symlink: /home/wego/drive_ws/install/grid_map_demos/lib/libfilters_demo_lib.so
[701.668s] -- Up-to-date symlink: /home/wego/drive_ws/install/grid_map_demos/lib/grid_map_demos/image_to_gridmap_demo
[701.669s] -- Up-to-date symlink: /home/wego/drive_ws/install/grid_map_demos/lib/grid_map_demos/interpolation_demo
[701.669s] -- Up-to-date symlink: /home/wego/drive_ws/install/grid_map_demos/lib/grid_map_demos/iterator_benchmark
[701.669s] -- Up-to-date symlink: /home/wego/drive_ws/install/grid_map_demos/lib/grid_map_demos/iterators_demo
[701.669s] -- Up-to-date symlink: /home/wego/drive_ws/install/grid_map_demos/lib/grid_map_demos/move_demo
[701.670s] -- Up-to-date symlink: /home/wego/drive_ws/install/grid_map_demos/lib/grid_map_demos/normal_filter_comparison_demo
[701.670s] -- Up-to-date symlink: /home/wego/drive_ws/install/grid_map_demos/lib/grid_map_demos/octomap_to_gridmap_demo
[701.670s] -- Up-to-date symlink: /home/wego/drive_ws/install/grid_map_demos/lib/grid_map_demos/opencv_demo
[701.671s] -- Up-to-date symlink: /home/wego/drive_ws/install/grid_map_demos/lib/grid_map_demos/resolution_change_demo
[701.671s] -- Up-to-date symlink: /home/wego/drive_ws/install/grid_map_demos/lib/grid_map_demos/simple_demo
[701.671s] -- Up-to-date symlink: /home/wego/drive_ws/install/grid_map_demos/lib/grid_map_demos/tutorial_demo
[701.672s] -- Up-to-date symlink: /home/wego/drive_ws/install/grid_map_demos/share/grid_map_demos/config/filters_demo.yaml
[701.672s] -- Up-to-date symlink: /home/wego/drive_ws/install/grid_map_demos/share/grid_map_demos/config/filters_demo_filter_chain.yaml
[701.673s] -- Up-to-date symlink: /home/wego/drive_ws/install/grid_map_demos/share/grid_map_demos/config/grid_map_loader_demo.yaml
[701.674s] -- Up-to-date symlink: /home/wego/drive_ws/install/grid_map_demos/share/grid_map_demos/config/image_to_gridmap_demo.yaml
[701.675s] -- Up-to-date symlink: /home/wego/drive_ws/install/grid_map_demos/share/grid_map_demos/config/interpolation_demo.yaml
[701.675s] -- Up-to-date symlink: /home/wego/drive_ws/install/grid_map_demos/share/grid_map_demos/config/iterators_demo.yaml
[701.676s] -- Up-to-date symlink: /home/wego/drive_ws/install/grid_map_demos/share/grid_map_demos/config/move_demo.yaml
[701.677s] -- Up-to-date symlink: /home/wego/drive_ws/install/grid_map_demos/share/grid_map_demos/config/normal_filter_comparison.yaml
[701.677s] -- Up-to-date symlink: /home/wego/drive_ws/install/grid_map_demos/share/grid_map_demos/config/normal_filter_comparison_visualization.yaml
[701.677s] -- Up-to-date symlink: /home/wego/drive_ws/install/grid_map_demos/share/grid_map_demos/config/octomap_to_gridmap_demo.yaml
[701.677s] -- Up-to-date symlink: /home/wego/drive_ws/install/grid_map_demos/share/grid_map_demos/config/opencv_demo.yaml
[701.678s] -- Up-to-date symlink: /home/wego/drive_ws/install/grid_map_demos/share/grid_map_demos/config/resolution_change_demo.yaml
[701.678s] -- Up-to-date symlink: /home/wego/drive_ws/install/grid_map_demos/share/grid_map_demos/config/simple_demo.yaml
[701.678s] -- Up-to-date symlink: /home/wego/drive_ws/install/grid_map_demos/share/grid_map_demos/config/tutorial_demo.yaml
[701.678s] -- Up-to-date symlink: /home/wego/drive_ws/install/grid_map_demos/share/grid_map_demos/data/eth_logo.png
[701.679s] -- Up-to-date symlink: /home/wego/drive_ws/install/grid_map_demos/share/grid_map_demos/data/freiburg1_360.bt
[701.679s] -- Up-to-date symlink: /home/wego/drive_ws/install/grid_map_demos/share/grid_map_demos/data/grid_map_bag/grid_map_bag.db3
[701.679s] -- Up-to-date symlink: /home/wego/drive_ws/install/grid_map_demos/share/grid_map_demos/data/grid_map_bag/metadata.yaml
[701.679s] -- Up-to-date symlink: /home/wego/drive_ws/install/grid_map_demos/share/grid_map_demos/data/linearGradient_horizontal.png
[701.679s] -- Up-to-date symlink: /home/wego/drive_ws/install/grid_map_demos/share/grid_map_demos/data/linearGradient_oblique_and_flat.png
[701.679s] -- Up-to-date symlink: /home/wego/drive_ws/install/grid_map_demos/share/grid_map_demos/data/linearGradient_oblique_only.png
[701.680s] -- Up-to-date symlink: /home/wego/drive_ws/install/grid_map_demos/share/grid_map_demos/data/linearGradient_vertical.png
[701.680s] -- Up-to-date symlink: /home/wego/drive_ws/install/grid_map_demos/share/grid_map_demos/data/radialGradient_circle.png
[701.680s] -- Up-to-date symlink: /home/wego/drive_ws/install/grid_map_demos/share/grid_map_demos/data/radialGradient_ellipse.png
[701.680s] -- Up-to-date symlink: /home/wego/drive_ws/install/grid_map_demos/share/grid_map_demos/data/radialGradient_horizontal.png
[701.680s] -- Up-to-date symlink: /home/wego/drive_ws/install/grid_map_demos/share/grid_map_demos/data/terrain.png
[701.680s] -- Up-to-date symlink: /home/wego/drive_ws/install/grid_map_demos/share/grid_map_demos/doc/filters_demo.gif
[701.681s] -- Up-to-date symlink: /home/wego/drive_ws/install/grid_map_demos/share/grid_map_demos/doc/filters_demo_preview.gif
[701.681s] -- Up-to-date symlink: /home/wego/drive_ws/install/grid_map_demos/share/grid_map_demos/doc/image_to_grid_map_demo_result.png
[701.681s] -- Up-to-date symlink: /home/wego/drive_ws/install/grid_map_demos/share/grid_map_demos/doc/opencv_demo_result.gif
[701.681s] -- Up-to-date symlink: /home/wego/drive_ws/install/grid_map_demos/share/grid_map_demos/launch/filters_demo_launch.py
[701.681s] -- Up-to-date symlink: /home/wego/drive_ws/install/grid_map_demos/share/grid_map_demos/launch/grid_map_loader_demo_launch.py
[701.682s] -- Up-to-date symlink: /home/wego/drive_ws/install/grid_map_demos/share/grid_map_demos/launch/image_to_gridmap_demo_launch.py
[701.682s] -- Up-to-date symlink: /home/wego/drive_ws/install/grid_map_demos/share/grid_map_demos/launch/interpolation_demo_launch.py
[701.682s] -- Up-to-date symlink: /home/wego/drive_ws/install/grid_map_demos/share/grid_map_demos/launch/iterators_demo_launch.py
[701.682s] -- Up-to-date symlink: /home/wego/drive_ws/install/grid_map_demos/share/grid_map_demos/launch/move_demo_launch.py
[701.682s] -- Up-to-date symlink: /home/wego/drive_ws/install/grid_map_demos/share/grid_map_demos/launch/normal_filter_comparison_launch.py
[701.683s] -- Up-to-date symlink: /home/wego/drive_ws/install/grid_map_demos/share/grid_map_demos/launch/octomap_to_gridmap_demo_launch.py
[701.683s] -- Up-to-date symlink: /home/wego/drive_ws/install/grid_map_demos/share/grid_map_demos/launch/opencv_demo_launch.py
[701.683s] -- Up-to-date symlink: /home/wego/drive_ws/install/grid_map_demos/share/grid_map_demos/launch/resolution_change_demo_launch.py
[701.683s] -- Up-to-date symlink: /home/wego/drive_ws/install/grid_map_demos/share/grid_map_demos/launch/simple_demo_launch.py
[701.683s] -- Up-to-date symlink: /home/wego/drive_ws/install/grid_map_demos/share/grid_map_demos/launch/tutorial_demo_launch.py
[701.684s] -- Up-to-date symlink: /home/wego/drive_ws/install/grid_map_demos/share/grid_map_demos/rviz/filters_demo.rviz
[701.685s] -- Up-to-date symlink: /home/wego/drive_ws/install/grid_map_demos/share/grid_map_demos/rviz/grid_map_demo.rviz
[701.685s] -- Up-to-date symlink: /home/wego/drive_ws/install/grid_map_demos/share/grid_map_demos/rviz/grid_map_iterators_demo.rviz
[701.685s] -- Up-to-date symlink: /home/wego/drive_ws/install/grid_map_demos/share/grid_map_demos/rviz/interpolation_demo.rviz
[701.685s] -- Up-to-date symlink: /home/wego/drive_ws/install/grid_map_demos/share/grid_map_demos/rviz/normal_filter_comparison_demo.rviz
[701.685s] -- Up-to-date symlink: /home/wego/drive_ws/install/grid_map_demos/share/grid_map_demos/rviz/octomap_to_gridmap_demo.rviz
[701.686s] -- Up-to-date symlink: /home/wego/drive_ws/install/grid_map_demos/lib/grid_map_demos/image_publisher.py
[701.686s] -- Up-to-date symlink: /home/wego/drive_ws/install/grid_map_demos/share/ament_index/resource_index/package_run_dependencies/grid_map_demos
[701.686s] -- Up-to-date symlink: /home/wego/drive_ws/install/grid_map_demos/share/ament_index/resource_index/parent_prefix_path/grid_map_demos
[701.686s] -- Up-to-date symlink: /home/wego/drive_ws/install/grid_map_demos/share/grid_map_demos/environment/ament_prefix_path.sh
[701.687s] -- Up-to-date symlink: /home/wego/drive_ws/install/grid_map_demos/share/grid_map_demos/environment/ament_prefix_path.dsv
[701.687s] -- Up-to-date symlink: /home/wego/drive_ws/install/grid_map_demos/share/grid_map_demos/environment/path.sh
[701.688s] -- Up-to-date symlink: /home/wego/drive_ws/install/grid_map_demos/share/grid_map_demos/environment/path.dsv
[701.688s] -- Up-to-date symlink: /home/wego/drive_ws/install/grid_map_demos/share/grid_map_demos/local_setup.bash
[701.688s] -- Up-to-date symlink: /home/wego/drive_ws/install/grid_map_demos/share/grid_map_demos/local_setup.sh
[701.688s] -- Up-to-date symlink: /home/wego/drive_ws/install/grid_map_demos/share/grid_map_demos/local_setup.zsh
[701.689s] -- Up-to-date symlink: /home/wego/drive_ws/install/grid_map_demos/share/grid_map_demos/local_setup.dsv
[701.689s] -- Symlinking: /home/wego/drive_ws/install/grid_map_demos/share/grid_map_demos/package.dsv
[701.710s] -- Up-to-date symlink: /home/wego/drive_ws/install/grid_map_demos/share/ament_index/resource_index/packages/grid_map_demos
[701.711s] -- Up-to-date symlink: /home/wego/drive_ws/install/grid_map_demos/share/grid_map_demos/cmake/ament_cmake_export_include_directories-extras.cmake
[701.711s] -- Up-to-date symlink: /home/wego/drive_ws/install/grid_map_demos/share/grid_map_demos/cmake/grid_map_demosConfig.cmake
[701.711s] -- Up-to-date symlink: /home/wego/drive_ws/install/grid_map_demos/share/grid_map_demos/cmake/grid_map_demosConfig-version.cmake
[701.711s] -- Up-to-date symlink: /home/wego/drive_ws/install/grid_map_demos/share/grid_map_demos/package.xml
[701.719s] Invoked command in '/home/wego/drive_ws/build/grid_map_demos' returned '0': AMENT_PREFIX_PATH=/home/wego/drive_ws/install/grid_map_visualization:/home/wego/drive_ws/install/grid_map_rviz_plugin:/home/wego/drive_ws/install/grid_map_loader:/home/wego/drive_ws/install/grid_map_filters:/home/wego/drive_ws/install/grid_map_ros:/home/wego/drive_ws/install/grid_map_octomap:/home/wego/drive_ws/install/grid_map_cv:/home/wego/drive_ws/install/grid_map_msgs:/home/wego/drive_ws/install/grid_map_core:/home/wego/drive_ws/install/grid_map_cmake_helpers:${AMENT_PREFIX_PATH} CMAKE_PREFIX_PATH=/home/wego/drive_ws/install/grid_map_visualization:/home/wego/drive_ws/install/grid_map_rviz_plugin:/home/wego/drive_ws/install/grid_map_loader:/home/wego/drive_ws/install/grid_map_filters:/home/wego/drive_ws/install/grid_map_ros:/home/wego/drive_ws/install/grid_map_octomap:/home/wego/drive_ws/install/grid_map_cv:/home/wego/drive_ws/install/grid_map_msgs:/home/wego/drive_ws/install/grid_map_core:/home/wego/drive_ws/install/grid_map_cmake_helpers:/home/wego/wego_ws/install/ydlidar_ros2_driver:/home/wego/wego_ws/install/wego_msgs:/home/wego/wego_ws/install/wego_2d_nav:/home/wego/wego_ws/install/wego:/home/wego/wego_ws/install/robot_localization:/home/wego/wego_ws/install/orbbec_description:/home/wego/wego_ws/install/orbbec_camera:/home/wego/wego_ws/install/orbbec_camera_msgs:/home/wego/wego_ws/install/nav2_bringup:/home/wego/wego_ws/install/navigation2:/home/wego/wego_ws/install/nav2_smoother:/home/wego/wego_ws/install/nav2_rotation_shim_controller:/home/wego/wego_ws/install/nav2_graceful_controller:/home/wego/wego_ws/install/nav2_dwb_controller:/home/wego/wego_ws/install/nav2_controller:/home/wego/wego_ws/install/dwb_plugins:/home/wego/wego_ws/install/dwb_critics:/home/wego/wego_ws/install/dwb_core:/home/wego/wego_ws/install/nav_2d_utils:/home/wego/wego_ws/install/dwb_msgs:/home/wego/wego_ws/install/nav_2d_msgs:/home/wego/wego_ws/install/nav2_waypoint_follower:/home/wego/wego_ws/install/nav2_theta_star_planner:/home/wego/wego_ws/install/nav2_smac_planner:/home/wego/wego_ws/install/nav2_route:/home/wego/wego_ws/install/nav2_regulated_pure_pursuit_controller:/home/wego/wego_ws/install/nav2_planner:/home/wego/wego_ws/install/nav2_navfn_planner:/home/wego/wego_ws/install/nav2_mppi_controller:/home/wego/wego_ws/install/nav2_constrained_smoother:/home/wego/wego_ws/install/nav2_bt_navigator:/home/wego/wego_ws/install/nav2_behaviors:/home/wego/wego_ws/install/nav2_core:/home/wego/wego_ws/install/nav2_collision_monitor:/home/wego/wego_ws/install/costmap_queue:/home/wego/wego_ws/install/nav2_costmap_2d:/home/wego/wego_ws/install/nav2_voxel_grid:/home/wego/wego_ws/install/nav2_velocity_smoother:/home/wego/wego_ws/install/nav2_rviz_plugins:/home/wego/wego_ws/install/nav2_map_server:/home/wego/wego_ws/install/nav2_lifecycle_manager:/home/wego/wego_ws/install/nav2_behavior_tree:/home/wego/wego_ws/install/nav2_amcl:/home/wego/wego_ws/install/nav2_util:/home/wego/wego_ws/install/nav2_msgs:/home/wego/wego_ws/install/nav2_common:/home/wego/wego_ws/install/limo_base:/home/wego/wego_ws/install/limo_msgs:/home/wego/wego_ws/install/limo_description:/home/wego/wego_ws/install/lift_ctr:/home/wego/wego_ws/install/dl_ros2_msgs:/home/wego/wego_ws/install/limo_ros2_application:/home/wego/wego_ws/install/nav2_simple_commander:/home/wego/wego_ws/install/dl_ros2_application:/opt/ros/humble LD_LIBRARY_PATH=/home/wego/drive_ws/install/grid_map_visualization/lib:/home/wego/drive_ws/install/grid_map_rviz_plugin/lib:/home/wego/drive_ws/install/grid_map_loader/lib:/home/wego/drive_ws/install/grid_map_filters/lib:/home/wego/drive_ws/install/grid_map_ros/lib:/home/wego/drive_ws/install/grid_map_octomap/lib:/home/wego/drive_ws/install/grid_map_cv/lib:/home/wego/drive_ws/install/grid_map_msgs/lib:/home/wego/drive_ws/install/grid_map_core/lib:/usr/lib/aarch64-linux-gnu:/usr/lib/aarch64-linux-gnu/nvidia:/usr/lib/aarch64-linux-gnu:/usr/lib/aarch64-linux-gnu/nvidia:/opt/ros/humble/lib:/usr/lib/aarch64-linux-gnu:/home/wego/wego_ws/install/wego_msgs/lib:/home/wego/wego_ws/install/robot_localization/lib:/home/wego/wego_ws/install/orbbec_camera/lib:/home/wego/wego_ws/install/orbbec_camera_msgs/lib:/home/wego/wego_ws/install/nav2_smoother/lib:/home/wego/wego_ws/install/nav2_rotation_shim_controller/lib:/home/wego/wego_ws/install/nav2_graceful_controller/lib:/home/wego/wego_ws/install/nav2_controller/lib:/home/wego/wego_ws/install/dwb_plugins/lib:/home/wego/wego_ws/install/dwb_critics/lib:/home/wego/wego_ws/install/dwb_core/lib:/home/wego/wego_ws/install/nav_2d_utils/lib:/home/wego/wego_ws/install/dwb_msgs/lib:/home/wego/wego_ws/install/nav_2d_msgs/lib:/home/wego/wego_ws/install/nav2_waypoint_follower/lib:/home/wego/wego_ws/install/nav2_theta_star_planner/lib:/home/wego/wego_ws/install/nav2_smac_planner/lib:/home/wego/wego_ws/install/nav2_route/lib:/home/wego/wego_ws/install/nav2_regulated_pure_pursuit_controller/lib:/home/wego/wego_ws/install/nav2_planner/lib:/home/wego/wego_ws/install/nav2_navfn_planner/lib:/home/wego/wego_ws/install/nav2_mppi_controller/lib:/home/wego/wego_ws/install/nav2_constrained_smoother/lib:/home/wego/wego_ws/install/nav2_bt_navigator/lib:/home/wego/wego_ws/install/nav2_behaviors/lib:/home/wego/wego_ws/install/nav2_collision_monitor/lib:/home/wego/wego_ws/install/costmap_queue/lib:/home/wego/wego_ws/install/nav2_costmap_2d/lib:/home/wego/wego_ws/install/nav2_voxel_grid/lib:/home/wego/wego_ws/install/nav2_velocity_smoother/lib:/home/wego/wego_ws/install/nav2_rviz_plugins/lib:/home/wego/wego_ws/install/nav2_map_server/lib:/home/wego/wego_ws/install/nav2_lifecycle_manager/lib:/home/wego/wego_ws/install/nav2_behavior_tree/lib:/home/wego/wego_ws/install/nav2_amcl/lib:/home/wego/wego_ws/install/nav2_util/lib:/home/wego/wego_ws/install/nav2_msgs/lib:/home/wego/wego_ws/install/limo_msgs/lib:/home/wego/wego_ws/install/dl_ros2_msgs/lib:/opt/ros/humble/opt/rviz_ogre_vendor/lib:/opt/ros/humble/lib/aarch64-linux-gnu:/opt/ros/humble/lib:/usr/local/cuda-12.6/lib64:/usr/local/TensorRT-10.3.0.26/lib PYTHONPATH=/home/wego/drive_ws/install/grid_map_msgs/local/lib/python3.10/dist-packages:${PYTHONPATH} /usr/bin/cmake --install /home/wego/drive_ws/build/grid_map_demos
