[0.027s] Invoking command in '/home/wego/drive_ws/build/grid_map_cmake_helpers': CMAKE_PREFIX_PATH=${CMAKE_PREFIX_PATH}:/home/wego/wego_ws/install/yolo_ros:/home/wego/wego_ws/install/limo_ros2_application:/home/wego/wego_ws/install/nav2_simple_commander:/home/wego/wego_ws/install/dl_ros2_application:/opt/ros/humble /usr/bin/cmake /home/wego/drive_ws/src/grid_map/grid_map_cmake_helpers -DAMENT_CMAKE_SYMLINK_INSTALL=1 -DCMAKE_INSTALL_PREFIX=/home/wego/drive_ws/install/grid_map_cmake_helpers
[0.070s] -- Found ament_cmake_core: 1.3.12 (/opt/ros/humble/share/ament_cmake_core/cmake)
[0.495s] -- Found Python3: /usr/bin/python3 (found version "3.10.12") found components: Interpreter 
[0.667s] -- Override CMake install command with custom implementation using symlinks instead of copying resources
[0.898s] -- Configuring done
[0.903s] -- Generating done
[0.906s] -- Build files have been written to: /home/wego/drive_ws/build/grid_map_cmake_helpers
[0.912s] Invoked command in '/home/wego/drive_ws/build/grid_map_cmake_helpers' returned '0': CMAKE_PREFIX_PATH=${CMAKE_PREFIX_PATH}:/home/wego/wego_ws/install/yolo_ros:/home/wego/wego_ws/install/limo_ros2_application:/home/wego/wego_ws/install/nav2_simple_commander:/home/wego/wego_ws/install/dl_ros2_application:/opt/ros/humble /usr/bin/cmake /home/wego/drive_ws/src/grid_map/grid_map_cmake_helpers -DAMENT_CMAKE_SYMLINK_INSTALL=1 -DCMAKE_INSTALL_PREFIX=/home/wego/drive_ws/install/grid_map_cmake_helpers
[0.916s] Invoking command in '/home/wego/drive_ws/build/grid_map_cmake_helpers': CMAKE_PREFIX_PATH=${CMAKE_PREFIX_PATH}:/home/wego/wego_ws/install/yolo_ros:/home/wego/wego_ws/install/limo_ros2_application:/home/wego/wego_ws/install/nav2_simple_commander:/home/wego/wego_ws/install/dl_ros2_application:/opt/ros/humble /usr/bin/cmake --build /home/wego/drive_ws/build/grid_map_cmake_helpers -- -j6 -l6
[0.994s] Invoked command in '/home/wego/drive_ws/build/grid_map_cmake_helpers' returned '0': CMAKE_PREFIX_PATH=${CMAKE_PREFIX_PATH}:/home/wego/wego_ws/install/yolo_ros:/home/wego/wego_ws/install/limo_ros2_application:/home/wego/wego_ws/install/nav2_simple_commander:/home/wego/wego_ws/install/dl_ros2_application:/opt/ros/humble /usr/bin/cmake --build /home/wego/drive_ws/build/grid_map_cmake_helpers -- -j6 -l6
[1.017s] Invoking command in '/home/wego/drive_ws/build/grid_map_cmake_helpers': CMAKE_PREFIX_PATH=${CMAKE_PREFIX_PATH}:/home/wego/wego_ws/install/yolo_ros:/home/wego/wego_ws/install/limo_ros2_application:/home/wego/wego_ws/install/nav2_simple_commander:/home/wego/wego_ws/install/dl_ros2_application:/opt/ros/humble /usr/bin/cmake --install /home/wego/drive_ws/build/grid_map_cmake_helpers
[1.031s] -- Install configuration: ""
[1.032s] -- Execute custom install script
[1.033s] -- Symlinking: /home/wego/drive_ws/install/grid_map_cmake_helpers/share/ament_index/resource_index/package_run_dependencies/grid_map_cmake_helpers
[1.049s] -- Symlinking: /home/wego/drive_ws/install/grid_map_cmake_helpers/share/ament_index/resource_index/parent_prefix_path/grid_map_cmake_helpers
[1.065s] -- Symlinking: /home/wego/drive_ws/install/grid_map_cmake_helpers/share/grid_map_cmake_helpers/environment/ament_prefix_path.sh
[1.082s] -- Symlinking: /home/wego/drive_ws/install/grid_map_cmake_helpers/share/grid_map_cmake_helpers/environment/ament_prefix_path.dsv
[1.099s] -- Symlinking: /home/wego/drive_ws/install/grid_map_cmake_helpers/share/grid_map_cmake_helpers/environment/path.sh
[1.115s] -- Symlinking: /home/wego/drive_ws/install/grid_map_cmake_helpers/share/grid_map_cmake_helpers/environment/path.dsv
[1.132s] -- Symlinking: /home/wego/drive_ws/install/grid_map_cmake_helpers/share/grid_map_cmake_helpers/local_setup.bash
[1.149s] -- Symlinking: /home/wego/drive_ws/install/grid_map_cmake_helpers/share/grid_map_cmake_helpers/local_setup.sh
[1.165s] -- Symlinking: /home/wego/drive_ws/install/grid_map_cmake_helpers/share/grid_map_cmake_helpers/local_setup.zsh
[1.183s] -- Symlinking: /home/wego/drive_ws/install/grid_map_cmake_helpers/share/grid_map_cmake_helpers/local_setup.dsv
[1.200s] -- Symlinking: /home/wego/drive_ws/install/grid_map_cmake_helpers/share/grid_map_cmake_helpers/package.dsv
[1.217s] -- Symlinking: /home/wego/drive_ws/install/grid_map_cmake_helpers/share/ament_index/resource_index/packages/grid_map_cmake_helpers
[1.234s] -- Symlinking: /home/wego/drive_ws/install/grid_map_cmake_helpers/share/grid_map_cmake_helpers/cmake/grid_map_cmake_helpers-extras.cmake
[1.253s] -- Symlinking: /home/wego/drive_ws/install/grid_map_cmake_helpers/share/grid_map_cmake_helpers/cmake/grid_map_cmake_helpersConfig.cmake
[1.270s] -- Symlinking: /home/wego/drive_ws/install/grid_map_cmake_helpers/share/grid_map_cmake_helpers/cmake/grid_map_cmake_helpersConfig-version.cmake
[1.287s] -- Symlinking: /home/wego/drive_ws/install/grid_map_cmake_helpers/share/grid_map_cmake_helpers/package.xml
[1.304s] -- Symlinking: /home/wego/drive_ws/install/grid_map_cmake_helpers/share/grid_map_cmake_helpers/cmake/grid_map_package.cmake
[1.326s] Invoked command in '/home/wego/drive_ws/build/grid_map_cmake_helpers' returned '0': CMAKE_PREFIX_PATH=${CMAKE_PREFIX_PATH}:/home/wego/wego_ws/install/yolo_ros:/home/wego/wego_ws/install/limo_ros2_application:/home/wego/wego_ws/install/nav2_simple_commander:/home/wego/wego_ws/install/dl_ros2_application:/opt/ros/humble /usr/bin/cmake --install /home/wego/drive_ws/build/grid_map_cmake_helpers
