-- Found ament_cmake: 1.3.12 (/opt/ros/humble/share/ament_cmake/cmake)
-- Override CMake install command with custom implementation using symlinks instead of copying resources
-- Found cv_bridge: 3.2.1 (/opt/ros/humble/share/cv_bridge/cmake)
-- Found rosidl_generator_c: 3.1.7 (/opt/ros/humble/share/rosidl_generator_c/cmake)
-- Found rosidl_adapter: 3.1.7 (/opt/ros/humble/share/rosidl_adapter/cmake)
-- Found rosidl_generator_cpp: 3.1.7 (/opt/ros/humble/share/rosidl_generator_cpp/cmake)
-- Using all available rosidl_typesupport_c: rosidl_typesupport_fastrtps_c;rosidl_typesupport_introspection_c
-- Using all available rosidl_typesupport_cpp: rosidl_typesupport_fastrtps_cpp;rosidl_typesupport_introspection_cpp
-- Found grid_map_cmake_helpers: 2.4.0 (/home/wego/drive_ws/install/grid_map_cmake_helpers/share/grid_map_cmake_helpers/cmake)
-- Found grid_map_core: 2.4.0 (/home/wego/drive_ws/install/grid_map_core/share/grid_map_core/cmake)
-- Found grid_map_cv: 2.4.0 (/home/wego/drive_ws/install/grid_map_cv/share/grid_map_cv/cmake)
-- Found rmw_implementation_cmake: 6.1.2 (/opt/ros/humble/share/rmw_implementation_cmake/cmake)
-- Found rmw_fastrtps_cpp: 6.2.9 (/opt/ros/humble/share/rmw_fastrtps_cpp/cmake)
-- Found TinyXML2 via Config file: TinyXML2_DIR-NOTFOUND
-- Found TinyXML2 via Config file: TinyXML2_DIR-NOTFOUND
-- Found TinyXML2 via Config file: TinyXML2_DIR-NOTFOUND
-- Found TinyXML2 via Config file: TinyXML2_DIR-NOTFOUND
-- Using RMW implementation 'rmw_fastrtps_cpp' as default
-- Found grid_map_msgs: 2.4.0 (/home/wego/drive_ws/install/grid_map_msgs/share/grid_map_msgs/cmake)
-- Found nav2_msgs: 1.1.19 (/home/wego/wego_ws/install/nav2_msgs/share/nav2_msgs/cmake)
-- Found rosbag2_cpp: 0.15.15 (/opt/ros/humble/share/rosbag2_cpp/cmake)
-- Found tf2: 0.25.17 (/opt/ros/humble/share/tf2/cmake)
-- Found visualization_msgs: 4.9.0 (/opt/ros/humble/share/visualization_msgs/cmake)
-- Found ament_lint_auto: 0.12.14 (/opt/ros/humble/share/ament_lint_auto/cmake)
-- Found gtest sources under '/opt/ros/humble/src/gtest_vendor': C++ tests using 'Google Test' will be built
-- Added test 'cppcheck' to perform static code analysis on C / C++ code
-- Configured cppcheck include dirs: /home/wego/drive_ws/src/grid_map/grid_map_ros/include
-- Configured cppcheck exclude dirs and/or files: 
-- Added test 'lint_cmake' to check CMake code style
-- Added test 'uncrustify' to check C / C++ code style
-- Configured uncrustify additional arguments: 
-- Added test 'xmllint' to check XML markup files
-- Configuring done
-- Generating done
-- Build files have been written to: /home/wego/drive_ws/build/grid_map_ros
[35m[1mConsolidate compiler generated dependencies of target grid_map_ros[0m
[35m[1mConsolidate compiler generated dependencies of target gtest[0m
[35m[1mConsolidate compiler generated dependencies of target gtest_main[0m
[ 18%] Built target gtest
[ 36%] Built target gtest_main
[ 45%] [32mBuilding CXX object CMakeFiles/grid_map_ros.dir/src/GridMapRosConverter.cpp.o[0m
[ 54%] [32m[1mLinking CXX shared library libgrid_map_ros.so[0m
[ 72%] Built target grid_map_ros
[35m[1mConsolidate compiler generated dependencies of target grid_map_ros-test[0m
[ 81%] [32mBuilding CXX object CMakeFiles/grid_map_ros-test.dir/test/GridMapRosTest.cpp.o[0m
[ 90%] [32m[1mLinking CXX executable grid_map_ros-test[0m
[100%] Built target grid_map_ros-test
-- Install configuration: "Release"
-- Execute custom install script
-- Up-to-date symlink: /home/wego/drive_ws/install/grid_map_ros/lib/libgrid_map_ros.so
-- Up-to-date symlink: /home/wego/drive_ws/install/grid_map_ros/share/grid_map_ros/environment/library_path.sh
-- Up-to-date symlink: /home/wego/drive_ws/install/grid_map_ros/share/grid_map_ros/environment/library_path.dsv
-- Up-to-date symlink: /home/wego/drive_ws/install/grid_map_ros/share/ament_index/resource_index/package_run_dependencies/grid_map_ros
-- Up-to-date symlink: /home/wego/drive_ws/install/grid_map_ros/share/ament_index/resource_index/parent_prefix_path/grid_map_ros
-- Up-to-date symlink: /home/wego/drive_ws/install/grid_map_ros/share/grid_map_ros/environment/ament_prefix_path.sh
-- Up-to-date symlink: /home/wego/drive_ws/install/grid_map_ros/share/grid_map_ros/environment/ament_prefix_path.dsv
-- Up-to-date symlink: /home/wego/drive_ws/install/grid_map_ros/share/grid_map_ros/environment/path.sh
-- Up-to-date symlink: /home/wego/drive_ws/install/grid_map_ros/share/grid_map_ros/environment/path.dsv
-- Up-to-date symlink: /home/wego/drive_ws/install/grid_map_ros/share/grid_map_ros/local_setup.bash
-- Up-to-date symlink: /home/wego/drive_ws/install/grid_map_ros/share/grid_map_ros/local_setup.sh
-- Up-to-date symlink: /home/wego/drive_ws/install/grid_map_ros/share/grid_map_ros/local_setup.zsh
-- Up-to-date symlink: /home/wego/drive_ws/install/grid_map_ros/share/grid_map_ros/local_setup.dsv
-- Symlinking: /home/wego/drive_ws/install/grid_map_ros/share/grid_map_ros/package.dsv
-- Up-to-date symlink: /home/wego/drive_ws/install/grid_map_ros/share/ament_index/resource_index/packages/grid_map_ros
-- Up-to-date symlink: /home/wego/drive_ws/install/grid_map_ros/share/grid_map_ros/cmake/ament_cmake_export_include_directories-extras.cmake
-- Up-to-date symlink: /home/wego/drive_ws/install/grid_map_ros/share/grid_map_ros/cmake/ament_cmake_export_dependencies-extras.cmake
-- Up-to-date symlink: /home/wego/drive_ws/install/grid_map_ros/share/grid_map_ros/cmake/ament_cmake_export_libraries-extras.cmake
-- Up-to-date symlink: /home/wego/drive_ws/install/grid_map_ros/share/grid_map_ros/cmake/grid_map_rosConfig.cmake
-- Up-to-date symlink: /home/wego/drive_ws/install/grid_map_ros/share/grid_map_ros/cmake/grid_map_rosConfig-version.cmake
-- Up-to-date symlink: /home/wego/drive_ws/install/grid_map_ros/share/grid_map_ros/package.xml
-- Up-to-date: /home/wego/drive_ws/install/grid_map_ros/include/grid_map_ros
-- Up-to-date: /home/wego/drive_ws/install/grid_map_ros/include/grid_map_ros/grid_map_ros.hpp
-- Up-to-date: /home/wego/drive_ws/install/grid_map_ros/include/grid_map_ros/GridMapRosConverter.hpp
-- Up-to-date: /home/wego/drive_ws/install/grid_map_ros/include/grid_map_ros/PolygonRosConverter.hpp
-- Up-to-date: /home/wego/drive_ws/install/grid_map_ros/include/grid_map_ros/message_traits.hpp
-- Up-to-date: /home/wego/drive_ws/install/grid_map_ros/include/grid_map_ros/GridMapMsgHelpers.hpp
