[0.041s] Invoking command in '/home/wego/drive_ws/build/grid_map_msgs': CMAKE_PREFIX_PATH=/home/wego/drive_ws/install/grid_map_cmake_helpers:/home/wego/drive_ws/install/remo_navigation:/home/wego/drive_ws/install/grid_map:/home/wego/drive_ws/install/grid_map_demos:/home/wego/drive_ws/install/grid_map_visualization:/home/wego/drive_ws/install/grid_map_sdf:/home/wego/drive_ws/install/grid_map_rviz_plugin:/home/wego/drive_ws/install/grid_map_pcl:/home/wego/drive_ws/install/grid_map_loader:/home/wego/drive_ws/install/grid_map_filters:/home/wego/drive_ws/install/grid_map_ros:/home/wego/drive_ws/install/grid_map_octomap:/home/wego/drive_ws/install/grid_map_msgs:/home/wego/drive_ws/install/grid_map_cv:/home/wego/drive_ws/install/grid_map_costmap_2d:/home/wego/drive_ws/install/grid_map_core:/home/wego/wego_ws/install/yolo_bringup:/home/wego/wego_ws/install/yolo_msgs:/home/wego/wego_ws/install/ydlidar_ros2_driver:/home/wego/wego_ws/install/wego_msgs:/home/wego/wego_ws/install/wego_2d_nav:/home/wego/wego_ws/install/wego:/home/wego/wego_ws/install/robot_localization:/home/wego/wego_ws/install/orbbec_description:/home/wego/wego_ws/install/orbbec_camera:/home/wego/wego_ws/install/orbbec_camera_msgs:/home/wego/wego_ws/install/nav2_bringup:/home/wego/wego_ws/install/navigation2:/home/wego/wego_ws/install/nav2_smoother:/home/wego/wego_ws/install/nav2_rotation_shim_controller:/home/wego/wego_ws/install/nav2_graceful_controller:/home/wego/wego_ws/install/nav2_dwb_controller:/home/wego/wego_ws/install/nav2_controller:/home/wego/wego_ws/install/dwb_plugins:/home/wego/wego_ws/install/dwb_critics:/home/wego/wego_ws/install/dwb_core:/home/wego/wego_ws/install/nav_2d_utils:/home/wego/wego_ws/install/dwb_msgs:/home/wego/wego_ws/install/nav_2d_msgs:/home/wego/wego_ws/install/nav2_waypoint_follower:/home/wego/wego_ws/install/nav2_theta_star_planner:/home/wego/wego_ws/install/nav2_smac_planner:/home/wego/wego_ws/install/nav2_route:/home/wego/wego_ws/install/nav2_regulated_pure_pursuit_controller:/home/wego/wego_ws/install/nav2_planner:/home/wego/wego_ws/install/nav2_navfn_planner:/home/wego/wego_ws/install/nav2_mppi_controller:/home/wego/wego_ws/install/nav2_constrained_smoother:/home/wego/wego_ws/install/nav2_bt_navigator:/home/wego/wego_ws/install/nav2_behaviors:/home/wego/wego_ws/install/nav2_core:/home/wego/wego_ws/install/nav2_collision_monitor:/home/wego/wego_ws/install/costmap_queue:/home/wego/wego_ws/install/nav2_costmap_2d:/home/wego/wego_ws/install/nav2_voxel_grid:/home/wego/wego_ws/install/nav2_velocity_smoother:/home/wego/wego_ws/install/nav2_rviz_plugins:/home/wego/wego_ws/install/nav2_map_server:/home/wego/wego_ws/install/nav2_lifecycle_manager:/home/wego/wego_ws/install/nav2_behavior_tree:/home/wego/wego_ws/install/nav2_amcl:/home/wego/wego_ws/install/nav2_util:/home/wego/wego_ws/install/nav2_msgs:/home/wego/wego_ws/install/nav2_common:/home/wego/wego_ws/install/limo_base:/home/wego/wego_ws/install/limo_msgs:/home/wego/wego_ws/install/limo_description:/home/wego/wego_ws/install/lift_ctr:/home/wego/wego_ws/install/dl_ros2_msgs:/home/wego/drive_ws/install/terrain_analysis:/home/wego/wego_ws/install/yolo_ros:/home/wego/wego_ws/install/limo_ros2_application:/home/wego/wego_ws/install/nav2_simple_commander:/home/wego/wego_ws/install/dl_ros2_application:/opt/ros/humble /usr/bin/cmake --build /home/wego/drive_ws/build/grid_map_msgs -- -j6 -l6
[0.173s] [  1%] Built target grid_map_msgs__cpp
[0.245s] [  1%] Built target ament_cmake_python_symlink_grid_map_msgs
[0.320s] [ 12%] Built target grid_map_msgs__rosidl_typesupport_introspection_cpp
[1.025s] running egg_info
[1.101s] writing grid_map_msgs.egg-info/PKG-INFO
[1.105s] writing dependency_links to grid_map_msgs.egg-info/dependency_links.txt
[1.106s] writing top-level names to grid_map_msgs.egg-info/top_level.txt
[1.298s] reading manifest file 'grid_map_msgs.egg-info/SOURCES.txt'
[1.309s] writing manifest file 'grid_map_msgs.egg-info/SOURCES.txt'
[1.430s] [ 12%] Built target ament_cmake_python_build_grid_map_msgs_egg
[1.526s] [ 23%] Built target grid_map_msgs__rosidl_typesupport_fastrtps_cpp
[1.664s] [ 35%] Built target grid_map_msgs__rosidl_typesupport_cpp
[1.807s] [ 46%] Built target grid_map_msgs__rosidl_generator_c
[1.901s] [ 57%] Built target grid_map_msgs__rosidl_typesupport_fastrtps_c
[1.972s] [ 69%] Built target grid_map_msgs__rosidl_typesupport_c
[2.075s] [ 80%] Built target grid_map_msgs__rosidl_typesupport_introspection_c
[2.263s] [ 80%] Built target grid_map_msgs
[2.333s] [ 81%] Built target grid_map_msgs__py
[2.438s] [ 91%] Built target grid_map_msgs__rosidl_generator_py
[2.550s] [ 94%] Built target grid_map_msgs__rosidl_typesupport_fastrtps_c__pyext
[2.619s] [ 97%] Built target grid_map_msgs__rosidl_typesupport_c__pyext
[2.699s] [100%] Built target grid_map_msgs__rosidl_typesupport_introspection_c__pyext
[2.745s] Invoked command in '/home/wego/drive_ws/build/grid_map_msgs' returned '0': CMAKE_PREFIX_PATH=/home/wego/drive_ws/install/grid_map_cmake_helpers:/home/wego/drive_ws/install/remo_navigation:/home/wego/drive_ws/install/grid_map:/home/wego/drive_ws/install/grid_map_demos:/home/wego/drive_ws/install/grid_map_visualization:/home/wego/drive_ws/install/grid_map_sdf:/home/wego/drive_ws/install/grid_map_rviz_plugin:/home/wego/drive_ws/install/grid_map_pcl:/home/wego/drive_ws/install/grid_map_loader:/home/wego/drive_ws/install/grid_map_filters:/home/wego/drive_ws/install/grid_map_ros:/home/wego/drive_ws/install/grid_map_octomap:/home/wego/drive_ws/install/grid_map_msgs:/home/wego/drive_ws/install/grid_map_cv:/home/wego/drive_ws/install/grid_map_costmap_2d:/home/wego/drive_ws/install/grid_map_core:/home/wego/wego_ws/install/yolo_bringup:/home/wego/wego_ws/install/yolo_msgs:/home/wego/wego_ws/install/ydlidar_ros2_driver:/home/wego/wego_ws/install/wego_msgs:/home/wego/wego_ws/install/wego_2d_nav:/home/wego/wego_ws/install/wego:/home/wego/wego_ws/install/robot_localization:/home/wego/wego_ws/install/orbbec_description:/home/wego/wego_ws/install/orbbec_camera:/home/wego/wego_ws/install/orbbec_camera_msgs:/home/wego/wego_ws/install/nav2_bringup:/home/wego/wego_ws/install/navigation2:/home/wego/wego_ws/install/nav2_smoother:/home/wego/wego_ws/install/nav2_rotation_shim_controller:/home/wego/wego_ws/install/nav2_graceful_controller:/home/wego/wego_ws/install/nav2_dwb_controller:/home/wego/wego_ws/install/nav2_controller:/home/wego/wego_ws/install/dwb_plugins:/home/wego/wego_ws/install/dwb_critics:/home/wego/wego_ws/install/dwb_core:/home/wego/wego_ws/install/nav_2d_utils:/home/wego/wego_ws/install/dwb_msgs:/home/wego/wego_ws/install/nav_2d_msgs:/home/wego/wego_ws/install/nav2_waypoint_follower:/home/wego/wego_ws/install/nav2_theta_star_planner:/home/wego/wego_ws/install/nav2_smac_planner:/home/wego/wego_ws/install/nav2_route:/home/wego/wego_ws/install/nav2_regulated_pure_pursuit_controller:/home/wego/wego_ws/install/nav2_planner:/home/wego/wego_ws/install/nav2_navfn_planner:/home/wego/wego_ws/install/nav2_mppi_controller:/home/wego/wego_ws/install/nav2_constrained_smoother:/home/wego/wego_ws/install/nav2_bt_navigator:/home/wego/wego_ws/install/nav2_behaviors:/home/wego/wego_ws/install/nav2_core:/home/wego/wego_ws/install/nav2_collision_monitor:/home/wego/wego_ws/install/costmap_queue:/home/wego/wego_ws/install/nav2_costmap_2d:/home/wego/wego_ws/install/nav2_voxel_grid:/home/wego/wego_ws/install/nav2_velocity_smoother:/home/wego/wego_ws/install/nav2_rviz_plugins:/home/wego/wego_ws/install/nav2_map_server:/home/wego/wego_ws/install/nav2_lifecycle_manager:/home/wego/wego_ws/install/nav2_behavior_tree:/home/wego/wego_ws/install/nav2_amcl:/home/wego/wego_ws/install/nav2_util:/home/wego/wego_ws/install/nav2_msgs:/home/wego/wego_ws/install/nav2_common:/home/wego/wego_ws/install/limo_base:/home/wego/wego_ws/install/limo_msgs:/home/wego/wego_ws/install/limo_description:/home/wego/wego_ws/install/lift_ctr:/home/wego/wego_ws/install/dl_ros2_msgs:/home/wego/drive_ws/install/terrain_analysis:/home/wego/wego_ws/install/yolo_ros:/home/wego/wego_ws/install/limo_ros2_application:/home/wego/wego_ws/install/nav2_simple_commander:/home/wego/wego_ws/install/dl_ros2_application:/opt/ros/humble /usr/bin/cmake --build /home/wego/drive_ws/build/grid_map_msgs -- -j6 -l6
[2.756s] Invoking command in '/home/wego/drive_ws/build/grid_map_msgs': CMAKE_PREFIX_PATH=/home/wego/drive_ws/install/grid_map_cmake_helpers:/home/wego/drive_ws/install/remo_navigation:/home/wego/drive_ws/install/grid_map:/home/wego/drive_ws/install/grid_map_demos:/home/wego/drive_ws/install/grid_map_visualization:/home/wego/drive_ws/install/grid_map_sdf:/home/wego/drive_ws/install/grid_map_rviz_plugin:/home/wego/drive_ws/install/grid_map_pcl:/home/wego/drive_ws/install/grid_map_loader:/home/wego/drive_ws/install/grid_map_filters:/home/wego/drive_ws/install/grid_map_ros:/home/wego/drive_ws/install/grid_map_octomap:/home/wego/drive_ws/install/grid_map_msgs:/home/wego/drive_ws/install/grid_map_cv:/home/wego/drive_ws/install/grid_map_costmap_2d:/home/wego/drive_ws/install/grid_map_core:/home/wego/wego_ws/install/yolo_bringup:/home/wego/wego_ws/install/yolo_msgs:/home/wego/wego_ws/install/ydlidar_ros2_driver:/home/wego/wego_ws/install/wego_msgs:/home/wego/wego_ws/install/wego_2d_nav:/home/wego/wego_ws/install/wego:/home/wego/wego_ws/install/robot_localization:/home/wego/wego_ws/install/orbbec_description:/home/wego/wego_ws/install/orbbec_camera:/home/wego/wego_ws/install/orbbec_camera_msgs:/home/wego/wego_ws/install/nav2_bringup:/home/wego/wego_ws/install/navigation2:/home/wego/wego_ws/install/nav2_smoother:/home/wego/wego_ws/install/nav2_rotation_shim_controller:/home/wego/wego_ws/install/nav2_graceful_controller:/home/wego/wego_ws/install/nav2_dwb_controller:/home/wego/wego_ws/install/nav2_controller:/home/wego/wego_ws/install/dwb_plugins:/home/wego/wego_ws/install/dwb_critics:/home/wego/wego_ws/install/dwb_core:/home/wego/wego_ws/install/nav_2d_utils:/home/wego/wego_ws/install/dwb_msgs:/home/wego/wego_ws/install/nav_2d_msgs:/home/wego/wego_ws/install/nav2_waypoint_follower:/home/wego/wego_ws/install/nav2_theta_star_planner:/home/wego/wego_ws/install/nav2_smac_planner:/home/wego/wego_ws/install/nav2_route:/home/wego/wego_ws/install/nav2_regulated_pure_pursuit_controller:/home/wego/wego_ws/install/nav2_planner:/home/wego/wego_ws/install/nav2_navfn_planner:/home/wego/wego_ws/install/nav2_mppi_controller:/home/wego/wego_ws/install/nav2_constrained_smoother:/home/wego/wego_ws/install/nav2_bt_navigator:/home/wego/wego_ws/install/nav2_behaviors:/home/wego/wego_ws/install/nav2_core:/home/wego/wego_ws/install/nav2_collision_monitor:/home/wego/wego_ws/install/costmap_queue:/home/wego/wego_ws/install/nav2_costmap_2d:/home/wego/wego_ws/install/nav2_voxel_grid:/home/wego/wego_ws/install/nav2_velocity_smoother:/home/wego/wego_ws/install/nav2_rviz_plugins:/home/wego/wego_ws/install/nav2_map_server:/home/wego/wego_ws/install/nav2_lifecycle_manager:/home/wego/wego_ws/install/nav2_behavior_tree:/home/wego/wego_ws/install/nav2_amcl:/home/wego/wego_ws/install/nav2_util:/home/wego/wego_ws/install/nav2_msgs:/home/wego/wego_ws/install/nav2_common:/home/wego/wego_ws/install/limo_base:/home/wego/wego_ws/install/limo_msgs:/home/wego/wego_ws/install/limo_description:/home/wego/wego_ws/install/lift_ctr:/home/wego/wego_ws/install/dl_ros2_msgs:/home/wego/drive_ws/install/terrain_analysis:/home/wego/wego_ws/install/yolo_ros:/home/wego/wego_ws/install/limo_ros2_application:/home/wego/wego_ws/install/nav2_simple_commander:/home/wego/wego_ws/install/dl_ros2_application:/opt/ros/humble /usr/bin/cmake --install /home/wego/drive_ws/build/grid_map_msgs
[2.781s] -- Install configuration: "Release"
[2.791s] -- Execute custom install script
[2.791s] -- Up-to-date symlink: /home/wego/drive_ws/install/grid_map_msgs/share/ament_index/resource_index/rosidl_interfaces/grid_map_msgs
[2.797s] -- Up-to-date symlink: /home/wego/drive_ws/install/grid_map_msgs/include/grid_map_msgs/grid_map_msgs/msg/detail/grid_map__functions.h
[2.798s] -- Up-to-date symlink: /home/wego/drive_ws/install/grid_map_msgs/include/grid_map_msgs/grid_map_msgs/msg/detail/grid_map__struct.h
[2.798s] -- Up-to-date symlink: /home/wego/drive_ws/install/grid_map_msgs/include/grid_map_msgs/grid_map_msgs/msg/detail/grid_map__type_support.h
[2.800s] -- Up-to-date symlink: /home/wego/drive_ws/install/grid_map_msgs/include/grid_map_msgs/grid_map_msgs/msg/detail/grid_map_info__functions.h
[2.805s] -- Up-to-date symlink: /home/wego/drive_ws/install/grid_map_msgs/include/grid_map_msgs/grid_map_msgs/msg/detail/grid_map_info__struct.h
[2.807s] -- Up-to-date symlink: /home/wego/drive_ws/install/grid_map_msgs/include/grid_map_msgs/grid_map_msgs/msg/detail/grid_map_info__type_support.h
[2.809s] -- Up-to-date symlink: /home/wego/drive_ws/install/grid_map_msgs/include/grid_map_msgs/grid_map_msgs/msg/grid_map.h
[2.810s] -- Up-to-date symlink: /home/wego/drive_ws/install/grid_map_msgs/include/grid_map_msgs/grid_map_msgs/msg/grid_map_info.h
[2.811s] -- Up-to-date symlink: /home/wego/drive_ws/install/grid_map_msgs/include/grid_map_msgs/grid_map_msgs/msg/rosidl_generator_c__visibility_control.h
[2.812s] -- Up-to-date symlink: /home/wego/drive_ws/install/grid_map_msgs/include/grid_map_msgs/grid_map_msgs/srv/detail/get_grid_map__functions.h
[2.813s] -- Up-to-date symlink: /home/wego/drive_ws/install/grid_map_msgs/include/grid_map_msgs/grid_map_msgs/srv/detail/get_grid_map__struct.h
[2.813s] -- Up-to-date symlink: /home/wego/drive_ws/install/grid_map_msgs/include/grid_map_msgs/grid_map_msgs/srv/detail/get_grid_map__type_support.h
[2.813s] -- Up-to-date symlink: /home/wego/drive_ws/install/grid_map_msgs/include/grid_map_msgs/grid_map_msgs/srv/detail/get_grid_map_info__functions.h
[2.814s] -- Up-to-date symlink: /home/wego/drive_ws/install/grid_map_msgs/include/grid_map_msgs/grid_map_msgs/srv/detail/get_grid_map_info__struct.h
[2.814s] -- Up-to-date symlink: /home/wego/drive_ws/install/grid_map_msgs/include/grid_map_msgs/grid_map_msgs/srv/detail/get_grid_map_info__type_support.h
[2.816s] -- Up-to-date symlink: /home/wego/drive_ws/install/grid_map_msgs/include/grid_map_msgs/grid_map_msgs/srv/detail/process_file__functions.h
[2.818s] -- Up-to-date symlink: /home/wego/drive_ws/install/grid_map_msgs/include/grid_map_msgs/grid_map_msgs/srv/detail/process_file__struct.h
[2.819s] -- Up-to-date symlink: /home/wego/drive_ws/install/grid_map_msgs/include/grid_map_msgs/grid_map_msgs/srv/detail/process_file__type_support.h
[2.821s] -- Up-to-date symlink: /home/wego/drive_ws/install/grid_map_msgs/include/grid_map_msgs/grid_map_msgs/srv/detail/set_grid_map__functions.h
[2.822s] -- Up-to-date symlink: /home/wego/drive_ws/install/grid_map_msgs/include/grid_map_msgs/grid_map_msgs/srv/detail/set_grid_map__struct.h
[2.824s] -- Up-to-date symlink: /home/wego/drive_ws/install/grid_map_msgs/include/grid_map_msgs/grid_map_msgs/srv/detail/set_grid_map__type_support.h
[2.828s] -- Up-to-date symlink: /home/wego/drive_ws/install/grid_map_msgs/include/grid_map_msgs/grid_map_msgs/srv/get_grid_map.h
[2.829s] -- Up-to-date symlink: /home/wego/drive_ws/install/grid_map_msgs/include/grid_map_msgs/grid_map_msgs/srv/get_grid_map_info.h
[2.829s] -- Up-to-date symlink: /home/wego/drive_ws/install/grid_map_msgs/include/grid_map_msgs/grid_map_msgs/srv/process_file.h
[2.830s] -- Up-to-date symlink: /home/wego/drive_ws/install/grid_map_msgs/include/grid_map_msgs/grid_map_msgs/srv/set_grid_map.h
[2.831s] -- Up-to-date symlink: /home/wego/drive_ws/install/grid_map_msgs/share/grid_map_msgs/environment/library_path.sh
[2.832s] -- Up-to-date symlink: /home/wego/drive_ws/install/grid_map_msgs/share/grid_map_msgs/environment/library_path.dsv
[2.832s] -- Up-to-date symlink: /home/wego/drive_ws/install/grid_map_msgs/include/grid_map_msgs/grid_map_msgs/msg/detail/grid_map__rosidl_typesupport_fastrtps_c.h
[2.833s] -- Up-to-date symlink: /home/wego/drive_ws/install/grid_map_msgs/include/grid_map_msgs/grid_map_msgs/msg/detail/grid_map_info__rosidl_typesupport_fastrtps_c.h
[2.834s] -- Up-to-date symlink: /home/wego/drive_ws/install/grid_map_msgs/include/grid_map_msgs/grid_map_msgs/msg/rosidl_typesupport_fastrtps_c__visibility_control.h
[2.835s] -- Up-to-date symlink: /home/wego/drive_ws/install/grid_map_msgs/include/grid_map_msgs/grid_map_msgs/srv/detail/get_grid_map__rosidl_typesupport_fastrtps_c.h
[2.837s] -- Up-to-date symlink: /home/wego/drive_ws/install/grid_map_msgs/include/grid_map_msgs/grid_map_msgs/srv/detail/get_grid_map_info__rosidl_typesupport_fastrtps_c.h
[2.839s] -- Up-to-date symlink: /home/wego/drive_ws/install/grid_map_msgs/include/grid_map_msgs/grid_map_msgs/srv/detail/process_file__rosidl_typesupport_fastrtps_c.h
[2.846s] -- Up-to-date symlink: /home/wego/drive_ws/install/grid_map_msgs/include/grid_map_msgs/grid_map_msgs/srv/detail/set_grid_map__rosidl_typesupport_fastrtps_c.h
[2.848s] -- Up-to-date symlink: /home/wego/drive_ws/install/grid_map_msgs/include/grid_map_msgs/grid_map_msgs/msg/detail/grid_map__builder.hpp
[2.849s] -- Up-to-date symlink: /home/wego/drive_ws/install/grid_map_msgs/include/grid_map_msgs/grid_map_msgs/msg/detail/grid_map__struct.hpp
[2.850s] -- Up-to-date symlink: /home/wego/drive_ws/install/grid_map_msgs/include/grid_map_msgs/grid_map_msgs/msg/detail/grid_map__traits.hpp
[2.850s] -- Up-to-date symlink: /home/wego/drive_ws/install/grid_map_msgs/include/grid_map_msgs/grid_map_msgs/msg/detail/grid_map__type_support.hpp
[2.853s] -- Up-to-date symlink: /home/wego/drive_ws/install/grid_map_msgs/include/grid_map_msgs/grid_map_msgs/msg/detail/grid_map_info__builder.hpp
[2.854s] -- Up-to-date symlink: /home/wego/drive_ws/install/grid_map_msgs/include/grid_map_msgs/grid_map_msgs/msg/detail/grid_map_info__struct.hpp
[2.854s] -- Up-to-date symlink: /home/wego/drive_ws/install/grid_map_msgs/include/grid_map_msgs/grid_map_msgs/msg/detail/grid_map_info__traits.hpp
[2.854s] -- Up-to-date symlink: /home/wego/drive_ws/install/grid_map_msgs/include/grid_map_msgs/grid_map_msgs/msg/detail/grid_map_info__type_support.hpp
[2.854s] -- Up-to-date symlink: /home/wego/drive_ws/install/grid_map_msgs/include/grid_map_msgs/grid_map_msgs/msg/grid_map.hpp
[2.854s] -- Up-to-date symlink: /home/wego/drive_ws/install/grid_map_msgs/include/grid_map_msgs/grid_map_msgs/msg/grid_map_info.hpp
[2.855s] -- Up-to-date symlink: /home/wego/drive_ws/install/grid_map_msgs/include/grid_map_msgs/grid_map_msgs/msg/rosidl_generator_cpp__visibility_control.hpp
[2.855s] -- Up-to-date symlink: /home/wego/drive_ws/install/grid_map_msgs/include/grid_map_msgs/grid_map_msgs/srv/detail/get_grid_map__builder.hpp
[2.855s] -- Up-to-date symlink: /home/wego/drive_ws/install/grid_map_msgs/include/grid_map_msgs/grid_map_msgs/srv/detail/get_grid_map__struct.hpp
[2.855s] -- Up-to-date symlink: /home/wego/drive_ws/install/grid_map_msgs/include/grid_map_msgs/grid_map_msgs/srv/detail/get_grid_map__traits.hpp
[2.855s] -- Up-to-date symlink: /home/wego/drive_ws/install/grid_map_msgs/include/grid_map_msgs/grid_map_msgs/srv/detail/get_grid_map__type_support.hpp
[2.855s] -- Up-to-date symlink: /home/wego/drive_ws/install/grid_map_msgs/include/grid_map_msgs/grid_map_msgs/srv/detail/get_grid_map_info__builder.hpp
[2.856s] -- Up-to-date symlink: /home/wego/drive_ws/install/grid_map_msgs/include/grid_map_msgs/grid_map_msgs/srv/detail/get_grid_map_info__struct.hpp
[2.856s] -- Up-to-date symlink: /home/wego/drive_ws/install/grid_map_msgs/include/grid_map_msgs/grid_map_msgs/srv/detail/get_grid_map_info__traits.hpp
[2.864s] -- Up-to-date symlink: /home/wego/drive_ws/install/grid_map_msgs/include/grid_map_msgs/grid_map_msgs/srv/detail/get_grid_map_info__type_support.hpp
[2.865s] -- Up-to-date symlink: /home/wego/drive_ws/install/grid_map_msgs/include/grid_map_msgs/grid_map_msgs/srv/detail/process_file__builder.hpp
[2.866s] -- Up-to-date symlink: /home/wego/drive_ws/install/grid_map_msgs/include/grid_map_msgs/grid_map_msgs/srv/detail/process_file__struct.hpp
[2.866s] -- Up-to-date symlink: /home/wego/drive_ws/install/grid_map_msgs/include/grid_map_msgs/grid_map_msgs/srv/detail/process_file__traits.hpp
[2.866s] -- Up-to-date symlink: /home/wego/drive_ws/install/grid_map_msgs/include/grid_map_msgs/grid_map_msgs/srv/detail/process_file__type_support.hpp
[2.868s] -- Up-to-date symlink: /home/wego/drive_ws/install/grid_map_msgs/include/grid_map_msgs/grid_map_msgs/srv/detail/set_grid_map__builder.hpp
[2.868s] -- Up-to-date symlink: /home/wego/drive_ws/install/grid_map_msgs/include/grid_map_msgs/grid_map_msgs/srv/detail/set_grid_map__struct.hpp
[2.869s] -- Up-to-date symlink: /home/wego/drive_ws/install/grid_map_msgs/include/grid_map_msgs/grid_map_msgs/srv/detail/set_grid_map__traits.hpp
[2.869s] -- Up-to-date symlink: /home/wego/drive_ws/install/grid_map_msgs/include/grid_map_msgs/grid_map_msgs/srv/detail/set_grid_map__type_support.hpp
[2.869s] -- Up-to-date symlink: /home/wego/drive_ws/install/grid_map_msgs/include/grid_map_msgs/grid_map_msgs/srv/get_grid_map.hpp
[2.869s] -- Up-to-date symlink: /home/wego/drive_ws/install/grid_map_msgs/include/grid_map_msgs/grid_map_msgs/srv/get_grid_map_info.hpp
[2.869s] -- Up-to-date symlink: /home/wego/drive_ws/install/grid_map_msgs/include/grid_map_msgs/grid_map_msgs/srv/process_file.hpp
[2.875s] -- Up-to-date symlink: /home/wego/drive_ws/install/grid_map_msgs/include/grid_map_msgs/grid_map_msgs/srv/set_grid_map.hpp
[2.875s] -- Up-to-date symlink: /home/wego/drive_ws/install/grid_map_msgs/include/grid_map_msgs/grid_map_msgs/msg/detail/grid_map__rosidl_typesupport_fastrtps_cpp.hpp
[2.876s] -- Up-to-date symlink: /home/wego/drive_ws/install/grid_map_msgs/include/grid_map_msgs/grid_map_msgs/msg/detail/grid_map_info__rosidl_typesupport_fastrtps_cpp.hpp
[2.876s] -- Up-to-date symlink: /home/wego/drive_ws/install/grid_map_msgs/include/grid_map_msgs/grid_map_msgs/msg/rosidl_typesupport_fastrtps_cpp__visibility_control.h
[2.876s] -- Up-to-date symlink: /home/wego/drive_ws/install/grid_map_msgs/include/grid_map_msgs/grid_map_msgs/srv/detail/get_grid_map__rosidl_typesupport_fastrtps_cpp.hpp
[2.876s] -- Up-to-date symlink: /home/wego/drive_ws/install/grid_map_msgs/include/grid_map_msgs/grid_map_msgs/srv/detail/get_grid_map_info__rosidl_typesupport_fastrtps_cpp.hpp
[2.876s] -- Up-to-date symlink: /home/wego/drive_ws/install/grid_map_msgs/include/grid_map_msgs/grid_map_msgs/srv/detail/process_file__rosidl_typesupport_fastrtps_cpp.hpp
[2.876s] -- Up-to-date symlink: /home/wego/drive_ws/install/grid_map_msgs/include/grid_map_msgs/grid_map_msgs/srv/detail/set_grid_map__rosidl_typesupport_fastrtps_cpp.hpp
[2.877s] -- Up-to-date symlink: /home/wego/drive_ws/install/grid_map_msgs/include/grid_map_msgs/grid_map_msgs/msg/detail/grid_map__rosidl_typesupport_introspection_c.h
[2.877s] -- Up-to-date symlink: /home/wego/drive_ws/install/grid_map_msgs/include/grid_map_msgs/grid_map_msgs/msg/detail/grid_map_info__rosidl_typesupport_introspection_c.h
[2.877s] -- Up-to-date symlink: /home/wego/drive_ws/install/grid_map_msgs/include/grid_map_msgs/grid_map_msgs/msg/rosidl_typesupport_introspection_c__visibility_control.h
[2.877s] -- Up-to-date symlink: /home/wego/drive_ws/install/grid_map_msgs/include/grid_map_msgs/grid_map_msgs/srv/detail/get_grid_map__rosidl_typesupport_introspection_c.h
[2.877s] -- Up-to-date symlink: /home/wego/drive_ws/install/grid_map_msgs/include/grid_map_msgs/grid_map_msgs/srv/detail/get_grid_map_info__rosidl_typesupport_introspection_c.h
[2.877s] -- Up-to-date symlink: /home/wego/drive_ws/install/grid_map_msgs/include/grid_map_msgs/grid_map_msgs/srv/detail/process_file__rosidl_typesupport_introspection_c.h
[2.878s] -- Up-to-date symlink: /home/wego/drive_ws/install/grid_map_msgs/include/grid_map_msgs/grid_map_msgs/srv/detail/set_grid_map__rosidl_typesupport_introspection_c.h
[2.878s] -- Up-to-date symlink: /home/wego/drive_ws/install/grid_map_msgs/include/grid_map_msgs/grid_map_msgs/msg/detail/grid_map__rosidl_typesupport_introspection_cpp.hpp
[2.878s] -- Up-to-date symlink: /home/wego/drive_ws/install/grid_map_msgs/include/grid_map_msgs/grid_map_msgs/msg/detail/grid_map_info__rosidl_typesupport_introspection_cpp.hpp
[2.878s] -- Up-to-date symlink: /home/wego/drive_ws/install/grid_map_msgs/include/grid_map_msgs/grid_map_msgs/srv/detail/get_grid_map__rosidl_typesupport_introspection_cpp.hpp
[2.878s] -- Up-to-date symlink: /home/wego/drive_ws/install/grid_map_msgs/include/grid_map_msgs/grid_map_msgs/srv/detail/get_grid_map_info__rosidl_typesupport_introspection_cpp.hpp
[2.878s] -- Up-to-date symlink: /home/wego/drive_ws/install/grid_map_msgs/include/grid_map_msgs/grid_map_msgs/srv/detail/process_file__rosidl_typesupport_introspection_cpp.hpp
[2.878s] -- Up-to-date symlink: /home/wego/drive_ws/install/grid_map_msgs/include/grid_map_msgs/grid_map_msgs/srv/detail/set_grid_map__rosidl_typesupport_introspection_cpp.hpp
[2.879s] -- Up-to-date symlink: /home/wego/drive_ws/install/grid_map_msgs/share/grid_map_msgs/environment/pythonpath.sh
[2.879s] -- Up-to-date symlink: /home/wego/drive_ws/install/grid_map_msgs/share/grid_map_msgs/environment/pythonpath.dsv
[2.879s] -- Up-to-date symlink: /home/wego/drive_ws/install/grid_map_msgs/local/lib/python3.10/dist-packages/grid_map_msgs-2.4.0-py3.10.egg-info/PKG-INFO
[2.879s] -- Up-to-date symlink: /home/wego/drive_ws/install/grid_map_msgs/local/lib/python3.10/dist-packages/grid_map_msgs-2.4.0-py3.10.egg-info/SOURCES.txt
[2.879s] -- Up-to-date symlink: /home/wego/drive_ws/install/grid_map_msgs/local/lib/python3.10/dist-packages/grid_map_msgs-2.4.0-py3.10.egg-info/dependency_links.txt
[2.879s] -- Up-to-date symlink: /home/wego/drive_ws/install/grid_map_msgs/local/lib/python3.10/dist-packages/grid_map_msgs-2.4.0-py3.10.egg-info/top_level.txt
[2.879s] -- Up-to-date symlink: /home/wego/drive_ws/install/grid_map_msgs/local/lib/python3.10/dist-packages/grid_map_msgs/__init__.py
[2.880s] -- Up-to-date symlink: /home/wego/drive_ws/install/grid_map_msgs/local/lib/python3.10/dist-packages/grid_map_msgs/_grid_map_msgs_s.ep.rosidl_typesupport_c.c
[2.881s] -- Up-to-date symlink: /home/wego/drive_ws/install/grid_map_msgs/local/lib/python3.10/dist-packages/grid_map_msgs/_grid_map_msgs_s.ep.rosidl_typesupport_fastrtps_c.c
[2.882s] -- Up-to-date symlink: /home/wego/drive_ws/install/grid_map_msgs/local/lib/python3.10/dist-packages/grid_map_msgs/_grid_map_msgs_s.ep.rosidl_typesupport_introspection_c.c
[2.882s] -- Up-to-date symlink: /home/wego/drive_ws/install/grid_map_msgs/local/lib/python3.10/dist-packages/grid_map_msgs/grid_map_msgs_s__rosidl_typesupport_c.cpython-310-aarch64-linux-gnu.so
[2.882s] -- Up-to-date symlink: /home/wego/drive_ws/install/grid_map_msgs/local/lib/python3.10/dist-packages/grid_map_msgs/grid_map_msgs_s__rosidl_typesupport_fastrtps_c.cpython-310-aarch64-linux-gnu.so
[2.883s] -- Up-to-date symlink: /home/wego/drive_ws/install/grid_map_msgs/local/lib/python3.10/dist-packages/grid_map_msgs/grid_map_msgs_s__rosidl_typesupport_introspection_c.cpython-310-aarch64-linux-gnu.so
[2.883s] -- Up-to-date symlink: /home/wego/drive_ws/install/grid_map_msgs/local/lib/python3.10/dist-packages/grid_map_msgs/libgrid_map_msgs__rosidl_generator_py.so
[2.883s] -- Up-to-date symlink: /home/wego/drive_ws/install/grid_map_msgs/local/lib/python3.10/dist-packages/grid_map_msgs/msg/__init__.py
[2.883s] -- Up-to-date symlink: /home/wego/drive_ws/install/grid_map_msgs/local/lib/python3.10/dist-packages/grid_map_msgs/msg/_grid_map.py
[2.883s] -- Up-to-date symlink: /home/wego/drive_ws/install/grid_map_msgs/local/lib/python3.10/dist-packages/grid_map_msgs/msg/_grid_map_info.py
[2.883s] -- Up-to-date symlink: /home/wego/drive_ws/install/grid_map_msgs/local/lib/python3.10/dist-packages/grid_map_msgs/msg/_grid_map_info_s.c
[2.884s] -- Up-to-date symlink: /home/wego/drive_ws/install/grid_map_msgs/local/lib/python3.10/dist-packages/grid_map_msgs/msg/_grid_map_s.c
[2.885s] -- Up-to-date symlink: /home/wego/drive_ws/install/grid_map_msgs/local/lib/python3.10/dist-packages/grid_map_msgs/srv/__init__.py
[2.885s] -- Up-to-date symlink: /home/wego/drive_ws/install/grid_map_msgs/local/lib/python3.10/dist-packages/grid_map_msgs/srv/_get_grid_map.py
[2.887s] -- Up-to-date symlink: /home/wego/drive_ws/install/grid_map_msgs/local/lib/python3.10/dist-packages/grid_map_msgs/srv/_get_grid_map_info.py
[2.887s] -- Up-to-date symlink: /home/wego/drive_ws/install/grid_map_msgs/local/lib/python3.10/dist-packages/grid_map_msgs/srv/_get_grid_map_info_s.c
[2.887s] -- Up-to-date symlink: /home/wego/drive_ws/install/grid_map_msgs/local/lib/python3.10/dist-packages/grid_map_msgs/srv/_get_grid_map_s.c
[2.887s] -- Up-to-date symlink: /home/wego/drive_ws/install/grid_map_msgs/local/lib/python3.10/dist-packages/grid_map_msgs/srv/_process_file.py
[2.887s] -- Up-to-date symlink: /home/wego/drive_ws/install/grid_map_msgs/local/lib/python3.10/dist-packages/grid_map_msgs/srv/_process_file_s.c
[2.888s] -- Up-to-date symlink: /home/wego/drive_ws/install/grid_map_msgs/local/lib/python3.10/dist-packages/grid_map_msgs/srv/_set_grid_map.py
[2.888s] -- Up-to-date symlink: /home/wego/drive_ws/install/grid_map_msgs/local/lib/python3.10/dist-packages/grid_map_msgs/srv/_set_grid_map_s.c
[2.888s] -- Up-to-date symlink: /home/wego/drive_ws/install/grid_map_msgs/local/lib/python3.10/dist-packages/grid_map_msgs/grid_map_msgs_s__rosidl_typesupport_fastrtps_c.cpython-310-aarch64-linux-gnu.so
[2.888s] -- Up-to-date symlink: /home/wego/drive_ws/install/grid_map_msgs/local/lib/python3.10/dist-packages/grid_map_msgs/grid_map_msgs_s__rosidl_typesupport_introspection_c.cpython-310-aarch64-linux-gnu.so
[2.888s] -- Up-to-date symlink: /home/wego/drive_ws/install/grid_map_msgs/local/lib/python3.10/dist-packages/grid_map_msgs/grid_map_msgs_s__rosidl_typesupport_c.cpython-310-aarch64-linux-gnu.so
[2.888s] -- Up-to-date symlink: /home/wego/drive_ws/install/grid_map_msgs/share/grid_map_msgs/msg/GridMapInfo.idl
[2.889s] -- Up-to-date symlink: /home/wego/drive_ws/install/grid_map_msgs/share/grid_map_msgs/msg/GridMap.idl
[2.889s] -- Up-to-date symlink: /home/wego/drive_ws/install/grid_map_msgs/share/grid_map_msgs/srv/SetGridMap.idl
[2.889s] -- Up-to-date symlink: /home/wego/drive_ws/install/grid_map_msgs/share/grid_map_msgs/srv/GetGridMap.idl
[2.889s] -- Up-to-date symlink: /home/wego/drive_ws/install/grid_map_msgs/share/grid_map_msgs/srv/GetGridMapInfo.idl
[2.889s] -- Up-to-date symlink: /home/wego/drive_ws/install/grid_map_msgs/share/grid_map_msgs/srv/ProcessFile.idl
[2.889s] -- Up-to-date symlink: /home/wego/drive_ws/install/grid_map_msgs/share/grid_map_msgs/msg/GridMapInfo.msg
[2.890s] -- Up-to-date symlink: /home/wego/drive_ws/install/grid_map_msgs/share/grid_map_msgs/msg/GridMap.msg
[2.890s] -- Up-to-date symlink: /home/wego/drive_ws/install/grid_map_msgs/share/grid_map_msgs/srv/SetGridMap.srv
[2.890s] -- Up-to-date symlink: /home/wego/drive_ws/install/grid_map_msgs/share/grid_map_msgs/srv/SetGridMap_Request.msg
[2.890s] -- Up-to-date symlink: /home/wego/drive_ws/install/grid_map_msgs/share/grid_map_msgs/srv/SetGridMap_Response.msg
[2.890s] -- Up-to-date symlink: /home/wego/drive_ws/install/grid_map_msgs/share/grid_map_msgs/srv/GetGridMap.srv
[2.891s] -- Up-to-date symlink: /home/wego/drive_ws/install/grid_map_msgs/share/grid_map_msgs/srv/GetGridMap_Request.msg
[2.891s] -- Up-to-date symlink: /home/wego/drive_ws/install/grid_map_msgs/share/grid_map_msgs/srv/GetGridMap_Response.msg
[2.891s] -- Up-to-date symlink: /home/wego/drive_ws/install/grid_map_msgs/share/grid_map_msgs/srv/GetGridMapInfo.srv
[2.891s] -- Up-to-date symlink: /home/wego/drive_ws/install/grid_map_msgs/share/grid_map_msgs/srv/GetGridMapInfo_Request.msg
[2.892s] -- Up-to-date symlink: /home/wego/drive_ws/install/grid_map_msgs/share/grid_map_msgs/srv/GetGridMapInfo_Response.msg
[2.892s] -- Up-to-date symlink: /home/wego/drive_ws/install/grid_map_msgs/share/grid_map_msgs/srv/ProcessFile.srv
[2.892s] -- Up-to-date symlink: /home/wego/drive_ws/install/grid_map_msgs/share/grid_map_msgs/srv/ProcessFile_Request.msg
[2.892s] -- Up-to-date symlink: /home/wego/drive_ws/install/grid_map_msgs/share/grid_map_msgs/srv/ProcessFile_Response.msg
[2.892s] -- Up-to-date symlink: /home/wego/drive_ws/install/grid_map_msgs/share/ament_index/resource_index/package_run_dependencies/grid_map_msgs
[2.892s] -- Up-to-date symlink: /home/wego/drive_ws/install/grid_map_msgs/share/ament_index/resource_index/parent_prefix_path/grid_map_msgs
[2.893s] -- Up-to-date symlink: /home/wego/drive_ws/install/grid_map_msgs/share/grid_map_msgs/environment/ament_prefix_path.sh
[2.893s] -- Up-to-date symlink: /home/wego/drive_ws/install/grid_map_msgs/share/grid_map_msgs/environment/ament_prefix_path.dsv
[2.894s] -- Up-to-date symlink: /home/wego/drive_ws/install/grid_map_msgs/share/grid_map_msgs/environment/path.sh
[2.894s] -- Up-to-date symlink: /home/wego/drive_ws/install/grid_map_msgs/share/grid_map_msgs/environment/path.dsv
[2.928s] -- Up-to-date symlink: /home/wego/drive_ws/install/grid_map_msgs/share/grid_map_msgs/local_setup.bash
[2.931s] -- Up-to-date symlink: /home/wego/drive_ws/install/grid_map_msgs/share/grid_map_msgs/local_setup.sh
[2.931s] -- Up-to-date symlink: /home/wego/drive_ws/install/grid_map_msgs/share/grid_map_msgs/local_setup.zsh
[2.933s] -- Up-to-date symlink: /home/wego/drive_ws/install/grid_map_msgs/share/grid_map_msgs/local_setup.dsv
[2.934s] -- Symlinking: /home/wego/drive_ws/install/grid_map_msgs/share/grid_map_msgs/package.dsv
[2.935s] -- Up-to-date symlink: /home/wego/drive_ws/install/grid_map_msgs/share/ament_index/resource_index/packages/grid_map_msgs
[2.936s] -- Up-to-date symlink: /home/wego/drive_ws/install/grid_map_msgs/share/grid_map_msgs/cmake/rosidl_cmake-extras.cmake
[2.937s] -- Up-to-date symlink: /home/wego/drive_ws/install/grid_map_msgs/share/grid_map_msgs/cmake/ament_cmake_export_dependencies-extras.cmake
[2.937s] -- Up-to-date symlink: /home/wego/drive_ws/install/grid_map_msgs/share/grid_map_msgs/cmake/ament_cmake_export_include_directories-extras.cmake
[2.937s] -- Up-to-date symlink: /home/wego/drive_ws/install/grid_map_msgs/share/grid_map_msgs/cmake/ament_cmake_export_libraries-extras.cmake
[2.937s] -- Up-to-date symlink: /home/wego/drive_ws/install/grid_map_msgs/share/grid_map_msgs/cmake/ament_cmake_export_targets-extras.cmake
[2.937s] -- Up-to-date symlink: /home/wego/drive_ws/install/grid_map_msgs/share/grid_map_msgs/cmake/rosidl_cmake_export_typesupport_targets-extras.cmake
[2.938s] -- Up-to-date symlink: /home/wego/drive_ws/install/grid_map_msgs/share/grid_map_msgs/cmake/rosidl_cmake_export_typesupport_libraries-extras.cmake
[2.939s] -- Up-to-date symlink: /home/wego/drive_ws/install/grid_map_msgs/share/grid_map_msgs/cmake/grid_map_msgsConfig.cmake
[2.943s] -- Up-to-date symlink: /home/wego/drive_ws/install/grid_map_msgs/share/grid_map_msgs/cmake/grid_map_msgsConfig-version.cmake
[2.943s] -- Up-to-date symlink: /home/wego/drive_ws/install/grid_map_msgs/share/grid_map_msgs/package.xml
[2.944s] -- Up-to-date: /home/wego/drive_ws/install/grid_map_msgs/lib/libgrid_map_msgs__rosidl_generator_c.so
[2.944s] -- Up-to-date: /home/wego/drive_ws/install/grid_map_msgs/lib/libgrid_map_msgs__rosidl_typesupport_fastrtps_c.so
[2.944s] -- Up-to-date: /home/wego/drive_ws/install/grid_map_msgs/lib/libgrid_map_msgs__rosidl_typesupport_fastrtps_cpp.so
[2.944s] -- Up-to-date: /home/wego/drive_ws/install/grid_map_msgs/lib/libgrid_map_msgs__rosidl_typesupport_introspection_c.so
[2.944s] -- Up-to-date: /home/wego/drive_ws/install/grid_map_msgs/lib/libgrid_map_msgs__rosidl_typesupport_c.so
[2.947s] -- Up-to-date: /home/wego/drive_ws/install/grid_map_msgs/lib/libgrid_map_msgs__rosidl_typesupport_introspection_cpp.so
[2.948s] -- Up-to-date: /home/wego/drive_ws/install/grid_map_msgs/lib/libgrid_map_msgs__rosidl_typesupport_cpp.so
[3.052s] Listing '/home/wego/drive_ws/install/grid_map_msgs/local/lib/python3.10/dist-packages/grid_map_msgs'...
[3.053s] Listing '/home/wego/drive_ws/install/grid_map_msgs/local/lib/python3.10/dist-packages/grid_map_msgs/msg'...
[3.053s] Listing '/home/wego/drive_ws/install/grid_map_msgs/local/lib/python3.10/dist-packages/grid_map_msgs/srv'...
[3.076s] -- Up-to-date: /home/wego/drive_ws/install/grid_map_msgs/lib/libgrid_map_msgs__rosidl_generator_py.so
[3.077s] -- Up-to-date: /home/wego/drive_ws/install/grid_map_msgs/share/grid_map_msgs/cmake/export_grid_map_msgs__rosidl_generator_cExport.cmake
[3.078s] -- Up-to-date: /home/wego/drive_ws/install/grid_map_msgs/share/grid_map_msgs/cmake/export_grid_map_msgs__rosidl_generator_cExport-release.cmake
[3.079s] -- Up-to-date: /home/wego/drive_ws/install/grid_map_msgs/share/grid_map_msgs/cmake/export_grid_map_msgs__rosidl_typesupport_fastrtps_cExport.cmake
[3.079s] -- Up-to-date: /home/wego/drive_ws/install/grid_map_msgs/share/grid_map_msgs/cmake/export_grid_map_msgs__rosidl_typesupport_fastrtps_cExport-release.cmake
[3.085s] -- Up-to-date: /home/wego/drive_ws/install/grid_map_msgs/share/grid_map_msgs/cmake/export_grid_map_msgs__rosidl_generator_cppExport.cmake
[3.087s] -- Up-to-date: /home/wego/drive_ws/install/grid_map_msgs/share/grid_map_msgs/cmake/export_grid_map_msgs__rosidl_typesupport_fastrtps_cppExport.cmake
[3.087s] -- Up-to-date: /home/wego/drive_ws/install/grid_map_msgs/share/grid_map_msgs/cmake/export_grid_map_msgs__rosidl_typesupport_fastrtps_cppExport-release.cmake
[3.089s] -- Up-to-date: /home/wego/drive_ws/install/grid_map_msgs/share/grid_map_msgs/cmake/grid_map_msgs__rosidl_typesupport_introspection_cExport.cmake
[3.092s] -- Up-to-date: /home/wego/drive_ws/install/grid_map_msgs/share/grid_map_msgs/cmake/grid_map_msgs__rosidl_typesupport_introspection_cExport-release.cmake
[3.094s] -- Up-to-date: /home/wego/drive_ws/install/grid_map_msgs/share/grid_map_msgs/cmake/grid_map_msgs__rosidl_typesupport_cExport.cmake
[3.096s] -- Up-to-date: /home/wego/drive_ws/install/grid_map_msgs/share/grid_map_msgs/cmake/grid_map_msgs__rosidl_typesupport_cExport-release.cmake
[3.098s] -- Up-to-date: /home/wego/drive_ws/install/grid_map_msgs/share/grid_map_msgs/cmake/grid_map_msgs__rosidl_typesupport_introspection_cppExport.cmake
[3.100s] -- Up-to-date: /home/wego/drive_ws/install/grid_map_msgs/share/grid_map_msgs/cmake/grid_map_msgs__rosidl_typesupport_introspection_cppExport-release.cmake
[3.110s] -- Up-to-date: /home/wego/drive_ws/install/grid_map_msgs/share/grid_map_msgs/cmake/grid_map_msgs__rosidl_typesupport_cppExport.cmake
[3.117s] -- Up-to-date: /home/wego/drive_ws/install/grid_map_msgs/share/grid_map_msgs/cmake/grid_map_msgs__rosidl_typesupport_cppExport-release.cmake
[3.128s] -- Up-to-date: /home/wego/drive_ws/install/grid_map_msgs/share/grid_map_msgs/cmake/export_grid_map_msgs__rosidl_generator_pyExport.cmake
[3.128s] -- Up-to-date: /home/wego/drive_ws/install/grid_map_msgs/share/grid_map_msgs/cmake/export_grid_map_msgs__rosidl_generator_pyExport-release.cmake
[3.135s] Invoked command in '/home/wego/drive_ws/build/grid_map_msgs' returned '0': CMAKE_PREFIX_PATH=/home/wego/drive_ws/install/grid_map_cmake_helpers:/home/wego/drive_ws/install/remo_navigation:/home/wego/drive_ws/install/grid_map:/home/wego/drive_ws/install/grid_map_demos:/home/wego/drive_ws/install/grid_map_visualization:/home/wego/drive_ws/install/grid_map_sdf:/home/wego/drive_ws/install/grid_map_rviz_plugin:/home/wego/drive_ws/install/grid_map_pcl:/home/wego/drive_ws/install/grid_map_loader:/home/wego/drive_ws/install/grid_map_filters:/home/wego/drive_ws/install/grid_map_ros:/home/wego/drive_ws/install/grid_map_octomap:/home/wego/drive_ws/install/grid_map_msgs:/home/wego/drive_ws/install/grid_map_cv:/home/wego/drive_ws/install/grid_map_costmap_2d:/home/wego/drive_ws/install/grid_map_core:/home/wego/wego_ws/install/yolo_bringup:/home/wego/wego_ws/install/yolo_msgs:/home/wego/wego_ws/install/ydlidar_ros2_driver:/home/wego/wego_ws/install/wego_msgs:/home/wego/wego_ws/install/wego_2d_nav:/home/wego/wego_ws/install/wego:/home/wego/wego_ws/install/robot_localization:/home/wego/wego_ws/install/orbbec_description:/home/wego/wego_ws/install/orbbec_camera:/home/wego/wego_ws/install/orbbec_camera_msgs:/home/wego/wego_ws/install/nav2_bringup:/home/wego/wego_ws/install/navigation2:/home/wego/wego_ws/install/nav2_smoother:/home/wego/wego_ws/install/nav2_rotation_shim_controller:/home/wego/wego_ws/install/nav2_graceful_controller:/home/wego/wego_ws/install/nav2_dwb_controller:/home/wego/wego_ws/install/nav2_controller:/home/wego/wego_ws/install/dwb_plugins:/home/wego/wego_ws/install/dwb_critics:/home/wego/wego_ws/install/dwb_core:/home/wego/wego_ws/install/nav_2d_utils:/home/wego/wego_ws/install/dwb_msgs:/home/wego/wego_ws/install/nav_2d_msgs:/home/wego/wego_ws/install/nav2_waypoint_follower:/home/wego/wego_ws/install/nav2_theta_star_planner:/home/wego/wego_ws/install/nav2_smac_planner:/home/wego/wego_ws/install/nav2_route:/home/wego/wego_ws/install/nav2_regulated_pure_pursuit_controller:/home/wego/wego_ws/install/nav2_planner:/home/wego/wego_ws/install/nav2_navfn_planner:/home/wego/wego_ws/install/nav2_mppi_controller:/home/wego/wego_ws/install/nav2_constrained_smoother:/home/wego/wego_ws/install/nav2_bt_navigator:/home/wego/wego_ws/install/nav2_behaviors:/home/wego/wego_ws/install/nav2_core:/home/wego/wego_ws/install/nav2_collision_monitor:/home/wego/wego_ws/install/costmap_queue:/home/wego/wego_ws/install/nav2_costmap_2d:/home/wego/wego_ws/install/nav2_voxel_grid:/home/wego/wego_ws/install/nav2_velocity_smoother:/home/wego/wego_ws/install/nav2_rviz_plugins:/home/wego/wego_ws/install/nav2_map_server:/home/wego/wego_ws/install/nav2_lifecycle_manager:/home/wego/wego_ws/install/nav2_behavior_tree:/home/wego/wego_ws/install/nav2_amcl:/home/wego/wego_ws/install/nav2_util:/home/wego/wego_ws/install/nav2_msgs:/home/wego/wego_ws/install/nav2_common:/home/wego/wego_ws/install/limo_base:/home/wego/wego_ws/install/limo_msgs:/home/wego/wego_ws/install/limo_description:/home/wego/wego_ws/install/lift_ctr:/home/wego/wego_ws/install/dl_ros2_msgs:/home/wego/drive_ws/install/terrain_analysis:/home/wego/wego_ws/install/yolo_ros:/home/wego/wego_ws/install/limo_ros2_application:/home/wego/wego_ws/install/nav2_simple_commander:/home/wego/wego_ws/install/dl_ros2_application:/opt/ros/humble /usr/bin/cmake --install /home/wego/drive_ws/build/grid_map_msgs
