-- Found ament_cmake: 1.3.12 (/opt/ros/humble/share/ament_cmake/cmake)
-- Override CMake install command with custom implementation using symlinks instead of copying resources
-- Found grid_map_cmake_helpers: 2.4.0 (/home/wego/drive_ws/install/grid_map_cmake_helpers/share/grid_map_cmake_helpers/cmake)
-- Found grid_map_core: 2.4.0 (/home/wego/drive_ws/install/grid_map_core/share/grid_map_core/cmake)
-- Found grid_map_msgs: 2.4.0 (/home/wego/drive_ws/install/grid_map_msgs/share/grid_map_msgs/cmake)
-- Found rosidl_generator_c: 3.1.7 (/opt/ros/humble/share/rosidl_generator_c/cmake)
-- Found rosidl_adapter: 3.1.7 (/opt/ros/humble/share/rosidl_adapter/cmake)
-- Found rosidl_generator_cpp: 3.1.7 (/opt/ros/humble/share/rosidl_generator_cpp/cmake)
-- Using all available rosidl_typesupport_c: rosidl_typesupport_fastrtps_c;rosidl_typesupport_introspection_c
-- Using all available rosidl_typesupport_cpp: rosidl_typesupport_fastrtps_cpp;rosidl_typesupport_introspection_cpp
-- Found grid_map_ros: 2.4.0 (/home/wego/drive_ws/install/grid_map_ros/share/grid_map_ros/cmake)
-- Found rmw_implementation_cmake: 6.1.2 (/opt/ros/humble/share/rmw_implementation_cmake/cmake)
-- Found rmw_fastrtps_cpp: 6.2.9 (/opt/ros/humble/share/rmw_fastrtps_cpp/cmake)
-- Found TinyXML2 via Config file: TinyXML2_DIR-NOTFOUND
-- Found TinyXML2 via Config file: TinyXML2_DIR-NOTFOUND
-- Found TinyXML2 via Config file: TinyXML2_DIR-NOTFOUND
-- Found TinyXML2 via Config file: TinyXML2_DIR-NOTFOUND
-- Using RMW implementation 'rmw_fastrtps_cpp' as default
-- Found ament_lint_auto: 0.12.14 (/opt/ros/humble/share/ament_lint_auto/cmake)
-- Added test 'cppcheck' to perform static code analysis on C / C++ code
-- Configured cppcheck include dirs: /home/wego/drive_ws/src/grid_map/grid_map_visualization/include
-- Configured cppcheck exclude dirs and/or files: 
-- Added test 'lint_cmake' to check CMake code style
-- Added test 'uncrustify' to check C / C++ code style
-- Configured uncrustify additional arguments: 
-- Added test 'xmllint' to check XML markup files
-- Configuring done
-- Generating done
-- Build files have been written to: /home/wego/drive_ws/build/grid_map_visualization
[35m[1mConsolidate compiler generated dependencies of target grid_map_visualization_core[0m
[  7%] [32mBuilding CXX object CMakeFiles/grid_map_visualization_core.dir/src/GridMapVisualization.cpp.o[0m
[ 15%] [32mBuilding CXX object CMakeFiles/grid_map_visualization_core.dir/src/visualizations/OccupancyGridVisualization.cpp.o[0m
[ 23%] [32mBuilding CXX object CMakeFiles/grid_map_visualization_core.dir/src/visualizations/FlatPointCloudVisualization.cpp.o[0m
[ 30%] [32mBuilding CXX object CMakeFiles/grid_map_visualization_core.dir/src/visualizations/GridCellsVisualization.cpp.o[0m
[ 38%] [32mBuilding CXX object CMakeFiles/grid_map_visualization_core.dir/src/visualizations/PointCloudVisualization.cpp.o[0m
[ 46%] [32m[1mLinking CXX shared library libgrid_map_visualization_core.so[0m
[ 84%] Built target grid_map_visualization_core
[35m[1mConsolidate compiler generated dependencies of target grid_map_visualization[0m
[ 92%] [32m[1mLinking CXX executable grid_map_visualization[0m
[100%] Built target grid_map_visualization
-- Install configuration: "Release"
-- Execute custom install script
-- Up-to-date symlink: /home/wego/drive_ws/install/grid_map_visualization/lib/libgrid_map_visualization_core.so
-- Up-to-date symlink: /home/wego/drive_ws/install/grid_map_visualization/lib/grid_map_visualization/grid_map_visualization
-- Up-to-date symlink: /home/wego/drive_ws/install/grid_map_visualization/share/grid_map_visualization/doc/grid_cells.jpg
-- Up-to-date symlink: /home/wego/drive_ws/install/grid_map_visualization/share/grid_map_visualization/doc/grid_cells_preview.jpg
-- Up-to-date symlink: /home/wego/drive_ws/install/grid_map_visualization/share/grid_map_visualization/doc/occupancy_grid.jpg
-- Up-to-date symlink: /home/wego/drive_ws/install/grid_map_visualization/share/grid_map_visualization/doc/occupancy_grid_preview.jpg
-- Up-to-date symlink: /home/wego/drive_ws/install/grid_map_visualization/share/grid_map_visualization/doc/point_cloud.jpg
-- Up-to-date symlink: /home/wego/drive_ws/install/grid_map_visualization/share/grid_map_visualization/doc/point_cloud_preview.jpg
-- Up-to-date symlink: /home/wego/drive_ws/install/grid_map_visualization/share/grid_map_visualization/doc/vectors.jpg
-- Up-to-date symlink: /home/wego/drive_ws/install/grid_map_visualization/share/grid_map_visualization/doc/vectors_preview.jpg
-- Up-to-date symlink: /home/wego/drive_ws/install/grid_map_visualization/share/grid_map_visualization/environment/library_path.sh
-- Up-to-date symlink: /home/wego/drive_ws/install/grid_map_visualization/share/grid_map_visualization/environment/library_path.dsv
-- Up-to-date symlink: /home/wego/drive_ws/install/grid_map_visualization/share/ament_index/resource_index/package_run_dependencies/grid_map_visualization
-- Up-to-date symlink: /home/wego/drive_ws/install/grid_map_visualization/share/ament_index/resource_index/parent_prefix_path/grid_map_visualization
-- Up-to-date symlink: /home/wego/drive_ws/install/grid_map_visualization/share/grid_map_visualization/environment/ament_prefix_path.sh
-- Up-to-date symlink: /home/wego/drive_ws/install/grid_map_visualization/share/grid_map_visualization/environment/ament_prefix_path.dsv
-- Up-to-date symlink: /home/wego/drive_ws/install/grid_map_visualization/share/grid_map_visualization/environment/path.sh
-- Up-to-date symlink: /home/wego/drive_ws/install/grid_map_visualization/share/grid_map_visualization/environment/path.dsv
-- Up-to-date symlink: /home/wego/drive_ws/install/grid_map_visualization/share/grid_map_visualization/local_setup.bash
-- Up-to-date symlink: /home/wego/drive_ws/install/grid_map_visualization/share/grid_map_visualization/local_setup.sh
-- Up-to-date symlink: /home/wego/drive_ws/install/grid_map_visualization/share/grid_map_visualization/local_setup.zsh
-- Up-to-date symlink: /home/wego/drive_ws/install/grid_map_visualization/share/grid_map_visualization/local_setup.dsv
-- Symlinking: /home/wego/drive_ws/install/grid_map_visualization/share/grid_map_visualization/package.dsv
-- Up-to-date symlink: /home/wego/drive_ws/install/grid_map_visualization/share/ament_index/resource_index/packages/grid_map_visualization
-- Up-to-date symlink: /home/wego/drive_ws/install/grid_map_visualization/share/grid_map_visualization/cmake/ament_cmake_export_include_directories-extras.cmake
-- Up-to-date symlink: /home/wego/drive_ws/install/grid_map_visualization/share/grid_map_visualization/cmake/ament_cmake_export_libraries-extras.cmake
-- Up-to-date symlink: /home/wego/drive_ws/install/grid_map_visualization/share/grid_map_visualization/cmake/ament_cmake_export_dependencies-extras.cmake
-- Up-to-date symlink: /home/wego/drive_ws/install/grid_map_visualization/share/grid_map_visualization/cmake/grid_map_visualizationConfig.cmake
-- Up-to-date symlink: /home/wego/drive_ws/install/grid_map_visualization/share/grid_map_visualization/cmake/grid_map_visualizationConfig-version.cmake
-- Up-to-date symlink: /home/wego/drive_ws/install/grid_map_visualization/share/grid_map_visualization/package.xml
