[0.054s] Invoking command in '/home/wego/drive_ws/build/grid_map_msgs': CMAKE_PREFIX_PATH=/home/wego/drive_ws/install/grid_map_cmake_helpers:/home/wego/drive_ws/install/remo_navigation:/home/wego/drive_ws/install/grid_map:/home/wego/drive_ws/install/grid_map_demos:/home/wego/drive_ws/install/grid_map_visualization:/home/wego/drive_ws/install/grid_map_sdf:/home/wego/drive_ws/install/grid_map_rviz_plugin:/home/wego/drive_ws/install/grid_map_pcl:/home/wego/drive_ws/install/grid_map_loader:/home/wego/drive_ws/install/grid_map_filters:/home/wego/drive_ws/install/grid_map_ros:/home/wego/drive_ws/install/grid_map_octomap:/home/wego/drive_ws/install/grid_map_msgs:/home/wego/drive_ws/install/grid_map_cv:/home/wego/drive_ws/install/grid_map_costmap_2d:/home/wego/drive_ws/install/grid_map_core:/home/wego/wego_ws/install/yolo_bringup:/home/wego/wego_ws/install/yolo_msgs:/home/wego/wego_ws/install/ydlidar_ros2_driver:/home/wego/wego_ws/install/wego_msgs:/home/wego/wego_ws/install/wego_2d_nav:/home/wego/wego_ws/install/wego:/home/wego/wego_ws/install/robot_localization:/home/wego/wego_ws/install/orbbec_description:/home/wego/wego_ws/install/orbbec_camera:/home/wego/wego_ws/install/orbbec_camera_msgs:/home/wego/wego_ws/install/nav2_bringup:/home/wego/wego_ws/install/navigation2:/home/wego/wego_ws/install/nav2_smoother:/home/wego/wego_ws/install/nav2_rotation_shim_controller:/home/wego/wego_ws/install/nav2_graceful_controller:/home/wego/wego_ws/install/nav2_dwb_controller:/home/wego/wego_ws/install/nav2_controller:/home/wego/wego_ws/install/dwb_plugins:/home/wego/wego_ws/install/dwb_critics:/home/wego/wego_ws/install/dwb_core:/home/wego/wego_ws/install/nav_2d_utils:/home/wego/wego_ws/install/dwb_msgs:/home/wego/wego_ws/install/nav_2d_msgs:/home/wego/wego_ws/install/nav2_waypoint_follower:/home/wego/wego_ws/install/nav2_theta_star_planner:/home/wego/wego_ws/install/nav2_smac_planner:/home/wego/wego_ws/install/nav2_route:/home/wego/wego_ws/install/nav2_regulated_pure_pursuit_controller:/home/wego/wego_ws/install/nav2_planner:/home/wego/wego_ws/install/nav2_navfn_planner:/home/wego/wego_ws/install/nav2_mppi_controller:/home/wego/wego_ws/install/nav2_constrained_smoother:/home/wego/wego_ws/install/nav2_bt_navigator:/home/wego/wego_ws/install/nav2_behaviors:/home/wego/wego_ws/install/nav2_core:/home/wego/wego_ws/install/nav2_collision_monitor:/home/wego/wego_ws/install/costmap_queue:/home/wego/wego_ws/install/nav2_costmap_2d:/home/wego/wego_ws/install/nav2_voxel_grid:/home/wego/wego_ws/install/nav2_velocity_smoother:/home/wego/wego_ws/install/nav2_rviz_plugins:/home/wego/wego_ws/install/nav2_map_server:/home/wego/wego_ws/install/nav2_lifecycle_manager:/home/wego/wego_ws/install/nav2_behavior_tree:/home/wego/wego_ws/install/nav2_amcl:/home/wego/wego_ws/install/nav2_util:/home/wego/wego_ws/install/nav2_msgs:/home/wego/wego_ws/install/nav2_common:/home/wego/wego_ws/install/limo_base:/home/wego/wego_ws/install/limo_msgs:/home/wego/wego_ws/install/limo_description:/home/wego/wego_ws/install/lift_ctr:/home/wego/wego_ws/install/dl_ros2_msgs:/home/wego/drive_ws/install/terrain_analysis:/home/wego/wego_ws/install/yolo_ros:/home/wego/wego_ws/install/limo_ros2_application:/home/wego/wego_ws/install/nav2_simple_commander:/home/wego/wego_ws/install/dl_ros2_application:/opt/ros/humble /usr/bin/cmake --build /home/wego/drive_ws/build/grid_map_msgs -- -j6 -l6
[0.194s] [  1%] Built target grid_map_msgs__cpp
[0.270s] [  1%] Built target ament_cmake_python_symlink_grid_map_msgs
[0.329s] [ 12%] Built target grid_map_msgs__rosidl_typesupport_introspection_cpp
[1.032s] running egg_info
[1.104s] writing grid_map_msgs.egg-info/PKG-INFO
[1.107s] writing dependency_links to grid_map_msgs.egg-info/dependency_links.txt
[1.110s] writing top-level names to grid_map_msgs.egg-info/top_level.txt
[1.380s] reading manifest file 'grid_map_msgs.egg-info/SOURCES.txt'
[1.383s] writing manifest file 'grid_map_msgs.egg-info/SOURCES.txt'
[1.555s] [ 12%] Built target ament_cmake_python_build_grid_map_msgs_egg
[1.636s] [ 23%] Built target grid_map_msgs__rosidl_typesupport_fastrtps_cpp
[1.699s] [ 35%] Built target grid_map_msgs__rosidl_typesupport_cpp
[1.779s] [ 46%] Built target grid_map_msgs__rosidl_generator_c
[1.854s] [ 57%] Built target grid_map_msgs__rosidl_typesupport_fastrtps_c
[1.917s] [ 69%] Built target grid_map_msgs__rosidl_typesupport_c
[1.998s] [ 80%] Built target grid_map_msgs__rosidl_typesupport_introspection_c
[2.054s] [ 80%] Built target grid_map_msgs
[2.109s] [ 81%] Built target grid_map_msgs__py
[2.178s] [ 91%] Built target grid_map_msgs__rosidl_generator_py
[2.252s] [ 94%] Built target grid_map_msgs__rosidl_typesupport_fastrtps_c__pyext
[2.312s] [ 97%] Built target grid_map_msgs__rosidl_typesupport_c__pyext
[2.395s] [100%] Built target grid_map_msgs__rosidl_typesupport_introspection_c__pyext
[2.441s] Invoked command in '/home/wego/drive_ws/build/grid_map_msgs' returned '0': CMAKE_PREFIX_PATH=/home/wego/drive_ws/install/grid_map_cmake_helpers:/home/wego/drive_ws/install/remo_navigation:/home/wego/drive_ws/install/grid_map:/home/wego/drive_ws/install/grid_map_demos:/home/wego/drive_ws/install/grid_map_visualization:/home/wego/drive_ws/install/grid_map_sdf:/home/wego/drive_ws/install/grid_map_rviz_plugin:/home/wego/drive_ws/install/grid_map_pcl:/home/wego/drive_ws/install/grid_map_loader:/home/wego/drive_ws/install/grid_map_filters:/home/wego/drive_ws/install/grid_map_ros:/home/wego/drive_ws/install/grid_map_octomap:/home/wego/drive_ws/install/grid_map_msgs:/home/wego/drive_ws/install/grid_map_cv:/home/wego/drive_ws/install/grid_map_costmap_2d:/home/wego/drive_ws/install/grid_map_core:/home/wego/wego_ws/install/yolo_bringup:/home/wego/wego_ws/install/yolo_msgs:/home/wego/wego_ws/install/ydlidar_ros2_driver:/home/wego/wego_ws/install/wego_msgs:/home/wego/wego_ws/install/wego_2d_nav:/home/wego/wego_ws/install/wego:/home/wego/wego_ws/install/robot_localization:/home/wego/wego_ws/install/orbbec_description:/home/wego/wego_ws/install/orbbec_camera:/home/wego/wego_ws/install/orbbec_camera_msgs:/home/wego/wego_ws/install/nav2_bringup:/home/wego/wego_ws/install/navigation2:/home/wego/wego_ws/install/nav2_smoother:/home/wego/wego_ws/install/nav2_rotation_shim_controller:/home/wego/wego_ws/install/nav2_graceful_controller:/home/wego/wego_ws/install/nav2_dwb_controller:/home/wego/wego_ws/install/nav2_controller:/home/wego/wego_ws/install/dwb_plugins:/home/wego/wego_ws/install/dwb_critics:/home/wego/wego_ws/install/dwb_core:/home/wego/wego_ws/install/nav_2d_utils:/home/wego/wego_ws/install/dwb_msgs:/home/wego/wego_ws/install/nav_2d_msgs:/home/wego/wego_ws/install/nav2_waypoint_follower:/home/wego/wego_ws/install/nav2_theta_star_planner:/home/wego/wego_ws/install/nav2_smac_planner:/home/wego/wego_ws/install/nav2_route:/home/wego/wego_ws/install/nav2_regulated_pure_pursuit_controller:/home/wego/wego_ws/install/nav2_planner:/home/wego/wego_ws/install/nav2_navfn_planner:/home/wego/wego_ws/install/nav2_mppi_controller:/home/wego/wego_ws/install/nav2_constrained_smoother:/home/wego/wego_ws/install/nav2_bt_navigator:/home/wego/wego_ws/install/nav2_behaviors:/home/wego/wego_ws/install/nav2_core:/home/wego/wego_ws/install/nav2_collision_monitor:/home/wego/wego_ws/install/costmap_queue:/home/wego/wego_ws/install/nav2_costmap_2d:/home/wego/wego_ws/install/nav2_voxel_grid:/home/wego/wego_ws/install/nav2_velocity_smoother:/home/wego/wego_ws/install/nav2_rviz_plugins:/home/wego/wego_ws/install/nav2_map_server:/home/wego/wego_ws/install/nav2_lifecycle_manager:/home/wego/wego_ws/install/nav2_behavior_tree:/home/wego/wego_ws/install/nav2_amcl:/home/wego/wego_ws/install/nav2_util:/home/wego/wego_ws/install/nav2_msgs:/home/wego/wego_ws/install/nav2_common:/home/wego/wego_ws/install/limo_base:/home/wego/wego_ws/install/limo_msgs:/home/wego/wego_ws/install/limo_description:/home/wego/wego_ws/install/lift_ctr:/home/wego/wego_ws/install/dl_ros2_msgs:/home/wego/drive_ws/install/terrain_analysis:/home/wego/wego_ws/install/yolo_ros:/home/wego/wego_ws/install/limo_ros2_application:/home/wego/wego_ws/install/nav2_simple_commander:/home/wego/wego_ws/install/dl_ros2_application:/opt/ros/humble /usr/bin/cmake --build /home/wego/drive_ws/build/grid_map_msgs -- -j6 -l6
[2.443s] Invoking command in '/home/wego/drive_ws/build/grid_map_msgs': CMAKE_PREFIX_PATH=/home/wego/drive_ws/install/grid_map_cmake_helpers:/home/wego/drive_ws/install/remo_navigation:/home/wego/drive_ws/install/grid_map:/home/wego/drive_ws/install/grid_map_demos:/home/wego/drive_ws/install/grid_map_visualization:/home/wego/drive_ws/install/grid_map_sdf:/home/wego/drive_ws/install/grid_map_rviz_plugin:/home/wego/drive_ws/install/grid_map_pcl:/home/wego/drive_ws/install/grid_map_loader:/home/wego/drive_ws/install/grid_map_filters:/home/wego/drive_ws/install/grid_map_ros:/home/wego/drive_ws/install/grid_map_octomap:/home/wego/drive_ws/install/grid_map_msgs:/home/wego/drive_ws/install/grid_map_cv:/home/wego/drive_ws/install/grid_map_costmap_2d:/home/wego/drive_ws/install/grid_map_core:/home/wego/wego_ws/install/yolo_bringup:/home/wego/wego_ws/install/yolo_msgs:/home/wego/wego_ws/install/ydlidar_ros2_driver:/home/wego/wego_ws/install/wego_msgs:/home/wego/wego_ws/install/wego_2d_nav:/home/wego/wego_ws/install/wego:/home/wego/wego_ws/install/robot_localization:/home/wego/wego_ws/install/orbbec_description:/home/wego/wego_ws/install/orbbec_camera:/home/wego/wego_ws/install/orbbec_camera_msgs:/home/wego/wego_ws/install/nav2_bringup:/home/wego/wego_ws/install/navigation2:/home/wego/wego_ws/install/nav2_smoother:/home/wego/wego_ws/install/nav2_rotation_shim_controller:/home/wego/wego_ws/install/nav2_graceful_controller:/home/wego/wego_ws/install/nav2_dwb_controller:/home/wego/wego_ws/install/nav2_controller:/home/wego/wego_ws/install/dwb_plugins:/home/wego/wego_ws/install/dwb_critics:/home/wego/wego_ws/install/dwb_core:/home/wego/wego_ws/install/nav_2d_utils:/home/wego/wego_ws/install/dwb_msgs:/home/wego/wego_ws/install/nav_2d_msgs:/home/wego/wego_ws/install/nav2_waypoint_follower:/home/wego/wego_ws/install/nav2_theta_star_planner:/home/wego/wego_ws/install/nav2_smac_planner:/home/wego/wego_ws/install/nav2_route:/home/wego/wego_ws/install/nav2_regulated_pure_pursuit_controller:/home/wego/wego_ws/install/nav2_planner:/home/wego/wego_ws/install/nav2_navfn_planner:/home/wego/wego_ws/install/nav2_mppi_controller:/home/wego/wego_ws/install/nav2_constrained_smoother:/home/wego/wego_ws/install/nav2_bt_navigator:/home/wego/wego_ws/install/nav2_behaviors:/home/wego/wego_ws/install/nav2_core:/home/wego/wego_ws/install/nav2_collision_monitor:/home/wego/wego_ws/install/costmap_queue:/home/wego/wego_ws/install/nav2_costmap_2d:/home/wego/wego_ws/install/nav2_voxel_grid:/home/wego/wego_ws/install/nav2_velocity_smoother:/home/wego/wego_ws/install/nav2_rviz_plugins:/home/wego/wego_ws/install/nav2_map_server:/home/wego/wego_ws/install/nav2_lifecycle_manager:/home/wego/wego_ws/install/nav2_behavior_tree:/home/wego/wego_ws/install/nav2_amcl:/home/wego/wego_ws/install/nav2_util:/home/wego/wego_ws/install/nav2_msgs:/home/wego/wego_ws/install/nav2_common:/home/wego/wego_ws/install/limo_base:/home/wego/wego_ws/install/limo_msgs:/home/wego/wego_ws/install/limo_description:/home/wego/wego_ws/install/lift_ctr:/home/wego/wego_ws/install/dl_ros2_msgs:/home/wego/drive_ws/install/terrain_analysis:/home/wego/wego_ws/install/yolo_ros:/home/wego/wego_ws/install/limo_ros2_application:/home/wego/wego_ws/install/nav2_simple_commander:/home/wego/wego_ws/install/dl_ros2_application:/opt/ros/humble /usr/bin/cmake --install /home/wego/drive_ws/build/grid_map_msgs
[2.466s] -- Install configuration: "Release"
[2.470s] -- Execute custom install script
[2.472s] -- Up-to-date symlink: /home/wego/drive_ws/install/grid_map_msgs/share/ament_index/resource_index/rosidl_interfaces/grid_map_msgs
[2.474s] -- Up-to-date symlink: /home/wego/drive_ws/install/grid_map_msgs/include/grid_map_msgs/grid_map_msgs/msg/detail/grid_map__functions.h
[2.474s] -- Up-to-date symlink: /home/wego/drive_ws/install/grid_map_msgs/include/grid_map_msgs/grid_map_msgs/msg/detail/grid_map__struct.h
[2.475s] -- Up-to-date symlink: /home/wego/drive_ws/install/grid_map_msgs/include/grid_map_msgs/grid_map_msgs/msg/detail/grid_map__type_support.h
[2.476s] -- Up-to-date symlink: /home/wego/drive_ws/install/grid_map_msgs/include/grid_map_msgs/grid_map_msgs/msg/detail/grid_map_info__functions.h
[2.477s] -- Up-to-date symlink: /home/wego/drive_ws/install/grid_map_msgs/include/grid_map_msgs/grid_map_msgs/msg/detail/grid_map_info__struct.h
[2.477s] -- Up-to-date symlink: /home/wego/drive_ws/install/grid_map_msgs/include/grid_map_msgs/grid_map_msgs/msg/detail/grid_map_info__type_support.h
[2.478s] -- Up-to-date symlink: /home/wego/drive_ws/install/grid_map_msgs/include/grid_map_msgs/grid_map_msgs/msg/grid_map.h
[2.479s] -- Up-to-date symlink: /home/wego/drive_ws/install/grid_map_msgs/include/grid_map_msgs/grid_map_msgs/msg/grid_map_info.h
[2.480s] -- Up-to-date symlink: /home/wego/drive_ws/install/grid_map_msgs/include/grid_map_msgs/grid_map_msgs/msg/rosidl_generator_c__visibility_control.h
[2.480s] -- Up-to-date symlink: /home/wego/drive_ws/install/grid_map_msgs/include/grid_map_msgs/grid_map_msgs/srv/detail/get_grid_map__functions.h
[2.481s] -- Up-to-date symlink: /home/wego/drive_ws/install/grid_map_msgs/include/grid_map_msgs/grid_map_msgs/srv/detail/get_grid_map__struct.h
[2.482s] -- Up-to-date symlink: /home/wego/drive_ws/install/grid_map_msgs/include/grid_map_msgs/grid_map_msgs/srv/detail/get_grid_map__type_support.h
[2.482s] -- Up-to-date symlink: /home/wego/drive_ws/install/grid_map_msgs/include/grid_map_msgs/grid_map_msgs/srv/detail/get_grid_map_info__functions.h
[2.483s] -- Up-to-date symlink: /home/wego/drive_ws/install/grid_map_msgs/include/grid_map_msgs/grid_map_msgs/srv/detail/get_grid_map_info__struct.h
[2.484s] -- Up-to-date symlink: /home/wego/drive_ws/install/grid_map_msgs/include/grid_map_msgs/grid_map_msgs/srv/detail/get_grid_map_info__type_support.h
[2.484s] -- Up-to-date symlink: /home/wego/drive_ws/install/grid_map_msgs/include/grid_map_msgs/grid_map_msgs/srv/detail/process_file__functions.h
[2.485s] -- Up-to-date symlink: /home/wego/drive_ws/install/grid_map_msgs/include/grid_map_msgs/grid_map_msgs/srv/detail/process_file__struct.h
[2.486s] -- Up-to-date symlink: /home/wego/drive_ws/install/grid_map_msgs/include/grid_map_msgs/grid_map_msgs/srv/detail/process_file__type_support.h
[2.487s] -- Up-to-date symlink: /home/wego/drive_ws/install/grid_map_msgs/include/grid_map_msgs/grid_map_msgs/srv/detail/set_grid_map__functions.h
[2.488s] -- Up-to-date symlink: /home/wego/drive_ws/install/grid_map_msgs/include/grid_map_msgs/grid_map_msgs/srv/detail/set_grid_map__struct.h
[2.488s] -- Up-to-date symlink: /home/wego/drive_ws/install/grid_map_msgs/include/grid_map_msgs/grid_map_msgs/srv/detail/set_grid_map__type_support.h
[2.489s] -- Up-to-date symlink: /home/wego/drive_ws/install/grid_map_msgs/include/grid_map_msgs/grid_map_msgs/srv/get_grid_map.h
[2.490s] -- Up-to-date symlink: /home/wego/drive_ws/install/grid_map_msgs/include/grid_map_msgs/grid_map_msgs/srv/get_grid_map_info.h
[2.490s] -- Up-to-date symlink: /home/wego/drive_ws/install/grid_map_msgs/include/grid_map_msgs/grid_map_msgs/srv/process_file.h
[2.491s] -- Up-to-date symlink: /home/wego/drive_ws/install/grid_map_msgs/include/grid_map_msgs/grid_map_msgs/srv/set_grid_map.h
[2.492s] -- Up-to-date symlink: /home/wego/drive_ws/install/grid_map_msgs/share/grid_map_msgs/environment/library_path.sh
[2.493s] -- Up-to-date symlink: /home/wego/drive_ws/install/grid_map_msgs/share/grid_map_msgs/environment/library_path.dsv
[2.495s] -- Up-to-date symlink: /home/wego/drive_ws/install/grid_map_msgs/include/grid_map_msgs/grid_map_msgs/msg/detail/grid_map__rosidl_typesupport_fastrtps_c.h
[2.496s] -- Up-to-date symlink: /home/wego/drive_ws/install/grid_map_msgs/include/grid_map_msgs/grid_map_msgs/msg/detail/grid_map_info__rosidl_typesupport_fastrtps_c.h
[2.497s] -- Up-to-date symlink: /home/wego/drive_ws/install/grid_map_msgs/include/grid_map_msgs/grid_map_msgs/msg/rosidl_typesupport_fastrtps_c__visibility_control.h
[2.498s] -- Up-to-date symlink: /home/wego/drive_ws/install/grid_map_msgs/include/grid_map_msgs/grid_map_msgs/srv/detail/get_grid_map__rosidl_typesupport_fastrtps_c.h
[2.499s] -- Up-to-date symlink: /home/wego/drive_ws/install/grid_map_msgs/include/grid_map_msgs/grid_map_msgs/srv/detail/get_grid_map_info__rosidl_typesupport_fastrtps_c.h
[2.500s] -- Up-to-date symlink: /home/wego/drive_ws/install/grid_map_msgs/include/grid_map_msgs/grid_map_msgs/srv/detail/process_file__rosidl_typesupport_fastrtps_c.h
[2.501s] -- Up-to-date symlink: /home/wego/drive_ws/install/grid_map_msgs/include/grid_map_msgs/grid_map_msgs/srv/detail/set_grid_map__rosidl_typesupport_fastrtps_c.h
[2.503s] -- Up-to-date symlink: /home/wego/drive_ws/install/grid_map_msgs/include/grid_map_msgs/grid_map_msgs/msg/detail/grid_map__builder.hpp
[2.504s] -- Up-to-date symlink: /home/wego/drive_ws/install/grid_map_msgs/include/grid_map_msgs/grid_map_msgs/msg/detail/grid_map__struct.hpp
[2.505s] -- Up-to-date symlink: /home/wego/drive_ws/install/grid_map_msgs/include/grid_map_msgs/grid_map_msgs/msg/detail/grid_map__traits.hpp
[2.506s] -- Up-to-date symlink: /home/wego/drive_ws/install/grid_map_msgs/include/grid_map_msgs/grid_map_msgs/msg/detail/grid_map__type_support.hpp
[2.506s] -- Up-to-date symlink: /home/wego/drive_ws/install/grid_map_msgs/include/grid_map_msgs/grid_map_msgs/msg/detail/grid_map_info__builder.hpp
[2.507s] -- Up-to-date symlink: /home/wego/drive_ws/install/grid_map_msgs/include/grid_map_msgs/grid_map_msgs/msg/detail/grid_map_info__struct.hpp
[2.508s] -- Up-to-date symlink: /home/wego/drive_ws/install/grid_map_msgs/include/grid_map_msgs/grid_map_msgs/msg/detail/grid_map_info__traits.hpp
[2.509s] -- Up-to-date symlink: /home/wego/drive_ws/install/grid_map_msgs/include/grid_map_msgs/grid_map_msgs/msg/detail/grid_map_info__type_support.hpp
[2.509s] -- Up-to-date symlink: /home/wego/drive_ws/install/grid_map_msgs/include/grid_map_msgs/grid_map_msgs/msg/grid_map.hpp
[2.510s] -- Up-to-date symlink: /home/wego/drive_ws/install/grid_map_msgs/include/grid_map_msgs/grid_map_msgs/msg/grid_map_info.hpp
[2.511s] -- Up-to-date symlink: /home/wego/drive_ws/install/grid_map_msgs/include/grid_map_msgs/grid_map_msgs/msg/rosidl_generator_cpp__visibility_control.hpp
[2.513s] -- Up-to-date symlink: /home/wego/drive_ws/install/grid_map_msgs/include/grid_map_msgs/grid_map_msgs/srv/detail/get_grid_map__builder.hpp
[2.514s] -- Up-to-date symlink: /home/wego/drive_ws/install/grid_map_msgs/include/grid_map_msgs/grid_map_msgs/srv/detail/get_grid_map__struct.hpp
[2.514s] -- Up-to-date symlink: /home/wego/drive_ws/install/grid_map_msgs/include/grid_map_msgs/grid_map_msgs/srv/detail/get_grid_map__traits.hpp
[2.515s] -- Up-to-date symlink: /home/wego/drive_ws/install/grid_map_msgs/include/grid_map_msgs/grid_map_msgs/srv/detail/get_grid_map__type_support.hpp
[2.516s] -- Up-to-date symlink: /home/wego/drive_ws/install/grid_map_msgs/include/grid_map_msgs/grid_map_msgs/srv/detail/get_grid_map_info__builder.hpp
[2.516s] -- Up-to-date symlink: /home/wego/drive_ws/install/grid_map_msgs/include/grid_map_msgs/grid_map_msgs/srv/detail/get_grid_map_info__struct.hpp
[2.517s] -- Up-to-date symlink: /home/wego/drive_ws/install/grid_map_msgs/include/grid_map_msgs/grid_map_msgs/srv/detail/get_grid_map_info__traits.hpp
[2.518s] -- Up-to-date symlink: /home/wego/drive_ws/install/grid_map_msgs/include/grid_map_msgs/grid_map_msgs/srv/detail/get_grid_map_info__type_support.hpp
[2.518s] -- Up-to-date symlink: /home/wego/drive_ws/install/grid_map_msgs/include/grid_map_msgs/grid_map_msgs/srv/detail/process_file__builder.hpp
[2.519s] -- Up-to-date symlink: /home/wego/drive_ws/install/grid_map_msgs/include/grid_map_msgs/grid_map_msgs/srv/detail/process_file__struct.hpp
[2.520s] -- Up-to-date symlink: /home/wego/drive_ws/install/grid_map_msgs/include/grid_map_msgs/grid_map_msgs/srv/detail/process_file__traits.hpp
[2.521s] -- Up-to-date symlink: /home/wego/drive_ws/install/grid_map_msgs/include/grid_map_msgs/grid_map_msgs/srv/detail/process_file__type_support.hpp
[2.521s] -- Up-to-date symlink: /home/wego/drive_ws/install/grid_map_msgs/include/grid_map_msgs/grid_map_msgs/srv/detail/set_grid_map__builder.hpp
[2.521s] -- Up-to-date symlink: /home/wego/drive_ws/install/grid_map_msgs/include/grid_map_msgs/grid_map_msgs/srv/detail/set_grid_map__struct.hpp
[2.521s] -- Up-to-date symlink: /home/wego/drive_ws/install/grid_map_msgs/include/grid_map_msgs/grid_map_msgs/srv/detail/set_grid_map__traits.hpp
[2.522s] -- Up-to-date symlink: /home/wego/drive_ws/install/grid_map_msgs/include/grid_map_msgs/grid_map_msgs/srv/detail/set_grid_map__type_support.hpp
[2.522s] -- Up-to-date symlink: /home/wego/drive_ws/install/grid_map_msgs/include/grid_map_msgs/grid_map_msgs/srv/get_grid_map.hpp
[2.522s] -- Up-to-date symlink: /home/wego/drive_ws/install/grid_map_msgs/include/grid_map_msgs/grid_map_msgs/srv/get_grid_map_info.hpp
[2.523s] -- Up-to-date symlink: /home/wego/drive_ws/install/grid_map_msgs/include/grid_map_msgs/grid_map_msgs/srv/process_file.hpp
[2.523s] -- Up-to-date symlink: /home/wego/drive_ws/install/grid_map_msgs/include/grid_map_msgs/grid_map_msgs/srv/set_grid_map.hpp
[2.524s] -- Up-to-date symlink: /home/wego/drive_ws/install/grid_map_msgs/include/grid_map_msgs/grid_map_msgs/msg/detail/grid_map__rosidl_typesupport_fastrtps_cpp.hpp
[2.524s] -- Up-to-date symlink: /home/wego/drive_ws/install/grid_map_msgs/include/grid_map_msgs/grid_map_msgs/msg/detail/grid_map_info__rosidl_typesupport_fastrtps_cpp.hpp
[2.524s] -- Up-to-date symlink: /home/wego/drive_ws/install/grid_map_msgs/include/grid_map_msgs/grid_map_msgs/msg/rosidl_typesupport_fastrtps_cpp__visibility_control.h
[2.525s] -- Up-to-date symlink: /home/wego/drive_ws/install/grid_map_msgs/include/grid_map_msgs/grid_map_msgs/srv/detail/get_grid_map__rosidl_typesupport_fastrtps_cpp.hpp
[2.525s] -- Up-to-date symlink: /home/wego/drive_ws/install/grid_map_msgs/include/grid_map_msgs/grid_map_msgs/srv/detail/get_grid_map_info__rosidl_typesupport_fastrtps_cpp.hpp
[2.525s] -- Up-to-date symlink: /home/wego/drive_ws/install/grid_map_msgs/include/grid_map_msgs/grid_map_msgs/srv/detail/process_file__rosidl_typesupport_fastrtps_cpp.hpp
[2.525s] -- Up-to-date symlink: /home/wego/drive_ws/install/grid_map_msgs/include/grid_map_msgs/grid_map_msgs/srv/detail/set_grid_map__rosidl_typesupport_fastrtps_cpp.hpp
[2.527s] -- Up-to-date symlink: /home/wego/drive_ws/install/grid_map_msgs/include/grid_map_msgs/grid_map_msgs/msg/detail/grid_map__rosidl_typesupport_introspection_c.h
[2.527s] -- Up-to-date symlink: /home/wego/drive_ws/install/grid_map_msgs/include/grid_map_msgs/grid_map_msgs/msg/detail/grid_map_info__rosidl_typesupport_introspection_c.h
[2.527s] -- Up-to-date symlink: /home/wego/drive_ws/install/grid_map_msgs/include/grid_map_msgs/grid_map_msgs/msg/rosidl_typesupport_introspection_c__visibility_control.h
[2.527s] -- Up-to-date symlink: /home/wego/drive_ws/install/grid_map_msgs/include/grid_map_msgs/grid_map_msgs/srv/detail/get_grid_map__rosidl_typesupport_introspection_c.h
[2.528s] -- Up-to-date symlink: /home/wego/drive_ws/install/grid_map_msgs/include/grid_map_msgs/grid_map_msgs/srv/detail/get_grid_map_info__rosidl_typesupport_introspection_c.h
[2.528s] -- Up-to-date symlink: /home/wego/drive_ws/install/grid_map_msgs/include/grid_map_msgs/grid_map_msgs/srv/detail/process_file__rosidl_typesupport_introspection_c.h
[2.528s] -- Up-to-date symlink: /home/wego/drive_ws/install/grid_map_msgs/include/grid_map_msgs/grid_map_msgs/srv/detail/set_grid_map__rosidl_typesupport_introspection_c.h
[2.529s] -- Up-to-date symlink: /home/wego/drive_ws/install/grid_map_msgs/include/grid_map_msgs/grid_map_msgs/msg/detail/grid_map__rosidl_typesupport_introspection_cpp.hpp
[2.530s] -- Up-to-date symlink: /home/wego/drive_ws/install/grid_map_msgs/include/grid_map_msgs/grid_map_msgs/msg/detail/grid_map_info__rosidl_typesupport_introspection_cpp.hpp
[2.530s] -- Up-to-date symlink: /home/wego/drive_ws/install/grid_map_msgs/include/grid_map_msgs/grid_map_msgs/srv/detail/get_grid_map__rosidl_typesupport_introspection_cpp.hpp
[2.530s] -- Up-to-date symlink: /home/wego/drive_ws/install/grid_map_msgs/include/grid_map_msgs/grid_map_msgs/srv/detail/get_grid_map_info__rosidl_typesupport_introspection_cpp.hpp
[2.530s] -- Up-to-date symlink: /home/wego/drive_ws/install/grid_map_msgs/include/grid_map_msgs/grid_map_msgs/srv/detail/process_file__rosidl_typesupport_introspection_cpp.hpp
[2.531s] -- Up-to-date symlink: /home/wego/drive_ws/install/grid_map_msgs/include/grid_map_msgs/grid_map_msgs/srv/detail/set_grid_map__rosidl_typesupport_introspection_cpp.hpp
[2.531s] -- Up-to-date symlink: /home/wego/drive_ws/install/grid_map_msgs/share/grid_map_msgs/environment/pythonpath.sh
[2.531s] -- Up-to-date symlink: /home/wego/drive_ws/install/grid_map_msgs/share/grid_map_msgs/environment/pythonpath.dsv
[2.532s] -- Up-to-date symlink: /home/wego/drive_ws/install/grid_map_msgs/local/lib/python3.10/dist-packages/grid_map_msgs-2.4.0-py3.10.egg-info/PKG-INFO
[2.532s] -- Up-to-date symlink: /home/wego/drive_ws/install/grid_map_msgs/local/lib/python3.10/dist-packages/grid_map_msgs-2.4.0-py3.10.egg-info/SOURCES.txt
[2.533s] -- Up-to-date symlink: /home/wego/drive_ws/install/grid_map_msgs/local/lib/python3.10/dist-packages/grid_map_msgs-2.4.0-py3.10.egg-info/dependency_links.txt
[2.533s] -- Up-to-date symlink: /home/wego/drive_ws/install/grid_map_msgs/local/lib/python3.10/dist-packages/grid_map_msgs-2.4.0-py3.10.egg-info/top_level.txt
[2.535s] -- Up-to-date symlink: /home/wego/drive_ws/install/grid_map_msgs/local/lib/python3.10/dist-packages/grid_map_msgs/__init__.py
[2.536s] -- Up-to-date symlink: /home/wego/drive_ws/install/grid_map_msgs/local/lib/python3.10/dist-packages/grid_map_msgs/_grid_map_msgs_s.ep.rosidl_typesupport_c.c
[2.536s] -- Up-to-date symlink: /home/wego/drive_ws/install/grid_map_msgs/local/lib/python3.10/dist-packages/grid_map_msgs/_grid_map_msgs_s.ep.rosidl_typesupport_fastrtps_c.c
[2.537s] -- Up-to-date symlink: /home/wego/drive_ws/install/grid_map_msgs/local/lib/python3.10/dist-packages/grid_map_msgs/_grid_map_msgs_s.ep.rosidl_typesupport_introspection_c.c
[2.537s] -- Up-to-date symlink: /home/wego/drive_ws/install/grid_map_msgs/local/lib/python3.10/dist-packages/grid_map_msgs/grid_map_msgs_s__rosidl_typesupport_c.cpython-310-aarch64-linux-gnu.so
[2.537s] -- Up-to-date symlink: /home/wego/drive_ws/install/grid_map_msgs/local/lib/python3.10/dist-packages/grid_map_msgs/grid_map_msgs_s__rosidl_typesupport_fastrtps_c.cpython-310-aarch64-linux-gnu.so
[2.537s] -- Up-to-date symlink: /home/wego/drive_ws/install/grid_map_msgs/local/lib/python3.10/dist-packages/grid_map_msgs/grid_map_msgs_s__rosidl_typesupport_introspection_c.cpython-310-aarch64-linux-gnu.so
[2.537s] -- Up-to-date symlink: /home/wego/drive_ws/install/grid_map_msgs/local/lib/python3.10/dist-packages/grid_map_msgs/libgrid_map_msgs__rosidl_generator_py.so
[2.538s] -- Up-to-date symlink: /home/wego/drive_ws/install/grid_map_msgs/local/lib/python3.10/dist-packages/grid_map_msgs/msg/__init__.py
[2.538s] -- Up-to-date symlink: /home/wego/drive_ws/install/grid_map_msgs/local/lib/python3.10/dist-packages/grid_map_msgs/msg/_grid_map.py
[2.538s] -- Up-to-date symlink: /home/wego/drive_ws/install/grid_map_msgs/local/lib/python3.10/dist-packages/grid_map_msgs/msg/_grid_map_info.py
[2.538s] -- Up-to-date symlink: /home/wego/drive_ws/install/grid_map_msgs/local/lib/python3.10/dist-packages/grid_map_msgs/msg/_grid_map_info_s.c
[2.539s] -- Up-to-date symlink: /home/wego/drive_ws/install/grid_map_msgs/local/lib/python3.10/dist-packages/grid_map_msgs/msg/_grid_map_s.c
[2.539s] -- Up-to-date symlink: /home/wego/drive_ws/install/grid_map_msgs/local/lib/python3.10/dist-packages/grid_map_msgs/srv/__init__.py
[2.540s] -- Up-to-date symlink: /home/wego/drive_ws/install/grid_map_msgs/local/lib/python3.10/dist-packages/grid_map_msgs/srv/_get_grid_map.py
[2.540s] -- Up-to-date symlink: /home/wego/drive_ws/install/grid_map_msgs/local/lib/python3.10/dist-packages/grid_map_msgs/srv/_get_grid_map_info.py
[2.542s] -- Up-to-date symlink: /home/wego/drive_ws/install/grid_map_msgs/local/lib/python3.10/dist-packages/grid_map_msgs/srv/_get_grid_map_info_s.c
[2.543s] -- Up-to-date symlink: /home/wego/drive_ws/install/grid_map_msgs/local/lib/python3.10/dist-packages/grid_map_msgs/srv/_get_grid_map_s.c
[2.543s] -- Up-to-date symlink: /home/wego/drive_ws/install/grid_map_msgs/local/lib/python3.10/dist-packages/grid_map_msgs/srv/_process_file.py
[2.543s] -- Up-to-date symlink: /home/wego/drive_ws/install/grid_map_msgs/local/lib/python3.10/dist-packages/grid_map_msgs/srv/_process_file_s.c
[2.544s] -- Up-to-date symlink: /home/wego/drive_ws/install/grid_map_msgs/local/lib/python3.10/dist-packages/grid_map_msgs/srv/_set_grid_map.py
[2.544s] -- Up-to-date symlink: /home/wego/drive_ws/install/grid_map_msgs/local/lib/python3.10/dist-packages/grid_map_msgs/srv/_set_grid_map_s.c
[2.544s] -- Up-to-date symlink: /home/wego/drive_ws/install/grid_map_msgs/local/lib/python3.10/dist-packages/grid_map_msgs/grid_map_msgs_s__rosidl_typesupport_fastrtps_c.cpython-310-aarch64-linux-gnu.so
[2.544s] -- Up-to-date symlink: /home/wego/drive_ws/install/grid_map_msgs/local/lib/python3.10/dist-packages/grid_map_msgs/grid_map_msgs_s__rosidl_typesupport_introspection_c.cpython-310-aarch64-linux-gnu.so
[2.545s] -- Up-to-date symlink: /home/wego/drive_ws/install/grid_map_msgs/local/lib/python3.10/dist-packages/grid_map_msgs/grid_map_msgs_s__rosidl_typesupport_c.cpython-310-aarch64-linux-gnu.so
[2.545s] -- Up-to-date symlink: /home/wego/drive_ws/install/grid_map_msgs/share/grid_map_msgs/msg/GridMapInfo.idl
[2.545s] -- Up-to-date symlink: /home/wego/drive_ws/install/grid_map_msgs/share/grid_map_msgs/msg/GridMap.idl
[2.546s] -- Up-to-date symlink: /home/wego/drive_ws/install/grid_map_msgs/share/grid_map_msgs/srv/SetGridMap.idl
[2.546s] -- Up-to-date symlink: /home/wego/drive_ws/install/grid_map_msgs/share/grid_map_msgs/srv/GetGridMap.idl
[2.546s] -- Up-to-date symlink: /home/wego/drive_ws/install/grid_map_msgs/share/grid_map_msgs/srv/GetGridMapInfo.idl
[2.547s] -- Up-to-date symlink: /home/wego/drive_ws/install/grid_map_msgs/share/grid_map_msgs/srv/ProcessFile.idl
[2.547s] -- Up-to-date symlink: /home/wego/drive_ws/install/grid_map_msgs/share/grid_map_msgs/msg/GridMapInfo.msg
[2.547s] -- Up-to-date symlink: /home/wego/drive_ws/install/grid_map_msgs/share/grid_map_msgs/msg/GridMap.msg
[2.548s] -- Up-to-date symlink: /home/wego/drive_ws/install/grid_map_msgs/share/grid_map_msgs/srv/SetGridMap.srv
[2.548s] -- Up-to-date symlink: /home/wego/drive_ws/install/grid_map_msgs/share/grid_map_msgs/srv/SetGridMap_Request.msg
[2.548s] -- Up-to-date symlink: /home/wego/drive_ws/install/grid_map_msgs/share/grid_map_msgs/srv/SetGridMap_Response.msg
[2.549s] -- Up-to-date symlink: /home/wego/drive_ws/install/grid_map_msgs/share/grid_map_msgs/srv/GetGridMap.srv
[2.549s] -- Up-to-date symlink: /home/wego/drive_ws/install/grid_map_msgs/share/grid_map_msgs/srv/GetGridMap_Request.msg
[2.550s] -- Up-to-date symlink: /home/wego/drive_ws/install/grid_map_msgs/share/grid_map_msgs/srv/GetGridMap_Response.msg
[2.550s] -- Up-to-date symlink: /home/wego/drive_ws/install/grid_map_msgs/share/grid_map_msgs/srv/GetGridMapInfo.srv
[2.551s] -- Up-to-date symlink: /home/wego/drive_ws/install/grid_map_msgs/share/grid_map_msgs/srv/GetGridMapInfo_Request.msg
[2.551s] -- Up-to-date symlink: /home/wego/drive_ws/install/grid_map_msgs/share/grid_map_msgs/srv/GetGridMapInfo_Response.msg
[2.552s] -- Up-to-date symlink: /home/wego/drive_ws/install/grid_map_msgs/share/grid_map_msgs/srv/ProcessFile.srv
[2.552s] -- Up-to-date symlink: /home/wego/drive_ws/install/grid_map_msgs/share/grid_map_msgs/srv/ProcessFile_Request.msg
[2.554s] -- Up-to-date symlink: /home/wego/drive_ws/install/grid_map_msgs/share/grid_map_msgs/srv/ProcessFile_Response.msg
[2.555s] -- Up-to-date symlink: /home/wego/drive_ws/install/grid_map_msgs/share/ament_index/resource_index/package_run_dependencies/grid_map_msgs
[2.555s] -- Up-to-date symlink: /home/wego/drive_ws/install/grid_map_msgs/share/ament_index/resource_index/parent_prefix_path/grid_map_msgs
[2.555s] -- Up-to-date symlink: /home/wego/drive_ws/install/grid_map_msgs/share/grid_map_msgs/environment/ament_prefix_path.sh
[2.555s] -- Up-to-date symlink: /home/wego/drive_ws/install/grid_map_msgs/share/grid_map_msgs/environment/ament_prefix_path.dsv
[2.555s] -- Up-to-date symlink: /home/wego/drive_ws/install/grid_map_msgs/share/grid_map_msgs/environment/path.sh
[2.555s] -- Up-to-date symlink: /home/wego/drive_ws/install/grid_map_msgs/share/grid_map_msgs/environment/path.dsv
[2.557s] -- Up-to-date symlink: /home/wego/drive_ws/install/grid_map_msgs/share/grid_map_msgs/local_setup.bash
[2.557s] -- Up-to-date symlink: /home/wego/drive_ws/install/grid_map_msgs/share/grid_map_msgs/local_setup.sh
[2.557s] -- Up-to-date symlink: /home/wego/drive_ws/install/grid_map_msgs/share/grid_map_msgs/local_setup.zsh
[2.557s] -- Up-to-date symlink: /home/wego/drive_ws/install/grid_map_msgs/share/grid_map_msgs/local_setup.dsv
[2.558s] -- Symlinking: /home/wego/drive_ws/install/grid_map_msgs/share/grid_map_msgs/package.dsv
[2.580s] -- Up-to-date symlink: /home/wego/drive_ws/install/grid_map_msgs/share/ament_index/resource_index/packages/grid_map_msgs
[2.580s] -- Up-to-date symlink: /home/wego/drive_ws/install/grid_map_msgs/share/grid_map_msgs/cmake/rosidl_cmake-extras.cmake
[2.580s] -- Up-to-date symlink: /home/wego/drive_ws/install/grid_map_msgs/share/grid_map_msgs/cmake/ament_cmake_export_dependencies-extras.cmake
[2.581s] -- Up-to-date symlink: /home/wego/drive_ws/install/grid_map_msgs/share/grid_map_msgs/cmake/ament_cmake_export_include_directories-extras.cmake
[2.581s] -- Up-to-date symlink: /home/wego/drive_ws/install/grid_map_msgs/share/grid_map_msgs/cmake/ament_cmake_export_libraries-extras.cmake
[2.581s] -- Up-to-date symlink: /home/wego/drive_ws/install/grid_map_msgs/share/grid_map_msgs/cmake/ament_cmake_export_targets-extras.cmake
[2.581s] -- Up-to-date symlink: /home/wego/drive_ws/install/grid_map_msgs/share/grid_map_msgs/cmake/rosidl_cmake_export_typesupport_targets-extras.cmake
[2.581s] -- Up-to-date symlink: /home/wego/drive_ws/install/grid_map_msgs/share/grid_map_msgs/cmake/rosidl_cmake_export_typesupport_libraries-extras.cmake
[2.582s] -- Up-to-date symlink: /home/wego/drive_ws/install/grid_map_msgs/share/grid_map_msgs/cmake/grid_map_msgsConfig.cmake
[2.582s] -- Up-to-date symlink: /home/wego/drive_ws/install/grid_map_msgs/share/grid_map_msgs/cmake/grid_map_msgsConfig-version.cmake
[2.582s] -- Up-to-date symlink: /home/wego/drive_ws/install/grid_map_msgs/share/grid_map_msgs/package.xml
[2.583s] -- Up-to-date: /home/wego/drive_ws/install/grid_map_msgs/lib/libgrid_map_msgs__rosidl_generator_c.so
[2.584s] -- Up-to-date: /home/wego/drive_ws/install/grid_map_msgs/lib/libgrid_map_msgs__rosidl_typesupport_fastrtps_c.so
[2.584s] -- Up-to-date: /home/wego/drive_ws/install/grid_map_msgs/lib/libgrid_map_msgs__rosidl_typesupport_fastrtps_cpp.so
[2.585s] -- Up-to-date: /home/wego/drive_ws/install/grid_map_msgs/lib/libgrid_map_msgs__rosidl_typesupport_introspection_c.so
[2.585s] -- Up-to-date: /home/wego/drive_ws/install/grid_map_msgs/lib/libgrid_map_msgs__rosidl_typesupport_c.so
[2.586s] -- Up-to-date: /home/wego/drive_ws/install/grid_map_msgs/lib/libgrid_map_msgs__rosidl_typesupport_introspection_cpp.so
[2.586s] -- Up-to-date: /home/wego/drive_ws/install/grid_map_msgs/lib/libgrid_map_msgs__rosidl_typesupport_cpp.so
[2.710s] Listing '/home/wego/drive_ws/install/grid_map_msgs/local/lib/python3.10/dist-packages/grid_map_msgs'...
[2.711s] Listing '/home/wego/drive_ws/install/grid_map_msgs/local/lib/python3.10/dist-packages/grid_map_msgs/msg'...
[2.711s] Listing '/home/wego/drive_ws/install/grid_map_msgs/local/lib/python3.10/dist-packages/grid_map_msgs/srv'...
[2.730s] -- Up-to-date: /home/wego/drive_ws/install/grid_map_msgs/lib/libgrid_map_msgs__rosidl_generator_py.so
[2.730s] -- Up-to-date: /home/wego/drive_ws/install/grid_map_msgs/share/grid_map_msgs/cmake/export_grid_map_msgs__rosidl_generator_cExport.cmake
[2.730s] -- Up-to-date: /home/wego/drive_ws/install/grid_map_msgs/share/grid_map_msgs/cmake/export_grid_map_msgs__rosidl_generator_cExport-release.cmake
[2.731s] -- Up-to-date: /home/wego/drive_ws/install/grid_map_msgs/share/grid_map_msgs/cmake/export_grid_map_msgs__rosidl_typesupport_fastrtps_cExport.cmake
[2.731s] -- Up-to-date: /home/wego/drive_ws/install/grid_map_msgs/share/grid_map_msgs/cmake/export_grid_map_msgs__rosidl_typesupport_fastrtps_cExport-release.cmake
[2.731s] -- Up-to-date: /home/wego/drive_ws/install/grid_map_msgs/share/grid_map_msgs/cmake/export_grid_map_msgs__rosidl_generator_cppExport.cmake
[2.732s] -- Up-to-date: /home/wego/drive_ws/install/grid_map_msgs/share/grid_map_msgs/cmake/export_grid_map_msgs__rosidl_typesupport_fastrtps_cppExport.cmake
[2.732s] -- Up-to-date: /home/wego/drive_ws/install/grid_map_msgs/share/grid_map_msgs/cmake/export_grid_map_msgs__rosidl_typesupport_fastrtps_cppExport-release.cmake
[2.732s] -- Up-to-date: /home/wego/drive_ws/install/grid_map_msgs/share/grid_map_msgs/cmake/grid_map_msgs__rosidl_typesupport_introspection_cExport.cmake
[2.733s] -- Up-to-date: /home/wego/drive_ws/install/grid_map_msgs/share/grid_map_msgs/cmake/grid_map_msgs__rosidl_typesupport_introspection_cExport-release.cmake
[2.733s] -- Up-to-date: /home/wego/drive_ws/install/grid_map_msgs/share/grid_map_msgs/cmake/grid_map_msgs__rosidl_typesupport_cExport.cmake
[2.733s] -- Up-to-date: /home/wego/drive_ws/install/grid_map_msgs/share/grid_map_msgs/cmake/grid_map_msgs__rosidl_typesupport_cExport-release.cmake
[2.733s] -- Up-to-date: /home/wego/drive_ws/install/grid_map_msgs/share/grid_map_msgs/cmake/grid_map_msgs__rosidl_typesupport_introspection_cppExport.cmake
[2.733s] -- Up-to-date: /home/wego/drive_ws/install/grid_map_msgs/share/grid_map_msgs/cmake/grid_map_msgs__rosidl_typesupport_introspection_cppExport-release.cmake
[2.733s] -- Up-to-date: /home/wego/drive_ws/install/grid_map_msgs/share/grid_map_msgs/cmake/grid_map_msgs__rosidl_typesupport_cppExport.cmake
[2.733s] -- Up-to-date: /home/wego/drive_ws/install/grid_map_msgs/share/grid_map_msgs/cmake/grid_map_msgs__rosidl_typesupport_cppExport-release.cmake
[2.734s] -- Up-to-date: /home/wego/drive_ws/install/grid_map_msgs/share/grid_map_msgs/cmake/export_grid_map_msgs__rosidl_generator_pyExport.cmake
[2.734s] -- Up-to-date: /home/wego/drive_ws/install/grid_map_msgs/share/grid_map_msgs/cmake/export_grid_map_msgs__rosidl_generator_pyExport-release.cmake
[2.742s] Invoked command in '/home/wego/drive_ws/build/grid_map_msgs' returned '0': CMAKE_PREFIX_PATH=/home/wego/drive_ws/install/grid_map_cmake_helpers:/home/wego/drive_ws/install/remo_navigation:/home/wego/drive_ws/install/grid_map:/home/wego/drive_ws/install/grid_map_demos:/home/wego/drive_ws/install/grid_map_visualization:/home/wego/drive_ws/install/grid_map_sdf:/home/wego/drive_ws/install/grid_map_rviz_plugin:/home/wego/drive_ws/install/grid_map_pcl:/home/wego/drive_ws/install/grid_map_loader:/home/wego/drive_ws/install/grid_map_filters:/home/wego/drive_ws/install/grid_map_ros:/home/wego/drive_ws/install/grid_map_octomap:/home/wego/drive_ws/install/grid_map_msgs:/home/wego/drive_ws/install/grid_map_cv:/home/wego/drive_ws/install/grid_map_costmap_2d:/home/wego/drive_ws/install/grid_map_core:/home/wego/wego_ws/install/yolo_bringup:/home/wego/wego_ws/install/yolo_msgs:/home/wego/wego_ws/install/ydlidar_ros2_driver:/home/wego/wego_ws/install/wego_msgs:/home/wego/wego_ws/install/wego_2d_nav:/home/wego/wego_ws/install/wego:/home/wego/wego_ws/install/robot_localization:/home/wego/wego_ws/install/orbbec_description:/home/wego/wego_ws/install/orbbec_camera:/home/wego/wego_ws/install/orbbec_camera_msgs:/home/wego/wego_ws/install/nav2_bringup:/home/wego/wego_ws/install/navigation2:/home/wego/wego_ws/install/nav2_smoother:/home/wego/wego_ws/install/nav2_rotation_shim_controller:/home/wego/wego_ws/install/nav2_graceful_controller:/home/wego/wego_ws/install/nav2_dwb_controller:/home/wego/wego_ws/install/nav2_controller:/home/wego/wego_ws/install/dwb_plugins:/home/wego/wego_ws/install/dwb_critics:/home/wego/wego_ws/install/dwb_core:/home/wego/wego_ws/install/nav_2d_utils:/home/wego/wego_ws/install/dwb_msgs:/home/wego/wego_ws/install/nav_2d_msgs:/home/wego/wego_ws/install/nav2_waypoint_follower:/home/wego/wego_ws/install/nav2_theta_star_planner:/home/wego/wego_ws/install/nav2_smac_planner:/home/wego/wego_ws/install/nav2_route:/home/wego/wego_ws/install/nav2_regulated_pure_pursuit_controller:/home/wego/wego_ws/install/nav2_planner:/home/wego/wego_ws/install/nav2_navfn_planner:/home/wego/wego_ws/install/nav2_mppi_controller:/home/wego/wego_ws/install/nav2_constrained_smoother:/home/wego/wego_ws/install/nav2_bt_navigator:/home/wego/wego_ws/install/nav2_behaviors:/home/wego/wego_ws/install/nav2_core:/home/wego/wego_ws/install/nav2_collision_monitor:/home/wego/wego_ws/install/costmap_queue:/home/wego/wego_ws/install/nav2_costmap_2d:/home/wego/wego_ws/install/nav2_voxel_grid:/home/wego/wego_ws/install/nav2_velocity_smoother:/home/wego/wego_ws/install/nav2_rviz_plugins:/home/wego/wego_ws/install/nav2_map_server:/home/wego/wego_ws/install/nav2_lifecycle_manager:/home/wego/wego_ws/install/nav2_behavior_tree:/home/wego/wego_ws/install/nav2_amcl:/home/wego/wego_ws/install/nav2_util:/home/wego/wego_ws/install/nav2_msgs:/home/wego/wego_ws/install/nav2_common:/home/wego/wego_ws/install/limo_base:/home/wego/wego_ws/install/limo_msgs:/home/wego/wego_ws/install/limo_description:/home/wego/wego_ws/install/lift_ctr:/home/wego/wego_ws/install/dl_ros2_msgs:/home/wego/drive_ws/install/terrain_analysis:/home/wego/wego_ws/install/yolo_ros:/home/wego/wego_ws/install/limo_ros2_application:/home/wego/wego_ws/install/nav2_simple_commander:/home/wego/wego_ws/install/dl_ros2_application:/opt/ros/humble /usr/bin/cmake --install /home/wego/drive_ws/build/grid_map_msgs
