-- Found ament_cmake: 1.3.12 (/opt/ros/humble/share/ament_cmake/cmake)
-- Override CMake install command with custom implementation using symlinks instead of copying resources
-- Found grid_map_cmake_helpers: 2.4.0 (/home/wego/drive_ws/install/grid_map_cmake_helpers/share/grid_map_cmake_helpers/cmake)
-- Found grid_map_msgs: 2.4.0 (/home/wego/drive_ws/install/grid_map_msgs/share/grid_map_msgs/cmake)
-- Found rosidl_generator_c: 3.1.7 (/opt/ros/humble/share/rosidl_generator_c/cmake)
-- Found rosidl_adapter: 3.1.7 (/opt/ros/humble/share/rosidl_adapter/cmake)
-- Found rosidl_generator_cpp: 3.1.7 (/opt/ros/humble/share/rosidl_generator_cpp/cmake)
-- Using all available rosidl_typesupport_c: rosidl_typesupport_fastrtps_c;rosidl_typesupport_introspection_c
-- Using all available rosidl_typesupport_cpp: rosidl_typesupport_fastrtps_cpp;rosidl_typesupport_introspection_cpp
-- Found grid_map_ros: 2.4.0 (/home/wego/drive_ws/install/grid_map_ros/share/grid_map_ros/cmake)
-- Found rmw_implementation_cmake: 6.1.2 (/opt/ros/humble/share/rmw_implementation_cmake/cmake)
-- Found rmw_fastrtps_cpp: 6.2.9 (/opt/ros/humble/share/rmw_fastrtps_cpp/cmake)
-- Found TinyXML2 via Config file: TinyXML2_DIR-NOTFOUND
-- Found TinyXML2 via Config file: TinyXML2_DIR-NOTFOUND
-- Found TinyXML2 via Config file: TinyXML2_DIR-NOTFOUND
-- Found TinyXML2 via Config file: TinyXML2_DIR-NOTFOUND
-- Using RMW implementation 'rmw_fastrtps_cpp' as default
-- Found ament_lint_auto: 0.12.14 (/opt/ros/humble/share/ament_lint_auto/cmake)
-- Added test 'cppcheck' to perform static code analysis on C / C++ code
-- Configured cppcheck include dirs: /home/wego/drive_ws/src/grid_map/grid_map_loader/include
-- Configured cppcheck exclude dirs and/or files: 
-- Added test 'lint_cmake' to check CMake code style
-- Added test 'uncrustify' to check C / C++ code style
-- Configured uncrustify additional arguments: 
-- Added test 'xmllint' to check XML markup files
-- Configuring done
-- Generating done
-- Build files have been written to: /home/wego/drive_ws/build/grid_map_loader
[35m[1mConsolidate compiler generated dependencies of target grid_map_loader_core[0m
[ 25%] [32mBuilding CXX object CMakeFiles/grid_map_loader_core.dir/src/GridMapLoader.cpp.o[0m
[ 50%] [32m[1mLinking CXX shared library libgrid_map_loader_core.so[0m
[ 50%] Built target grid_map_loader_core
[35m[1mConsolidate compiler generated dependencies of target grid_map_loader[0m
[ 75%] [32mBuilding CXX object CMakeFiles/grid_map_loader.dir/src/grid_map_loader_node.cpp.o[0m
[100%] [32m[1mLinking CXX executable grid_map_loader[0m
[100%] Built target grid_map_loader
-- Install configuration: "Release"
-- Execute custom install script
-- Up-to-date symlink: /home/wego/drive_ws/install/grid_map_loader/lib/libgrid_map_loader_core.so
-- Up-to-date symlink: /home/wego/drive_ws/install/grid_map_loader/lib/grid_map_loader/grid_map_loader
-- Up-to-date symlink: /home/wego/drive_ws/install/grid_map_loader/share/grid_map_loader/environment/library_path.sh
-- Up-to-date symlink: /home/wego/drive_ws/install/grid_map_loader/share/grid_map_loader/environment/library_path.dsv
-- Up-to-date symlink: /home/wego/drive_ws/install/grid_map_loader/share/ament_index/resource_index/package_run_dependencies/grid_map_loader
-- Up-to-date symlink: /home/wego/drive_ws/install/grid_map_loader/share/ament_index/resource_index/parent_prefix_path/grid_map_loader
-- Up-to-date symlink: /home/wego/drive_ws/install/grid_map_loader/share/grid_map_loader/environment/ament_prefix_path.sh
-- Up-to-date symlink: /home/wego/drive_ws/install/grid_map_loader/share/grid_map_loader/environment/ament_prefix_path.dsv
-- Up-to-date symlink: /home/wego/drive_ws/install/grid_map_loader/share/grid_map_loader/environment/path.sh
-- Up-to-date symlink: /home/wego/drive_ws/install/grid_map_loader/share/grid_map_loader/environment/path.dsv
-- Up-to-date symlink: /home/wego/drive_ws/install/grid_map_loader/share/grid_map_loader/local_setup.bash
-- Up-to-date symlink: /home/wego/drive_ws/install/grid_map_loader/share/grid_map_loader/local_setup.sh
-- Up-to-date symlink: /home/wego/drive_ws/install/grid_map_loader/share/grid_map_loader/local_setup.zsh
-- Up-to-date symlink: /home/wego/drive_ws/install/grid_map_loader/share/grid_map_loader/local_setup.dsv
-- Symlinking: /home/wego/drive_ws/install/grid_map_loader/share/grid_map_loader/package.dsv
-- Up-to-date symlink: /home/wego/drive_ws/install/grid_map_loader/share/ament_index/resource_index/packages/grid_map_loader
-- Up-to-date symlink: /home/wego/drive_ws/install/grid_map_loader/share/grid_map_loader/cmake/ament_cmake_export_include_directories-extras.cmake
-- Up-to-date symlink: /home/wego/drive_ws/install/grid_map_loader/share/grid_map_loader/cmake/ament_cmake_export_dependencies-extras.cmake
-- Up-to-date symlink: /home/wego/drive_ws/install/grid_map_loader/share/grid_map_loader/cmake/ament_cmake_export_libraries-extras.cmake
-- Up-to-date symlink: /home/wego/drive_ws/install/grid_map_loader/share/grid_map_loader/cmake/grid_map_loaderConfig.cmake
-- Up-to-date symlink: /home/wego/drive_ws/install/grid_map_loader/share/grid_map_loader/cmake/grid_map_loaderConfig-version.cmake
-- Up-to-date symlink: /home/wego/drive_ws/install/grid_map_loader/share/grid_map_loader/package.xml
