[0.040s] Invoking command in '/home/wego/drive_ws/build/grid_map_msgs': CMAKE_PREFIX_PATH=/home/wego/drive_ws/install/grid_map_cmake_helpers:/home/wego/drive_ws/install/remo_navigation:/home/wego/drive_ws/install/grid_map:/home/wego/drive_ws/install/grid_map_demos:/home/wego/drive_ws/install/grid_map_visualization:/home/wego/drive_ws/install/grid_map_sdf:/home/wego/drive_ws/install/grid_map_rviz_plugin:/home/wego/drive_ws/install/grid_map_pcl:/home/wego/drive_ws/install/grid_map_loader:/home/wego/drive_ws/install/grid_map_filters:/home/wego/drive_ws/install/grid_map_ros:/home/wego/drive_ws/install/grid_map_octomap:/home/wego/drive_ws/install/grid_map_msgs:/home/wego/drive_ws/install/grid_map_cv:/home/wego/drive_ws/install/grid_map_costmap_2d:/home/wego/drive_ws/install/grid_map_core:/home/wego/wego_ws/install/yolo_bringup:/home/wego/wego_ws/install/yolo_msgs:/home/wego/wego_ws/install/ydlidar_ros2_driver:/home/wego/wego_ws/install/wego_msgs:/home/wego/wego_ws/install/wego_2d_nav:/home/wego/wego_ws/install/wego:/home/wego/wego_ws/install/robot_localization:/home/wego/wego_ws/install/orbbec_description:/home/wego/wego_ws/install/orbbec_camera:/home/wego/wego_ws/install/orbbec_camera_msgs:/home/wego/wego_ws/install/nav2_bringup:/home/wego/wego_ws/install/navigation2:/home/wego/wego_ws/install/nav2_smoother:/home/wego/wego_ws/install/nav2_rotation_shim_controller:/home/wego/wego_ws/install/nav2_graceful_controller:/home/wego/wego_ws/install/nav2_dwb_controller:/home/wego/wego_ws/install/nav2_controller:/home/wego/wego_ws/install/dwb_plugins:/home/wego/wego_ws/install/dwb_critics:/home/wego/wego_ws/install/dwb_core:/home/wego/wego_ws/install/nav_2d_utils:/home/wego/wego_ws/install/dwb_msgs:/home/wego/wego_ws/install/nav_2d_msgs:/home/wego/wego_ws/install/nav2_waypoint_follower:/home/wego/wego_ws/install/nav2_theta_star_planner:/home/wego/wego_ws/install/nav2_smac_planner:/home/wego/wego_ws/install/nav2_route:/home/wego/wego_ws/install/nav2_regulated_pure_pursuit_controller:/home/wego/wego_ws/install/nav2_planner:/home/wego/wego_ws/install/nav2_navfn_planner:/home/wego/wego_ws/install/nav2_mppi_controller:/home/wego/wego_ws/install/nav2_constrained_smoother:/home/wego/wego_ws/install/nav2_bt_navigator:/home/wego/wego_ws/install/nav2_behaviors:/home/wego/wego_ws/install/nav2_core:/home/wego/wego_ws/install/nav2_collision_monitor:/home/wego/wego_ws/install/costmap_queue:/home/wego/wego_ws/install/nav2_costmap_2d:/home/wego/wego_ws/install/nav2_voxel_grid:/home/wego/wego_ws/install/nav2_velocity_smoother:/home/wego/wego_ws/install/nav2_rviz_plugins:/home/wego/wego_ws/install/nav2_map_server:/home/wego/wego_ws/install/nav2_lifecycle_manager:/home/wego/wego_ws/install/nav2_behavior_tree:/home/wego/wego_ws/install/nav2_amcl:/home/wego/wego_ws/install/nav2_util:/home/wego/wego_ws/install/nav2_msgs:/home/wego/wego_ws/install/nav2_common:/home/wego/wego_ws/install/limo_base:/home/wego/wego_ws/install/limo_msgs:/home/wego/wego_ws/install/limo_description:/home/wego/wego_ws/install/lift_ctr:/home/wego/wego_ws/install/dl_ros2_msgs:/home/wego/drive_ws/install/terrain_analysis:/home/wego/wego_ws/install/yolo_ros:/home/wego/wego_ws/install/limo_ros2_application:/home/wego/wego_ws/install/nav2_simple_commander:/home/wego/wego_ws/install/dl_ros2_application:/opt/ros/humble /usr/bin/cmake --build /home/wego/drive_ws/build/grid_map_msgs -- -j6 -l6
[0.161s] [  1%] Built target grid_map_msgs__cpp
[0.232s] [  1%] Built target ament_cmake_python_symlink_grid_map_msgs
[0.293s] [ 12%] Built target grid_map_msgs__rosidl_typesupport_introspection_cpp
[0.905s] running egg_info
[0.966s] writing grid_map_msgs.egg-info/PKG-INFO
[0.968s] writing dependency_links to grid_map_msgs.egg-info/dependency_links.txt
[0.968s] writing top-level names to grid_map_msgs.egg-info/top_level.txt
[1.146s] reading manifest file 'grid_map_msgs.egg-info/SOURCES.txt'
[1.146s] writing manifest file 'grid_map_msgs.egg-info/SOURCES.txt'
[1.232s] [ 12%] Built target ament_cmake_python_build_grid_map_msgs_egg
[1.303s] [ 23%] Built target grid_map_msgs__rosidl_typesupport_fastrtps_cpp
[1.358s] [ 35%] Built target grid_map_msgs__rosidl_typesupport_cpp
[1.421s] [ 46%] Built target grid_map_msgs__rosidl_generator_c
[1.490s] [ 57%] Built target grid_map_msgs__rosidl_typesupport_fastrtps_c
[1.543s] [ 69%] Built target grid_map_msgs__rosidl_typesupport_c
[1.595s] [ 80%] Built target grid_map_msgs__rosidl_typesupport_introspection_c
[1.641s] [ 80%] Built target grid_map_msgs
[1.685s] [ 81%] Built target grid_map_msgs__py
[1.736s] [ 91%] Built target grid_map_msgs__rosidl_generator_py
[1.785s] [ 94%] Built target grid_map_msgs__rosidl_typesupport_fastrtps_c__pyext
[1.848s] [ 97%] Built target grid_map_msgs__rosidl_typesupport_c__pyext
[1.900s] [100%] Built target grid_map_msgs__rosidl_typesupport_introspection_c__pyext
[1.937s] Invoked command in '/home/wego/drive_ws/build/grid_map_msgs' returned '0': CMAKE_PREFIX_PATH=/home/wego/drive_ws/install/grid_map_cmake_helpers:/home/wego/drive_ws/install/remo_navigation:/home/wego/drive_ws/install/grid_map:/home/wego/drive_ws/install/grid_map_demos:/home/wego/drive_ws/install/grid_map_visualization:/home/wego/drive_ws/install/grid_map_sdf:/home/wego/drive_ws/install/grid_map_rviz_plugin:/home/wego/drive_ws/install/grid_map_pcl:/home/wego/drive_ws/install/grid_map_loader:/home/wego/drive_ws/install/grid_map_filters:/home/wego/drive_ws/install/grid_map_ros:/home/wego/drive_ws/install/grid_map_octomap:/home/wego/drive_ws/install/grid_map_msgs:/home/wego/drive_ws/install/grid_map_cv:/home/wego/drive_ws/install/grid_map_costmap_2d:/home/wego/drive_ws/install/grid_map_core:/home/wego/wego_ws/install/yolo_bringup:/home/wego/wego_ws/install/yolo_msgs:/home/wego/wego_ws/install/ydlidar_ros2_driver:/home/wego/wego_ws/install/wego_msgs:/home/wego/wego_ws/install/wego_2d_nav:/home/wego/wego_ws/install/wego:/home/wego/wego_ws/install/robot_localization:/home/wego/wego_ws/install/orbbec_description:/home/wego/wego_ws/install/orbbec_camera:/home/wego/wego_ws/install/orbbec_camera_msgs:/home/wego/wego_ws/install/nav2_bringup:/home/wego/wego_ws/install/navigation2:/home/wego/wego_ws/install/nav2_smoother:/home/wego/wego_ws/install/nav2_rotation_shim_controller:/home/wego/wego_ws/install/nav2_graceful_controller:/home/wego/wego_ws/install/nav2_dwb_controller:/home/wego/wego_ws/install/nav2_controller:/home/wego/wego_ws/install/dwb_plugins:/home/wego/wego_ws/install/dwb_critics:/home/wego/wego_ws/install/dwb_core:/home/wego/wego_ws/install/nav_2d_utils:/home/wego/wego_ws/install/dwb_msgs:/home/wego/wego_ws/install/nav_2d_msgs:/home/wego/wego_ws/install/nav2_waypoint_follower:/home/wego/wego_ws/install/nav2_theta_star_planner:/home/wego/wego_ws/install/nav2_smac_planner:/home/wego/wego_ws/install/nav2_route:/home/wego/wego_ws/install/nav2_regulated_pure_pursuit_controller:/home/wego/wego_ws/install/nav2_planner:/home/wego/wego_ws/install/nav2_navfn_planner:/home/wego/wego_ws/install/nav2_mppi_controller:/home/wego/wego_ws/install/nav2_constrained_smoother:/home/wego/wego_ws/install/nav2_bt_navigator:/home/wego/wego_ws/install/nav2_behaviors:/home/wego/wego_ws/install/nav2_core:/home/wego/wego_ws/install/nav2_collision_monitor:/home/wego/wego_ws/install/costmap_queue:/home/wego/wego_ws/install/nav2_costmap_2d:/home/wego/wego_ws/install/nav2_voxel_grid:/home/wego/wego_ws/install/nav2_velocity_smoother:/home/wego/wego_ws/install/nav2_rviz_plugins:/home/wego/wego_ws/install/nav2_map_server:/home/wego/wego_ws/install/nav2_lifecycle_manager:/home/wego/wego_ws/install/nav2_behavior_tree:/home/wego/wego_ws/install/nav2_amcl:/home/wego/wego_ws/install/nav2_util:/home/wego/wego_ws/install/nav2_msgs:/home/wego/wego_ws/install/nav2_common:/home/wego/wego_ws/install/limo_base:/home/wego/wego_ws/install/limo_msgs:/home/wego/wego_ws/install/limo_description:/home/wego/wego_ws/install/lift_ctr:/home/wego/wego_ws/install/dl_ros2_msgs:/home/wego/drive_ws/install/terrain_analysis:/home/wego/wego_ws/install/yolo_ros:/home/wego/wego_ws/install/limo_ros2_application:/home/wego/wego_ws/install/nav2_simple_commander:/home/wego/wego_ws/install/dl_ros2_application:/opt/ros/humble /usr/bin/cmake --build /home/wego/drive_ws/build/grid_map_msgs -- -j6 -l6
[1.942s] Invoking command in '/home/wego/drive_ws/build/grid_map_msgs': CMAKE_PREFIX_PATH=/home/wego/drive_ws/install/grid_map_cmake_helpers:/home/wego/drive_ws/install/remo_navigation:/home/wego/drive_ws/install/grid_map:/home/wego/drive_ws/install/grid_map_demos:/home/wego/drive_ws/install/grid_map_visualization:/home/wego/drive_ws/install/grid_map_sdf:/home/wego/drive_ws/install/grid_map_rviz_plugin:/home/wego/drive_ws/install/grid_map_pcl:/home/wego/drive_ws/install/grid_map_loader:/home/wego/drive_ws/install/grid_map_filters:/home/wego/drive_ws/install/grid_map_ros:/home/wego/drive_ws/install/grid_map_octomap:/home/wego/drive_ws/install/grid_map_msgs:/home/wego/drive_ws/install/grid_map_cv:/home/wego/drive_ws/install/grid_map_costmap_2d:/home/wego/drive_ws/install/grid_map_core:/home/wego/wego_ws/install/yolo_bringup:/home/wego/wego_ws/install/yolo_msgs:/home/wego/wego_ws/install/ydlidar_ros2_driver:/home/wego/wego_ws/install/wego_msgs:/home/wego/wego_ws/install/wego_2d_nav:/home/wego/wego_ws/install/wego:/home/wego/wego_ws/install/robot_localization:/home/wego/wego_ws/install/orbbec_description:/home/wego/wego_ws/install/orbbec_camera:/home/wego/wego_ws/install/orbbec_camera_msgs:/home/wego/wego_ws/install/nav2_bringup:/home/wego/wego_ws/install/navigation2:/home/wego/wego_ws/install/nav2_smoother:/home/wego/wego_ws/install/nav2_rotation_shim_controller:/home/wego/wego_ws/install/nav2_graceful_controller:/home/wego/wego_ws/install/nav2_dwb_controller:/home/wego/wego_ws/install/nav2_controller:/home/wego/wego_ws/install/dwb_plugins:/home/wego/wego_ws/install/dwb_critics:/home/wego/wego_ws/install/dwb_core:/home/wego/wego_ws/install/nav_2d_utils:/home/wego/wego_ws/install/dwb_msgs:/home/wego/wego_ws/install/nav_2d_msgs:/home/wego/wego_ws/install/nav2_waypoint_follower:/home/wego/wego_ws/install/nav2_theta_star_planner:/home/wego/wego_ws/install/nav2_smac_planner:/home/wego/wego_ws/install/nav2_route:/home/wego/wego_ws/install/nav2_regulated_pure_pursuit_controller:/home/wego/wego_ws/install/nav2_planner:/home/wego/wego_ws/install/nav2_navfn_planner:/home/wego/wego_ws/install/nav2_mppi_controller:/home/wego/wego_ws/install/nav2_constrained_smoother:/home/wego/wego_ws/install/nav2_bt_navigator:/home/wego/wego_ws/install/nav2_behaviors:/home/wego/wego_ws/install/nav2_core:/home/wego/wego_ws/install/nav2_collision_monitor:/home/wego/wego_ws/install/costmap_queue:/home/wego/wego_ws/install/nav2_costmap_2d:/home/wego/wego_ws/install/nav2_voxel_grid:/home/wego/wego_ws/install/nav2_velocity_smoother:/home/wego/wego_ws/install/nav2_rviz_plugins:/home/wego/wego_ws/install/nav2_map_server:/home/wego/wego_ws/install/nav2_lifecycle_manager:/home/wego/wego_ws/install/nav2_behavior_tree:/home/wego/wego_ws/install/nav2_amcl:/home/wego/wego_ws/install/nav2_util:/home/wego/wego_ws/install/nav2_msgs:/home/wego/wego_ws/install/nav2_common:/home/wego/wego_ws/install/limo_base:/home/wego/wego_ws/install/limo_msgs:/home/wego/wego_ws/install/limo_description:/home/wego/wego_ws/install/lift_ctr:/home/wego/wego_ws/install/dl_ros2_msgs:/home/wego/drive_ws/install/terrain_analysis:/home/wego/wego_ws/install/yolo_ros:/home/wego/wego_ws/install/limo_ros2_application:/home/wego/wego_ws/install/nav2_simple_commander:/home/wego/wego_ws/install/dl_ros2_application:/opt/ros/humble /usr/bin/cmake --install /home/wego/drive_ws/build/grid_map_msgs
[1.962s] -- Install configuration: "Release"
[1.962s] -- Execute custom install script
[1.963s] -- Up-to-date symlink: /home/wego/drive_ws/install/grid_map_msgs/share/ament_index/resource_index/rosidl_interfaces/grid_map_msgs
[1.967s] -- Up-to-date symlink: /home/wego/drive_ws/install/grid_map_msgs/include/grid_map_msgs/grid_map_msgs/msg/detail/grid_map__functions.h
[1.968s] -- Up-to-date symlink: /home/wego/drive_ws/install/grid_map_msgs/include/grid_map_msgs/grid_map_msgs/msg/detail/grid_map__struct.h
[1.969s] -- Up-to-date symlink: /home/wego/drive_ws/install/grid_map_msgs/include/grid_map_msgs/grid_map_msgs/msg/detail/grid_map__type_support.h
[1.970s] -- Up-to-date symlink: /home/wego/drive_ws/install/grid_map_msgs/include/grid_map_msgs/grid_map_msgs/msg/detail/grid_map_info__functions.h
[1.972s] -- Up-to-date symlink: /home/wego/drive_ws/install/grid_map_msgs/include/grid_map_msgs/grid_map_msgs/msg/detail/grid_map_info__struct.h
[1.973s] -- Up-to-date symlink: /home/wego/drive_ws/install/grid_map_msgs/include/grid_map_msgs/grid_map_msgs/msg/detail/grid_map_info__type_support.h
[1.974s] -- Up-to-date symlink: /home/wego/drive_ws/install/grid_map_msgs/include/grid_map_msgs/grid_map_msgs/msg/grid_map.h
[1.974s] -- Up-to-date symlink: /home/wego/drive_ws/install/grid_map_msgs/include/grid_map_msgs/grid_map_msgs/msg/grid_map_info.h
[1.975s] -- Up-to-date symlink: /home/wego/drive_ws/install/grid_map_msgs/include/grid_map_msgs/grid_map_msgs/msg/rosidl_generator_c__visibility_control.h
[1.976s] -- Up-to-date symlink: /home/wego/drive_ws/install/grid_map_msgs/include/grid_map_msgs/grid_map_msgs/srv/detail/get_grid_map__functions.h
[1.978s] -- Up-to-date symlink: /home/wego/drive_ws/install/grid_map_msgs/include/grid_map_msgs/grid_map_msgs/srv/detail/get_grid_map__struct.h
[1.978s] -- Up-to-date symlink: /home/wego/drive_ws/install/grid_map_msgs/include/grid_map_msgs/grid_map_msgs/srv/detail/get_grid_map__type_support.h
[1.979s] -- Up-to-date symlink: /home/wego/drive_ws/install/grid_map_msgs/include/grid_map_msgs/grid_map_msgs/srv/detail/get_grid_map_info__functions.h
[1.980s] -- Up-to-date symlink: /home/wego/drive_ws/install/grid_map_msgs/include/grid_map_msgs/grid_map_msgs/srv/detail/get_grid_map_info__struct.h
[1.980s] -- Up-to-date symlink: /home/wego/drive_ws/install/grid_map_msgs/include/grid_map_msgs/grid_map_msgs/srv/detail/get_grid_map_info__type_support.h
[1.980s] -- Up-to-date symlink: /home/wego/drive_ws/install/grid_map_msgs/include/grid_map_msgs/grid_map_msgs/srv/detail/process_file__functions.h
[1.980s] -- Up-to-date symlink: /home/wego/drive_ws/install/grid_map_msgs/include/grid_map_msgs/grid_map_msgs/srv/detail/process_file__struct.h
[1.980s] -- Up-to-date symlink: /home/wego/drive_ws/install/grid_map_msgs/include/grid_map_msgs/grid_map_msgs/srv/detail/process_file__type_support.h
[1.980s] -- Up-to-date symlink: /home/wego/drive_ws/install/grid_map_msgs/include/grid_map_msgs/grid_map_msgs/srv/detail/set_grid_map__functions.h
[1.980s] -- Up-to-date symlink: /home/wego/drive_ws/install/grid_map_msgs/include/grid_map_msgs/grid_map_msgs/srv/detail/set_grid_map__struct.h
[1.982s] -- Up-to-date symlink: /home/wego/drive_ws/install/grid_map_msgs/include/grid_map_msgs/grid_map_msgs/srv/detail/set_grid_map__type_support.h
[1.982s] -- Up-to-date symlink: /home/wego/drive_ws/install/grid_map_msgs/include/grid_map_msgs/grid_map_msgs/srv/get_grid_map.h
[1.982s] -- Up-to-date symlink: /home/wego/drive_ws/install/grid_map_msgs/include/grid_map_msgs/grid_map_msgs/srv/get_grid_map_info.h
[1.982s] -- Up-to-date symlink: /home/wego/drive_ws/install/grid_map_msgs/include/grid_map_msgs/grid_map_msgs/srv/process_file.h
[1.983s] -- Up-to-date symlink: /home/wego/drive_ws/install/grid_map_msgs/include/grid_map_msgs/grid_map_msgs/srv/set_grid_map.h
[1.984s] -- Up-to-date symlink: /home/wego/drive_ws/install/grid_map_msgs/share/grid_map_msgs/environment/library_path.sh
[1.984s] -- Up-to-date symlink: /home/wego/drive_ws/install/grid_map_msgs/share/grid_map_msgs/environment/library_path.dsv
[1.984s] -- Up-to-date symlink: /home/wego/drive_ws/install/grid_map_msgs/include/grid_map_msgs/grid_map_msgs/msg/detail/grid_map__rosidl_typesupport_fastrtps_c.h
[1.984s] -- Up-to-date symlink: /home/wego/drive_ws/install/grid_map_msgs/include/grid_map_msgs/grid_map_msgs/msg/detail/grid_map_info__rosidl_typesupport_fastrtps_c.h
[1.984s] -- Up-to-date symlink: /home/wego/drive_ws/install/grid_map_msgs/include/grid_map_msgs/grid_map_msgs/msg/rosidl_typesupport_fastrtps_c__visibility_control.h
[1.984s] -- Up-to-date symlink: /home/wego/drive_ws/install/grid_map_msgs/include/grid_map_msgs/grid_map_msgs/srv/detail/get_grid_map__rosidl_typesupport_fastrtps_c.h
[1.986s] -- Up-to-date symlink: /home/wego/drive_ws/install/grid_map_msgs/include/grid_map_msgs/grid_map_msgs/srv/detail/get_grid_map_info__rosidl_typesupport_fastrtps_c.h
[1.986s] -- Up-to-date symlink: /home/wego/drive_ws/install/grid_map_msgs/include/grid_map_msgs/grid_map_msgs/srv/detail/process_file__rosidl_typesupport_fastrtps_c.h
[1.986s] -- Up-to-date symlink: /home/wego/drive_ws/install/grid_map_msgs/include/grid_map_msgs/grid_map_msgs/srv/detail/set_grid_map__rosidl_typesupport_fastrtps_c.h
[1.987s] -- Up-to-date symlink: /home/wego/drive_ws/install/grid_map_msgs/include/grid_map_msgs/grid_map_msgs/msg/detail/grid_map__builder.hpp
[1.987s] -- Up-to-date symlink: /home/wego/drive_ws/install/grid_map_msgs/include/grid_map_msgs/grid_map_msgs/msg/detail/grid_map__struct.hpp
[1.990s] -- Up-to-date symlink: /home/wego/drive_ws/install/grid_map_msgs/include/grid_map_msgs/grid_map_msgs/msg/detail/grid_map__traits.hpp
[1.991s] -- Up-to-date symlink: /home/wego/drive_ws/install/grid_map_msgs/include/grid_map_msgs/grid_map_msgs/msg/detail/grid_map__type_support.hpp
[1.992s] -- Up-to-date symlink: /home/wego/drive_ws/install/grid_map_msgs/include/grid_map_msgs/grid_map_msgs/msg/detail/grid_map_info__builder.hpp
[1.992s] -- Up-to-date symlink: /home/wego/drive_ws/install/grid_map_msgs/include/grid_map_msgs/grid_map_msgs/msg/detail/grid_map_info__struct.hpp
[1.992s] -- Up-to-date symlink: /home/wego/drive_ws/install/grid_map_msgs/include/grid_map_msgs/grid_map_msgs/msg/detail/grid_map_info__traits.hpp
[1.993s] -- Up-to-date symlink: /home/wego/drive_ws/install/grid_map_msgs/include/grid_map_msgs/grid_map_msgs/msg/detail/grid_map_info__type_support.hpp
[1.993s] -- Up-to-date symlink: /home/wego/drive_ws/install/grid_map_msgs/include/grid_map_msgs/grid_map_msgs/msg/grid_map.hpp
[1.993s] -- Up-to-date symlink: /home/wego/drive_ws/install/grid_map_msgs/include/grid_map_msgs/grid_map_msgs/msg/grid_map_info.hpp
[1.993s] -- Up-to-date symlink: /home/wego/drive_ws/install/grid_map_msgs/include/grid_map_msgs/grid_map_msgs/msg/rosidl_generator_cpp__visibility_control.hpp
[1.993s] -- Up-to-date symlink: /home/wego/drive_ws/install/grid_map_msgs/include/grid_map_msgs/grid_map_msgs/srv/detail/get_grid_map__builder.hpp
[1.994s] -- Up-to-date symlink: /home/wego/drive_ws/install/grid_map_msgs/include/grid_map_msgs/grid_map_msgs/srv/detail/get_grid_map__struct.hpp
[1.994s] -- Up-to-date symlink: /home/wego/drive_ws/install/grid_map_msgs/include/grid_map_msgs/grid_map_msgs/srv/detail/get_grid_map__traits.hpp
[1.994s] -- Up-to-date symlink: /home/wego/drive_ws/install/grid_map_msgs/include/grid_map_msgs/grid_map_msgs/srv/detail/get_grid_map__type_support.hpp
[1.994s] -- Up-to-date symlink: /home/wego/drive_ws/install/grid_map_msgs/include/grid_map_msgs/grid_map_msgs/srv/detail/get_grid_map_info__builder.hpp
[1.994s] -- Up-to-date symlink: /home/wego/drive_ws/install/grid_map_msgs/include/grid_map_msgs/grid_map_msgs/srv/detail/get_grid_map_info__struct.hpp
[1.995s] -- Up-to-date symlink: /home/wego/drive_ws/install/grid_map_msgs/include/grid_map_msgs/grid_map_msgs/srv/detail/get_grid_map_info__traits.hpp
[1.995s] -- Up-to-date symlink: /home/wego/drive_ws/install/grid_map_msgs/include/grid_map_msgs/grid_map_msgs/srv/detail/get_grid_map_info__type_support.hpp
[1.995s] -- Up-to-date symlink: /home/wego/drive_ws/install/grid_map_msgs/include/grid_map_msgs/grid_map_msgs/srv/detail/process_file__builder.hpp
[1.995s] -- Up-to-date symlink: /home/wego/drive_ws/install/grid_map_msgs/include/grid_map_msgs/grid_map_msgs/srv/detail/process_file__struct.hpp
[1.995s] -- Up-to-date symlink: /home/wego/drive_ws/install/grid_map_msgs/include/grid_map_msgs/grid_map_msgs/srv/detail/process_file__traits.hpp
[1.996s] -- Up-to-date symlink: /home/wego/drive_ws/install/grid_map_msgs/include/grid_map_msgs/grid_map_msgs/srv/detail/process_file__type_support.hpp
[1.996s] -- Up-to-date symlink: /home/wego/drive_ws/install/grid_map_msgs/include/grid_map_msgs/grid_map_msgs/srv/detail/set_grid_map__builder.hpp
[1.996s] -- Up-to-date symlink: /home/wego/drive_ws/install/grid_map_msgs/include/grid_map_msgs/grid_map_msgs/srv/detail/set_grid_map__struct.hpp
[1.996s] -- Up-to-date symlink: /home/wego/drive_ws/install/grid_map_msgs/include/grid_map_msgs/grid_map_msgs/srv/detail/set_grid_map__traits.hpp
[1.996s] -- Up-to-date symlink: /home/wego/drive_ws/install/grid_map_msgs/include/grid_map_msgs/grid_map_msgs/srv/detail/set_grid_map__type_support.hpp
[1.996s] -- Up-to-date symlink: /home/wego/drive_ws/install/grid_map_msgs/include/grid_map_msgs/grid_map_msgs/srv/get_grid_map.hpp
[1.997s] -- Up-to-date symlink: /home/wego/drive_ws/install/grid_map_msgs/include/grid_map_msgs/grid_map_msgs/srv/get_grid_map_info.hpp
[1.997s] -- Up-to-date symlink: /home/wego/drive_ws/install/grid_map_msgs/include/grid_map_msgs/grid_map_msgs/srv/process_file.hpp
[1.997s] -- Up-to-date symlink: /home/wego/drive_ws/install/grid_map_msgs/include/grid_map_msgs/grid_map_msgs/srv/set_grid_map.hpp
[1.997s] -- Up-to-date symlink: /home/wego/drive_ws/install/grid_map_msgs/include/grid_map_msgs/grid_map_msgs/msg/detail/grid_map__rosidl_typesupport_fastrtps_cpp.hpp
[1.997s] -- Up-to-date symlink: /home/wego/drive_ws/install/grid_map_msgs/include/grid_map_msgs/grid_map_msgs/msg/detail/grid_map_info__rosidl_typesupport_fastrtps_cpp.hpp
[1.998s] -- Up-to-date symlink: /home/wego/drive_ws/install/grid_map_msgs/include/grid_map_msgs/grid_map_msgs/msg/rosidl_typesupport_fastrtps_cpp__visibility_control.h
[1.998s] -- Up-to-date symlink: /home/wego/drive_ws/install/grid_map_msgs/include/grid_map_msgs/grid_map_msgs/srv/detail/get_grid_map__rosidl_typesupport_fastrtps_cpp.hpp
[1.998s] -- Up-to-date symlink: /home/wego/drive_ws/install/grid_map_msgs/include/grid_map_msgs/grid_map_msgs/srv/detail/get_grid_map_info__rosidl_typesupport_fastrtps_cpp.hpp
[1.998s] -- Up-to-date symlink: /home/wego/drive_ws/install/grid_map_msgs/include/grid_map_msgs/grid_map_msgs/srv/detail/process_file__rosidl_typesupport_fastrtps_cpp.hpp
[1.998s] -- Up-to-date symlink: /home/wego/drive_ws/install/grid_map_msgs/include/grid_map_msgs/grid_map_msgs/srv/detail/set_grid_map__rosidl_typesupport_fastrtps_cpp.hpp
[1.999s] -- Up-to-date symlink: /home/wego/drive_ws/install/grid_map_msgs/include/grid_map_msgs/grid_map_msgs/msg/detail/grid_map__rosidl_typesupport_introspection_c.h
[1.999s] -- Up-to-date symlink: /home/wego/drive_ws/install/grid_map_msgs/include/grid_map_msgs/grid_map_msgs/msg/detail/grid_map_info__rosidl_typesupport_introspection_c.h
[1.999s] -- Up-to-date symlink: /home/wego/drive_ws/install/grid_map_msgs/include/grid_map_msgs/grid_map_msgs/msg/rosidl_typesupport_introspection_c__visibility_control.h
[1.999s] -- Up-to-date symlink: /home/wego/drive_ws/install/grid_map_msgs/include/grid_map_msgs/grid_map_msgs/srv/detail/get_grid_map__rosidl_typesupport_introspection_c.h
[1.999s] -- Up-to-date symlink: /home/wego/drive_ws/install/grid_map_msgs/include/grid_map_msgs/grid_map_msgs/srv/detail/get_grid_map_info__rosidl_typesupport_introspection_c.h
[2.000s] -- Up-to-date symlink: /home/wego/drive_ws/install/grid_map_msgs/include/grid_map_msgs/grid_map_msgs/srv/detail/process_file__rosidl_typesupport_introspection_c.h
[2.000s] -- Up-to-date symlink: /home/wego/drive_ws/install/grid_map_msgs/include/grid_map_msgs/grid_map_msgs/srv/detail/set_grid_map__rosidl_typesupport_introspection_c.h
[2.000s] -- Up-to-date symlink: /home/wego/drive_ws/install/grid_map_msgs/include/grid_map_msgs/grid_map_msgs/msg/detail/grid_map__rosidl_typesupport_introspection_cpp.hpp
[2.000s] -- Up-to-date symlink: /home/wego/drive_ws/install/grid_map_msgs/include/grid_map_msgs/grid_map_msgs/msg/detail/grid_map_info__rosidl_typesupport_introspection_cpp.hpp
[2.000s] -- Up-to-date symlink: /home/wego/drive_ws/install/grid_map_msgs/include/grid_map_msgs/grid_map_msgs/srv/detail/get_grid_map__rosidl_typesupport_introspection_cpp.hpp
[2.000s] -- Up-to-date symlink: /home/wego/drive_ws/install/grid_map_msgs/include/grid_map_msgs/grid_map_msgs/srv/detail/get_grid_map_info__rosidl_typesupport_introspection_cpp.hpp
[2.001s] -- Up-to-date symlink: /home/wego/drive_ws/install/grid_map_msgs/include/grid_map_msgs/grid_map_msgs/srv/detail/process_file__rosidl_typesupport_introspection_cpp.hpp
[2.001s] -- Up-to-date symlink: /home/wego/drive_ws/install/grid_map_msgs/include/grid_map_msgs/grid_map_msgs/srv/detail/set_grid_map__rosidl_typesupport_introspection_cpp.hpp
[2.001s] -- Up-to-date symlink: /home/wego/drive_ws/install/grid_map_msgs/share/grid_map_msgs/environment/pythonpath.sh
[2.001s] -- Up-to-date symlink: /home/wego/drive_ws/install/grid_map_msgs/share/grid_map_msgs/environment/pythonpath.dsv
[2.001s] -- Up-to-date symlink: /home/wego/drive_ws/install/grid_map_msgs/local/lib/python3.10/dist-packages/grid_map_msgs-2.4.0-py3.10.egg-info/PKG-INFO
[2.002s] -- Up-to-date symlink: /home/wego/drive_ws/install/grid_map_msgs/local/lib/python3.10/dist-packages/grid_map_msgs-2.4.0-py3.10.egg-info/SOURCES.txt
[2.002s] -- Up-to-date symlink: /home/wego/drive_ws/install/grid_map_msgs/local/lib/python3.10/dist-packages/grid_map_msgs-2.4.0-py3.10.egg-info/dependency_links.txt
[2.002s] -- Up-to-date symlink: /home/wego/drive_ws/install/grid_map_msgs/local/lib/python3.10/dist-packages/grid_map_msgs-2.4.0-py3.10.egg-info/top_level.txt
[2.002s] -- Up-to-date symlink: /home/wego/drive_ws/install/grid_map_msgs/local/lib/python3.10/dist-packages/grid_map_msgs/__init__.py
[2.002s] -- Up-to-date symlink: /home/wego/drive_ws/install/grid_map_msgs/local/lib/python3.10/dist-packages/grid_map_msgs/_grid_map_msgs_s.ep.rosidl_typesupport_c.c
[2.003s] -- Up-to-date symlink: /home/wego/drive_ws/install/grid_map_msgs/local/lib/python3.10/dist-packages/grid_map_msgs/_grid_map_msgs_s.ep.rosidl_typesupport_fastrtps_c.c
[2.003s] -- Up-to-date symlink: /home/wego/drive_ws/install/grid_map_msgs/local/lib/python3.10/dist-packages/grid_map_msgs/_grid_map_msgs_s.ep.rosidl_typesupport_introspection_c.c
[2.003s] -- Up-to-date symlink: /home/wego/drive_ws/install/grid_map_msgs/local/lib/python3.10/dist-packages/grid_map_msgs/grid_map_msgs_s__rosidl_typesupport_c.cpython-310-aarch64-linux-gnu.so
[2.003s] -- Up-to-date symlink: /home/wego/drive_ws/install/grid_map_msgs/local/lib/python3.10/dist-packages/grid_map_msgs/grid_map_msgs_s__rosidl_typesupport_fastrtps_c.cpython-310-aarch64-linux-gnu.so
[2.003s] -- Up-to-date symlink: /home/wego/drive_ws/install/grid_map_msgs/local/lib/python3.10/dist-packages/grid_map_msgs/grid_map_msgs_s__rosidl_typesupport_introspection_c.cpython-310-aarch64-linux-gnu.so
[2.004s] -- Up-to-date symlink: /home/wego/drive_ws/install/grid_map_msgs/local/lib/python3.10/dist-packages/grid_map_msgs/libgrid_map_msgs__rosidl_generator_py.so
[2.004s] -- Up-to-date symlink: /home/wego/drive_ws/install/grid_map_msgs/local/lib/python3.10/dist-packages/grid_map_msgs/msg/__init__.py
[2.004s] -- Up-to-date symlink: /home/wego/drive_ws/install/grid_map_msgs/local/lib/python3.10/dist-packages/grid_map_msgs/msg/_grid_map.py
[2.004s] -- Up-to-date symlink: /home/wego/drive_ws/install/grid_map_msgs/local/lib/python3.10/dist-packages/grid_map_msgs/msg/_grid_map_info.py
[2.004s] -- Up-to-date symlink: /home/wego/drive_ws/install/grid_map_msgs/local/lib/python3.10/dist-packages/grid_map_msgs/msg/_grid_map_info_s.c
[2.005s] -- Up-to-date symlink: /home/wego/drive_ws/install/grid_map_msgs/local/lib/python3.10/dist-packages/grid_map_msgs/msg/_grid_map_s.c
[2.005s] -- Up-to-date symlink: /home/wego/drive_ws/install/grid_map_msgs/local/lib/python3.10/dist-packages/grid_map_msgs/srv/__init__.py
[2.005s] -- Up-to-date symlink: /home/wego/drive_ws/install/grid_map_msgs/local/lib/python3.10/dist-packages/grid_map_msgs/srv/_get_grid_map.py
[2.005s] -- Up-to-date symlink: /home/wego/drive_ws/install/grid_map_msgs/local/lib/python3.10/dist-packages/grid_map_msgs/srv/_get_grid_map_info.py
[2.005s] -- Up-to-date symlink: /home/wego/drive_ws/install/grid_map_msgs/local/lib/python3.10/dist-packages/grid_map_msgs/srv/_get_grid_map_info_s.c
[2.006s] -- Up-to-date symlink: /home/wego/drive_ws/install/grid_map_msgs/local/lib/python3.10/dist-packages/grid_map_msgs/srv/_get_grid_map_s.c
[2.006s] -- Up-to-date symlink: /home/wego/drive_ws/install/grid_map_msgs/local/lib/python3.10/dist-packages/grid_map_msgs/srv/_process_file.py
[2.006s] -- Up-to-date symlink: /home/wego/drive_ws/install/grid_map_msgs/local/lib/python3.10/dist-packages/grid_map_msgs/srv/_process_file_s.c
[2.006s] -- Up-to-date symlink: /home/wego/drive_ws/install/grid_map_msgs/local/lib/python3.10/dist-packages/grid_map_msgs/srv/_set_grid_map.py
[2.006s] -- Up-to-date symlink: /home/wego/drive_ws/install/grid_map_msgs/local/lib/python3.10/dist-packages/grid_map_msgs/srv/_set_grid_map_s.c
[2.007s] -- Up-to-date symlink: /home/wego/drive_ws/install/grid_map_msgs/local/lib/python3.10/dist-packages/grid_map_msgs/grid_map_msgs_s__rosidl_typesupport_fastrtps_c.cpython-310-aarch64-linux-gnu.so
[2.007s] -- Up-to-date symlink: /home/wego/drive_ws/install/grid_map_msgs/local/lib/python3.10/dist-packages/grid_map_msgs/grid_map_msgs_s__rosidl_typesupport_introspection_c.cpython-310-aarch64-linux-gnu.so
[2.007s] -- Up-to-date symlink: /home/wego/drive_ws/install/grid_map_msgs/local/lib/python3.10/dist-packages/grid_map_msgs/grid_map_msgs_s__rosidl_typesupport_c.cpython-310-aarch64-linux-gnu.so
[2.007s] -- Up-to-date symlink: /home/wego/drive_ws/install/grid_map_msgs/share/grid_map_msgs/msg/GridMapInfo.idl
[2.007s] -- Up-to-date symlink: /home/wego/drive_ws/install/grid_map_msgs/share/grid_map_msgs/msg/GridMap.idl
[2.008s] -- Up-to-date symlink: /home/wego/drive_ws/install/grid_map_msgs/share/grid_map_msgs/srv/SetGridMap.idl
[2.008s] -- Up-to-date symlink: /home/wego/drive_ws/install/grid_map_msgs/share/grid_map_msgs/srv/GetGridMap.idl
[2.008s] -- Up-to-date symlink: /home/wego/drive_ws/install/grid_map_msgs/share/grid_map_msgs/srv/GetGridMapInfo.idl
[2.008s] -- Up-to-date symlink: /home/wego/drive_ws/install/grid_map_msgs/share/grid_map_msgs/srv/ProcessFile.idl
[2.008s] -- Up-to-date symlink: /home/wego/drive_ws/install/grid_map_msgs/share/grid_map_msgs/msg/GridMapInfo.msg
[2.008s] -- Up-to-date symlink: /home/wego/drive_ws/install/grid_map_msgs/share/grid_map_msgs/msg/GridMap.msg
[2.008s] -- Up-to-date symlink: /home/wego/drive_ws/install/grid_map_msgs/share/grid_map_msgs/srv/SetGridMap.srv
[2.009s] -- Up-to-date symlink: /home/wego/drive_ws/install/grid_map_msgs/share/grid_map_msgs/srv/SetGridMap_Request.msg
[2.009s] -- Up-to-date symlink: /home/wego/drive_ws/install/grid_map_msgs/share/grid_map_msgs/srv/SetGridMap_Response.msg
[2.009s] -- Up-to-date symlink: /home/wego/drive_ws/install/grid_map_msgs/share/grid_map_msgs/srv/GetGridMap.srv
[2.009s] -- Up-to-date symlink: /home/wego/drive_ws/install/grid_map_msgs/share/grid_map_msgs/srv/GetGridMap_Request.msg
[2.009s] -- Up-to-date symlink: /home/wego/drive_ws/install/grid_map_msgs/share/grid_map_msgs/srv/GetGridMap_Response.msg
[2.009s] -- Up-to-date symlink: /home/wego/drive_ws/install/grid_map_msgs/share/grid_map_msgs/srv/GetGridMapInfo.srv
[2.010s] -- Up-to-date symlink: /home/wego/drive_ws/install/grid_map_msgs/share/grid_map_msgs/srv/GetGridMapInfo_Request.msg
[2.010s] -- Up-to-date symlink: /home/wego/drive_ws/install/grid_map_msgs/share/grid_map_msgs/srv/GetGridMapInfo_Response.msg
[2.010s] -- Up-to-date symlink: /home/wego/drive_ws/install/grid_map_msgs/share/grid_map_msgs/srv/ProcessFile.srv
[2.010s] -- Up-to-date symlink: /home/wego/drive_ws/install/grid_map_msgs/share/grid_map_msgs/srv/ProcessFile_Request.msg
[2.010s] -- Up-to-date symlink: /home/wego/drive_ws/install/grid_map_msgs/share/grid_map_msgs/srv/ProcessFile_Response.msg
[2.010s] -- Up-to-date symlink: /home/wego/drive_ws/install/grid_map_msgs/share/ament_index/resource_index/package_run_dependencies/grid_map_msgs
[2.010s] -- Up-to-date symlink: /home/wego/drive_ws/install/grid_map_msgs/share/ament_index/resource_index/parent_prefix_path/grid_map_msgs
[2.011s] -- Up-to-date symlink: /home/wego/drive_ws/install/grid_map_msgs/share/grid_map_msgs/environment/ament_prefix_path.sh
[2.011s] -- Up-to-date symlink: /home/wego/drive_ws/install/grid_map_msgs/share/grid_map_msgs/environment/ament_prefix_path.dsv
[2.011s] -- Up-to-date symlink: /home/wego/drive_ws/install/grid_map_msgs/share/grid_map_msgs/environment/path.sh
[2.011s] -- Up-to-date symlink: /home/wego/drive_ws/install/grid_map_msgs/share/grid_map_msgs/environment/path.dsv
[2.011s] -- Up-to-date symlink: /home/wego/drive_ws/install/grid_map_msgs/share/grid_map_msgs/local_setup.bash
[2.011s] -- Up-to-date symlink: /home/wego/drive_ws/install/grid_map_msgs/share/grid_map_msgs/local_setup.sh
[2.012s] -- Up-to-date symlink: /home/wego/drive_ws/install/grid_map_msgs/share/grid_map_msgs/local_setup.zsh
[2.012s] -- Up-to-date symlink: /home/wego/drive_ws/install/grid_map_msgs/share/grid_map_msgs/local_setup.dsv
[2.012s] -- Symlinking: /home/wego/drive_ws/install/grid_map_msgs/share/grid_map_msgs/package.dsv
[2.036s] -- Up-to-date symlink: /home/wego/drive_ws/install/grid_map_msgs/share/ament_index/resource_index/packages/grid_map_msgs
[2.037s] -- Up-to-date symlink: /home/wego/drive_ws/install/grid_map_msgs/share/grid_map_msgs/cmake/rosidl_cmake-extras.cmake
[2.037s] -- Up-to-date symlink: /home/wego/drive_ws/install/grid_map_msgs/share/grid_map_msgs/cmake/ament_cmake_export_dependencies-extras.cmake
[2.037s] -- Up-to-date symlink: /home/wego/drive_ws/install/grid_map_msgs/share/grid_map_msgs/cmake/ament_cmake_export_include_directories-extras.cmake
[2.038s] -- Up-to-date symlink: /home/wego/drive_ws/install/grid_map_msgs/share/grid_map_msgs/cmake/ament_cmake_export_libraries-extras.cmake
[2.038s] -- Up-to-date symlink: /home/wego/drive_ws/install/grid_map_msgs/share/grid_map_msgs/cmake/ament_cmake_export_targets-extras.cmake
[2.038s] -- Up-to-date symlink: /home/wego/drive_ws/install/grid_map_msgs/share/grid_map_msgs/cmake/rosidl_cmake_export_typesupport_targets-extras.cmake
[2.038s] -- Up-to-date symlink: /home/wego/drive_ws/install/grid_map_msgs/share/grid_map_msgs/cmake/rosidl_cmake_export_typesupport_libraries-extras.cmake
[2.038s] -- Up-to-date symlink: /home/wego/drive_ws/install/grid_map_msgs/share/grid_map_msgs/cmake/grid_map_msgsConfig.cmake
[2.039s] -- Up-to-date symlink: /home/wego/drive_ws/install/grid_map_msgs/share/grid_map_msgs/cmake/grid_map_msgsConfig-version.cmake
[2.039s] -- Up-to-date symlink: /home/wego/drive_ws/install/grid_map_msgs/share/grid_map_msgs/package.xml
[2.039s] -- Up-to-date: /home/wego/drive_ws/install/grid_map_msgs/lib/libgrid_map_msgs__rosidl_generator_c.so
[2.040s] -- Up-to-date: /home/wego/drive_ws/install/grid_map_msgs/lib/libgrid_map_msgs__rosidl_typesupport_fastrtps_c.so
[2.041s] -- Up-to-date: /home/wego/drive_ws/install/grid_map_msgs/lib/libgrid_map_msgs__rosidl_typesupport_fastrtps_cpp.so
[2.041s] -- Up-to-date: /home/wego/drive_ws/install/grid_map_msgs/lib/libgrid_map_msgs__rosidl_typesupport_introspection_c.so
[2.041s] -- Up-to-date: /home/wego/drive_ws/install/grid_map_msgs/lib/libgrid_map_msgs__rosidl_typesupport_c.so
[2.042s] -- Up-to-date: /home/wego/drive_ws/install/grid_map_msgs/lib/libgrid_map_msgs__rosidl_typesupport_introspection_cpp.so
[2.042s] -- Up-to-date: /home/wego/drive_ws/install/grid_map_msgs/lib/libgrid_map_msgs__rosidl_typesupport_cpp.so
[2.136s] Listing '/home/wego/drive_ws/install/grid_map_msgs/local/lib/python3.10/dist-packages/grid_map_msgs'...
[2.137s] Listing '/home/wego/drive_ws/install/grid_map_msgs/local/lib/python3.10/dist-packages/grid_map_msgs/msg'...
[2.137s] Listing '/home/wego/drive_ws/install/grid_map_msgs/local/lib/python3.10/dist-packages/grid_map_msgs/srv'...
[2.151s] -- Up-to-date: /home/wego/drive_ws/install/grid_map_msgs/lib/libgrid_map_msgs__rosidl_generator_py.so
[2.154s] -- Up-to-date: /home/wego/drive_ws/install/grid_map_msgs/share/grid_map_msgs/cmake/export_grid_map_msgs__rosidl_generator_cExport.cmake
[2.154s] -- Up-to-date: /home/wego/drive_ws/install/grid_map_msgs/share/grid_map_msgs/cmake/export_grid_map_msgs__rosidl_generator_cExport-release.cmake
[2.154s] -- Up-to-date: /home/wego/drive_ws/install/grid_map_msgs/share/grid_map_msgs/cmake/export_grid_map_msgs__rosidl_typesupport_fastrtps_cExport.cmake
[2.155s] -- Up-to-date: /home/wego/drive_ws/install/grid_map_msgs/share/grid_map_msgs/cmake/export_grid_map_msgs__rosidl_typesupport_fastrtps_cExport-release.cmake
[2.155s] -- Up-to-date: /home/wego/drive_ws/install/grid_map_msgs/share/grid_map_msgs/cmake/export_grid_map_msgs__rosidl_generator_cppExport.cmake
[2.155s] -- Up-to-date: /home/wego/drive_ws/install/grid_map_msgs/share/grid_map_msgs/cmake/export_grid_map_msgs__rosidl_typesupport_fastrtps_cppExport.cmake
[2.155s] -- Up-to-date: /home/wego/drive_ws/install/grid_map_msgs/share/grid_map_msgs/cmake/export_grid_map_msgs__rosidl_typesupport_fastrtps_cppExport-release.cmake
[2.155s] -- Up-to-date: /home/wego/drive_ws/install/grid_map_msgs/share/grid_map_msgs/cmake/grid_map_msgs__rosidl_typesupport_introspection_cExport.cmake
[2.155s] -- Up-to-date: /home/wego/drive_ws/install/grid_map_msgs/share/grid_map_msgs/cmake/grid_map_msgs__rosidl_typesupport_introspection_cExport-release.cmake
[2.155s] -- Up-to-date: /home/wego/drive_ws/install/grid_map_msgs/share/grid_map_msgs/cmake/grid_map_msgs__rosidl_typesupport_cExport.cmake
[2.156s] -- Up-to-date: /home/wego/drive_ws/install/grid_map_msgs/share/grid_map_msgs/cmake/grid_map_msgs__rosidl_typesupport_cExport-release.cmake
[2.156s] -- Up-to-date: /home/wego/drive_ws/install/grid_map_msgs/share/grid_map_msgs/cmake/grid_map_msgs__rosidl_typesupport_introspection_cppExport.cmake
[2.156s] -- Up-to-date: /home/wego/drive_ws/install/grid_map_msgs/share/grid_map_msgs/cmake/grid_map_msgs__rosidl_typesupport_introspection_cppExport-release.cmake
[2.156s] -- Up-to-date: /home/wego/drive_ws/install/grid_map_msgs/share/grid_map_msgs/cmake/grid_map_msgs__rosidl_typesupport_cppExport.cmake
[2.156s] -- Up-to-date: /home/wego/drive_ws/install/grid_map_msgs/share/grid_map_msgs/cmake/grid_map_msgs__rosidl_typesupport_cppExport-release.cmake
[2.156s] -- Up-to-date: /home/wego/drive_ws/install/grid_map_msgs/share/grid_map_msgs/cmake/export_grid_map_msgs__rosidl_generator_pyExport.cmake
[2.156s] -- Up-to-date: /home/wego/drive_ws/install/grid_map_msgs/share/grid_map_msgs/cmake/export_grid_map_msgs__rosidl_generator_pyExport-release.cmake
[2.160s] Invoked command in '/home/wego/drive_ws/build/grid_map_msgs' returned '0': CMAKE_PREFIX_PATH=/home/wego/drive_ws/install/grid_map_cmake_helpers:/home/wego/drive_ws/install/remo_navigation:/home/wego/drive_ws/install/grid_map:/home/wego/drive_ws/install/grid_map_demos:/home/wego/drive_ws/install/grid_map_visualization:/home/wego/drive_ws/install/grid_map_sdf:/home/wego/drive_ws/install/grid_map_rviz_plugin:/home/wego/drive_ws/install/grid_map_pcl:/home/wego/drive_ws/install/grid_map_loader:/home/wego/drive_ws/install/grid_map_filters:/home/wego/drive_ws/install/grid_map_ros:/home/wego/drive_ws/install/grid_map_octomap:/home/wego/drive_ws/install/grid_map_msgs:/home/wego/drive_ws/install/grid_map_cv:/home/wego/drive_ws/install/grid_map_costmap_2d:/home/wego/drive_ws/install/grid_map_core:/home/wego/wego_ws/install/yolo_bringup:/home/wego/wego_ws/install/yolo_msgs:/home/wego/wego_ws/install/ydlidar_ros2_driver:/home/wego/wego_ws/install/wego_msgs:/home/wego/wego_ws/install/wego_2d_nav:/home/wego/wego_ws/install/wego:/home/wego/wego_ws/install/robot_localization:/home/wego/wego_ws/install/orbbec_description:/home/wego/wego_ws/install/orbbec_camera:/home/wego/wego_ws/install/orbbec_camera_msgs:/home/wego/wego_ws/install/nav2_bringup:/home/wego/wego_ws/install/navigation2:/home/wego/wego_ws/install/nav2_smoother:/home/wego/wego_ws/install/nav2_rotation_shim_controller:/home/wego/wego_ws/install/nav2_graceful_controller:/home/wego/wego_ws/install/nav2_dwb_controller:/home/wego/wego_ws/install/nav2_controller:/home/wego/wego_ws/install/dwb_plugins:/home/wego/wego_ws/install/dwb_critics:/home/wego/wego_ws/install/dwb_core:/home/wego/wego_ws/install/nav_2d_utils:/home/wego/wego_ws/install/dwb_msgs:/home/wego/wego_ws/install/nav_2d_msgs:/home/wego/wego_ws/install/nav2_waypoint_follower:/home/wego/wego_ws/install/nav2_theta_star_planner:/home/wego/wego_ws/install/nav2_smac_planner:/home/wego/wego_ws/install/nav2_route:/home/wego/wego_ws/install/nav2_regulated_pure_pursuit_controller:/home/wego/wego_ws/install/nav2_planner:/home/wego/wego_ws/install/nav2_navfn_planner:/home/wego/wego_ws/install/nav2_mppi_controller:/home/wego/wego_ws/install/nav2_constrained_smoother:/home/wego/wego_ws/install/nav2_bt_navigator:/home/wego/wego_ws/install/nav2_behaviors:/home/wego/wego_ws/install/nav2_core:/home/wego/wego_ws/install/nav2_collision_monitor:/home/wego/wego_ws/install/costmap_queue:/home/wego/wego_ws/install/nav2_costmap_2d:/home/wego/wego_ws/install/nav2_voxel_grid:/home/wego/wego_ws/install/nav2_velocity_smoother:/home/wego/wego_ws/install/nav2_rviz_plugins:/home/wego/wego_ws/install/nav2_map_server:/home/wego/wego_ws/install/nav2_lifecycle_manager:/home/wego/wego_ws/install/nav2_behavior_tree:/home/wego/wego_ws/install/nav2_amcl:/home/wego/wego_ws/install/nav2_util:/home/wego/wego_ws/install/nav2_msgs:/home/wego/wego_ws/install/nav2_common:/home/wego/wego_ws/install/limo_base:/home/wego/wego_ws/install/limo_msgs:/home/wego/wego_ws/install/limo_description:/home/wego/wego_ws/install/lift_ctr:/home/wego/wego_ws/install/dl_ros2_msgs:/home/wego/drive_ws/install/terrain_analysis:/home/wego/wego_ws/install/yolo_ros:/home/wego/wego_ws/install/limo_ros2_application:/home/wego/wego_ws/install/nav2_simple_commander:/home/wego/wego_ws/install/dl_ros2_application:/opt/ros/humble /usr/bin/cmake --install /home/wego/drive_ws/build/grid_map_msgs
