[0.054s] Invoking command in '/home/wego/drive_ws/build/grid_map_pcl': AMENT_PREFIX_PATH=/home/wego/drive_ws/install/grid_map_ros:/home/wego/drive_ws/install/grid_map_cv:/home/wego/drive_ws/install/grid_map_msgs:/home/wego/drive_ws/install/grid_map_core:/home/wego/drive_ws/install/grid_map_cmake_helpers:${AMENT_PREFIX_PATH} CMAKE_PREFIX_PATH=/home/wego/drive_ws/install/grid_map_ros:/home/wego/drive_ws/install/grid_map_cv:/home/wego/drive_ws/install/grid_map_msgs:/home/wego/drive_ws/install/grid_map_core:/home/wego/drive_ws/install/grid_map_cmake_helpers:/home/wego/wego_ws/install/yolo_bringup:/home/wego/wego_ws/install/yolo_msgs:/home/wego/wego_ws/install/ydlidar_ros2_driver:/home/wego/wego_ws/install/wego_msgs:/home/wego/wego_ws/install/wego_2d_nav:/home/wego/wego_ws/install/wego:/home/wego/wego_ws/install/robot_localization:/home/wego/wego_ws/install/orbbec_description:/home/wego/wego_ws/install/orbbec_camera:/home/wego/wego_ws/install/orbbec_camera_msgs:/home/wego/wego_ws/install/nav2_bringup:/home/wego/wego_ws/install/navigation2:/home/wego/wego_ws/install/nav2_smoother:/home/wego/wego_ws/install/nav2_rotation_shim_controller:/home/wego/wego_ws/install/nav2_graceful_controller:/home/wego/wego_ws/install/nav2_dwb_controller:/home/wego/wego_ws/install/nav2_controller:/home/wego/wego_ws/install/dwb_plugins:/home/wego/wego_ws/install/dwb_critics:/home/wego/wego_ws/install/dwb_core:/home/wego/wego_ws/install/nav_2d_utils:/home/wego/wego_ws/install/dwb_msgs:/home/wego/wego_ws/install/nav_2d_msgs:/home/wego/wego_ws/install/nav2_waypoint_follower:/home/wego/wego_ws/install/nav2_theta_star_planner:/home/wego/wego_ws/install/nav2_smac_planner:/home/wego/wego_ws/install/nav2_route:/home/wego/wego_ws/install/nav2_regulated_pure_pursuit_controller:/home/wego/wego_ws/install/nav2_planner:/home/wego/wego_ws/install/nav2_navfn_planner:/home/wego/wego_ws/install/nav2_mppi_controller:/home/wego/wego_ws/install/nav2_constrained_smoother:/home/wego/wego_ws/install/nav2_bt_navigator:/home/wego/wego_ws/install/nav2_behaviors:/home/wego/wego_ws/install/nav2_core:/home/wego/wego_ws/install/nav2_collision_monitor:/home/wego/wego_ws/install/costmap_queue:/home/wego/wego_ws/install/nav2_costmap_2d:/home/wego/wego_ws/install/nav2_voxel_grid:/home/wego/wego_ws/install/nav2_velocity_smoother:/home/wego/wego_ws/install/nav2_rviz_plugins:/home/wego/wego_ws/install/nav2_map_server:/home/wego/wego_ws/install/nav2_lifecycle_manager:/home/wego/wego_ws/install/nav2_behavior_tree:/home/wego/wego_ws/install/nav2_amcl:/home/wego/wego_ws/install/nav2_util:/home/wego/wego_ws/install/nav2_msgs:/home/wego/wego_ws/install/nav2_common:/home/wego/wego_ws/install/limo_base:/home/wego/wego_ws/install/limo_msgs:/home/wego/wego_ws/install/limo_description:/home/wego/wego_ws/install/lift_ctr:/home/wego/wego_ws/install/dl_ros2_msgs:/home/wego/wego_ws/install/yolo_ros:/home/wego/wego_ws/install/limo_ros2_application:/home/wego/wego_ws/install/nav2_simple_commander:/home/wego/wego_ws/install/dl_ros2_application:/opt/ros/humble LD_LIBRARY_PATH=/home/wego/drive_ws/install/grid_map_ros/lib:/home/wego/drive_ws/install/grid_map_cv/lib:/home/wego/drive_ws/install/grid_map_msgs/lib:/home/wego/drive_ws/install/grid_map_core/lib:/usr/lib/aarch64-linux-gnu:/usr/lib/aarch64-linux-gnu/nvidia:/usr/lib/aarch64-linux-gnu:/usr/lib/aarch64-linux-gnu/nvidia:/opt/ros/humble/lib:/usr/lib/aarch64-linux-gnu:/home/wego/wego_ws/install/yolo_msgs/lib:/home/wego/wego_ws/install/wego_msgs/lib:/home/wego/wego_ws/install/robot_localization/lib:/home/wego/wego_ws/install/orbbec_camera/lib:/home/wego/wego_ws/install/orbbec_camera_msgs/lib:/home/wego/wego_ws/install/nav2_smoother/lib:/home/wego/wego_ws/install/nav2_rotation_shim_controller/lib:/home/wego/wego_ws/install/nav2_graceful_controller/lib:/home/wego/wego_ws/install/nav2_controller/lib:/home/wego/wego_ws/install/dwb_plugins/lib:/home/wego/wego_ws/install/dwb_critics/lib:/home/wego/wego_ws/install/dwb_core/lib:/home/wego/wego_ws/install/nav_2d_utils/lib:/home/wego/wego_ws/install/dwb_msgs/lib:/home/wego/wego_ws/install/nav_2d_msgs/lib:/home/wego/wego_ws/install/nav2_waypoint_follower/lib:/home/wego/wego_ws/install/nav2_theta_star_planner/lib:/home/wego/wego_ws/install/nav2_smac_planner/lib:/home/wego/wego_ws/install/nav2_route/lib:/home/wego/wego_ws/install/nav2_regulated_pure_pursuit_controller/lib:/home/wego/wego_ws/install/nav2_planner/lib:/home/wego/wego_ws/install/nav2_navfn_planner/lib:/home/wego/wego_ws/install/nav2_mppi_controller/lib:/home/wego/wego_ws/install/nav2_constrained_smoother/lib:/home/wego/wego_ws/install/nav2_bt_navigator/lib:/home/wego/wego_ws/install/nav2_behaviors/lib:/home/wego/wego_ws/install/nav2_collision_monitor/lib:/home/wego/wego_ws/install/costmap_queue/lib:/home/wego/wego_ws/install/nav2_costmap_2d/lib:/home/wego/wego_ws/install/nav2_voxel_grid/lib:/home/wego/wego_ws/install/nav2_velocity_smoother/lib:/home/wego/wego_ws/install/nav2_rviz_plugins/lib:/home/wego/wego_ws/install/nav2_map_server/lib:/home/wego/wego_ws/install/nav2_lifecycle_manager/lib:/home/wego/wego_ws/install/nav2_behavior_tree/lib:/home/wego/wego_ws/install/nav2_amcl/lib:/home/wego/wego_ws/install/nav2_util/lib:/home/wego/wego_ws/install/nav2_msgs/lib:/home/wego/wego_ws/install/limo_msgs/lib:/home/wego/wego_ws/install/dl_ros2_msgs/lib:/opt/ros/humble/opt/rviz_ogre_vendor/lib:/opt/ros/humble/lib/aarch64-linux-gnu:/opt/ros/humble/lib:/usr/local/cuda-12.6/lib64:/usr/local/TensorRT-10.3.0.26/lib PYTHONPATH=/home/wego/drive_ws/install/grid_map_msgs/local/lib/python3.10/dist-packages:${PYTHONPATH} /usr/bin/cmake /home/wego/drive_ws/src/grid_map/grid_map_pcl -DAMENT_CMAKE_SYMLINK_INSTALL=1 -DCMAKE_INSTALL_PREFIX=/home/wego/drive_ws/install/grid_map_pcl
[0.199s] -- The C compiler identification is GNU 11.4.0
[0.322s] -- The CXX compiler identification is GNU 11.4.0
[0.336s] -- Detecting C compiler ABI info
[0.488s] -- Detecting C compiler ABI info - done
[0.504s] -- Check for working C compiler: /usr/bin/cc - skipped
[0.505s] -- Detecting C compile features
[0.505s] -- Detecting C compile features - done
[0.509s] -- Detecting CXX compiler ABI info
[0.671s] -- Detecting CXX compiler ABI info - done
[0.686s] -- Check for working CXX compiler: /usr/bin/c++ - skipped
[0.687s] -- Detecting CXX compile features
[0.688s] -- Detecting CXX compile features - done
[0.706s] -- Found ament_cmake: 1.3.12 (/opt/ros/humble/share/ament_cmake/cmake)
[1.136s] -- Found Python3: /usr/bin/python3 (found version "3.10.12") found components: Interpreter 
[1.314s] -- Override CMake install command with custom implementation using symlinks instead of copying resources
[1.508s] -- Found grid_map_cmake_helpers: 2.4.0 (/home/wego/drive_ws/install/grid_map_cmake_helpers/share/grid_map_cmake_helpers/cmake)
[1.511s] -- Found grid_map_core: 2.4.0 (/home/wego/drive_ws/install/grid_map_core/share/grid_map_core/cmake)
[1.539s] -- Found grid_map_msgs: 2.4.0 (/home/wego/drive_ws/install/grid_map_msgs/share/grid_map_msgs/cmake)
[1.726s] -- Found rosidl_generator_c: 3.1.7 (/opt/ros/humble/share/rosidl_generator_c/cmake)
[1.757s] -- Found rosidl_adapter: 3.1.7 (/opt/ros/humble/share/rosidl_adapter/cmake)
[1.795s] -- Found rosidl_generator_cpp: 3.1.7 (/opt/ros/humble/share/rosidl_generator_cpp/cmake)
[1.848s] -- Using all available rosidl_typesupport_c: rosidl_typesupport_fastrtps_c;rosidl_typesupport_introspection_c
[1.917s] -- Using all available rosidl_typesupport_cpp: rosidl_typesupport_fastrtps_cpp;rosidl_typesupport_introspection_cpp
[2.062s] -- Found grid_map_ros: 2.4.0 (/home/wego/drive_ws/install/grid_map_ros/share/grid_map_ros/cmake)
[2.527s] -- Found rmw_implementation_cmake: 6.1.2 (/opt/ros/humble/share/rmw_implementation_cmake/cmake)
[2.549s] -- Found rmw_fastrtps_cpp: 6.2.9 (/opt/ros/humble/share/rmw_fastrtps_cpp/cmake)
[2.663s] -- Found TinyXML2 via Config file: TinyXML2_DIR-NOTFOUND
[2.792s] -- Found OpenSSL: /usr/lib/aarch64-linux-gnu/libcrypto.so (found version "3.0.2")  
[2.798s] -- Found TinyXML2 via Config file: TinyXML2_DIR-NOTFOUND
[2.838s] -- Found FastRTPS: /opt/ros/humble/include  
[2.845s] -- Found TinyXML2 via Config file: TinyXML2_DIR-NOTFOUND
[2.863s] -- Found TinyXML2 via Config file: TinyXML2_DIR-NOTFOUND
[2.897s] -- Using RMW implementation 'rmw_fastrtps_cpp' as default
[2.951s] -- Looking for pthread.h
[3.095s] -- Looking for pthread.h - found
[3.096s] -- Performing Test CMAKE_HAVE_LIBC_PTHREAD
[3.243s] -- Performing Test CMAKE_HAVE_LIBC_PTHREAD - Success
[3.245s] -- Found Threads: TRUE  
[3.735s] -- Checking for module 'eigen3'
[3.770s] --   Found eigen3, version 3.4.0
[3.839s] -- Found Eigen: /usr/include/eigen3 (Required is at least version "3.1") 
[3.839s] -- Eigen found (include: /usr/include/eigen3, version: 3.4.0)
[3.930s] -- Found Boost: /usr/lib/aarch64-linux-gnu/cmake/Boost-1.74.0/BoostConfig.cmake (found suitable version "1.74.0", minimum required is "1.65.0") found components: system filesystem date_time iostreams serialization 
[3.979s] -- Checking for module 'flann'
[4.017s] --   Found flann, version 1.9.1
[4.102s] -- Found FLANN: /usr/lib/aarch64-linux-gnu/libflann_cpp.so  
[4.102s] -- FLANN found (include: /usr/include, lib: /usr/lib/aarch64-linux-gnu/libflann_cpp.so)
[4.177s] -- Found GLEW: /usr/lib/aarch64-linux-gnu/libGLEW.so  
[4.198s] -- Found OpenGL: /usr/lib/aarch64-linux-gnu/libOpenGL.so  found components: OpenGL GLX 
[4.528s] -- Found MPI_C: /usr/lib/aarch64-linux-gnu/libmpi.so (found version "3.1") 
[4.528s] -- Found MPI: TRUE (found version "3.1") found components: C 
[4.540s] -- Found JsonCpp: /usr/lib/aarch64-linux-gnu/libjsoncpp.so (found suitable version "1.9.5", minimum required is "0.7.0") 
[4.592s] -- Found ZLIB: /usr/lib/aarch64-linux-gnu/libz.so (found version "1.2.11") 
[4.669s] -- Found PNG: /usr/lib/aarch64-linux-gnu/libpng.so (found version "1.6.37") 
[4.732s] -- Found Eigen3: /usr/include/eigen3 (found version "3.4.0") 
[5.468s] -- Found X11: /usr/include   
[5.468s] -- Looking for XOpenDisplay in /usr/lib/aarch64-linux-gnu/libX11.so;/usr/lib/aarch64-linux-gnu/libXext.so
[5.908s] -- Looking for XOpenDisplay in /usr/lib/aarch64-linux-gnu/libX11.so;/usr/lib/aarch64-linux-gnu/libXext.so - found
[5.909s] -- Looking for gethostbyname
[6.302s] -- Looking for gethostbyname - found
[6.307s] -- Looking for connect
[6.683s] -- Looking for connect - found
[6.683s] -- Looking for remove
[7.089s] -- Looking for remove - found
[7.090s] -- Looking for shmat
[7.503s] -- Looking for shmat - found
[7.504s] -- Looking for IceConnectionNumber in ICE
[7.940s] -- Looking for IceConnectionNumber in ICE - found
[8.570s] -- Found EXPAT: /usr/lib/aarch64-linux-gnu/libexpat.so (found version "2.4.7") 
[8.588s] -- Found double-conversion: /usr/lib/aarch64-linux-gnu/libdouble-conversion.so  
[8.602s] -- Found LZ4: /usr/lib/aarch64-linux-gnu/liblz4.so (found version "1.9.3") 
[8.636s] -- Found LZMA: /usr/lib/aarch64-linux-gnu/liblzma.so (found version "5.2.5") 
[8.788s] -- Found JPEG: /usr/lib/aarch64-linux-gnu/libjpeg.so (found version "80") 
[8.852s] -- Found TIFF: /usr/lib/aarch64-linux-gnu/libtiff.so (found version "4.3.0")  
[8.860s] -- Found Freetype: /usr/lib/aarch64-linux-gnu/libfreetype.so (found version "2.11.1") 
[8.898s] -- Found utf8cpp: /usr/include/utf8cpp  
[9.633s] -- Checking for module 'libusb-1.0'
[9.808s] --   Found libusb-1.0, version 1.0.25
[10.248s] -- Found libusb: /usr/lib/aarch64-linux-gnu/libusb-1.0.so  
[10.261s] -- Found OpenNI: /usr/lib/libOpenNI.so;libusb::libusb (found version "1.5.4.0") 
[10.261s] -- OpenNI found (version: 1.5.4.0, include: /usr/include/ni, lib: /usr/lib/libOpenNI.so;libusb::libusb)
[10.826s] -- Found OpenNI2: /usr/lib/aarch64-linux-gnu/libOpenNI2.so;libusb::libusb (found version "2.2.0.33") 
[10.826s] -- OpenNI2 found (version: 2.2.0.33, include: /usr/include/openni2, lib: /usr/lib/aarch64-linux-gnu/libOpenNI2.so;libusb::libusb)
[10.826s] [0m** WARNING ** io features related to pcap will be disabled[0m
[12.090s] -- Eigen found (include: /usr/include/eigen3, version: 3.4.0)
[12.135s] -- OpenNI found (version: 1.5.4.0, include: /usr/include/ni, lib: /usr/lib/libOpenNI.so;libusb::libusb)
[12.176s] -- OpenNI2 found (version: 2.2.0.33, include: /usr/include/openni2, lib: /usr/lib/aarch64-linux-gnu/libOpenNI2.so;libusb::libusb)
[13.550s] -- Found Qhull version 8.0.2
[14.922s] -- OpenNI found (version: 1.5.4.0, include: /usr/include/ni, lib: /usr/lib/libOpenNI.so;libusb::libusb)
[16.153s] -- looking for PCL_COMMON
[16.155s] -- Found PCL_COMMON: /usr/lib/aarch64-linux-gnu/libpcl_common.so  
[16.156s] -- looking for PCL_KDTREE
[16.157s] -- Found PCL_KDTREE: /usr/lib/aarch64-linux-gnu/libpcl_kdtree.so  
[16.158s] -- looking for PCL_OCTREE
[16.159s] -- Found PCL_OCTREE: /usr/lib/aarch64-linux-gnu/libpcl_octree.so  
[16.160s] -- looking for PCL_SEARCH
[16.161s] -- Found PCL_SEARCH: /usr/lib/aarch64-linux-gnu/libpcl_search.so  
[16.161s] -- looking for PCL_SAMPLE_CONSENSUS
[16.163s] -- Found PCL_SAMPLE_CONSENSUS: /usr/lib/aarch64-linux-gnu/libpcl_sample_consensus.so  
[16.163s] -- looking for PCL_FILTERS
[16.165s] -- Found PCL_FILTERS: /usr/lib/aarch64-linux-gnu/libpcl_filters.so  
[16.165s] -- looking for PCL_2D
[16.166s] -- Found PCL_2D: /usr/include/pcl-1.12  
[16.166s] -- looking for PCL_GEOMETRY
[16.166s] -- Found PCL_GEOMETRY: /usr/include/pcl-1.12  
[16.167s] -- looking for PCL_IO
[16.168s] -- Found PCL_IO: /usr/lib/aarch64-linux-gnu/libpcl_io.so  
[16.169s] -- looking for PCL_FEATURES
[16.170s] -- Found PCL_FEATURES: /usr/lib/aarch64-linux-gnu/libpcl_features.so  
[16.171s] -- looking for PCL_ML
[16.173s] -- Found PCL_ML: /usr/lib/aarch64-linux-gnu/libpcl_ml.so  
[16.173s] -- looking for PCL_SEGMENTATION
[16.174s] -- Found PCL_SEGMENTATION: /usr/lib/aarch64-linux-gnu/libpcl_segmentation.so  
[16.175s] -- looking for PCL_VISUALIZATION
[16.176s] -- Found PCL_VISUALIZATION: /usr/lib/aarch64-linux-gnu/libpcl_visualization.so  
[16.177s] -- looking for PCL_SURFACE
[16.178s] -- Found PCL_SURFACE: /usr/lib/aarch64-linux-gnu/libpcl_surface.so  
[16.179s] -- looking for PCL_REGISTRATION
[16.180s] -- Found PCL_REGISTRATION: /usr/lib/aarch64-linux-gnu/libpcl_registration.so  
[16.181s] -- looking for PCL_KEYPOINTS
[16.182s] -- Found PCL_KEYPOINTS: /usr/lib/aarch64-linux-gnu/libpcl_keypoints.so  
[16.183s] -- looking for PCL_TRACKING
[16.184s] -- Found PCL_TRACKING: /usr/lib/aarch64-linux-gnu/libpcl_tracking.so  
[16.185s] -- looking for PCL_RECOGNITION
[16.186s] -- Found PCL_RECOGNITION: /usr/lib/aarch64-linux-gnu/libpcl_recognition.so  
[16.187s] -- looking for PCL_STEREO
[16.188s] -- Found PCL_STEREO: /usr/lib/aarch64-linux-gnu/libpcl_stereo.so  
[16.189s] -- looking for PCL_APPS
[16.190s] -- Found PCL_APPS: /usr/lib/aarch64-linux-gnu/libpcl_apps.so  
[16.192s] -- looking for PCL_IN_HAND_SCANNER
[16.192s] -- Found PCL_IN_HAND_SCANNER: /usr/include/pcl-1.12  
[16.192s] -- looking for PCL_MODELER
[16.193s] -- Found PCL_MODELER: /usr/include/pcl-1.12  
[16.193s] -- looking for PCL_POINT_CLOUD_EDITOR
[16.195s] -- Found PCL_POINT_CLOUD_EDITOR: /usr/include/pcl-1.12  
[16.195s] -- looking for PCL_OUTOFCORE
[16.198s] -- Found PCL_OUTOFCORE: /usr/lib/aarch64-linux-gnu/libpcl_outofcore.so  
[16.199s] -- looking for PCL_PEOPLE
[16.200s] -- Found PCL_PEOPLE: /usr/lib/aarch64-linux-gnu/libpcl_people.so  
[16.202s] -- Found PCL: pcl_common;pcl_kdtree;pcl_octree;pcl_search;pcl_sample_consensus;pcl_filters;pcl_io;pcl_features;pcl_ml;pcl_segmentation;pcl_visualization;pcl_surface;pcl_registration;pcl_keypoints;pcl_tracking;pcl_recognition;pcl_stereo;pcl_apps;pcl_outofcore;pcl_people;Boost::system;Boost::filesystem;Boost::date_time;Boost::iostreams;Boost::serialization;/usr/lib/libOpenNI.so;libusb::libusb;/usr/lib/aarch64-linux-gnu/libOpenNI2.so;libusb::libusb;VTK::ChartsCore;VTK::CommonColor;VTK::CommonComputationalGeometry;VTK::CommonCore;VTK::CommonDataModel;VTK::CommonExecutionModel;VTK::CommonMath;VTK::CommonMisc;VTK::CommonTransforms;VTK::FiltersCore;VTK::FiltersExtraction;VTK::FiltersGeneral;VTK::FiltersGeometry;VTK::FiltersModeling;VTK::FiltersSources;VTK::ImagingCore;VTK::ImagingSources;VTK::InteractionImage;VTK::InteractionStyle;VTK::InteractionWidgets;VTK::IOCore;VTK::IOGeometry;VTK::IOImage;VTK::IOLegacy;VTK::IOPLY;VTK::RenderingAnnotation;VTK::RenderingCore;VTK::RenderingContext2D;VTK::RenderingLOD;VTK::RenderingFreeType;VTK::ViewsCore;VTK::ViewsContext2D;VTK::RenderingOpenGL2;VTK::GUISupportQt;FLANN::FLANN;QHULL::QHULL  
[18.389s] -- Setting build type to Release as none was specified.
[18.727s] -- Found ament_lint_auto: 0.12.14 (/opt/ros/humble/share/ament_lint_auto/cmake)
[20.214s] -- Found gtest sources under '/opt/ros/humble/src/gtest_vendor': C++ tests using 'Google Test' will be built
[20.300s] -- Added test 'cppcheck' to perform static code analysis on C / C++ code
[20.301s] -- Configured cppcheck include dirs: /home/wego/drive_ws/src/grid_map/grid_map_pcl/include
[20.301s] -- Configured cppcheck exclude dirs and/or files: 
[20.323s] -- Added test 'flake8' to check Python code syntax and style conventions
[20.352s] -- Added test 'lint_cmake' to check CMake code style
[20.357s] -- Added test 'pep257' to check Python code against some of the docstring style conventions in PEP 257
[20.393s] -- Added test 'uncrustify' to check C / C++ code style
[20.393s] -- Configured uncrustify additional arguments: 
[20.425s] -- Added test 'xmllint' to check XML markup files
[20.466s] -- Configuring done
[21.561s] -- Generating done
[21.817s] -- Build files have been written to: /home/wego/drive_ws/build/grid_map_pcl
[22.108s] Invoked command in '/home/wego/drive_ws/build/grid_map_pcl' returned '0': AMENT_PREFIX_PATH=/home/wego/drive_ws/install/grid_map_ros:/home/wego/drive_ws/install/grid_map_cv:/home/wego/drive_ws/install/grid_map_msgs:/home/wego/drive_ws/install/grid_map_core:/home/wego/drive_ws/install/grid_map_cmake_helpers:${AMENT_PREFIX_PATH} CMAKE_PREFIX_PATH=/home/wego/drive_ws/install/grid_map_ros:/home/wego/drive_ws/install/grid_map_cv:/home/wego/drive_ws/install/grid_map_msgs:/home/wego/drive_ws/install/grid_map_core:/home/wego/drive_ws/install/grid_map_cmake_helpers:/home/wego/wego_ws/install/yolo_bringup:/home/wego/wego_ws/install/yolo_msgs:/home/wego/wego_ws/install/ydlidar_ros2_driver:/home/wego/wego_ws/install/wego_msgs:/home/wego/wego_ws/install/wego_2d_nav:/home/wego/wego_ws/install/wego:/home/wego/wego_ws/install/robot_localization:/home/wego/wego_ws/install/orbbec_description:/home/wego/wego_ws/install/orbbec_camera:/home/wego/wego_ws/install/orbbec_camera_msgs:/home/wego/wego_ws/install/nav2_bringup:/home/wego/wego_ws/install/navigation2:/home/wego/wego_ws/install/nav2_smoother:/home/wego/wego_ws/install/nav2_rotation_shim_controller:/home/wego/wego_ws/install/nav2_graceful_controller:/home/wego/wego_ws/install/nav2_dwb_controller:/home/wego/wego_ws/install/nav2_controller:/home/wego/wego_ws/install/dwb_plugins:/home/wego/wego_ws/install/dwb_critics:/home/wego/wego_ws/install/dwb_core:/home/wego/wego_ws/install/nav_2d_utils:/home/wego/wego_ws/install/dwb_msgs:/home/wego/wego_ws/install/nav_2d_msgs:/home/wego/wego_ws/install/nav2_waypoint_follower:/home/wego/wego_ws/install/nav2_theta_star_planner:/home/wego/wego_ws/install/nav2_smac_planner:/home/wego/wego_ws/install/nav2_route:/home/wego/wego_ws/install/nav2_regulated_pure_pursuit_controller:/home/wego/wego_ws/install/nav2_planner:/home/wego/wego_ws/install/nav2_navfn_planner:/home/wego/wego_ws/install/nav2_mppi_controller:/home/wego/wego_ws/install/nav2_constrained_smoother:/home/wego/wego_ws/install/nav2_bt_navigator:/home/wego/wego_ws/install/nav2_behaviors:/home/wego/wego_ws/install/nav2_core:/home/wego/wego_ws/install/nav2_collision_monitor:/home/wego/wego_ws/install/costmap_queue:/home/wego/wego_ws/install/nav2_costmap_2d:/home/wego/wego_ws/install/nav2_voxel_grid:/home/wego/wego_ws/install/nav2_velocity_smoother:/home/wego/wego_ws/install/nav2_rviz_plugins:/home/wego/wego_ws/install/nav2_map_server:/home/wego/wego_ws/install/nav2_lifecycle_manager:/home/wego/wego_ws/install/nav2_behavior_tree:/home/wego/wego_ws/install/nav2_amcl:/home/wego/wego_ws/install/nav2_util:/home/wego/wego_ws/install/nav2_msgs:/home/wego/wego_ws/install/nav2_common:/home/wego/wego_ws/install/limo_base:/home/wego/wego_ws/install/limo_msgs:/home/wego/wego_ws/install/limo_description:/home/wego/wego_ws/install/lift_ctr:/home/wego/wego_ws/install/dl_ros2_msgs:/home/wego/wego_ws/install/yolo_ros:/home/wego/wego_ws/install/limo_ros2_application:/home/wego/wego_ws/install/nav2_simple_commander:/home/wego/wego_ws/install/dl_ros2_application:/opt/ros/humble LD_LIBRARY_PATH=/home/wego/drive_ws/install/grid_map_ros/lib:/home/wego/drive_ws/install/grid_map_cv/lib:/home/wego/drive_ws/install/grid_map_msgs/lib:/home/wego/drive_ws/install/grid_map_core/lib:/usr/lib/aarch64-linux-gnu:/usr/lib/aarch64-linux-gnu/nvidia:/usr/lib/aarch64-linux-gnu:/usr/lib/aarch64-linux-gnu/nvidia:/opt/ros/humble/lib:/usr/lib/aarch64-linux-gnu:/home/wego/wego_ws/install/yolo_msgs/lib:/home/wego/wego_ws/install/wego_msgs/lib:/home/wego/wego_ws/install/robot_localization/lib:/home/wego/wego_ws/install/orbbec_camera/lib:/home/wego/wego_ws/install/orbbec_camera_msgs/lib:/home/wego/wego_ws/install/nav2_smoother/lib:/home/wego/wego_ws/install/nav2_rotation_shim_controller/lib:/home/wego/wego_ws/install/nav2_graceful_controller/lib:/home/wego/wego_ws/install/nav2_controller/lib:/home/wego/wego_ws/install/dwb_plugins/lib:/home/wego/wego_ws/install/dwb_critics/lib:/home/wego/wego_ws/install/dwb_core/lib:/home/wego/wego_ws/install/nav_2d_utils/lib:/home/wego/wego_ws/install/dwb_msgs/lib:/home/wego/wego_ws/install/nav_2d_msgs/lib:/home/wego/wego_ws/install/nav2_waypoint_follower/lib:/home/wego/wego_ws/install/nav2_theta_star_planner/lib:/home/wego/wego_ws/install/nav2_smac_planner/lib:/home/wego/wego_ws/install/nav2_route/lib:/home/wego/wego_ws/install/nav2_regulated_pure_pursuit_controller/lib:/home/wego/wego_ws/install/nav2_planner/lib:/home/wego/wego_ws/install/nav2_navfn_planner/lib:/home/wego/wego_ws/install/nav2_mppi_controller/lib:/home/wego/wego_ws/install/nav2_constrained_smoother/lib:/home/wego/wego_ws/install/nav2_bt_navigator/lib:/home/wego/wego_ws/install/nav2_behaviors/lib:/home/wego/wego_ws/install/nav2_collision_monitor/lib:/home/wego/wego_ws/install/costmap_queue/lib:/home/wego/wego_ws/install/nav2_costmap_2d/lib:/home/wego/wego_ws/install/nav2_voxel_grid/lib:/home/wego/wego_ws/install/nav2_velocity_smoother/lib:/home/wego/wego_ws/install/nav2_rviz_plugins/lib:/home/wego/wego_ws/install/nav2_map_server/lib:/home/wego/wego_ws/install/nav2_lifecycle_manager/lib:/home/wego/wego_ws/install/nav2_behavior_tree/lib:/home/wego/wego_ws/install/nav2_amcl/lib:/home/wego/wego_ws/install/nav2_util/lib:/home/wego/wego_ws/install/nav2_msgs/lib:/home/wego/wego_ws/install/limo_msgs/lib:/home/wego/wego_ws/install/dl_ros2_msgs/lib:/opt/ros/humble/opt/rviz_ogre_vendor/lib:/opt/ros/humble/lib/aarch64-linux-gnu:/opt/ros/humble/lib:/usr/local/cuda-12.6/lib64:/usr/local/TensorRT-10.3.0.26/lib PYTHONPATH=/home/wego/drive_ws/install/grid_map_msgs/local/lib/python3.10/dist-packages:${PYTHONPATH} /usr/bin/cmake /home/wego/drive_ws/src/grid_map/grid_map_pcl -DAMENT_CMAKE_SYMLINK_INSTALL=1 -DCMAKE_INSTALL_PREFIX=/home/wego/drive_ws/install/grid_map_pcl
[22.110s] Invoking command in '/home/wego/drive_ws/build/grid_map_pcl': AMENT_PREFIX_PATH=/home/wego/drive_ws/install/grid_map_ros:/home/wego/drive_ws/install/grid_map_cv:/home/wego/drive_ws/install/grid_map_msgs:/home/wego/drive_ws/install/grid_map_core:/home/wego/drive_ws/install/grid_map_cmake_helpers:${AMENT_PREFIX_PATH} CMAKE_PREFIX_PATH=/home/wego/drive_ws/install/grid_map_ros:/home/wego/drive_ws/install/grid_map_cv:/home/wego/drive_ws/install/grid_map_msgs:/home/wego/drive_ws/install/grid_map_core:/home/wego/drive_ws/install/grid_map_cmake_helpers:/home/wego/wego_ws/install/yolo_bringup:/home/wego/wego_ws/install/yolo_msgs:/home/wego/wego_ws/install/ydlidar_ros2_driver:/home/wego/wego_ws/install/wego_msgs:/home/wego/wego_ws/install/wego_2d_nav:/home/wego/wego_ws/install/wego:/home/wego/wego_ws/install/robot_localization:/home/wego/wego_ws/install/orbbec_description:/home/wego/wego_ws/install/orbbec_camera:/home/wego/wego_ws/install/orbbec_camera_msgs:/home/wego/wego_ws/install/nav2_bringup:/home/wego/wego_ws/install/navigation2:/home/wego/wego_ws/install/nav2_smoother:/home/wego/wego_ws/install/nav2_rotation_shim_controller:/home/wego/wego_ws/install/nav2_graceful_controller:/home/wego/wego_ws/install/nav2_dwb_controller:/home/wego/wego_ws/install/nav2_controller:/home/wego/wego_ws/install/dwb_plugins:/home/wego/wego_ws/install/dwb_critics:/home/wego/wego_ws/install/dwb_core:/home/wego/wego_ws/install/nav_2d_utils:/home/wego/wego_ws/install/dwb_msgs:/home/wego/wego_ws/install/nav_2d_msgs:/home/wego/wego_ws/install/nav2_waypoint_follower:/home/wego/wego_ws/install/nav2_theta_star_planner:/home/wego/wego_ws/install/nav2_smac_planner:/home/wego/wego_ws/install/nav2_route:/home/wego/wego_ws/install/nav2_regulated_pure_pursuit_controller:/home/wego/wego_ws/install/nav2_planner:/home/wego/wego_ws/install/nav2_navfn_planner:/home/wego/wego_ws/install/nav2_mppi_controller:/home/wego/wego_ws/install/nav2_constrained_smoother:/home/wego/wego_ws/install/nav2_bt_navigator:/home/wego/wego_ws/install/nav2_behaviors:/home/wego/wego_ws/install/nav2_core:/home/wego/wego_ws/install/nav2_collision_monitor:/home/wego/wego_ws/install/costmap_queue:/home/wego/wego_ws/install/nav2_costmap_2d:/home/wego/wego_ws/install/nav2_voxel_grid:/home/wego/wego_ws/install/nav2_velocity_smoother:/home/wego/wego_ws/install/nav2_rviz_plugins:/home/wego/wego_ws/install/nav2_map_server:/home/wego/wego_ws/install/nav2_lifecycle_manager:/home/wego/wego_ws/install/nav2_behavior_tree:/home/wego/wego_ws/install/nav2_amcl:/home/wego/wego_ws/install/nav2_util:/home/wego/wego_ws/install/nav2_msgs:/home/wego/wego_ws/install/nav2_common:/home/wego/wego_ws/install/limo_base:/home/wego/wego_ws/install/limo_msgs:/home/wego/wego_ws/install/limo_description:/home/wego/wego_ws/install/lift_ctr:/home/wego/wego_ws/install/dl_ros2_msgs:/home/wego/wego_ws/install/yolo_ros:/home/wego/wego_ws/install/limo_ros2_application:/home/wego/wego_ws/install/nav2_simple_commander:/home/wego/wego_ws/install/dl_ros2_application:/opt/ros/humble LD_LIBRARY_PATH=/home/wego/drive_ws/install/grid_map_ros/lib:/home/wego/drive_ws/install/grid_map_cv/lib:/home/wego/drive_ws/install/grid_map_msgs/lib:/home/wego/drive_ws/install/grid_map_core/lib:/usr/lib/aarch64-linux-gnu:/usr/lib/aarch64-linux-gnu/nvidia:/usr/lib/aarch64-linux-gnu:/usr/lib/aarch64-linux-gnu/nvidia:/opt/ros/humble/lib:/usr/lib/aarch64-linux-gnu:/home/wego/wego_ws/install/yolo_msgs/lib:/home/wego/wego_ws/install/wego_msgs/lib:/home/wego/wego_ws/install/robot_localization/lib:/home/wego/wego_ws/install/orbbec_camera/lib:/home/wego/wego_ws/install/orbbec_camera_msgs/lib:/home/wego/wego_ws/install/nav2_smoother/lib:/home/wego/wego_ws/install/nav2_rotation_shim_controller/lib:/home/wego/wego_ws/install/nav2_graceful_controller/lib:/home/wego/wego_ws/install/nav2_controller/lib:/home/wego/wego_ws/install/dwb_plugins/lib:/home/wego/wego_ws/install/dwb_critics/lib:/home/wego/wego_ws/install/dwb_core/lib:/home/wego/wego_ws/install/nav_2d_utils/lib:/home/wego/wego_ws/install/dwb_msgs/lib:/home/wego/wego_ws/install/nav_2d_msgs/lib:/home/wego/wego_ws/install/nav2_waypoint_follower/lib:/home/wego/wego_ws/install/nav2_theta_star_planner/lib:/home/wego/wego_ws/install/nav2_smac_planner/lib:/home/wego/wego_ws/install/nav2_route/lib:/home/wego/wego_ws/install/nav2_regulated_pure_pursuit_controller/lib:/home/wego/wego_ws/install/nav2_planner/lib:/home/wego/wego_ws/install/nav2_navfn_planner/lib:/home/wego/wego_ws/install/nav2_mppi_controller/lib:/home/wego/wego_ws/install/nav2_constrained_smoother/lib:/home/wego/wego_ws/install/nav2_bt_navigator/lib:/home/wego/wego_ws/install/nav2_behaviors/lib:/home/wego/wego_ws/install/nav2_collision_monitor/lib:/home/wego/wego_ws/install/costmap_queue/lib:/home/wego/wego_ws/install/nav2_costmap_2d/lib:/home/wego/wego_ws/install/nav2_voxel_grid/lib:/home/wego/wego_ws/install/nav2_velocity_smoother/lib:/home/wego/wego_ws/install/nav2_rviz_plugins/lib:/home/wego/wego_ws/install/nav2_map_server/lib:/home/wego/wego_ws/install/nav2_lifecycle_manager/lib:/home/wego/wego_ws/install/nav2_behavior_tree/lib:/home/wego/wego_ws/install/nav2_amcl/lib:/home/wego/wego_ws/install/nav2_util/lib:/home/wego/wego_ws/install/nav2_msgs/lib:/home/wego/wego_ws/install/limo_msgs/lib:/home/wego/wego_ws/install/dl_ros2_msgs/lib:/opt/ros/humble/opt/rviz_ogre_vendor/lib:/opt/ros/humble/lib/aarch64-linux-gnu:/opt/ros/humble/lib:/usr/local/cuda-12.6/lib64:/usr/local/TensorRT-10.3.0.26/lib PYTHONPATH=/home/wego/drive_ws/install/grid_map_msgs/local/lib/python3.10/dist-packages:${PYTHONPATH} /usr/bin/cmake --build /home/wego/drive_ws/build/grid_map_pcl -- -j6 -l6
[22.613s] [  5%] [32mBuilding CXX object CMakeFiles/grid_map_pcl.dir/src/GridMapPclLoader.cpp.o[0m
[82.545s] [ 10%] [32mBuilding CXX object CMakeFiles/grid_map_pcl.dir/src/helpers.cpp.o[0m
[129.706s] [ 15%] [32mBuilding CXX object CMakeFiles/grid_map_pcl.dir/src/GridMapPclConverter.cpp.o[0m
[143.650s] [ 21%] [32mBuilding CXX object CMakeFiles/grid_map_pcl.dir/src/PointcloudProcessor.cpp.o[0m
[170.078s] [ 26%] [32mBuilding CXX object CMakeFiles/grid_map_pcl.dir/src/PclLoaderParameters.cpp.o[0m
[184.423s] [ 31%] [32m[1mLinking CXX shared library libgrid_map_pcl.so[0m
[187.677s] [ 31%] Built target grid_map_pcl
[187.725s] [ 36%] [32mBuilding CXX object gtest/CMakeFiles/gtest.dir/src/gtest-all.cc.o[0m
[205.155s] [ 42%] [32m[1mLinking CXX static library libgtest.a[0m
[205.242s] [ 42%] Built target gtest
[205.297s] [ 47%] [32mBuilding CXX object CMakeFiles/grid_map_pcl_loader_node.dir/src/grid_map_pcl_loader_node.cpp.o[0m
[232.176s] [ 52%] [32m[1mLinking CXX executable grid_map_pcl_loader_node[0m
[235.147s] [ 52%] Built target grid_map_pcl_loader_node
[235.188s] [ 57%] [32mBuilding CXX object gtest/CMakeFiles/gtest_main.dir/src/gtest_main.cc.o[0m
[237.554s] [ 63%] [32m[1mLinking CXX static library libgtest_main.a[0m
[237.670s] [ 63%] Built target gtest_main
[237.833s] [ 68%] [32mBuilding CXX object CMakeFiles/grid_map_pcl-test.dir/test/GridMapPclLoaderTest.cpp.o[0m
[265.722s] [ 73%] [32mBuilding CXX object CMakeFiles/grid_map_pcl-test.dir/test/test_grid_map_pcl.cpp.o[0m
[273.835s] [ 78%] [32mBuilding CXX object CMakeFiles/grid_map_pcl-test.dir/test/test_helpers.cpp.o[0m
[292.874s] [ 84%] [32mBuilding CXX object CMakeFiles/grid_map_pcl-test.dir/test/PointcloudProcessorTest.cpp.o[0m
[309.312s] [ 89%] [32mBuilding CXX object CMakeFiles/grid_map_pcl-test.dir/test/PointcloudCreator.cpp.o[0m
[317.040s] [ 94%] [32mBuilding CXX object CMakeFiles/grid_map_pcl-test.dir/test/HelpersTest.cpp.o[0m
[332.293s] [100%] [32m[1mLinking CXX executable grid_map_pcl-test[0m
[334.781s] [100%] Built target grid_map_pcl-test
[334.814s] Invoked command in '/home/wego/drive_ws/build/grid_map_pcl' returned '0': AMENT_PREFIX_PATH=/home/wego/drive_ws/install/grid_map_ros:/home/wego/drive_ws/install/grid_map_cv:/home/wego/drive_ws/install/grid_map_msgs:/home/wego/drive_ws/install/grid_map_core:/home/wego/drive_ws/install/grid_map_cmake_helpers:${AMENT_PREFIX_PATH} CMAKE_PREFIX_PATH=/home/wego/drive_ws/install/grid_map_ros:/home/wego/drive_ws/install/grid_map_cv:/home/wego/drive_ws/install/grid_map_msgs:/home/wego/drive_ws/install/grid_map_core:/home/wego/drive_ws/install/grid_map_cmake_helpers:/home/wego/wego_ws/install/yolo_bringup:/home/wego/wego_ws/install/yolo_msgs:/home/wego/wego_ws/install/ydlidar_ros2_driver:/home/wego/wego_ws/install/wego_msgs:/home/wego/wego_ws/install/wego_2d_nav:/home/wego/wego_ws/install/wego:/home/wego/wego_ws/install/robot_localization:/home/wego/wego_ws/install/orbbec_description:/home/wego/wego_ws/install/orbbec_camera:/home/wego/wego_ws/install/orbbec_camera_msgs:/home/wego/wego_ws/install/nav2_bringup:/home/wego/wego_ws/install/navigation2:/home/wego/wego_ws/install/nav2_smoother:/home/wego/wego_ws/install/nav2_rotation_shim_controller:/home/wego/wego_ws/install/nav2_graceful_controller:/home/wego/wego_ws/install/nav2_dwb_controller:/home/wego/wego_ws/install/nav2_controller:/home/wego/wego_ws/install/dwb_plugins:/home/wego/wego_ws/install/dwb_critics:/home/wego/wego_ws/install/dwb_core:/home/wego/wego_ws/install/nav_2d_utils:/home/wego/wego_ws/install/dwb_msgs:/home/wego/wego_ws/install/nav_2d_msgs:/home/wego/wego_ws/install/nav2_waypoint_follower:/home/wego/wego_ws/install/nav2_theta_star_planner:/home/wego/wego_ws/install/nav2_smac_planner:/home/wego/wego_ws/install/nav2_route:/home/wego/wego_ws/install/nav2_regulated_pure_pursuit_controller:/home/wego/wego_ws/install/nav2_planner:/home/wego/wego_ws/install/nav2_navfn_planner:/home/wego/wego_ws/install/nav2_mppi_controller:/home/wego/wego_ws/install/nav2_constrained_smoother:/home/wego/wego_ws/install/nav2_bt_navigator:/home/wego/wego_ws/install/nav2_behaviors:/home/wego/wego_ws/install/nav2_core:/home/wego/wego_ws/install/nav2_collision_monitor:/home/wego/wego_ws/install/costmap_queue:/home/wego/wego_ws/install/nav2_costmap_2d:/home/wego/wego_ws/install/nav2_voxel_grid:/home/wego/wego_ws/install/nav2_velocity_smoother:/home/wego/wego_ws/install/nav2_rviz_plugins:/home/wego/wego_ws/install/nav2_map_server:/home/wego/wego_ws/install/nav2_lifecycle_manager:/home/wego/wego_ws/install/nav2_behavior_tree:/home/wego/wego_ws/install/nav2_amcl:/home/wego/wego_ws/install/nav2_util:/home/wego/wego_ws/install/nav2_msgs:/home/wego/wego_ws/install/nav2_common:/home/wego/wego_ws/install/limo_base:/home/wego/wego_ws/install/limo_msgs:/home/wego/wego_ws/install/limo_description:/home/wego/wego_ws/install/lift_ctr:/home/wego/wego_ws/install/dl_ros2_msgs:/home/wego/wego_ws/install/yolo_ros:/home/wego/wego_ws/install/limo_ros2_application:/home/wego/wego_ws/install/nav2_simple_commander:/home/wego/wego_ws/install/dl_ros2_application:/opt/ros/humble LD_LIBRARY_PATH=/home/wego/drive_ws/install/grid_map_ros/lib:/home/wego/drive_ws/install/grid_map_cv/lib:/home/wego/drive_ws/install/grid_map_msgs/lib:/home/wego/drive_ws/install/grid_map_core/lib:/usr/lib/aarch64-linux-gnu:/usr/lib/aarch64-linux-gnu/nvidia:/usr/lib/aarch64-linux-gnu:/usr/lib/aarch64-linux-gnu/nvidia:/opt/ros/humble/lib:/usr/lib/aarch64-linux-gnu:/home/wego/wego_ws/install/yolo_msgs/lib:/home/wego/wego_ws/install/wego_msgs/lib:/home/wego/wego_ws/install/robot_localization/lib:/home/wego/wego_ws/install/orbbec_camera/lib:/home/wego/wego_ws/install/orbbec_camera_msgs/lib:/home/wego/wego_ws/install/nav2_smoother/lib:/home/wego/wego_ws/install/nav2_rotation_shim_controller/lib:/home/wego/wego_ws/install/nav2_graceful_controller/lib:/home/wego/wego_ws/install/nav2_controller/lib:/home/wego/wego_ws/install/dwb_plugins/lib:/home/wego/wego_ws/install/dwb_critics/lib:/home/wego/wego_ws/install/dwb_core/lib:/home/wego/wego_ws/install/nav_2d_utils/lib:/home/wego/wego_ws/install/dwb_msgs/lib:/home/wego/wego_ws/install/nav_2d_msgs/lib:/home/wego/wego_ws/install/nav2_waypoint_follower/lib:/home/wego/wego_ws/install/nav2_theta_star_planner/lib:/home/wego/wego_ws/install/nav2_smac_planner/lib:/home/wego/wego_ws/install/nav2_route/lib:/home/wego/wego_ws/install/nav2_regulated_pure_pursuit_controller/lib:/home/wego/wego_ws/install/nav2_planner/lib:/home/wego/wego_ws/install/nav2_navfn_planner/lib:/home/wego/wego_ws/install/nav2_mppi_controller/lib:/home/wego/wego_ws/install/nav2_constrained_smoother/lib:/home/wego/wego_ws/install/nav2_bt_navigator/lib:/home/wego/wego_ws/install/nav2_behaviors/lib:/home/wego/wego_ws/install/nav2_collision_monitor/lib:/home/wego/wego_ws/install/costmap_queue/lib:/home/wego/wego_ws/install/nav2_costmap_2d/lib:/home/wego/wego_ws/install/nav2_voxel_grid/lib:/home/wego/wego_ws/install/nav2_velocity_smoother/lib:/home/wego/wego_ws/install/nav2_rviz_plugins/lib:/home/wego/wego_ws/install/nav2_map_server/lib:/home/wego/wego_ws/install/nav2_lifecycle_manager/lib:/home/wego/wego_ws/install/nav2_behavior_tree/lib:/home/wego/wego_ws/install/nav2_amcl/lib:/home/wego/wego_ws/install/nav2_util/lib:/home/wego/wego_ws/install/nav2_msgs/lib:/home/wego/wego_ws/install/limo_msgs/lib:/home/wego/wego_ws/install/dl_ros2_msgs/lib:/opt/ros/humble/opt/rviz_ogre_vendor/lib:/opt/ros/humble/lib/aarch64-linux-gnu:/opt/ros/humble/lib:/usr/local/cuda-12.6/lib64:/usr/local/TensorRT-10.3.0.26/lib PYTHONPATH=/home/wego/drive_ws/install/grid_map_msgs/local/lib/python3.10/dist-packages:${PYTHONPATH} /usr/bin/cmake --build /home/wego/drive_ws/build/grid_map_pcl -- -j6 -l6
[334.820s] Invoking command in '/home/wego/drive_ws/build/grid_map_pcl': AMENT_PREFIX_PATH=/home/wego/drive_ws/install/grid_map_ros:/home/wego/drive_ws/install/grid_map_cv:/home/wego/drive_ws/install/grid_map_msgs:/home/wego/drive_ws/install/grid_map_core:/home/wego/drive_ws/install/grid_map_cmake_helpers:${AMENT_PREFIX_PATH} CMAKE_PREFIX_PATH=/home/wego/drive_ws/install/grid_map_ros:/home/wego/drive_ws/install/grid_map_cv:/home/wego/drive_ws/install/grid_map_msgs:/home/wego/drive_ws/install/grid_map_core:/home/wego/drive_ws/install/grid_map_cmake_helpers:/home/wego/wego_ws/install/yolo_bringup:/home/wego/wego_ws/install/yolo_msgs:/home/wego/wego_ws/install/ydlidar_ros2_driver:/home/wego/wego_ws/install/wego_msgs:/home/wego/wego_ws/install/wego_2d_nav:/home/wego/wego_ws/install/wego:/home/wego/wego_ws/install/robot_localization:/home/wego/wego_ws/install/orbbec_description:/home/wego/wego_ws/install/orbbec_camera:/home/wego/wego_ws/install/orbbec_camera_msgs:/home/wego/wego_ws/install/nav2_bringup:/home/wego/wego_ws/install/navigation2:/home/wego/wego_ws/install/nav2_smoother:/home/wego/wego_ws/install/nav2_rotation_shim_controller:/home/wego/wego_ws/install/nav2_graceful_controller:/home/wego/wego_ws/install/nav2_dwb_controller:/home/wego/wego_ws/install/nav2_controller:/home/wego/wego_ws/install/dwb_plugins:/home/wego/wego_ws/install/dwb_critics:/home/wego/wego_ws/install/dwb_core:/home/wego/wego_ws/install/nav_2d_utils:/home/wego/wego_ws/install/dwb_msgs:/home/wego/wego_ws/install/nav_2d_msgs:/home/wego/wego_ws/install/nav2_waypoint_follower:/home/wego/wego_ws/install/nav2_theta_star_planner:/home/wego/wego_ws/install/nav2_smac_planner:/home/wego/wego_ws/install/nav2_route:/home/wego/wego_ws/install/nav2_regulated_pure_pursuit_controller:/home/wego/wego_ws/install/nav2_planner:/home/wego/wego_ws/install/nav2_navfn_planner:/home/wego/wego_ws/install/nav2_mppi_controller:/home/wego/wego_ws/install/nav2_constrained_smoother:/home/wego/wego_ws/install/nav2_bt_navigator:/home/wego/wego_ws/install/nav2_behaviors:/home/wego/wego_ws/install/nav2_core:/home/wego/wego_ws/install/nav2_collision_monitor:/home/wego/wego_ws/install/costmap_queue:/home/wego/wego_ws/install/nav2_costmap_2d:/home/wego/wego_ws/install/nav2_voxel_grid:/home/wego/wego_ws/install/nav2_velocity_smoother:/home/wego/wego_ws/install/nav2_rviz_plugins:/home/wego/wego_ws/install/nav2_map_server:/home/wego/wego_ws/install/nav2_lifecycle_manager:/home/wego/wego_ws/install/nav2_behavior_tree:/home/wego/wego_ws/install/nav2_amcl:/home/wego/wego_ws/install/nav2_util:/home/wego/wego_ws/install/nav2_msgs:/home/wego/wego_ws/install/nav2_common:/home/wego/wego_ws/install/limo_base:/home/wego/wego_ws/install/limo_msgs:/home/wego/wego_ws/install/limo_description:/home/wego/wego_ws/install/lift_ctr:/home/wego/wego_ws/install/dl_ros2_msgs:/home/wego/wego_ws/install/yolo_ros:/home/wego/wego_ws/install/limo_ros2_application:/home/wego/wego_ws/install/nav2_simple_commander:/home/wego/wego_ws/install/dl_ros2_application:/opt/ros/humble LD_LIBRARY_PATH=/home/wego/drive_ws/install/grid_map_ros/lib:/home/wego/drive_ws/install/grid_map_cv/lib:/home/wego/drive_ws/install/grid_map_msgs/lib:/home/wego/drive_ws/install/grid_map_core/lib:/usr/lib/aarch64-linux-gnu:/usr/lib/aarch64-linux-gnu/nvidia:/usr/lib/aarch64-linux-gnu:/usr/lib/aarch64-linux-gnu/nvidia:/opt/ros/humble/lib:/usr/lib/aarch64-linux-gnu:/home/wego/wego_ws/install/yolo_msgs/lib:/home/wego/wego_ws/install/wego_msgs/lib:/home/wego/wego_ws/install/robot_localization/lib:/home/wego/wego_ws/install/orbbec_camera/lib:/home/wego/wego_ws/install/orbbec_camera_msgs/lib:/home/wego/wego_ws/install/nav2_smoother/lib:/home/wego/wego_ws/install/nav2_rotation_shim_controller/lib:/home/wego/wego_ws/install/nav2_graceful_controller/lib:/home/wego/wego_ws/install/nav2_controller/lib:/home/wego/wego_ws/install/dwb_plugins/lib:/home/wego/wego_ws/install/dwb_critics/lib:/home/wego/wego_ws/install/dwb_core/lib:/home/wego/wego_ws/install/nav_2d_utils/lib:/home/wego/wego_ws/install/dwb_msgs/lib:/home/wego/wego_ws/install/nav_2d_msgs/lib:/home/wego/wego_ws/install/nav2_waypoint_follower/lib:/home/wego/wego_ws/install/nav2_theta_star_planner/lib:/home/wego/wego_ws/install/nav2_smac_planner/lib:/home/wego/wego_ws/install/nav2_route/lib:/home/wego/wego_ws/install/nav2_regulated_pure_pursuit_controller/lib:/home/wego/wego_ws/install/nav2_planner/lib:/home/wego/wego_ws/install/nav2_navfn_planner/lib:/home/wego/wego_ws/install/nav2_mppi_controller/lib:/home/wego/wego_ws/install/nav2_constrained_smoother/lib:/home/wego/wego_ws/install/nav2_bt_navigator/lib:/home/wego/wego_ws/install/nav2_behaviors/lib:/home/wego/wego_ws/install/nav2_collision_monitor/lib:/home/wego/wego_ws/install/costmap_queue/lib:/home/wego/wego_ws/install/nav2_costmap_2d/lib:/home/wego/wego_ws/install/nav2_voxel_grid/lib:/home/wego/wego_ws/install/nav2_velocity_smoother/lib:/home/wego/wego_ws/install/nav2_rviz_plugins/lib:/home/wego/wego_ws/install/nav2_map_server/lib:/home/wego/wego_ws/install/nav2_lifecycle_manager/lib:/home/wego/wego_ws/install/nav2_behavior_tree/lib:/home/wego/wego_ws/install/nav2_amcl/lib:/home/wego/wego_ws/install/nav2_util/lib:/home/wego/wego_ws/install/nav2_msgs/lib:/home/wego/wego_ws/install/limo_msgs/lib:/home/wego/wego_ws/install/dl_ros2_msgs/lib:/opt/ros/humble/opt/rviz_ogre_vendor/lib:/opt/ros/humble/lib/aarch64-linux-gnu:/opt/ros/humble/lib:/usr/local/cuda-12.6/lib64:/usr/local/TensorRT-10.3.0.26/lib PYTHONPATH=/home/wego/drive_ws/install/grid_map_msgs/local/lib/python3.10/dist-packages:${PYTHONPATH} /usr/bin/cmake --install /home/wego/drive_ws/build/grid_map_pcl
[334.837s] -- Install configuration: "Release"
[334.840s] -- Execute custom install script
[334.841s] -- Symlinking: /home/wego/drive_ws/install/grid_map_pcl/lib/libgrid_map_pcl.so
[334.859s] -- Symlinking: /home/wego/drive_ws/install/grid_map_pcl/lib/grid_map_pcl/grid_map_pcl_loader_node
[334.878s] -- Symlinking: /home/wego/drive_ws/install/grid_map_pcl/share/grid_map_pcl/config/parameters.yaml
[334.896s] -- Symlinking: /home/wego/drive_ws/install/grid_map_pcl/share/grid_map_pcl/launch/grid_map_pcl_loader_launch.py
[334.916s] -- Symlinking: /home/wego/drive_ws/install/grid_map_pcl/share/grid_map_pcl/test_data//parameters.yaml
[334.935s] -- Symlinking: /home/wego/drive_ws/install/grid_map_pcl/share/grid_map_pcl/test_data//plane_noisy.pcd
[334.953s] -- Symlinking: /home/wego/drive_ws/install/grid_map_pcl/share/grid_map_pcl/environment/library_path.sh
[334.971s] -- Symlinking: /home/wego/drive_ws/install/grid_map_pcl/share/grid_map_pcl/environment/library_path.dsv
[334.990s] -- Symlinking: /home/wego/drive_ws/install/grid_map_pcl/share/ament_index/resource_index/package_run_dependencies/grid_map_pcl
[335.007s] -- Symlinking: /home/wego/drive_ws/install/grid_map_pcl/share/ament_index/resource_index/parent_prefix_path/grid_map_pcl
[335.026s] -- Symlinking: /home/wego/drive_ws/install/grid_map_pcl/share/grid_map_pcl/environment/ament_prefix_path.sh
[335.046s] -- Symlinking: /home/wego/drive_ws/install/grid_map_pcl/share/grid_map_pcl/environment/ament_prefix_path.dsv
[335.064s] -- Symlinking: /home/wego/drive_ws/install/grid_map_pcl/share/grid_map_pcl/environment/path.sh
[335.083s] -- Symlinking: /home/wego/drive_ws/install/grid_map_pcl/share/grid_map_pcl/environment/path.dsv
[335.101s] -- Symlinking: /home/wego/drive_ws/install/grid_map_pcl/share/grid_map_pcl/local_setup.bash
[335.120s] -- Symlinking: /home/wego/drive_ws/install/grid_map_pcl/share/grid_map_pcl/local_setup.sh
[335.139s] -- Symlinking: /home/wego/drive_ws/install/grid_map_pcl/share/grid_map_pcl/local_setup.zsh
[335.158s] -- Symlinking: /home/wego/drive_ws/install/grid_map_pcl/share/grid_map_pcl/local_setup.dsv
[335.178s] -- Symlinking: /home/wego/drive_ws/install/grid_map_pcl/share/grid_map_pcl/package.dsv
[335.199s] -- Symlinking: /home/wego/drive_ws/install/grid_map_pcl/share/ament_index/resource_index/packages/grid_map_pcl
[335.218s] -- Symlinking: /home/wego/drive_ws/install/grid_map_pcl/share/grid_map_pcl/cmake/ament_cmake_export_include_directories-extras.cmake
[335.239s] -- Symlinking: /home/wego/drive_ws/install/grid_map_pcl/share/grid_map_pcl/cmake/ament_cmake_export_libraries-extras.cmake
[335.259s] -- Symlinking: /home/wego/drive_ws/install/grid_map_pcl/share/grid_map_pcl/cmake/grid_map_pclConfig.cmake
[335.276s] -- Symlinking: /home/wego/drive_ws/install/grid_map_pcl/share/grid_map_pcl/cmake/grid_map_pclConfig-version.cmake
[335.293s] -- Symlinking: /home/wego/drive_ws/install/grid_map_pcl/share/grid_map_pcl/package.xml
[335.310s] -- Installing: /home/wego/drive_ws/install/grid_map_pcl/include/grid_map_pcl
[335.310s] -- Installing: /home/wego/drive_ws/install/grid_map_pcl/include/grid_map_pcl/GridMapPclLoader.hpp
[335.310s] -- Installing: /home/wego/drive_ws/install/grid_map_pcl/include/grid_map_pcl/PointcloudProcessor.hpp
[335.311s] -- Installing: /home/wego/drive_ws/install/grid_map_pcl/include/grid_map_pcl/grid_map_pcl.hpp
[335.311s] -- Installing: /home/wego/drive_ws/install/grid_map_pcl/include/grid_map_pcl/helpers.hpp
[335.311s] -- Installing: /home/wego/drive_ws/install/grid_map_pcl/include/grid_map_pcl/PclLoaderParameters.hpp
[335.311s] -- Installing: /home/wego/drive_ws/install/grid_map_pcl/include/grid_map_pcl/GridMapPclConverter.hpp
[335.320s] Invoked command in '/home/wego/drive_ws/build/grid_map_pcl' returned '0': AMENT_PREFIX_PATH=/home/wego/drive_ws/install/grid_map_ros:/home/wego/drive_ws/install/grid_map_cv:/home/wego/drive_ws/install/grid_map_msgs:/home/wego/drive_ws/install/grid_map_core:/home/wego/drive_ws/install/grid_map_cmake_helpers:${AMENT_PREFIX_PATH} CMAKE_PREFIX_PATH=/home/wego/drive_ws/install/grid_map_ros:/home/wego/drive_ws/install/grid_map_cv:/home/wego/drive_ws/install/grid_map_msgs:/home/wego/drive_ws/install/grid_map_core:/home/wego/drive_ws/install/grid_map_cmake_helpers:/home/wego/wego_ws/install/yolo_bringup:/home/wego/wego_ws/install/yolo_msgs:/home/wego/wego_ws/install/ydlidar_ros2_driver:/home/wego/wego_ws/install/wego_msgs:/home/wego/wego_ws/install/wego_2d_nav:/home/wego/wego_ws/install/wego:/home/wego/wego_ws/install/robot_localization:/home/wego/wego_ws/install/orbbec_description:/home/wego/wego_ws/install/orbbec_camera:/home/wego/wego_ws/install/orbbec_camera_msgs:/home/wego/wego_ws/install/nav2_bringup:/home/wego/wego_ws/install/navigation2:/home/wego/wego_ws/install/nav2_smoother:/home/wego/wego_ws/install/nav2_rotation_shim_controller:/home/wego/wego_ws/install/nav2_graceful_controller:/home/wego/wego_ws/install/nav2_dwb_controller:/home/wego/wego_ws/install/nav2_controller:/home/wego/wego_ws/install/dwb_plugins:/home/wego/wego_ws/install/dwb_critics:/home/wego/wego_ws/install/dwb_core:/home/wego/wego_ws/install/nav_2d_utils:/home/wego/wego_ws/install/dwb_msgs:/home/wego/wego_ws/install/nav_2d_msgs:/home/wego/wego_ws/install/nav2_waypoint_follower:/home/wego/wego_ws/install/nav2_theta_star_planner:/home/wego/wego_ws/install/nav2_smac_planner:/home/wego/wego_ws/install/nav2_route:/home/wego/wego_ws/install/nav2_regulated_pure_pursuit_controller:/home/wego/wego_ws/install/nav2_planner:/home/wego/wego_ws/install/nav2_navfn_planner:/home/wego/wego_ws/install/nav2_mppi_controller:/home/wego/wego_ws/install/nav2_constrained_smoother:/home/wego/wego_ws/install/nav2_bt_navigator:/home/wego/wego_ws/install/nav2_behaviors:/home/wego/wego_ws/install/nav2_core:/home/wego/wego_ws/install/nav2_collision_monitor:/home/wego/wego_ws/install/costmap_queue:/home/wego/wego_ws/install/nav2_costmap_2d:/home/wego/wego_ws/install/nav2_voxel_grid:/home/wego/wego_ws/install/nav2_velocity_smoother:/home/wego/wego_ws/install/nav2_rviz_plugins:/home/wego/wego_ws/install/nav2_map_server:/home/wego/wego_ws/install/nav2_lifecycle_manager:/home/wego/wego_ws/install/nav2_behavior_tree:/home/wego/wego_ws/install/nav2_amcl:/home/wego/wego_ws/install/nav2_util:/home/wego/wego_ws/install/nav2_msgs:/home/wego/wego_ws/install/nav2_common:/home/wego/wego_ws/install/limo_base:/home/wego/wego_ws/install/limo_msgs:/home/wego/wego_ws/install/limo_description:/home/wego/wego_ws/install/lift_ctr:/home/wego/wego_ws/install/dl_ros2_msgs:/home/wego/wego_ws/install/yolo_ros:/home/wego/wego_ws/install/limo_ros2_application:/home/wego/wego_ws/install/nav2_simple_commander:/home/wego/wego_ws/install/dl_ros2_application:/opt/ros/humble LD_LIBRARY_PATH=/home/wego/drive_ws/install/grid_map_ros/lib:/home/wego/drive_ws/install/grid_map_cv/lib:/home/wego/drive_ws/install/grid_map_msgs/lib:/home/wego/drive_ws/install/grid_map_core/lib:/usr/lib/aarch64-linux-gnu:/usr/lib/aarch64-linux-gnu/nvidia:/usr/lib/aarch64-linux-gnu:/usr/lib/aarch64-linux-gnu/nvidia:/opt/ros/humble/lib:/usr/lib/aarch64-linux-gnu:/home/wego/wego_ws/install/yolo_msgs/lib:/home/wego/wego_ws/install/wego_msgs/lib:/home/wego/wego_ws/install/robot_localization/lib:/home/wego/wego_ws/install/orbbec_camera/lib:/home/wego/wego_ws/install/orbbec_camera_msgs/lib:/home/wego/wego_ws/install/nav2_smoother/lib:/home/wego/wego_ws/install/nav2_rotation_shim_controller/lib:/home/wego/wego_ws/install/nav2_graceful_controller/lib:/home/wego/wego_ws/install/nav2_controller/lib:/home/wego/wego_ws/install/dwb_plugins/lib:/home/wego/wego_ws/install/dwb_critics/lib:/home/wego/wego_ws/install/dwb_core/lib:/home/wego/wego_ws/install/nav_2d_utils/lib:/home/wego/wego_ws/install/dwb_msgs/lib:/home/wego/wego_ws/install/nav_2d_msgs/lib:/home/wego/wego_ws/install/nav2_waypoint_follower/lib:/home/wego/wego_ws/install/nav2_theta_star_planner/lib:/home/wego/wego_ws/install/nav2_smac_planner/lib:/home/wego/wego_ws/install/nav2_route/lib:/home/wego/wego_ws/install/nav2_regulated_pure_pursuit_controller/lib:/home/wego/wego_ws/install/nav2_planner/lib:/home/wego/wego_ws/install/nav2_navfn_planner/lib:/home/wego/wego_ws/install/nav2_mppi_controller/lib:/home/wego/wego_ws/install/nav2_constrained_smoother/lib:/home/wego/wego_ws/install/nav2_bt_navigator/lib:/home/wego/wego_ws/install/nav2_behaviors/lib:/home/wego/wego_ws/install/nav2_collision_monitor/lib:/home/wego/wego_ws/install/costmap_queue/lib:/home/wego/wego_ws/install/nav2_costmap_2d/lib:/home/wego/wego_ws/install/nav2_voxel_grid/lib:/home/wego/wego_ws/install/nav2_velocity_smoother/lib:/home/wego/wego_ws/install/nav2_rviz_plugins/lib:/home/wego/wego_ws/install/nav2_map_server/lib:/home/wego/wego_ws/install/nav2_lifecycle_manager/lib:/home/wego/wego_ws/install/nav2_behavior_tree/lib:/home/wego/wego_ws/install/nav2_amcl/lib:/home/wego/wego_ws/install/nav2_util/lib:/home/wego/wego_ws/install/nav2_msgs/lib:/home/wego/wego_ws/install/limo_msgs/lib:/home/wego/wego_ws/install/dl_ros2_msgs/lib:/opt/ros/humble/opt/rviz_ogre_vendor/lib:/opt/ros/humble/lib/aarch64-linux-gnu:/opt/ros/humble/lib:/usr/local/cuda-12.6/lib64:/usr/local/TensorRT-10.3.0.26/lib PYTHONPATH=/home/wego/drive_ws/install/grid_map_msgs/local/lib/python3.10/dist-packages:${PYTHONPATH} /usr/bin/cmake --install /home/wego/drive_ws/build/grid_map_pcl
