[0.286s] [34mcolcon[0m [1;30mDEBUG[0m [32mCommand line arguments: ['/usr/bin/colcon', 'build', '--packages-select', 'remo_navigation'][0m
[0.286s] [34mcolcon[0m [1;30mDEBUG[0m [32mParsed command line arguments: Namespace(log_base=None, log_level=None, verb_name='build', build_base='build', install_base='install', merge_install=False, symlink_install=False, test_result_base=None, continue_on_error=False, executor='parallel', parallel_workers=6, event_handlers=None, ignore_user_meta=False, metas=['./colcon.meta'], base_paths=['.'], packages_ignore=None, packages_ignore_regex=None, paths=None, packages_up_to=None, packages_up_to_regex=None, packages_above=None, packages_above_and_dependencies=None, packages_above_depth=None, packages_select_by_dep=None, packages_skip_by_dep=None, packages_skip_up_to=None, packages_select_build_failed=False, packages_skip_build_finished=False, packages_select_test_failures=False, packages_skip_test_passed=False, packages_select=['remo_navigation'], packages_skip=None, packages_select_regex=None, packages_skip_regex=None, packages_start=None, packages_end=None, allow_overriding=[], cmake_args=None, cmake_target=None, cmake_target_skip_unavailable=False, cmake_clean_cache=False, cmake_clean_first=False, cmake_force_configure=False, ament_cmake_args=None, catkin_cmake_args=None, catkin_skip_building_tests=False, mixin_files=None, mixin=None, verb_parser=<colcon_mixin.mixin.mixin_argument.MixinArgumentDecorator object at 0xffff956bc610>, verb_extension=<colcon_core.verb.build.BuildVerb object at 0xffff9568ffd0>, main=<bound method BuildVerb.main of <colcon_core.verb.build.BuildVerb object at 0xffff9568ffd0>>, mixin_verb=('build',))[0m
[0.379s] [34mcolcon.colcon_core.package_discovery[0m [1;30mLevel 1[0m discover_packages(colcon_meta) check parameters
[0.380s] [34mcolcon.colcon_core.package_discovery[0m [1;30mLevel 1[0m discover_packages(recursive) check parameters
[0.380s] [34mcolcon.colcon_core.package_discovery[0m [1;30mLevel 1[0m discover_packages(ignore) check parameters
[0.380s] [34mcolcon.colcon_core.package_discovery[0m [1;30mLevel 1[0m discover_packages(path) check parameters
[0.380s] [34mcolcon.colcon_core.package_discovery[0m [1;30mLevel 1[0m discover_packages(colcon_meta) discover
[0.380s] [34mcolcon.colcon_core.package_discovery[0m [1;30mLevel 1[0m discover_packages(recursive) discover
[0.380s] [34mcolcon.colcon_core.package_discovery[0m [1;30mINFO[0m Crawling recursively for packages in '/home/wego/drive_ws'
[0.381s] [34mcolcon.colcon_core.package_identification[0m [1;30mLevel 1[0m _identify(.) by extensions ['ignore', 'ignore_ament_install']
[0.381s] [34mcolcon.colcon_core.package_identification[0m [1;30mLevel 1[0m _identify(.) by extension 'ignore'
[0.381s] [34mcolcon.colcon_core.package_identification[0m [1;30mLevel 1[0m _identify(.) by extension 'ignore_ament_install'
[0.381s] [34mcolcon.colcon_core.package_identification[0m [1;30mLevel 1[0m _identify(.) by extensions ['colcon_pkg']
[0.381s] [34mcolcon.colcon_core.package_identification[0m [1;30mLevel 1[0m _identify(.) by extension 'colcon_pkg'
[0.381s] [34mcolcon.colcon_core.package_identification[0m [1;30mLevel 1[0m _identify(.) by extensions ['colcon_meta']
[0.382s] [34mcolcon.colcon_core.package_identification[0m [1;30mLevel 1[0m _identify(.) by extension 'colcon_meta'
[0.382s] [34mcolcon.colcon_core.package_identification[0m [1;30mLevel 1[0m _identify(.) by extensions ['ros']
[0.382s] [34mcolcon.colcon_core.package_identification[0m [1;30mLevel 1[0m _identify(.) by extension 'ros'
[0.432s] [34mcolcon.colcon_core.package_identification[0m [1;30mLevel 1[0m _identify(.) by extensions ['cmake', 'python']
[0.433s] [34mcolcon.colcon_core.package_identification[0m [1;30mLevel 1[0m _identify(.) by extension 'cmake'
[0.433s] [34mcolcon.colcon_core.package_identification[0m [1;30mLevel 1[0m _identify(.) by extension 'python'
[0.433s] [34mcolcon.colcon_core.package_identification[0m [1;30mLevel 1[0m _identify(.) by extensions ['python_setup_py']
[0.433s] [34mcolcon.colcon_core.package_identification[0m [1;30mLevel 1[0m _identify(.) by extension 'python_setup_py'
[0.434s] [34mcolcon.colcon_core.package_identification[0m [1;30mLevel 1[0m _identify(build) by extensions ['ignore', 'ignore_ament_install']
[0.434s] [34mcolcon.colcon_core.package_identification[0m [1;30mLevel 1[0m _identify(build) by extension 'ignore'
[0.434s] [34mcolcon.colcon_core.package_identification[0m [1;30mLevel 1[0m _identify(build) ignored
[0.434s] [34mcolcon.colcon_core.package_identification[0m [1;30mLevel 1[0m _identify(install) by extensions ['ignore', 'ignore_ament_install']
[0.434s] [34mcolcon.colcon_core.package_identification[0m [1;30mLevel 1[0m _identify(install) by extension 'ignore'
[0.435s] [34mcolcon.colcon_core.package_identification[0m [1;30mLevel 1[0m _identify(install) ignored
[0.435s] [34mcolcon.colcon_core.package_identification[0m [1;30mLevel 1[0m _identify(log) by extensions ['ignore', 'ignore_ament_install']
[0.435s] [34mcolcon.colcon_core.package_identification[0m [1;30mLevel 1[0m _identify(log) by extension 'ignore'
[0.435s] [34mcolcon.colcon_core.package_identification[0m [1;30mLevel 1[0m _identify(log) ignored
[0.435s] [34mcolcon.colcon_core.package_identification[0m [1;30mLevel 1[0m _identify(src) by extensions ['ignore', 'ignore_ament_install']
[0.436s] [34mcolcon.colcon_core.package_identification[0m [1;30mLevel 1[0m _identify(src) by extension 'ignore'
[0.436s] [34mcolcon.colcon_core.package_identification[0m [1;30mLevel 1[0m _identify(src) by extension 'ignore_ament_install'
[0.436s] [34mcolcon.colcon_core.package_identification[0m [1;30mLevel 1[0m _identify(src) by extensions ['colcon_pkg']
[0.436s] [34mcolcon.colcon_core.package_identification[0m [1;30mLevel 1[0m _identify(src) by extension 'colcon_pkg'
[0.436s] [34mcolcon.colcon_core.package_identification[0m [1;30mLevel 1[0m _identify(src) by extensions ['colcon_meta']
[0.436s] [34mcolcon.colcon_core.package_identification[0m [1;30mLevel 1[0m _identify(src) by extension 'colcon_meta'
[0.436s] [34mcolcon.colcon_core.package_identification[0m [1;30mLevel 1[0m _identify(src) by extensions ['ros']
[0.436s] [34mcolcon.colcon_core.package_identification[0m [1;30mLevel 1[0m _identify(src) by extension 'ros'
[0.436s] [34mcolcon.colcon_core.package_identification[0m [1;30mLevel 1[0m _identify(src) by extensions ['cmake', 'python']
[0.436s] [34mcolcon.colcon_core.package_identification[0m [1;30mLevel 1[0m _identify(src) by extension 'cmake'
[0.437s] [34mcolcon.colcon_core.package_identification[0m [1;30mLevel 1[0m _identify(src) by extension 'python'
[0.437s] [34mcolcon.colcon_core.package_identification[0m [1;30mLevel 1[0m _identify(src) by extensions ['python_setup_py']
[0.437s] [34mcolcon.colcon_core.package_identification[0m [1;30mLevel 1[0m _identify(src) by extension 'python_setup_py'
[0.437s] [34mcolcon.colcon_core.package_identification[0m [1;30mLevel 1[0m _identify(src/grid_map) by extensions ['ignore', 'ignore_ament_install']
[0.437s] [34mcolcon.colcon_core.package_identification[0m [1;30mLevel 1[0m _identify(src/grid_map) by extension 'ignore'
[0.437s] [34mcolcon.colcon_core.package_identification[0m [1;30mLevel 1[0m _identify(src/grid_map) by extension 'ignore_ament_install'
[0.437s] [34mcolcon.colcon_core.package_identification[0m [1;30mLevel 1[0m _identify(src/grid_map) by extensions ['colcon_pkg']
[0.438s] [34mcolcon.colcon_core.package_identification[0m [1;30mLevel 1[0m _identify(src/grid_map) by extension 'colcon_pkg'
[0.438s] [34mcolcon.colcon_core.package_identification[0m [1;30mLevel 1[0m _identify(src/grid_map) by extensions ['colcon_meta']
[0.438s] [34mcolcon.colcon_core.package_identification[0m [1;30mLevel 1[0m _identify(src/grid_map) by extension 'colcon_meta'
[0.438s] [34mcolcon.colcon_core.package_identification[0m [1;30mLevel 1[0m _identify(src/grid_map) by extensions ['ros']
[0.438s] [34mcolcon.colcon_core.package_identification[0m [1;30mLevel 1[0m _identify(src/grid_map) by extension 'ros'
[0.438s] [34mcolcon.colcon_core.package_identification[0m [1;30mLevel 1[0m _identify(src/grid_map) by extensions ['cmake', 'python']
[0.438s] [34mcolcon.colcon_core.package_identification[0m [1;30mLevel 1[0m _identify(src/grid_map) by extension 'cmake'
[0.438s] [34mcolcon.colcon_core.package_identification[0m [1;30mLevel 1[0m _identify(src/grid_map) by extension 'python'
[0.438s] [34mcolcon.colcon_core.package_identification[0m [1;30mLevel 1[0m _identify(src/grid_map) by extensions ['python_setup_py']
[0.438s] [34mcolcon.colcon_core.package_identification[0m [1;30mLevel 1[0m _identify(src/grid_map) by extension 'python_setup_py'
[0.439s] [34mcolcon.colcon_core.package_identification[0m [1;30mLevel 1[0m _identify(src/grid_map/grid_map) by extensions ['ignore', 'ignore_ament_install']
[0.439s] [34mcolcon.colcon_core.package_identification[0m [1;30mLevel 1[0m _identify(src/grid_map/grid_map) by extension 'ignore'
[0.439s] [34mcolcon.colcon_core.package_identification[0m [1;30mLevel 1[0m _identify(src/grid_map/grid_map) by extension 'ignore_ament_install'
[0.439s] [34mcolcon.colcon_core.package_identification[0m [1;30mLevel 1[0m _identify(src/grid_map/grid_map) by extensions ['colcon_pkg']
[0.439s] [34mcolcon.colcon_core.package_identification[0m [1;30mLevel 1[0m _identify(src/grid_map/grid_map) by extension 'colcon_pkg'
[0.439s] [34mcolcon.colcon_core.package_identification[0m [1;30mLevel 1[0m _identify(src/grid_map/grid_map) by extensions ['colcon_meta']
[0.439s] [34mcolcon.colcon_core.package_identification[0m [1;30mLevel 1[0m _identify(src/grid_map/grid_map) by extension 'colcon_meta'
[0.439s] [34mcolcon.colcon_core.package_identification[0m [1;30mLevel 1[0m _identify(src/grid_map/grid_map) by extensions ['ros']
[0.439s] [34mcolcon.colcon_core.package_identification[0m [1;30mLevel 1[0m _identify(src/grid_map/grid_map) by extension 'ros'
[0.446s] [34mcolcon.colcon_core.package_identification[0m [1;30mDEBUG[0m [32mPackage 'src/grid_map/grid_map' with type 'ros.ament_cmake' and name 'grid_map'[0m
[0.446s] [34mcolcon.colcon_core.package_identification[0m [1;30mLevel 1[0m _identify(src/grid_map/grid_map_cmake_helpers) by extensions ['ignore', 'ignore_ament_install']
[0.447s] [34mcolcon.colcon_core.package_identification[0m [1;30mLevel 1[0m _identify(src/grid_map/grid_map_cmake_helpers) by extension 'ignore'
[0.447s] [34mcolcon.colcon_core.package_identification[0m [1;30mLevel 1[0m _identify(src/grid_map/grid_map_cmake_helpers) by extension 'ignore_ament_install'
[0.447s] [34mcolcon.colcon_core.package_identification[0m [1;30mLevel 1[0m _identify(src/grid_map/grid_map_cmake_helpers) by extensions ['colcon_pkg']
[0.447s] [34mcolcon.colcon_core.package_identification[0m [1;30mLevel 1[0m _identify(src/grid_map/grid_map_cmake_helpers) by extension 'colcon_pkg'
[0.447s] [34mcolcon.colcon_core.package_identification[0m [1;30mLevel 1[0m _identify(src/grid_map/grid_map_cmake_helpers) by extensions ['colcon_meta']
[0.447s] [34mcolcon.colcon_core.package_identification[0m [1;30mLevel 1[0m _identify(src/grid_map/grid_map_cmake_helpers) by extension 'colcon_meta'
[0.447s] [34mcolcon.colcon_core.package_identification[0m [1;30mLevel 1[0m _identify(src/grid_map/grid_map_cmake_helpers) by extensions ['ros']
[0.447s] [34mcolcon.colcon_core.package_identification[0m [1;30mLevel 1[0m _identify(src/grid_map/grid_map_cmake_helpers) by extension 'ros'
[0.449s] [34mcolcon.colcon_core.package_identification[0m [1;30mDEBUG[0m [32mPackage 'src/grid_map/grid_map_cmake_helpers' with type 'ros.ament_cmake' and name 'grid_map_cmake_helpers'[0m
[0.449s] [34mcolcon.colcon_core.package_identification[0m [1;30mLevel 1[0m _identify(src/grid_map/grid_map_core) by extensions ['ignore', 'ignore_ament_install']
[0.449s] [34mcolcon.colcon_core.package_identification[0m [1;30mLevel 1[0m _identify(src/grid_map/grid_map_core) by extension 'ignore'
[0.449s] [34mcolcon.colcon_core.package_identification[0m [1;30mLevel 1[0m _identify(src/grid_map/grid_map_core) by extension 'ignore_ament_install'
[0.450s] [34mcolcon.colcon_core.package_identification[0m [1;30mLevel 1[0m _identify(src/grid_map/grid_map_core) by extensions ['colcon_pkg']
[0.450s] [34mcolcon.colcon_core.package_identification[0m [1;30mLevel 1[0m _identify(src/grid_map/grid_map_core) by extension 'colcon_pkg'
[0.450s] [34mcolcon.colcon_core.package_identification[0m [1;30mLevel 1[0m _identify(src/grid_map/grid_map_core) by extensions ['colcon_meta']
[0.450s] [34mcolcon.colcon_core.package_identification[0m [1;30mLevel 1[0m _identify(src/grid_map/grid_map_core) by extension 'colcon_meta'
[0.450s] [34mcolcon.colcon_core.package_identification[0m [1;30mLevel 1[0m _identify(src/grid_map/grid_map_core) by extensions ['ros']
[0.450s] [34mcolcon.colcon_core.package_identification[0m [1;30mLevel 1[0m _identify(src/grid_map/grid_map_core) by extension 'ros'
[0.451s] [34mcolcon.colcon_core.package_identification[0m [1;30mDEBUG[0m [32mPackage 'src/grid_map/grid_map_core' with type 'ros.ament_cmake' and name 'grid_map_core'[0m
[0.452s] [34mcolcon.colcon_core.package_identification[0m [1;30mLevel 1[0m _identify(src/grid_map/grid_map_costmap_2d) by extensions ['ignore', 'ignore_ament_install']
[0.452s] [34mcolcon.colcon_core.package_identification[0m [1;30mLevel 1[0m _identify(src/grid_map/grid_map_costmap_2d) by extension 'ignore'
[0.452s] [34mcolcon.colcon_core.package_identification[0m [1;30mLevel 1[0m _identify(src/grid_map/grid_map_costmap_2d) by extension 'ignore_ament_install'
[0.452s] [34mcolcon.colcon_core.package_identification[0m [1;30mLevel 1[0m _identify(src/grid_map/grid_map_costmap_2d) by extensions ['colcon_pkg']
[0.452s] [34mcolcon.colcon_core.package_identification[0m [1;30mLevel 1[0m _identify(src/grid_map/grid_map_costmap_2d) by extension 'colcon_pkg'
[0.452s] [34mcolcon.colcon_core.package_identification[0m [1;30mLevel 1[0m _identify(src/grid_map/grid_map_costmap_2d) by extensions ['colcon_meta']
[0.453s] [34mcolcon.colcon_core.package_identification[0m [1;30mLevel 1[0m _identify(src/grid_map/grid_map_costmap_2d) by extension 'colcon_meta'
[0.453s] [34mcolcon.colcon_core.package_identification[0m [1;30mLevel 1[0m _identify(src/grid_map/grid_map_costmap_2d) by extensions ['ros']
[0.453s] [34mcolcon.colcon_core.package_identification[0m [1;30mLevel 1[0m _identify(src/grid_map/grid_map_costmap_2d) by extension 'ros'
[0.455s] [34mcolcon.colcon_core.package_identification[0m [1;30mDEBUG[0m [32mPackage 'src/grid_map/grid_map_costmap_2d' with type 'ros.ament_cmake' and name 'grid_map_costmap_2d'[0m
[0.455s] [34mcolcon.colcon_core.package_identification[0m [1;30mLevel 1[0m _identify(src/grid_map/grid_map_cv) by extensions ['ignore', 'ignore_ament_install']
[0.455s] [34mcolcon.colcon_core.package_identification[0m [1;30mLevel 1[0m _identify(src/grid_map/grid_map_cv) by extension 'ignore'
[0.455s] [34mcolcon.colcon_core.package_identification[0m [1;30mLevel 1[0m _identify(src/grid_map/grid_map_cv) by extension 'ignore_ament_install'
[0.455s] [34mcolcon.colcon_core.package_identification[0m [1;30mLevel 1[0m _identify(src/grid_map/grid_map_cv) by extensions ['colcon_pkg']
[0.455s] [34mcolcon.colcon_core.package_identification[0m [1;30mLevel 1[0m _identify(src/grid_map/grid_map_cv) by extension 'colcon_pkg'
[0.456s] [34mcolcon.colcon_core.package_identification[0m [1;30mLevel 1[0m _identify(src/grid_map/grid_map_cv) by extensions ['colcon_meta']
[0.456s] [34mcolcon.colcon_core.package_identification[0m [1;30mLevel 1[0m _identify(src/grid_map/grid_map_cv) by extension 'colcon_meta'
[0.456s] [34mcolcon.colcon_core.package_identification[0m [1;30mLevel 1[0m _identify(src/grid_map/grid_map_cv) by extensions ['ros']
[0.456s] [34mcolcon.colcon_core.package_identification[0m [1;30mLevel 1[0m _identify(src/grid_map/grid_map_cv) by extension 'ros'
[0.458s] [34mcolcon.colcon_core.package_identification[0m [1;30mDEBUG[0m [32mPackage 'src/grid_map/grid_map_cv' with type 'ros.ament_cmake' and name 'grid_map_cv'[0m
[0.458s] [34mcolcon.colcon_core.package_identification[0m [1;30mLevel 1[0m _identify(src/grid_map/grid_map_demos) by extensions ['ignore', 'ignore_ament_install']
[0.458s] [34mcolcon.colcon_core.package_identification[0m [1;30mLevel 1[0m _identify(src/grid_map/grid_map_demos) by extension 'ignore'
[0.458s] [34mcolcon.colcon_core.package_identification[0m [1;30mLevel 1[0m _identify(src/grid_map/grid_map_demos) by extension 'ignore_ament_install'
[0.459s] [34mcolcon.colcon_core.package_identification[0m [1;30mLevel 1[0m _identify(src/grid_map/grid_map_demos) by extensions ['colcon_pkg']
[0.459s] [34mcolcon.colcon_core.package_identification[0m [1;30mLevel 1[0m _identify(src/grid_map/grid_map_demos) by extension 'colcon_pkg'
[0.459s] [34mcolcon.colcon_core.package_identification[0m [1;30mLevel 1[0m _identify(src/grid_map/grid_map_demos) by extensions ['colcon_meta']
[0.459s] [34mcolcon.colcon_core.package_identification[0m [1;30mLevel 1[0m _identify(src/grid_map/grid_map_demos) by extension 'colcon_meta'
[0.459s] [34mcolcon.colcon_core.package_identification[0m [1;30mLevel 1[0m _identify(src/grid_map/grid_map_demos) by extensions ['ros']
[0.459s] [34mcolcon.colcon_core.package_identification[0m [1;30mLevel 1[0m _identify(src/grid_map/grid_map_demos) by extension 'ros'
[0.462s] [34mcolcon.colcon_core.package_identification[0m [1;30mDEBUG[0m [32mPackage 'src/grid_map/grid_map_demos' with type 'ros.ament_cmake' and name 'grid_map_demos'[0m
[0.463s] [34mcolcon.colcon_core.package_identification[0m [1;30mLevel 1[0m _identify(src/grid_map/grid_map_filters) by extensions ['ignore', 'ignore_ament_install']
[0.463s] [34mcolcon.colcon_core.package_identification[0m [1;30mLevel 1[0m _identify(src/grid_map/grid_map_filters) by extension 'ignore'
[0.463s] [34mcolcon.colcon_core.package_identification[0m [1;30mLevel 1[0m _identify(src/grid_map/grid_map_filters) by extension 'ignore_ament_install'
[0.463s] [34mcolcon.colcon_core.package_identification[0m [1;30mLevel 1[0m _identify(src/grid_map/grid_map_filters) by extensions ['colcon_pkg']
[0.463s] [34mcolcon.colcon_core.package_identification[0m [1;30mLevel 1[0m _identify(src/grid_map/grid_map_filters) by extension 'colcon_pkg'
[0.463s] [34mcolcon.colcon_core.package_identification[0m [1;30mLevel 1[0m _identify(src/grid_map/grid_map_filters) by extensions ['colcon_meta']
[0.463s] [34mcolcon.colcon_core.package_identification[0m [1;30mLevel 1[0m _identify(src/grid_map/grid_map_filters) by extension 'colcon_meta'
[0.464s] [34mcolcon.colcon_core.package_identification[0m [1;30mLevel 1[0m _identify(src/grid_map/grid_map_filters) by extensions ['ros']
[0.464s] [34mcolcon.colcon_core.package_identification[0m [1;30mLevel 1[0m _identify(src/grid_map/grid_map_filters) by extension 'ros'
[0.466s] [34mcolcon.colcon_core.package_identification[0m [1;30mDEBUG[0m [32mPackage 'src/grid_map/grid_map_filters' with type 'ros.ament_cmake' and name 'grid_map_filters'[0m
[0.466s] [34mcolcon.colcon_core.package_identification[0m [1;30mLevel 1[0m _identify(src/grid_map/grid_map_loader) by extensions ['ignore', 'ignore_ament_install']
[0.466s] [34mcolcon.colcon_core.package_identification[0m [1;30mLevel 1[0m _identify(src/grid_map/grid_map_loader) by extension 'ignore'
[0.466s] [34mcolcon.colcon_core.package_identification[0m [1;30mLevel 1[0m _identify(src/grid_map/grid_map_loader) by extension 'ignore_ament_install'
[0.466s] [34mcolcon.colcon_core.package_identification[0m [1;30mLevel 1[0m _identify(src/grid_map/grid_map_loader) by extensions ['colcon_pkg']
[0.466s] [34mcolcon.colcon_core.package_identification[0m [1;30mLevel 1[0m _identify(src/grid_map/grid_map_loader) by extension 'colcon_pkg'
[0.467s] [34mcolcon.colcon_core.package_identification[0m [1;30mLevel 1[0m _identify(src/grid_map/grid_map_loader) by extensions ['colcon_meta']
[0.467s] [34mcolcon.colcon_core.package_identification[0m [1;30mLevel 1[0m _identify(src/grid_map/grid_map_loader) by extension 'colcon_meta'
[0.467s] [34mcolcon.colcon_core.package_identification[0m [1;30mLevel 1[0m _identify(src/grid_map/grid_map_loader) by extensions ['ros']
[0.467s] [34mcolcon.colcon_core.package_identification[0m [1;30mLevel 1[0m _identify(src/grid_map/grid_map_loader) by extension 'ros'
[0.468s] [34mcolcon.colcon_core.package_identification[0m [1;30mDEBUG[0m [32mPackage 'src/grid_map/grid_map_loader' with type 'ros.ament_cmake' and name 'grid_map_loader'[0m
[0.469s] [34mcolcon.colcon_core.package_identification[0m [1;30mLevel 1[0m _identify(src/grid_map/grid_map_msgs) by extensions ['ignore', 'ignore_ament_install']
[0.469s] [34mcolcon.colcon_core.package_identification[0m [1;30mLevel 1[0m _identify(src/grid_map/grid_map_msgs) by extension 'ignore'
[0.469s] [34mcolcon.colcon_core.package_identification[0m [1;30mLevel 1[0m _identify(src/grid_map/grid_map_msgs) by extension 'ignore_ament_install'
[0.469s] [34mcolcon.colcon_core.package_identification[0m [1;30mLevel 1[0m _identify(src/grid_map/grid_map_msgs) by extensions ['colcon_pkg']
[0.469s] [34mcolcon.colcon_core.package_identification[0m [1;30mLevel 1[0m _identify(src/grid_map/grid_map_msgs) by extension 'colcon_pkg'
[0.469s] [34mcolcon.colcon_core.package_identification[0m [1;30mLevel 1[0m _identify(src/grid_map/grid_map_msgs) by extensions ['colcon_meta']
[0.469s] [34mcolcon.colcon_core.package_identification[0m [1;30mLevel 1[0m _identify(src/grid_map/grid_map_msgs) by extension 'colcon_meta'
[0.469s] [34mcolcon.colcon_core.package_identification[0m [1;30mLevel 1[0m _identify(src/grid_map/grid_map_msgs) by extensions ['ros']
[0.469s] [34mcolcon.colcon_core.package_identification[0m [1;30mLevel 1[0m _identify(src/grid_map/grid_map_msgs) by extension 'ros'
[0.471s] [34mcolcon.colcon_core.package_identification[0m [1;30mDEBUG[0m [32mPackage 'src/grid_map/grid_map_msgs' with type 'ros.ament_cmake' and name 'grid_map_msgs'[0m
[0.471s] [34mcolcon.colcon_core.package_identification[0m [1;30mLevel 1[0m _identify(src/grid_map/grid_map_octomap) by extensions ['ignore', 'ignore_ament_install']
[0.471s] [34mcolcon.colcon_core.package_identification[0m [1;30mLevel 1[0m _identify(src/grid_map/grid_map_octomap) by extension 'ignore'
[0.472s] [34mcolcon.colcon_core.package_identification[0m [1;30mLevel 1[0m _identify(src/grid_map/grid_map_octomap) by extension 'ignore_ament_install'
[0.472s] [34mcolcon.colcon_core.package_identification[0m [1;30mLevel 1[0m _identify(src/grid_map/grid_map_octomap) by extensions ['colcon_pkg']
[0.472s] [34mcolcon.colcon_core.package_identification[0m [1;30mLevel 1[0m _identify(src/grid_map/grid_map_octomap) by extension 'colcon_pkg'
[0.472s] [34mcolcon.colcon_core.package_identification[0m [1;30mLevel 1[0m _identify(src/grid_map/grid_map_octomap) by extensions ['colcon_meta']
[0.472s] [34mcolcon.colcon_core.package_identification[0m [1;30mLevel 1[0m _identify(src/grid_map/grid_map_octomap) by extension 'colcon_meta'
[0.472s] [34mcolcon.colcon_core.package_identification[0m [1;30mLevel 1[0m _identify(src/grid_map/grid_map_octomap) by extensions ['ros']
[0.472s] [34mcolcon.colcon_core.package_identification[0m [1;30mLevel 1[0m _identify(src/grid_map/grid_map_octomap) by extension 'ros'
[0.476s] [34mcolcon.colcon_core.package_identification[0m [1;30mDEBUG[0m [32mPackage 'src/grid_map/grid_map_octomap' with type 'ros.ament_cmake' and name 'grid_map_octomap'[0m
[0.476s] [34mcolcon.colcon_core.package_identification[0m [1;30mLevel 1[0m _identify(src/grid_map/grid_map_pcl) by extensions ['ignore', 'ignore_ament_install']
[0.476s] [34mcolcon.colcon_core.package_identification[0m [1;30mLevel 1[0m _identify(src/grid_map/grid_map_pcl) by extension 'ignore'
[0.476s] [34mcolcon.colcon_core.package_identification[0m [1;30mLevel 1[0m _identify(src/grid_map/grid_map_pcl) by extension 'ignore_ament_install'
[0.476s] [34mcolcon.colcon_core.package_identification[0m [1;30mLevel 1[0m _identify(src/grid_map/grid_map_pcl) by extensions ['colcon_pkg']
[0.477s] [34mcolcon.colcon_core.package_identification[0m [1;30mLevel 1[0m _identify(src/grid_map/grid_map_pcl) by extension 'colcon_pkg'
[0.477s] [34mcolcon.colcon_core.package_identification[0m [1;30mLevel 1[0m _identify(src/grid_map/grid_map_pcl) by extensions ['colcon_meta']
[0.477s] [34mcolcon.colcon_core.package_identification[0m [1;30mLevel 1[0m _identify(src/grid_map/grid_map_pcl) by extension 'colcon_meta'
[0.477s] [34mcolcon.colcon_core.package_identification[0m [1;30mLevel 1[0m _identify(src/grid_map/grid_map_pcl) by extensions ['ros']
[0.477s] [34mcolcon.colcon_core.package_identification[0m [1;30mLevel 1[0m _identify(src/grid_map/grid_map_pcl) by extension 'ros'
[0.479s] [34mcolcon.colcon_core.package_identification[0m [1;30mDEBUG[0m [32mPackage 'src/grid_map/grid_map_pcl' with type 'ros.ament_cmake' and name 'grid_map_pcl'[0m
[0.479s] [34mcolcon.colcon_core.package_identification[0m [1;30mLevel 1[0m _identify(src/grid_map/grid_map_ros) by extensions ['ignore', 'ignore_ament_install']
[0.479s] [34mcolcon.colcon_core.package_identification[0m [1;30mLevel 1[0m _identify(src/grid_map/grid_map_ros) by extension 'ignore'
[0.480s] [34mcolcon.colcon_core.package_identification[0m [1;30mLevel 1[0m _identify(src/grid_map/grid_map_ros) by extension 'ignore_ament_install'
[0.480s] [34mcolcon.colcon_core.package_identification[0m [1;30mLevel 1[0m _identify(src/grid_map/grid_map_ros) by extensions ['colcon_pkg']
[0.480s] [34mcolcon.colcon_core.package_identification[0m [1;30mLevel 1[0m _identify(src/grid_map/grid_map_ros) by extension 'colcon_pkg'
[0.480s] [34mcolcon.colcon_core.package_identification[0m [1;30mLevel 1[0m _identify(src/grid_map/grid_map_ros) by extensions ['colcon_meta']
[0.480s] [34mcolcon.colcon_core.package_identification[0m [1;30mLevel 1[0m _identify(src/grid_map/grid_map_ros) by extension 'colcon_meta'
[0.480s] [34mcolcon.colcon_core.package_identification[0m [1;30mLevel 1[0m _identify(src/grid_map/grid_map_ros) by extensions ['ros']
[0.480s] [34mcolcon.colcon_core.package_identification[0m [1;30mLevel 1[0m _identify(src/grid_map/grid_map_ros) by extension 'ros'
[0.483s] [34mcolcon.colcon_core.package_identification[0m [1;30mDEBUG[0m [32mPackage 'src/grid_map/grid_map_ros' with type 'ros.ament_cmake' and name 'grid_map_ros'[0m
[0.484s] [34mcolcon.colcon_core.package_identification[0m [1;30mLevel 1[0m _identify(src/grid_map/grid_map_rviz_plugin) by extensions ['ignore', 'ignore_ament_install']
[0.484s] [34mcolcon.colcon_core.package_identification[0m [1;30mLevel 1[0m _identify(src/grid_map/grid_map_rviz_plugin) by extension 'ignore'
[0.484s] [34mcolcon.colcon_core.package_identification[0m [1;30mLevel 1[0m _identify(src/grid_map/grid_map_rviz_plugin) by extension 'ignore_ament_install'
[0.484s] [34mcolcon.colcon_core.package_identification[0m [1;30mLevel 1[0m _identify(src/grid_map/grid_map_rviz_plugin) by extensions ['colcon_pkg']
[0.484s] [34mcolcon.colcon_core.package_identification[0m [1;30mLevel 1[0m _identify(src/grid_map/grid_map_rviz_plugin) by extension 'colcon_pkg'
[0.484s] [34mcolcon.colcon_core.package_identification[0m [1;30mLevel 1[0m _identify(src/grid_map/grid_map_rviz_plugin) by extensions ['colcon_meta']
[0.484s] [34mcolcon.colcon_core.package_identification[0m [1;30mLevel 1[0m _identify(src/grid_map/grid_map_rviz_plugin) by extension 'colcon_meta'
[0.484s] [34mcolcon.colcon_core.package_identification[0m [1;30mLevel 1[0m _identify(src/grid_map/grid_map_rviz_plugin) by extensions ['ros']
[0.485s] [34mcolcon.colcon_core.package_identification[0m [1;30mLevel 1[0m _identify(src/grid_map/grid_map_rviz_plugin) by extension 'ros'
[0.487s] [34mcolcon.colcon_core.package_identification[0m [1;30mDEBUG[0m [32mPackage 'src/grid_map/grid_map_rviz_plugin' with type 'ros.ament_cmake' and name 'grid_map_rviz_plugin'[0m
[0.487s] [34mcolcon.colcon_core.package_identification[0m [1;30mLevel 1[0m _identify(src/grid_map/grid_map_sdf) by extensions ['ignore', 'ignore_ament_install']
[0.487s] [34mcolcon.colcon_core.package_identification[0m [1;30mLevel 1[0m _identify(src/grid_map/grid_map_sdf) by extension 'ignore'
[0.487s] [34mcolcon.colcon_core.package_identification[0m [1;30mLevel 1[0m _identify(src/grid_map/grid_map_sdf) by extension 'ignore_ament_install'
[0.487s] [34mcolcon.colcon_core.package_identification[0m [1;30mLevel 1[0m _identify(src/grid_map/grid_map_sdf) by extensions ['colcon_pkg']
[0.488s] [34mcolcon.colcon_core.package_identification[0m [1;30mLevel 1[0m _identify(src/grid_map/grid_map_sdf) by extension 'colcon_pkg'
[0.488s] [34mcolcon.colcon_core.package_identification[0m [1;30mLevel 1[0m _identify(src/grid_map/grid_map_sdf) by extensions ['colcon_meta']
[0.488s] [34mcolcon.colcon_core.package_identification[0m [1;30mLevel 1[0m _identify(src/grid_map/grid_map_sdf) by extension 'colcon_meta'
[0.488s] [34mcolcon.colcon_core.package_identification[0m [1;30mLevel 1[0m _identify(src/grid_map/grid_map_sdf) by extensions ['ros']
[0.488s] [34mcolcon.colcon_core.package_identification[0m [1;30mLevel 1[0m _identify(src/grid_map/grid_map_sdf) by extension 'ros'
[0.489s] [34mcolcon.colcon_core.package_identification[0m [1;30mDEBUG[0m [32mPackage 'src/grid_map/grid_map_sdf' with type 'ros.ament_cmake' and name 'grid_map_sdf'[0m
[0.490s] [34mcolcon.colcon_core.package_identification[0m [1;30mLevel 1[0m _identify(src/grid_map/grid_map_visualization) by extensions ['ignore', 'ignore_ament_install']
[0.490s] [34mcolcon.colcon_core.package_identification[0m [1;30mLevel 1[0m _identify(src/grid_map/grid_map_visualization) by extension 'ignore'
[0.490s] [34mcolcon.colcon_core.package_identification[0m [1;30mLevel 1[0m _identify(src/grid_map/grid_map_visualization) by extension 'ignore_ament_install'
[0.490s] [34mcolcon.colcon_core.package_identification[0m [1;30mLevel 1[0m _identify(src/grid_map/grid_map_visualization) by extensions ['colcon_pkg']
[0.490s] [34mcolcon.colcon_core.package_identification[0m [1;30mLevel 1[0m _identify(src/grid_map/grid_map_visualization) by extension 'colcon_pkg'
[0.490s] [34mcolcon.colcon_core.package_identification[0m [1;30mLevel 1[0m _identify(src/grid_map/grid_map_visualization) by extensions ['colcon_meta']
[0.490s] [34mcolcon.colcon_core.package_identification[0m [1;30mLevel 1[0m _identify(src/grid_map/grid_map_visualization) by extension 'colcon_meta'
[0.491s] [34mcolcon.colcon_core.package_identification[0m [1;30mLevel 1[0m _identify(src/grid_map/grid_map_visualization) by extensions ['ros']
[0.491s] [34mcolcon.colcon_core.package_identification[0m [1;30mLevel 1[0m _identify(src/grid_map/grid_map_visualization) by extension 'ros'
[0.493s] [34mcolcon.colcon_core.package_identification[0m [1;30mDEBUG[0m [32mPackage 'src/grid_map/grid_map_visualization' with type 'ros.ament_cmake' and name 'grid_map_visualization'[0m
[0.493s] [34mcolcon.colcon_core.package_identification[0m [1;30mLevel 1[0m _identify(src/grid_map/tools) by extensions ['ignore', 'ignore_ament_install']
[0.493s] [34mcolcon.colcon_core.package_identification[0m [1;30mLevel 1[0m _identify(src/grid_map/tools) by extension 'ignore'
[0.493s] [34mcolcon.colcon_core.package_identification[0m [1;30mLevel 1[0m _identify(src/grid_map/tools) by extension 'ignore_ament_install'
[0.493s] [34mcolcon.colcon_core.package_identification[0m [1;30mLevel 1[0m _identify(src/grid_map/tools) by extensions ['colcon_pkg']
[0.493s] [34mcolcon.colcon_core.package_identification[0m [1;30mLevel 1[0m _identify(src/grid_map/tools) by extension 'colcon_pkg'
[0.494s] [34mcolcon.colcon_core.package_identification[0m [1;30mLevel 1[0m _identify(src/grid_map/tools) by extensions ['colcon_meta']
[0.494s] [34mcolcon.colcon_core.package_identification[0m [1;30mLevel 1[0m _identify(src/grid_map/tools) by extension 'colcon_meta'
[0.494s] [34mcolcon.colcon_core.package_identification[0m [1;30mLevel 1[0m _identify(src/grid_map/tools) by extensions ['ros']
[0.494s] [34mcolcon.colcon_core.package_identification[0m [1;30mLevel 1[0m _identify(src/grid_map/tools) by extension 'ros'
[0.494s] [34mcolcon.colcon_core.package_identification[0m [1;30mLevel 1[0m _identify(src/grid_map/tools) by extensions ['cmake', 'python']
[0.494s] [34mcolcon.colcon_core.package_identification[0m [1;30mLevel 1[0m _identify(src/grid_map/tools) by extension 'cmake'
[0.494s] [34mcolcon.colcon_core.package_identification[0m [1;30mLevel 1[0m _identify(src/grid_map/tools) by extension 'python'
[0.494s] [34mcolcon.colcon_core.package_identification[0m [1;30mLevel 1[0m _identify(src/grid_map/tools) by extensions ['python_setup_py']
[0.494s] [34mcolcon.colcon_core.package_identification[0m [1;30mLevel 1[0m _identify(src/grid_map/tools) by extension 'python_setup_py'
[0.495s] [34mcolcon.colcon_core.package_identification[0m [1;30mLevel 1[0m _identify(src/remo_navigation) by extensions ['ignore', 'ignore_ament_install']
[0.495s] [34mcolcon.colcon_core.package_identification[0m [1;30mLevel 1[0m _identify(src/remo_navigation) by extension 'ignore'
[0.495s] [34mcolcon.colcon_core.package_identification[0m [1;30mLevel 1[0m _identify(src/remo_navigation) by extension 'ignore_ament_install'
[0.495s] [34mcolcon.colcon_core.package_identification[0m [1;30mLevel 1[0m _identify(src/remo_navigation) by extensions ['colcon_pkg']
[0.495s] [34mcolcon.colcon_core.package_identification[0m [1;30mLevel 1[0m _identify(src/remo_navigation) by extension 'colcon_pkg'
[0.495s] [34mcolcon.colcon_core.package_identification[0m [1;30mLevel 1[0m _identify(src/remo_navigation) by extensions ['colcon_meta']
[0.495s] [34mcolcon.colcon_core.package_identification[0m [1;30mLevel 1[0m _identify(src/remo_navigation) by extension 'colcon_meta'
[0.495s] [34mcolcon.colcon_core.package_identification[0m [1;30mLevel 1[0m _identify(src/remo_navigation) by extensions ['ros']
[0.495s] [34mcolcon.colcon_core.package_identification[0m [1;30mLevel 1[0m _identify(src/remo_navigation) by extension 'ros'
[0.498s] [34mcolcon.colcon_core.package_identification[0m [1;30mDEBUG[0m [32mPackage 'src/remo_navigation' with type 'ros.ament_cmake' and name 'remo_navigation'[0m
[0.498s] [34mcolcon.colcon_core.package_identification[0m [1;30mLevel 1[0m _identify(src/terrain_analysis) by extensions ['ignore', 'ignore_ament_install']
[0.498s] [34mcolcon.colcon_core.package_identification[0m [1;30mLevel 1[0m _identify(src/terrain_analysis) by extension 'ignore'
[0.498s] [34mcolcon.colcon_core.package_identification[0m [1;30mLevel 1[0m _identify(src/terrain_analysis) by extension 'ignore_ament_install'
[0.499s] [34mcolcon.colcon_core.package_identification[0m [1;30mLevel 1[0m _identify(src/terrain_analysis) by extensions ['colcon_pkg']
[0.499s] [34mcolcon.colcon_core.package_identification[0m [1;30mLevel 1[0m _identify(src/terrain_analysis) by extension 'colcon_pkg'
[0.499s] [34mcolcon.colcon_core.package_identification[0m [1;30mLevel 1[0m _identify(src/terrain_analysis) by extensions ['colcon_meta']
[0.499s] [34mcolcon.colcon_core.package_identification[0m [1;30mLevel 1[0m _identify(src/terrain_analysis) by extension 'colcon_meta'
[0.499s] [34mcolcon.colcon_core.package_identification[0m [1;30mLevel 1[0m _identify(src/terrain_analysis) by extensions ['ros']
[0.499s] [34mcolcon.colcon_core.package_identification[0m [1;30mLevel 1[0m _identify(src/terrain_analysis) by extension 'ros'
[0.501s] [34mcolcon.colcon_core.package_identification[0m [1;30mDEBUG[0m [32mPackage 'src/terrain_analysis' with type 'ros.ament_python' and name 'terrain_analysis'[0m
[0.501s] [34mcolcon.colcon_core.package_discovery[0m [1;30mLevel 1[0m discover_packages(recursive) using defaults
[0.502s] [34mcolcon.colcon_core.package_discovery[0m [1;30mLevel 1[0m discover_packages(ignore) discover
[0.502s] [34mcolcon.colcon_core.package_discovery[0m [1;30mLevel 1[0m discover_packages(ignore) using defaults
[0.502s] [34mcolcon.colcon_core.package_discovery[0m [1;30mLevel 1[0m discover_packages(path) discover
[0.502s] [34mcolcon.colcon_core.package_discovery[0m [1;30mLevel 1[0m discover_packages(path) using defaults
[0.550s] [34mcolcon.colcon_core.package_selection[0m [1;30mINFO[0m Skipping not selected package 'grid_map_cmake_helpers' in 'src/grid_map/grid_map_cmake_helpers'
[0.550s] [34mcolcon.colcon_core.package_selection[0m [1;30mINFO[0m Skipping not selected package 'grid_map_core' in 'src/grid_map/grid_map_core'
[0.551s] [34mcolcon.colcon_core.package_selection[0m [1;30mINFO[0m Skipping not selected package 'grid_map_msgs' in 'src/grid_map/grid_map_msgs'
[0.551s] [34mcolcon.colcon_core.package_selection[0m [1;30mINFO[0m Skipping not selected package 'grid_map_costmap_2d' in 'src/grid_map/grid_map_costmap_2d'
[0.551s] [34mcolcon.colcon_core.package_selection[0m [1;30mINFO[0m Skipping not selected package 'grid_map_cv' in 'src/grid_map/grid_map_cv'
[0.551s] [34mcolcon.colcon_core.package_selection[0m [1;30mINFO[0m Skipping not selected package 'grid_map_octomap' in 'src/grid_map/grid_map_octomap'
[0.551s] [34mcolcon.colcon_core.package_selection[0m [1;30mINFO[0m Skipping not selected package 'grid_map_sdf' in 'src/grid_map/grid_map_sdf'
[0.551s] [34mcolcon.colcon_core.package_selection[0m [1;30mINFO[0m Skipping not selected package 'terrain_analysis' in 'src/terrain_analysis'
[0.551s] [34mcolcon.colcon_core.package_selection[0m [1;30mINFO[0m Skipping not selected package 'grid_map_ros' in 'src/grid_map/grid_map_ros'
[0.551s] [34mcolcon.colcon_core.package_selection[0m [1;30mINFO[0m Skipping not selected package 'grid_map_filters' in 'src/grid_map/grid_map_filters'
[0.551s] [34mcolcon.colcon_core.package_selection[0m [1;30mINFO[0m Skipping not selected package 'grid_map_loader' in 'src/grid_map/grid_map_loader'
[0.551s] [34mcolcon.colcon_core.package_selection[0m [1;30mINFO[0m Skipping not selected package 'grid_map_pcl' in 'src/grid_map/grid_map_pcl'
[0.551s] [34mcolcon.colcon_core.package_selection[0m [1;30mINFO[0m Skipping not selected package 'grid_map_rviz_plugin' in 'src/grid_map/grid_map_rviz_plugin'
[0.551s] [34mcolcon.colcon_core.package_selection[0m [1;30mINFO[0m Skipping not selected package 'grid_map_visualization' in 'src/grid_map/grid_map_visualization'
[0.551s] [34mcolcon.colcon_core.package_selection[0m [1;30mINFO[0m Skipping not selected package 'grid_map_demos' in 'src/grid_map/grid_map_demos'
[0.551s] [34mcolcon.colcon_core.package_selection[0m [1;30mINFO[0m Skipping not selected package 'grid_map' in 'src/grid_map/grid_map'
[0.552s] [34mcolcon.colcon_core.package_discovery[0m [1;30mLevel 1[0m discover_packages(prefix_path) check parameters
[0.553s] [34mcolcon.colcon_core.package_discovery[0m [1;30mLevel 1[0m discover_packages(prefix_path) discover
[0.564s] [34mcolcon.colcon_installed_package_information.package_discovery[0m [1;30mDEBUG[0m [32mFound 17 installed packages in /home/wego/drive_ws/install[0m
[0.568s] [34mcolcon.colcon_installed_package_information.package_discovery[0m [1;30mDEBUG[0m [32mFound 57 installed packages in /home/wego/wego_ws/install[0m
[0.572s] [34mcolcon.colcon_installed_package_information.package_discovery[0m [1;30mDEBUG[0m [32mFound 406 installed packages in /opt/ros/humble[0m
[0.613s] [34mcolcon.colcon_core.package_discovery[0m [1;30mLevel 1[0m discover_packages(prefix_path) using defaults
[0.727s] [34mcolcon.colcon_core.verb[0m [1;30mLevel 5[0m set package 'remo_navigation' build argument 'cmake_args' from command line to 'None'
[0.728s] [34mcolcon.colcon_core.verb[0m [1;30mLevel 5[0m set package 'remo_navigation' build argument 'cmake_target' from command line to 'None'
[0.728s] [34mcolcon.colcon_core.verb[0m [1;30mLevel 5[0m set package 'remo_navigation' build argument 'cmake_target_skip_unavailable' from command line to 'False'
[0.728s] [34mcolcon.colcon_core.verb[0m [1;30mLevel 5[0m set package 'remo_navigation' build argument 'cmake_clean_cache' from command line to 'False'
[0.728s] [34mcolcon.colcon_core.verb[0m [1;30mLevel 5[0m set package 'remo_navigation' build argument 'cmake_clean_first' from command line to 'False'
[0.728s] [34mcolcon.colcon_core.verb[0m [1;30mLevel 5[0m set package 'remo_navigation' build argument 'cmake_force_configure' from command line to 'False'
[0.728s] [34mcolcon.colcon_core.verb[0m [1;30mLevel 5[0m set package 'remo_navigation' build argument 'ament_cmake_args' from command line to 'None'
[0.728s] [34mcolcon.colcon_core.verb[0m [1;30mLevel 5[0m set package 'remo_navigation' build argument 'catkin_cmake_args' from command line to 'None'
[0.728s] [34mcolcon.colcon_core.verb[0m [1;30mLevel 5[0m set package 'remo_navigation' build argument 'catkin_skip_building_tests' from command line to 'False'
[0.728s] [34mcolcon.colcon_core.verb[0m [1;30mDEBUG[0m [32mBuilding package 'remo_navigation' with the following arguments: {'ament_cmake_args': None, 'build_base': '/home/wego/drive_ws/build/remo_navigation', 'catkin_cmake_args': None, 'catkin_skip_building_tests': False, 'cmake_args': None, 'cmake_clean_cache': False, 'cmake_clean_first': False, 'cmake_force_configure': False, 'cmake_target': None, 'cmake_target_skip_unavailable': False, 'install_base': '/home/wego/drive_ws/install/remo_navigation', 'merge_install': False, 'path': '/home/wego/drive_ws/src/remo_navigation', 'symlink_install': False, 'test_result_base': None}[0m
[0.729s] [34mcolcon.colcon_core.executor[0m [1;30mINFO[0m Executing jobs using 'parallel' executor
[0.731s] [34mcolcon.colcon_parallel_executor.executor.parallel[0m [1;30mDEBUG[0m [32mrun_until_complete[0m
[0.732s] [34mcolcon.colcon_ros.task.ament_cmake.build[0m [1;30mINFO[0m Building ROS package in '/home/wego/drive_ws/src/remo_navigation' with build type 'ament_cmake'
[0.732s] [34mcolcon.colcon_cmake.task.cmake.build[0m [1;30mINFO[0m Building CMake package in '/home/wego/drive_ws/src/remo_navigation'
[0.738s] [34mcolcon.colcon_core.plugin_system[0m [1;30mINFO[0m Skipping extension 'colcon_core.shell.bat': Not used on non-Windows systems
[0.739s] [34mcolcon.colcon_core.shell[0m [1;30mINFO[0m Skip shell extension 'powershell' for command environment: Not usable outside of PowerShell
[0.739s] [34mcolcon.colcon_core.shell[0m [1;30mDEBUG[0m [32mSkip shell extension 'dsv' for command environment[0m
[0.786s] [34mcolcon.colcon_core.event_handler.log_command[0m [1;30mDEBUG[0m [32mInvoking command in '/home/wego/drive_ws/build/remo_navigation': CMAKE_PREFIX_PATH=/home/wego/drive_ws/install/grid_map_msgs:/home/wego/drive_ws/install/grid_map_cmake_helpers:/home/wego/drive_ws/install/remo_navigation:/home/wego/drive_ws/install/grid_map:/home/wego/drive_ws/install/grid_map_demos:/home/wego/drive_ws/install/grid_map_visualization:/home/wego/drive_ws/install/grid_map_sdf:/home/wego/drive_ws/install/grid_map_rviz_plugin:/home/wego/drive_ws/install/grid_map_pcl:/home/wego/drive_ws/install/grid_map_loader:/home/wego/drive_ws/install/grid_map_filters:/home/wego/drive_ws/install/grid_map_ros:/home/wego/drive_ws/install/grid_map_octomap:/home/wego/drive_ws/install/grid_map_cv:/home/wego/drive_ws/install/grid_map_costmap_2d:/home/wego/drive_ws/install/grid_map_core:/home/wego/wego_ws/install/yolo_bringup:/home/wego/wego_ws/install/yolo_msgs:/home/wego/wego_ws/install/ydlidar_ros2_driver:/home/wego/wego_ws/install/wego_msgs:/home/wego/wego_ws/install/wego_2d_nav:/home/wego/wego_ws/install/wego:/home/wego/wego_ws/install/robot_localization:/home/wego/wego_ws/install/orbbec_description:/home/wego/wego_ws/install/orbbec_camera:/home/wego/wego_ws/install/orbbec_camera_msgs:/home/wego/wego_ws/install/nav2_bringup:/home/wego/wego_ws/install/navigation2:/home/wego/wego_ws/install/nav2_smoother:/home/wego/wego_ws/install/nav2_rotation_shim_controller:/home/wego/wego_ws/install/nav2_graceful_controller:/home/wego/wego_ws/install/nav2_dwb_controller:/home/wego/wego_ws/install/nav2_controller:/home/wego/wego_ws/install/dwb_plugins:/home/wego/wego_ws/install/dwb_critics:/home/wego/wego_ws/install/dwb_core:/home/wego/wego_ws/install/nav_2d_utils:/home/wego/wego_ws/install/dwb_msgs:/home/wego/wego_ws/install/nav_2d_msgs:/home/wego/wego_ws/install/nav2_waypoint_follower:/home/wego/wego_ws/install/nav2_theta_star_planner:/home/wego/wego_ws/install/nav2_smac_planner:/home/wego/wego_ws/install/nav2_route:/home/wego/wego_ws/install/nav2_regulated_pure_pursuit_controller:/home/wego/wego_ws/install/nav2_planner:/home/wego/wego_ws/install/nav2_navfn_planner:/home/wego/wego_ws/install/nav2_mppi_controller:/home/wego/wego_ws/install/nav2_constrained_smoother:/home/wego/wego_ws/install/nav2_bt_navigator:/home/wego/wego_ws/install/nav2_behaviors:/home/wego/wego_ws/install/nav2_core:/home/wego/wego_ws/install/nav2_collision_monitor:/home/wego/wego_ws/install/costmap_queue:/home/wego/wego_ws/install/nav2_costmap_2d:/home/wego/wego_ws/install/nav2_voxel_grid:/home/wego/wego_ws/install/nav2_velocity_smoother:/home/wego/wego_ws/install/nav2_rviz_plugins:/home/wego/wego_ws/install/nav2_map_server:/home/wego/wego_ws/install/nav2_lifecycle_manager:/home/wego/wego_ws/install/nav2_behavior_tree:/home/wego/wego_ws/install/nav2_amcl:/home/wego/wego_ws/install/nav2_util:/home/wego/wego_ws/install/nav2_msgs:/home/wego/wego_ws/install/nav2_common:/home/wego/wego_ws/install/limo_base:/home/wego/wego_ws/install/limo_msgs:/home/wego/wego_ws/install/limo_description:/home/wego/wego_ws/install/lift_ctr:/home/wego/wego_ws/install/dl_ros2_msgs:/home/wego/drive_ws/install/terrain_analysis:/home/wego/wego_ws/install/yolo_ros:/home/wego/wego_ws/install/limo_ros2_application:/home/wego/wego_ws/install/nav2_simple_commander:/home/wego/wego_ws/install/dl_ros2_application:/opt/ros/humble LD_LIBRARY_PATH=/home/wego/drive_ws/install/grid_map_msgs/lib:/home/wego/drive_ws/install/grid_map_demos/lib:/home/wego/drive_ws/install/grid_map_visualization/lib:/home/wego/drive_ws/install/grid_map_sdf/lib:/home/wego/drive_ws/install/grid_map_rviz_plugin/lib:/home/wego/drive_ws/install/grid_map_pcl/lib:/home/wego/drive_ws/install/grid_map_loader/lib:/home/wego/drive_ws/install/grid_map_filters/lib:/home/wego/drive_ws/install/grid_map_ros/lib:/home/wego/drive_ws/install/grid_map_octomap/lib:/home/wego/drive_ws/install/grid_map_cv/lib:/home/wego/drive_ws/install/grid_map_costmap_2d/lib:/home/wego/drive_ws/install/grid_map_core/lib:/usr/lib/aarch64-linux-gnu:/usr/lib/aarch64-linux-gnu/nvidia:/usr/lib/aarch64-linux-gnu:/usr/lib/aarch64-linux-gnu/nvidia:/opt/ros/humble/lib:/usr/lib/aarch64-linux-gnu:/home/wego/wego_ws/install/yolo_msgs/lib:/home/wego/wego_ws/install/wego_msgs/lib:/home/wego/wego_ws/install/robot_localization/lib:/home/wego/wego_ws/install/orbbec_camera/lib:/home/wego/wego_ws/install/orbbec_camera_msgs/lib:/home/wego/wego_ws/install/nav2_smoother/lib:/home/wego/wego_ws/install/nav2_rotation_shim_controller/lib:/home/wego/wego_ws/install/nav2_graceful_controller/lib:/home/wego/wego_ws/install/nav2_controller/lib:/home/wego/wego_ws/install/dwb_plugins/lib:/home/wego/wego_ws/install/dwb_critics/lib:/home/wego/wego_ws/install/dwb_core/lib:/home/wego/wego_ws/install/nav_2d_utils/lib:/home/wego/wego_ws/install/dwb_msgs/lib:/home/wego/wego_ws/install/nav_2d_msgs/lib:/home/wego/wego_ws/install/nav2_waypoint_follower/lib:/home/wego/wego_ws/install/nav2_theta_star_planner/lib:/home/wego/wego_ws/install/nav2_smac_planner/lib:/home/wego/wego_ws/install/nav2_route/lib:/home/wego/wego_ws/install/nav2_regulated_pure_pursuit_controller/lib:/home/wego/wego_ws/install/nav2_planner/lib:/home/wego/wego_ws/install/nav2_navfn_planner/lib:/home/wego/wego_ws/install/nav2_mppi_controller/lib:/home/wego/wego_ws/install/nav2_constrained_smoother/lib:/home/wego/wego_ws/install/nav2_bt_navigator/lib:/home/wego/wego_ws/install/nav2_behaviors/lib:/home/wego/wego_ws/install/nav2_collision_monitor/lib:/home/wego/wego_ws/install/costmap_queue/lib:/home/wego/wego_ws/install/nav2_costmap_2d/lib:/home/wego/wego_ws/install/nav2_voxel_grid/lib:/home/wego/wego_ws/install/nav2_velocity_smoother/lib:/home/wego/wego_ws/install/nav2_rviz_plugins/lib:/home/wego/wego_ws/install/nav2_map_server/lib:/home/wego/wego_ws/install/nav2_lifecycle_manager/lib:/home/wego/wego_ws/install/nav2_behavior_tree/lib:/home/wego/wego_ws/install/nav2_amcl/lib:/home/wego/wego_ws/install/nav2_util/lib:/home/wego/wego_ws/install/nav2_msgs/lib:/home/wego/wego_ws/install/limo_msgs/lib:/home/wego/wego_ws/install/dl_ros2_msgs/lib:/opt/ros/humble/opt/rviz_ogre_vendor/lib:/opt/ros/humble/lib/aarch64-linux-gnu:/opt/ros/humble/lib:/usr/local/cuda-12.6/lib64:/usr/local/TensorRT-10.3.0.26/lib /usr/bin/cmake /home/wego/drive_ws/src/remo_navigation -DCMAKE_INSTALL_PREFIX=/home/wego/drive_ws/install/remo_navigation[0m
[1.473s] [34mcolcon.colcon_core.event_handler.log_command[0m [1;30mDEBUG[0m [32mInvoked command in '/home/wego/drive_ws/build/remo_navigation' returned '0': CMAKE_PREFIX_PATH=/home/wego/drive_ws/install/grid_map_msgs:/home/wego/drive_ws/install/grid_map_cmake_helpers:/home/wego/drive_ws/install/remo_navigation:/home/wego/drive_ws/install/grid_map:/home/wego/drive_ws/install/grid_map_demos:/home/wego/drive_ws/install/grid_map_visualization:/home/wego/drive_ws/install/grid_map_sdf:/home/wego/drive_ws/install/grid_map_rviz_plugin:/home/wego/drive_ws/install/grid_map_pcl:/home/wego/drive_ws/install/grid_map_loader:/home/wego/drive_ws/install/grid_map_filters:/home/wego/drive_ws/install/grid_map_ros:/home/wego/drive_ws/install/grid_map_octomap:/home/wego/drive_ws/install/grid_map_cv:/home/wego/drive_ws/install/grid_map_costmap_2d:/home/wego/drive_ws/install/grid_map_core:/home/wego/wego_ws/install/yolo_bringup:/home/wego/wego_ws/install/yolo_msgs:/home/wego/wego_ws/install/ydlidar_ros2_driver:/home/wego/wego_ws/install/wego_msgs:/home/wego/wego_ws/install/wego_2d_nav:/home/wego/wego_ws/install/wego:/home/wego/wego_ws/install/robot_localization:/home/wego/wego_ws/install/orbbec_description:/home/wego/wego_ws/install/orbbec_camera:/home/wego/wego_ws/install/orbbec_camera_msgs:/home/wego/wego_ws/install/nav2_bringup:/home/wego/wego_ws/install/navigation2:/home/wego/wego_ws/install/nav2_smoother:/home/wego/wego_ws/install/nav2_rotation_shim_controller:/home/wego/wego_ws/install/nav2_graceful_controller:/home/wego/wego_ws/install/nav2_dwb_controller:/home/wego/wego_ws/install/nav2_controller:/home/wego/wego_ws/install/dwb_plugins:/home/wego/wego_ws/install/dwb_critics:/home/wego/wego_ws/install/dwb_core:/home/wego/wego_ws/install/nav_2d_utils:/home/wego/wego_ws/install/dwb_msgs:/home/wego/wego_ws/install/nav_2d_msgs:/home/wego/wego_ws/install/nav2_waypoint_follower:/home/wego/wego_ws/install/nav2_theta_star_planner:/home/wego/wego_ws/install/nav2_smac_planner:/home/wego/wego_ws/install/nav2_route:/home/wego/wego_ws/install/nav2_regulated_pure_pursuit_controller:/home/wego/wego_ws/install/nav2_planner:/home/wego/wego_ws/install/nav2_navfn_planner:/home/wego/wego_ws/install/nav2_mppi_controller:/home/wego/wego_ws/install/nav2_constrained_smoother:/home/wego/wego_ws/install/nav2_bt_navigator:/home/wego/wego_ws/install/nav2_behaviors:/home/wego/wego_ws/install/nav2_core:/home/wego/wego_ws/install/nav2_collision_monitor:/home/wego/wego_ws/install/costmap_queue:/home/wego/wego_ws/install/nav2_costmap_2d:/home/wego/wego_ws/install/nav2_voxel_grid:/home/wego/wego_ws/install/nav2_velocity_smoother:/home/wego/wego_ws/install/nav2_rviz_plugins:/home/wego/wego_ws/install/nav2_map_server:/home/wego/wego_ws/install/nav2_lifecycle_manager:/home/wego/wego_ws/install/nav2_behavior_tree:/home/wego/wego_ws/install/nav2_amcl:/home/wego/wego_ws/install/nav2_util:/home/wego/wego_ws/install/nav2_msgs:/home/wego/wego_ws/install/nav2_common:/home/wego/wego_ws/install/limo_base:/home/wego/wego_ws/install/limo_msgs:/home/wego/wego_ws/install/limo_description:/home/wego/wego_ws/install/lift_ctr:/home/wego/wego_ws/install/dl_ros2_msgs:/home/wego/drive_ws/install/terrain_analysis:/home/wego/wego_ws/install/yolo_ros:/home/wego/wego_ws/install/limo_ros2_application:/home/wego/wego_ws/install/nav2_simple_commander:/home/wego/wego_ws/install/dl_ros2_application:/opt/ros/humble LD_LIBRARY_PATH=/home/wego/drive_ws/install/grid_map_msgs/lib:/home/wego/drive_ws/install/grid_map_demos/lib:/home/wego/drive_ws/install/grid_map_visualization/lib:/home/wego/drive_ws/install/grid_map_sdf/lib:/home/wego/drive_ws/install/grid_map_rviz_plugin/lib:/home/wego/drive_ws/install/grid_map_pcl/lib:/home/wego/drive_ws/install/grid_map_loader/lib:/home/wego/drive_ws/install/grid_map_filters/lib:/home/wego/drive_ws/install/grid_map_ros/lib:/home/wego/drive_ws/install/grid_map_octomap/lib:/home/wego/drive_ws/install/grid_map_cv/lib:/home/wego/drive_ws/install/grid_map_costmap_2d/lib:/home/wego/drive_ws/install/grid_map_core/lib:/usr/lib/aarch64-linux-gnu:/usr/lib/aarch64-linux-gnu/nvidia:/usr/lib/aarch64-linux-gnu:/usr/lib/aarch64-linux-gnu/nvidia:/opt/ros/humble/lib:/usr/lib/aarch64-linux-gnu:/home/wego/wego_ws/install/yolo_msgs/lib:/home/wego/wego_ws/install/wego_msgs/lib:/home/wego/wego_ws/install/robot_localization/lib:/home/wego/wego_ws/install/orbbec_camera/lib:/home/wego/wego_ws/install/orbbec_camera_msgs/lib:/home/wego/wego_ws/install/nav2_smoother/lib:/home/wego/wego_ws/install/nav2_rotation_shim_controller/lib:/home/wego/wego_ws/install/nav2_graceful_controller/lib:/home/wego/wego_ws/install/nav2_controller/lib:/home/wego/wego_ws/install/dwb_plugins/lib:/home/wego/wego_ws/install/dwb_critics/lib:/home/wego/wego_ws/install/dwb_core/lib:/home/wego/wego_ws/install/nav_2d_utils/lib:/home/wego/wego_ws/install/dwb_msgs/lib:/home/wego/wego_ws/install/nav_2d_msgs/lib:/home/wego/wego_ws/install/nav2_waypoint_follower/lib:/home/wego/wego_ws/install/nav2_theta_star_planner/lib:/home/wego/wego_ws/install/nav2_smac_planner/lib:/home/wego/wego_ws/install/nav2_route/lib:/home/wego/wego_ws/install/nav2_regulated_pure_pursuit_controller/lib:/home/wego/wego_ws/install/nav2_planner/lib:/home/wego/wego_ws/install/nav2_navfn_planner/lib:/home/wego/wego_ws/install/nav2_mppi_controller/lib:/home/wego/wego_ws/install/nav2_constrained_smoother/lib:/home/wego/wego_ws/install/nav2_bt_navigator/lib:/home/wego/wego_ws/install/nav2_behaviors/lib:/home/wego/wego_ws/install/nav2_collision_monitor/lib:/home/wego/wego_ws/install/costmap_queue/lib:/home/wego/wego_ws/install/nav2_costmap_2d/lib:/home/wego/wego_ws/install/nav2_voxel_grid/lib:/home/wego/wego_ws/install/nav2_velocity_smoother/lib:/home/wego/wego_ws/install/nav2_rviz_plugins/lib:/home/wego/wego_ws/install/nav2_map_server/lib:/home/wego/wego_ws/install/nav2_lifecycle_manager/lib:/home/wego/wego_ws/install/nav2_behavior_tree/lib:/home/wego/wego_ws/install/nav2_amcl/lib:/home/wego/wego_ws/install/nav2_util/lib:/home/wego/wego_ws/install/nav2_msgs/lib:/home/wego/wego_ws/install/limo_msgs/lib:/home/wego/wego_ws/install/dl_ros2_msgs/lib:/opt/ros/humble/opt/rviz_ogre_vendor/lib:/opt/ros/humble/lib/aarch64-linux-gnu:/opt/ros/humble/lib:/usr/local/cuda-12.6/lib64:/usr/local/TensorRT-10.3.0.26/lib /usr/bin/cmake /home/wego/drive_ws/src/remo_navigation -DCMAKE_INSTALL_PREFIX=/home/wego/drive_ws/install/remo_navigation[0m
[1.480s] [34mcolcon.colcon_core.event_handler.log_command[0m [1;30mDEBUG[0m [32mInvoking command in '/home/wego/drive_ws/build/remo_navigation': CMAKE_PREFIX_PATH=/home/wego/drive_ws/install/grid_map_msgs:/home/wego/drive_ws/install/grid_map_cmake_helpers:/home/wego/drive_ws/install/remo_navigation:/home/wego/drive_ws/install/grid_map:/home/wego/drive_ws/install/grid_map_demos:/home/wego/drive_ws/install/grid_map_visualization:/home/wego/drive_ws/install/grid_map_sdf:/home/wego/drive_ws/install/grid_map_rviz_plugin:/home/wego/drive_ws/install/grid_map_pcl:/home/wego/drive_ws/install/grid_map_loader:/home/wego/drive_ws/install/grid_map_filters:/home/wego/drive_ws/install/grid_map_ros:/home/wego/drive_ws/install/grid_map_octomap:/home/wego/drive_ws/install/grid_map_cv:/home/wego/drive_ws/install/grid_map_costmap_2d:/home/wego/drive_ws/install/grid_map_core:/home/wego/wego_ws/install/yolo_bringup:/home/wego/wego_ws/install/yolo_msgs:/home/wego/wego_ws/install/ydlidar_ros2_driver:/home/wego/wego_ws/install/wego_msgs:/home/wego/wego_ws/install/wego_2d_nav:/home/wego/wego_ws/install/wego:/home/wego/wego_ws/install/robot_localization:/home/wego/wego_ws/install/orbbec_description:/home/wego/wego_ws/install/orbbec_camera:/home/wego/wego_ws/install/orbbec_camera_msgs:/home/wego/wego_ws/install/nav2_bringup:/home/wego/wego_ws/install/navigation2:/home/wego/wego_ws/install/nav2_smoother:/home/wego/wego_ws/install/nav2_rotation_shim_controller:/home/wego/wego_ws/install/nav2_graceful_controller:/home/wego/wego_ws/install/nav2_dwb_controller:/home/wego/wego_ws/install/nav2_controller:/home/wego/wego_ws/install/dwb_plugins:/home/wego/wego_ws/install/dwb_critics:/home/wego/wego_ws/install/dwb_core:/home/wego/wego_ws/install/nav_2d_utils:/home/wego/wego_ws/install/dwb_msgs:/home/wego/wego_ws/install/nav_2d_msgs:/home/wego/wego_ws/install/nav2_waypoint_follower:/home/wego/wego_ws/install/nav2_theta_star_planner:/home/wego/wego_ws/install/nav2_smac_planner:/home/wego/wego_ws/install/nav2_route:/home/wego/wego_ws/install/nav2_regulated_pure_pursuit_controller:/home/wego/wego_ws/install/nav2_planner:/home/wego/wego_ws/install/nav2_navfn_planner:/home/wego/wego_ws/install/nav2_mppi_controller:/home/wego/wego_ws/install/nav2_constrained_smoother:/home/wego/wego_ws/install/nav2_bt_navigator:/home/wego/wego_ws/install/nav2_behaviors:/home/wego/wego_ws/install/nav2_core:/home/wego/wego_ws/install/nav2_collision_monitor:/home/wego/wego_ws/install/costmap_queue:/home/wego/wego_ws/install/nav2_costmap_2d:/home/wego/wego_ws/install/nav2_voxel_grid:/home/wego/wego_ws/install/nav2_velocity_smoother:/home/wego/wego_ws/install/nav2_rviz_plugins:/home/wego/wego_ws/install/nav2_map_server:/home/wego/wego_ws/install/nav2_lifecycle_manager:/home/wego/wego_ws/install/nav2_behavior_tree:/home/wego/wego_ws/install/nav2_amcl:/home/wego/wego_ws/install/nav2_util:/home/wego/wego_ws/install/nav2_msgs:/home/wego/wego_ws/install/nav2_common:/home/wego/wego_ws/install/limo_base:/home/wego/wego_ws/install/limo_msgs:/home/wego/wego_ws/install/limo_description:/home/wego/wego_ws/install/lift_ctr:/home/wego/wego_ws/install/dl_ros2_msgs:/home/wego/drive_ws/install/terrain_analysis:/home/wego/wego_ws/install/yolo_ros:/home/wego/wego_ws/install/limo_ros2_application:/home/wego/wego_ws/install/nav2_simple_commander:/home/wego/wego_ws/install/dl_ros2_application:/opt/ros/humble LD_LIBRARY_PATH=/home/wego/drive_ws/install/grid_map_msgs/lib:/home/wego/drive_ws/install/grid_map_demos/lib:/home/wego/drive_ws/install/grid_map_visualization/lib:/home/wego/drive_ws/install/grid_map_sdf/lib:/home/wego/drive_ws/install/grid_map_rviz_plugin/lib:/home/wego/drive_ws/install/grid_map_pcl/lib:/home/wego/drive_ws/install/grid_map_loader/lib:/home/wego/drive_ws/install/grid_map_filters/lib:/home/wego/drive_ws/install/grid_map_ros/lib:/home/wego/drive_ws/install/grid_map_octomap/lib:/home/wego/drive_ws/install/grid_map_cv/lib:/home/wego/drive_ws/install/grid_map_costmap_2d/lib:/home/wego/drive_ws/install/grid_map_core/lib:/usr/lib/aarch64-linux-gnu:/usr/lib/aarch64-linux-gnu/nvidia:/usr/lib/aarch64-linux-gnu:/usr/lib/aarch64-linux-gnu/nvidia:/opt/ros/humble/lib:/usr/lib/aarch64-linux-gnu:/home/wego/wego_ws/install/yolo_msgs/lib:/home/wego/wego_ws/install/wego_msgs/lib:/home/wego/wego_ws/install/robot_localization/lib:/home/wego/wego_ws/install/orbbec_camera/lib:/home/wego/wego_ws/install/orbbec_camera_msgs/lib:/home/wego/wego_ws/install/nav2_smoother/lib:/home/wego/wego_ws/install/nav2_rotation_shim_controller/lib:/home/wego/wego_ws/install/nav2_graceful_controller/lib:/home/wego/wego_ws/install/nav2_controller/lib:/home/wego/wego_ws/install/dwb_plugins/lib:/home/wego/wego_ws/install/dwb_critics/lib:/home/wego/wego_ws/install/dwb_core/lib:/home/wego/wego_ws/install/nav_2d_utils/lib:/home/wego/wego_ws/install/dwb_msgs/lib:/home/wego/wego_ws/install/nav_2d_msgs/lib:/home/wego/wego_ws/install/nav2_waypoint_follower/lib:/home/wego/wego_ws/install/nav2_theta_star_planner/lib:/home/wego/wego_ws/install/nav2_smac_planner/lib:/home/wego/wego_ws/install/nav2_route/lib:/home/wego/wego_ws/install/nav2_regulated_pure_pursuit_controller/lib:/home/wego/wego_ws/install/nav2_planner/lib:/home/wego/wego_ws/install/nav2_navfn_planner/lib:/home/wego/wego_ws/install/nav2_mppi_controller/lib:/home/wego/wego_ws/install/nav2_constrained_smoother/lib:/home/wego/wego_ws/install/nav2_bt_navigator/lib:/home/wego/wego_ws/install/nav2_behaviors/lib:/home/wego/wego_ws/install/nav2_collision_monitor/lib:/home/wego/wego_ws/install/costmap_queue/lib:/home/wego/wego_ws/install/nav2_costmap_2d/lib:/home/wego/wego_ws/install/nav2_voxel_grid/lib:/home/wego/wego_ws/install/nav2_velocity_smoother/lib:/home/wego/wego_ws/install/nav2_rviz_plugins/lib:/home/wego/wego_ws/install/nav2_map_server/lib:/home/wego/wego_ws/install/nav2_lifecycle_manager/lib:/home/wego/wego_ws/install/nav2_behavior_tree/lib:/home/wego/wego_ws/install/nav2_amcl/lib:/home/wego/wego_ws/install/nav2_util/lib:/home/wego/wego_ws/install/nav2_msgs/lib:/home/wego/wego_ws/install/limo_msgs/lib:/home/wego/wego_ws/install/dl_ros2_msgs/lib:/opt/ros/humble/opt/rviz_ogre_vendor/lib:/opt/ros/humble/lib/aarch64-linux-gnu:/opt/ros/humble/lib:/usr/local/cuda-12.6/lib64:/usr/local/TensorRT-10.3.0.26/lib /usr/bin/cmake --build /home/wego/drive_ws/build/remo_navigation -- -j6 -l6[0m
[1.567s] [34mcolcon.colcon_core.event_handler.log_command[0m [1;30mDEBUG[0m [32mInvoked command in '/home/wego/drive_ws/build/remo_navigation' returned '0': CMAKE_PREFIX_PATH=/home/wego/drive_ws/install/grid_map_msgs:/home/wego/drive_ws/install/grid_map_cmake_helpers:/home/wego/drive_ws/install/remo_navigation:/home/wego/drive_ws/install/grid_map:/home/wego/drive_ws/install/grid_map_demos:/home/wego/drive_ws/install/grid_map_visualization:/home/wego/drive_ws/install/grid_map_sdf:/home/wego/drive_ws/install/grid_map_rviz_plugin:/home/wego/drive_ws/install/grid_map_pcl:/home/wego/drive_ws/install/grid_map_loader:/home/wego/drive_ws/install/grid_map_filters:/home/wego/drive_ws/install/grid_map_ros:/home/wego/drive_ws/install/grid_map_octomap:/home/wego/drive_ws/install/grid_map_cv:/home/wego/drive_ws/install/grid_map_costmap_2d:/home/wego/drive_ws/install/grid_map_core:/home/wego/wego_ws/install/yolo_bringup:/home/wego/wego_ws/install/yolo_msgs:/home/wego/wego_ws/install/ydlidar_ros2_driver:/home/wego/wego_ws/install/wego_msgs:/home/wego/wego_ws/install/wego_2d_nav:/home/wego/wego_ws/install/wego:/home/wego/wego_ws/install/robot_localization:/home/wego/wego_ws/install/orbbec_description:/home/wego/wego_ws/install/orbbec_camera:/home/wego/wego_ws/install/orbbec_camera_msgs:/home/wego/wego_ws/install/nav2_bringup:/home/wego/wego_ws/install/navigation2:/home/wego/wego_ws/install/nav2_smoother:/home/wego/wego_ws/install/nav2_rotation_shim_controller:/home/wego/wego_ws/install/nav2_graceful_controller:/home/wego/wego_ws/install/nav2_dwb_controller:/home/wego/wego_ws/install/nav2_controller:/home/wego/wego_ws/install/dwb_plugins:/home/wego/wego_ws/install/dwb_critics:/home/wego/wego_ws/install/dwb_core:/home/wego/wego_ws/install/nav_2d_utils:/home/wego/wego_ws/install/dwb_msgs:/home/wego/wego_ws/install/nav_2d_msgs:/home/wego/wego_ws/install/nav2_waypoint_follower:/home/wego/wego_ws/install/nav2_theta_star_planner:/home/wego/wego_ws/install/nav2_smac_planner:/home/wego/wego_ws/install/nav2_route:/home/wego/wego_ws/install/nav2_regulated_pure_pursuit_controller:/home/wego/wego_ws/install/nav2_planner:/home/wego/wego_ws/install/nav2_navfn_planner:/home/wego/wego_ws/install/nav2_mppi_controller:/home/wego/wego_ws/install/nav2_constrained_smoother:/home/wego/wego_ws/install/nav2_bt_navigator:/home/wego/wego_ws/install/nav2_behaviors:/home/wego/wego_ws/install/nav2_core:/home/wego/wego_ws/install/nav2_collision_monitor:/home/wego/wego_ws/install/costmap_queue:/home/wego/wego_ws/install/nav2_costmap_2d:/home/wego/wego_ws/install/nav2_voxel_grid:/home/wego/wego_ws/install/nav2_velocity_smoother:/home/wego/wego_ws/install/nav2_rviz_plugins:/home/wego/wego_ws/install/nav2_map_server:/home/wego/wego_ws/install/nav2_lifecycle_manager:/home/wego/wego_ws/install/nav2_behavior_tree:/home/wego/wego_ws/install/nav2_amcl:/home/wego/wego_ws/install/nav2_util:/home/wego/wego_ws/install/nav2_msgs:/home/wego/wego_ws/install/nav2_common:/home/wego/wego_ws/install/limo_base:/home/wego/wego_ws/install/limo_msgs:/home/wego/wego_ws/install/limo_description:/home/wego/wego_ws/install/lift_ctr:/home/wego/wego_ws/install/dl_ros2_msgs:/home/wego/drive_ws/install/terrain_analysis:/home/wego/wego_ws/install/yolo_ros:/home/wego/wego_ws/install/limo_ros2_application:/home/wego/wego_ws/install/nav2_simple_commander:/home/wego/wego_ws/install/dl_ros2_application:/opt/ros/humble LD_LIBRARY_PATH=/home/wego/drive_ws/install/grid_map_msgs/lib:/home/wego/drive_ws/install/grid_map_demos/lib:/home/wego/drive_ws/install/grid_map_visualization/lib:/home/wego/drive_ws/install/grid_map_sdf/lib:/home/wego/drive_ws/install/grid_map_rviz_plugin/lib:/home/wego/drive_ws/install/grid_map_pcl/lib:/home/wego/drive_ws/install/grid_map_loader/lib:/home/wego/drive_ws/install/grid_map_filters/lib:/home/wego/drive_ws/install/grid_map_ros/lib:/home/wego/drive_ws/install/grid_map_octomap/lib:/home/wego/drive_ws/install/grid_map_cv/lib:/home/wego/drive_ws/install/grid_map_costmap_2d/lib:/home/wego/drive_ws/install/grid_map_core/lib:/usr/lib/aarch64-linux-gnu:/usr/lib/aarch64-linux-gnu/nvidia:/usr/lib/aarch64-linux-gnu:/usr/lib/aarch64-linux-gnu/nvidia:/opt/ros/humble/lib:/usr/lib/aarch64-linux-gnu:/home/wego/wego_ws/install/yolo_msgs/lib:/home/wego/wego_ws/install/wego_msgs/lib:/home/wego/wego_ws/install/robot_localization/lib:/home/wego/wego_ws/install/orbbec_camera/lib:/home/wego/wego_ws/install/orbbec_camera_msgs/lib:/home/wego/wego_ws/install/nav2_smoother/lib:/home/wego/wego_ws/install/nav2_rotation_shim_controller/lib:/home/wego/wego_ws/install/nav2_graceful_controller/lib:/home/wego/wego_ws/install/nav2_controller/lib:/home/wego/wego_ws/install/dwb_plugins/lib:/home/wego/wego_ws/install/dwb_critics/lib:/home/wego/wego_ws/install/dwb_core/lib:/home/wego/wego_ws/install/nav_2d_utils/lib:/home/wego/wego_ws/install/dwb_msgs/lib:/home/wego/wego_ws/install/nav_2d_msgs/lib:/home/wego/wego_ws/install/nav2_waypoint_follower/lib:/home/wego/wego_ws/install/nav2_theta_star_planner/lib:/home/wego/wego_ws/install/nav2_smac_planner/lib:/home/wego/wego_ws/install/nav2_route/lib:/home/wego/wego_ws/install/nav2_regulated_pure_pursuit_controller/lib:/home/wego/wego_ws/install/nav2_planner/lib:/home/wego/wego_ws/install/nav2_navfn_planner/lib:/home/wego/wego_ws/install/nav2_mppi_controller/lib:/home/wego/wego_ws/install/nav2_constrained_smoother/lib:/home/wego/wego_ws/install/nav2_bt_navigator/lib:/home/wego/wego_ws/install/nav2_behaviors/lib:/home/wego/wego_ws/install/nav2_collision_monitor/lib:/home/wego/wego_ws/install/costmap_queue/lib:/home/wego/wego_ws/install/nav2_costmap_2d/lib:/home/wego/wego_ws/install/nav2_voxel_grid/lib:/home/wego/wego_ws/install/nav2_velocity_smoother/lib:/home/wego/wego_ws/install/nav2_rviz_plugins/lib:/home/wego/wego_ws/install/nav2_map_server/lib:/home/wego/wego_ws/install/nav2_lifecycle_manager/lib:/home/wego/wego_ws/install/nav2_behavior_tree/lib:/home/wego/wego_ws/install/nav2_amcl/lib:/home/wego/wego_ws/install/nav2_util/lib:/home/wego/wego_ws/install/nav2_msgs/lib:/home/wego/wego_ws/install/limo_msgs/lib:/home/wego/wego_ws/install/dl_ros2_msgs/lib:/opt/ros/humble/opt/rviz_ogre_vendor/lib:/opt/ros/humble/lib/aarch64-linux-gnu:/opt/ros/humble/lib:/usr/local/cuda-12.6/lib64:/usr/local/TensorRT-10.3.0.26/lib /usr/bin/cmake --build /home/wego/drive_ws/build/remo_navigation -- -j6 -l6[0m
[1.591s] [34mcolcon.colcon_core.event_handler.log_command[0m [1;30mDEBUG[0m [32mInvoking command in '/home/wego/drive_ws/build/remo_navigation': CMAKE_PREFIX_PATH=/home/wego/drive_ws/install/grid_map_msgs:/home/wego/drive_ws/install/grid_map_cmake_helpers:/home/wego/drive_ws/install/remo_navigation:/home/wego/drive_ws/install/grid_map:/home/wego/drive_ws/install/grid_map_demos:/home/wego/drive_ws/install/grid_map_visualization:/home/wego/drive_ws/install/grid_map_sdf:/home/wego/drive_ws/install/grid_map_rviz_plugin:/home/wego/drive_ws/install/grid_map_pcl:/home/wego/drive_ws/install/grid_map_loader:/home/wego/drive_ws/install/grid_map_filters:/home/wego/drive_ws/install/grid_map_ros:/home/wego/drive_ws/install/grid_map_octomap:/home/wego/drive_ws/install/grid_map_cv:/home/wego/drive_ws/install/grid_map_costmap_2d:/home/wego/drive_ws/install/grid_map_core:/home/wego/wego_ws/install/yolo_bringup:/home/wego/wego_ws/install/yolo_msgs:/home/wego/wego_ws/install/ydlidar_ros2_driver:/home/wego/wego_ws/install/wego_msgs:/home/wego/wego_ws/install/wego_2d_nav:/home/wego/wego_ws/install/wego:/home/wego/wego_ws/install/robot_localization:/home/wego/wego_ws/install/orbbec_description:/home/wego/wego_ws/install/orbbec_camera:/home/wego/wego_ws/install/orbbec_camera_msgs:/home/wego/wego_ws/install/nav2_bringup:/home/wego/wego_ws/install/navigation2:/home/wego/wego_ws/install/nav2_smoother:/home/wego/wego_ws/install/nav2_rotation_shim_controller:/home/wego/wego_ws/install/nav2_graceful_controller:/home/wego/wego_ws/install/nav2_dwb_controller:/home/wego/wego_ws/install/nav2_controller:/home/wego/wego_ws/install/dwb_plugins:/home/wego/wego_ws/install/dwb_critics:/home/wego/wego_ws/install/dwb_core:/home/wego/wego_ws/install/nav_2d_utils:/home/wego/wego_ws/install/dwb_msgs:/home/wego/wego_ws/install/nav_2d_msgs:/home/wego/wego_ws/install/nav2_waypoint_follower:/home/wego/wego_ws/install/nav2_theta_star_planner:/home/wego/wego_ws/install/nav2_smac_planner:/home/wego/wego_ws/install/nav2_route:/home/wego/wego_ws/install/nav2_regulated_pure_pursuit_controller:/home/wego/wego_ws/install/nav2_planner:/home/wego/wego_ws/install/nav2_navfn_planner:/home/wego/wego_ws/install/nav2_mppi_controller:/home/wego/wego_ws/install/nav2_constrained_smoother:/home/wego/wego_ws/install/nav2_bt_navigator:/home/wego/wego_ws/install/nav2_behaviors:/home/wego/wego_ws/install/nav2_core:/home/wego/wego_ws/install/nav2_collision_monitor:/home/wego/wego_ws/install/costmap_queue:/home/wego/wego_ws/install/nav2_costmap_2d:/home/wego/wego_ws/install/nav2_voxel_grid:/home/wego/wego_ws/install/nav2_velocity_smoother:/home/wego/wego_ws/install/nav2_rviz_plugins:/home/wego/wego_ws/install/nav2_map_server:/home/wego/wego_ws/install/nav2_lifecycle_manager:/home/wego/wego_ws/install/nav2_behavior_tree:/home/wego/wego_ws/install/nav2_amcl:/home/wego/wego_ws/install/nav2_util:/home/wego/wego_ws/install/nav2_msgs:/home/wego/wego_ws/install/nav2_common:/home/wego/wego_ws/install/limo_base:/home/wego/wego_ws/install/limo_msgs:/home/wego/wego_ws/install/limo_description:/home/wego/wego_ws/install/lift_ctr:/home/wego/wego_ws/install/dl_ros2_msgs:/home/wego/drive_ws/install/terrain_analysis:/home/wego/wego_ws/install/yolo_ros:/home/wego/wego_ws/install/limo_ros2_application:/home/wego/wego_ws/install/nav2_simple_commander:/home/wego/wego_ws/install/dl_ros2_application:/opt/ros/humble LD_LIBRARY_PATH=/home/wego/drive_ws/install/grid_map_msgs/lib:/home/wego/drive_ws/install/grid_map_demos/lib:/home/wego/drive_ws/install/grid_map_visualization/lib:/home/wego/drive_ws/install/grid_map_sdf/lib:/home/wego/drive_ws/install/grid_map_rviz_plugin/lib:/home/wego/drive_ws/install/grid_map_pcl/lib:/home/wego/drive_ws/install/grid_map_loader/lib:/home/wego/drive_ws/install/grid_map_filters/lib:/home/wego/drive_ws/install/grid_map_ros/lib:/home/wego/drive_ws/install/grid_map_octomap/lib:/home/wego/drive_ws/install/grid_map_cv/lib:/home/wego/drive_ws/install/grid_map_costmap_2d/lib:/home/wego/drive_ws/install/grid_map_core/lib:/usr/lib/aarch64-linux-gnu:/usr/lib/aarch64-linux-gnu/nvidia:/usr/lib/aarch64-linux-gnu:/usr/lib/aarch64-linux-gnu/nvidia:/opt/ros/humble/lib:/usr/lib/aarch64-linux-gnu:/home/wego/wego_ws/install/yolo_msgs/lib:/home/wego/wego_ws/install/wego_msgs/lib:/home/wego/wego_ws/install/robot_localization/lib:/home/wego/wego_ws/install/orbbec_camera/lib:/home/wego/wego_ws/install/orbbec_camera_msgs/lib:/home/wego/wego_ws/install/nav2_smoother/lib:/home/wego/wego_ws/install/nav2_rotation_shim_controller/lib:/home/wego/wego_ws/install/nav2_graceful_controller/lib:/home/wego/wego_ws/install/nav2_controller/lib:/home/wego/wego_ws/install/dwb_plugins/lib:/home/wego/wego_ws/install/dwb_critics/lib:/home/wego/wego_ws/install/dwb_core/lib:/home/wego/wego_ws/install/nav_2d_utils/lib:/home/wego/wego_ws/install/dwb_msgs/lib:/home/wego/wego_ws/install/nav_2d_msgs/lib:/home/wego/wego_ws/install/nav2_waypoint_follower/lib:/home/wego/wego_ws/install/nav2_theta_star_planner/lib:/home/wego/wego_ws/install/nav2_smac_planner/lib:/home/wego/wego_ws/install/nav2_route/lib:/home/wego/wego_ws/install/nav2_regulated_pure_pursuit_controller/lib:/home/wego/wego_ws/install/nav2_planner/lib:/home/wego/wego_ws/install/nav2_navfn_planner/lib:/home/wego/wego_ws/install/nav2_mppi_controller/lib:/home/wego/wego_ws/install/nav2_constrained_smoother/lib:/home/wego/wego_ws/install/nav2_bt_navigator/lib:/home/wego/wego_ws/install/nav2_behaviors/lib:/home/wego/wego_ws/install/nav2_collision_monitor/lib:/home/wego/wego_ws/install/costmap_queue/lib:/home/wego/wego_ws/install/nav2_costmap_2d/lib:/home/wego/wego_ws/install/nav2_voxel_grid/lib:/home/wego/wego_ws/install/nav2_velocity_smoother/lib:/home/wego/wego_ws/install/nav2_rviz_plugins/lib:/home/wego/wego_ws/install/nav2_map_server/lib:/home/wego/wego_ws/install/nav2_lifecycle_manager/lib:/home/wego/wego_ws/install/nav2_behavior_tree/lib:/home/wego/wego_ws/install/nav2_amcl/lib:/home/wego/wego_ws/install/nav2_util/lib:/home/wego/wego_ws/install/nav2_msgs/lib:/home/wego/wego_ws/install/limo_msgs/lib:/home/wego/wego_ws/install/dl_ros2_msgs/lib:/opt/ros/humble/opt/rviz_ogre_vendor/lib:/opt/ros/humble/lib/aarch64-linux-gnu:/opt/ros/humble/lib:/usr/local/cuda-12.6/lib64:/usr/local/TensorRT-10.3.0.26/lib /usr/bin/cmake --install /home/wego/drive_ws/build/remo_navigation[0m
[1.646s] [34mcolcon.colcon_core.environment[0m [1;30mLevel 1[0m create_environment_scripts_only(remo_navigation)
[1.648s] [34mcolcon.colcon_core.event_handler.log_command[0m [1;30mDEBUG[0m [32mInvoked command in '/home/wego/drive_ws/build/remo_navigation' returned '0': CMAKE_PREFIX_PATH=/home/wego/drive_ws/install/grid_map_msgs:/home/wego/drive_ws/install/grid_map_cmake_helpers:/home/wego/drive_ws/install/remo_navigation:/home/wego/drive_ws/install/grid_map:/home/wego/drive_ws/install/grid_map_demos:/home/wego/drive_ws/install/grid_map_visualization:/home/wego/drive_ws/install/grid_map_sdf:/home/wego/drive_ws/install/grid_map_rviz_plugin:/home/wego/drive_ws/install/grid_map_pcl:/home/wego/drive_ws/install/grid_map_loader:/home/wego/drive_ws/install/grid_map_filters:/home/wego/drive_ws/install/grid_map_ros:/home/wego/drive_ws/install/grid_map_octomap:/home/wego/drive_ws/install/grid_map_cv:/home/wego/drive_ws/install/grid_map_costmap_2d:/home/wego/drive_ws/install/grid_map_core:/home/wego/wego_ws/install/yolo_bringup:/home/wego/wego_ws/install/yolo_msgs:/home/wego/wego_ws/install/ydlidar_ros2_driver:/home/wego/wego_ws/install/wego_msgs:/home/wego/wego_ws/install/wego_2d_nav:/home/wego/wego_ws/install/wego:/home/wego/wego_ws/install/robot_localization:/home/wego/wego_ws/install/orbbec_description:/home/wego/wego_ws/install/orbbec_camera:/home/wego/wego_ws/install/orbbec_camera_msgs:/home/wego/wego_ws/install/nav2_bringup:/home/wego/wego_ws/install/navigation2:/home/wego/wego_ws/install/nav2_smoother:/home/wego/wego_ws/install/nav2_rotation_shim_controller:/home/wego/wego_ws/install/nav2_graceful_controller:/home/wego/wego_ws/install/nav2_dwb_controller:/home/wego/wego_ws/install/nav2_controller:/home/wego/wego_ws/install/dwb_plugins:/home/wego/wego_ws/install/dwb_critics:/home/wego/wego_ws/install/dwb_core:/home/wego/wego_ws/install/nav_2d_utils:/home/wego/wego_ws/install/dwb_msgs:/home/wego/wego_ws/install/nav_2d_msgs:/home/wego/wego_ws/install/nav2_waypoint_follower:/home/wego/wego_ws/install/nav2_theta_star_planner:/home/wego/wego_ws/install/nav2_smac_planner:/home/wego/wego_ws/install/nav2_route:/home/wego/wego_ws/install/nav2_regulated_pure_pursuit_controller:/home/wego/wego_ws/install/nav2_planner:/home/wego/wego_ws/install/nav2_navfn_planner:/home/wego/wego_ws/install/nav2_mppi_controller:/home/wego/wego_ws/install/nav2_constrained_smoother:/home/wego/wego_ws/install/nav2_bt_navigator:/home/wego/wego_ws/install/nav2_behaviors:/home/wego/wego_ws/install/nav2_core:/home/wego/wego_ws/install/nav2_collision_monitor:/home/wego/wego_ws/install/costmap_queue:/home/wego/wego_ws/install/nav2_costmap_2d:/home/wego/wego_ws/install/nav2_voxel_grid:/home/wego/wego_ws/install/nav2_velocity_smoother:/home/wego/wego_ws/install/nav2_rviz_plugins:/home/wego/wego_ws/install/nav2_map_server:/home/wego/wego_ws/install/nav2_lifecycle_manager:/home/wego/wego_ws/install/nav2_behavior_tree:/home/wego/wego_ws/install/nav2_amcl:/home/wego/wego_ws/install/nav2_util:/home/wego/wego_ws/install/nav2_msgs:/home/wego/wego_ws/install/nav2_common:/home/wego/wego_ws/install/limo_base:/home/wego/wego_ws/install/limo_msgs:/home/wego/wego_ws/install/limo_description:/home/wego/wego_ws/install/lift_ctr:/home/wego/wego_ws/install/dl_ros2_msgs:/home/wego/drive_ws/install/terrain_analysis:/home/wego/wego_ws/install/yolo_ros:/home/wego/wego_ws/install/limo_ros2_application:/home/wego/wego_ws/install/nav2_simple_commander:/home/wego/wego_ws/install/dl_ros2_application:/opt/ros/humble LD_LIBRARY_PATH=/home/wego/drive_ws/install/grid_map_msgs/lib:/home/wego/drive_ws/install/grid_map_demos/lib:/home/wego/drive_ws/install/grid_map_visualization/lib:/home/wego/drive_ws/install/grid_map_sdf/lib:/home/wego/drive_ws/install/grid_map_rviz_plugin/lib:/home/wego/drive_ws/install/grid_map_pcl/lib:/home/wego/drive_ws/install/grid_map_loader/lib:/home/wego/drive_ws/install/grid_map_filters/lib:/home/wego/drive_ws/install/grid_map_ros/lib:/home/wego/drive_ws/install/grid_map_octomap/lib:/home/wego/drive_ws/install/grid_map_cv/lib:/home/wego/drive_ws/install/grid_map_costmap_2d/lib:/home/wego/drive_ws/install/grid_map_core/lib:/usr/lib/aarch64-linux-gnu:/usr/lib/aarch64-linux-gnu/nvidia:/usr/lib/aarch64-linux-gnu:/usr/lib/aarch64-linux-gnu/nvidia:/opt/ros/humble/lib:/usr/lib/aarch64-linux-gnu:/home/wego/wego_ws/install/yolo_msgs/lib:/home/wego/wego_ws/install/wego_msgs/lib:/home/wego/wego_ws/install/robot_localization/lib:/home/wego/wego_ws/install/orbbec_camera/lib:/home/wego/wego_ws/install/orbbec_camera_msgs/lib:/home/wego/wego_ws/install/nav2_smoother/lib:/home/wego/wego_ws/install/nav2_rotation_shim_controller/lib:/home/wego/wego_ws/install/nav2_graceful_controller/lib:/home/wego/wego_ws/install/nav2_controller/lib:/home/wego/wego_ws/install/dwb_plugins/lib:/home/wego/wego_ws/install/dwb_critics/lib:/home/wego/wego_ws/install/dwb_core/lib:/home/wego/wego_ws/install/nav_2d_utils/lib:/home/wego/wego_ws/install/dwb_msgs/lib:/home/wego/wego_ws/install/nav_2d_msgs/lib:/home/wego/wego_ws/install/nav2_waypoint_follower/lib:/home/wego/wego_ws/install/nav2_theta_star_planner/lib:/home/wego/wego_ws/install/nav2_smac_planner/lib:/home/wego/wego_ws/install/nav2_route/lib:/home/wego/wego_ws/install/nav2_regulated_pure_pursuit_controller/lib:/home/wego/wego_ws/install/nav2_planner/lib:/home/wego/wego_ws/install/nav2_navfn_planner/lib:/home/wego/wego_ws/install/nav2_mppi_controller/lib:/home/wego/wego_ws/install/nav2_constrained_smoother/lib:/home/wego/wego_ws/install/nav2_bt_navigator/lib:/home/wego/wego_ws/install/nav2_behaviors/lib:/home/wego/wego_ws/install/nav2_collision_monitor/lib:/home/wego/wego_ws/install/costmap_queue/lib:/home/wego/wego_ws/install/nav2_costmap_2d/lib:/home/wego/wego_ws/install/nav2_voxel_grid/lib:/home/wego/wego_ws/install/nav2_velocity_smoother/lib:/home/wego/wego_ws/install/nav2_rviz_plugins/lib:/home/wego/wego_ws/install/nav2_map_server/lib:/home/wego/wego_ws/install/nav2_lifecycle_manager/lib:/home/wego/wego_ws/install/nav2_behavior_tree/lib:/home/wego/wego_ws/install/nav2_amcl/lib:/home/wego/wego_ws/install/nav2_util/lib:/home/wego/wego_ws/install/nav2_msgs/lib:/home/wego/wego_ws/install/limo_msgs/lib:/home/wego/wego_ws/install/dl_ros2_msgs/lib:/opt/ros/humble/opt/rviz_ogre_vendor/lib:/opt/ros/humble/lib/aarch64-linux-gnu:/opt/ros/humble/lib:/usr/local/cuda-12.6/lib64:/usr/local/TensorRT-10.3.0.26/lib /usr/bin/cmake --install /home/wego/drive_ws/build/remo_navigation[0m
[1.658s] [34mcolcon.colcon_core.environment[0m [1;30mLevel 1[0m checking '/home/wego/drive_ws/install/remo_navigation' for CMake module files
[1.660s] [34mcolcon.colcon_core.environment[0m [1;30mLevel 1[0m checking '/home/wego/drive_ws/install/remo_navigation' for CMake config files
[1.661s] [34mcolcon.colcon_core.shell[0m [1;30mLevel 1[0m create_environment_hook('remo_navigation', 'cmake_prefix_path')
[1.662s] [34mcolcon.colcon_core.shell[0m [1;30mINFO[0m Creating environment hook '/home/wego/drive_ws/install/remo_navigation/share/remo_navigation/hook/cmake_prefix_path.ps1'
[1.664s] [34mcolcon.colcon_core.shell[0m [1;30mINFO[0m Creating environment descriptor '/home/wego/drive_ws/install/remo_navigation/share/remo_navigation/hook/cmake_prefix_path.dsv'
[1.665s] [34mcolcon.colcon_core.shell[0m [1;30mINFO[0m Creating environment hook '/home/wego/drive_ws/install/remo_navigation/share/remo_navigation/hook/cmake_prefix_path.sh'
[1.668s] [34mcolcon.colcon_core.environment[0m [1;30mLevel 1[0m checking '/home/wego/drive_ws/install/remo_navigation/lib'
[1.668s] [34mcolcon.colcon_core.environment[0m [1;30mLevel 1[0m checking '/home/wego/drive_ws/install/remo_navigation/bin'
[1.669s] [34mcolcon.colcon_core.environment[0m [1;30mLevel 1[0m checking '/home/wego/drive_ws/install/remo_navigation/lib/pkgconfig/remo_navigation.pc'
[1.669s] [34mcolcon.colcon_core.environment[0m [1;30mLevel 1[0m checking '/home/wego/drive_ws/install/remo_navigation/lib/python3.10/site-packages'
[1.670s] [34mcolcon.colcon_core.environment[0m [1;30mLevel 1[0m checking '/home/wego/drive_ws/install/remo_navigation/bin'
[1.671s] [34mcolcon.colcon_core.shell[0m [1;30mINFO[0m Creating package script '/home/wego/drive_ws/install/remo_navigation/share/remo_navigation/package.ps1'
[1.674s] [34mcolcon.colcon_core.shell[0m [1;30mINFO[0m Creating package descriptor '/home/wego/drive_ws/install/remo_navigation/share/remo_navigation/package.dsv'
[1.676s] [34mcolcon.colcon_core.shell[0m [1;30mINFO[0m Creating package script '/home/wego/drive_ws/install/remo_navigation/share/remo_navigation/package.sh'
[1.677s] [34mcolcon.colcon_core.shell[0m [1;30mINFO[0m Creating package script '/home/wego/drive_ws/install/remo_navigation/share/remo_navigation/package.bash'
[1.678s] [34mcolcon.colcon_core.shell[0m [1;30mINFO[0m Creating package script '/home/wego/drive_ws/install/remo_navigation/share/remo_navigation/package.zsh'
[1.680s] [34mcolcon.colcon_core.environment[0m [1;30mLevel 1[0m create_file_with_runtime_dependencies(/home/wego/drive_ws/install/remo_navigation/share/colcon-core/packages/remo_navigation)
[1.682s] [34mcolcon.colcon_core.environment[0m [1;30mLevel 1[0m create_environment_scripts_only(remo_navigation)
[1.682s] [34mcolcon.colcon_core.environment[0m [1;30mLevel 1[0m checking '/home/wego/drive_ws/install/remo_navigation' for CMake module files
[1.683s] [34mcolcon.colcon_core.environment[0m [1;30mLevel 1[0m checking '/home/wego/drive_ws/install/remo_navigation' for CMake config files
[1.684s] [34mcolcon.colcon_core.shell[0m [1;30mLevel 1[0m create_environment_hook('remo_navigation', 'cmake_prefix_path')
[1.685s] [34mcolcon.colcon_core.shell[0m [1;30mINFO[0m Creating environment hook '/home/wego/drive_ws/install/remo_navigation/share/remo_navigation/hook/cmake_prefix_path.ps1'
[1.686s] [34mcolcon.colcon_core.shell[0m [1;30mINFO[0m Creating environment descriptor '/home/wego/drive_ws/install/remo_navigation/share/remo_navigation/hook/cmake_prefix_path.dsv'
[1.687s] [34mcolcon.colcon_core.shell[0m [1;30mINFO[0m Creating environment hook '/home/wego/drive_ws/install/remo_navigation/share/remo_navigation/hook/cmake_prefix_path.sh'
[1.689s] [34mcolcon.colcon_core.environment[0m [1;30mLevel 1[0m checking '/home/wego/drive_ws/install/remo_navigation/lib'
[1.689s] [34mcolcon.colcon_core.environment[0m [1;30mLevel 1[0m checking '/home/wego/drive_ws/install/remo_navigation/bin'
[1.690s] [34mcolcon.colcon_core.environment[0m [1;30mLevel 1[0m checking '/home/wego/drive_ws/install/remo_navigation/lib/pkgconfig/remo_navigation.pc'
[1.690s] [34mcolcon.colcon_core.environment[0m [1;30mLevel 1[0m checking '/home/wego/drive_ws/install/remo_navigation/lib/python3.10/site-packages'
[1.691s] [34mcolcon.colcon_core.environment[0m [1;30mLevel 1[0m checking '/home/wego/drive_ws/install/remo_navigation/bin'
[1.692s] [34mcolcon.colcon_core.shell[0m [1;30mINFO[0m Creating package script '/home/wego/drive_ws/install/remo_navigation/share/remo_navigation/package.ps1'
[1.694s] [34mcolcon.colcon_core.shell[0m [1;30mINFO[0m Creating package descriptor '/home/wego/drive_ws/install/remo_navigation/share/remo_navigation/package.dsv'
[1.695s] [34mcolcon.colcon_core.shell[0m [1;30mINFO[0m Creating package script '/home/wego/drive_ws/install/remo_navigation/share/remo_navigation/package.sh'
[1.696s] [34mcolcon.colcon_core.shell[0m [1;30mINFO[0m Creating package script '/home/wego/drive_ws/install/remo_navigation/share/remo_navigation/package.bash'
[1.697s] [34mcolcon.colcon_core.shell[0m [1;30mINFO[0m Creating package script '/home/wego/drive_ws/install/remo_navigation/share/remo_navigation/package.zsh'
[1.698s] [34mcolcon.colcon_core.environment[0m [1;30mLevel 1[0m create_file_with_runtime_dependencies(/home/wego/drive_ws/install/remo_navigation/share/colcon-core/packages/remo_navigation)
[1.699s] [34mcolcon.colcon_parallel_executor.executor.parallel[0m [1;30mDEBUG[0m [32mclosing loop[0m
[1.700s] [34mcolcon.colcon_parallel_executor.executor.parallel[0m [1;30mDEBUG[0m [32mloop closed[0m
[1.700s] [34mcolcon.colcon_parallel_executor.executor.parallel[0m [1;30mDEBUG[0m [32mrun_until_complete finished with '0'[0m
[1.701s] [34mcolcon.colcon_core.event_reactor[0m [1;30mDEBUG[0m [32mjoining thread[0m
[1.719s] [34mcolcon.colcon_core.plugin_system[0m [1;30mINFO[0m Skipping extension 'colcon_notification.desktop_notification.terminal_notifier': Not used on non-Darwin systems
[1.719s] [34mcolcon.colcon_core.plugin_system[0m [1;30mINFO[0m Skipping extension 'colcon_notification.desktop_notification.win32': Not used on non-Windows systems
[1.719s] [34mcolcon.colcon_notification.desktop_notification[0m [1;30mINFO[0m Sending desktop notification using 'notify2'
[1.755s] [34mcolcon.colcon_core.event_reactor[0m [1;30mDEBUG[0m [32mjoined thread[0m
[1.756s] [34mcolcon.colcon_core.shell[0m [1;30mINFO[0m Creating prefix script '/home/wego/drive_ws/install/local_setup.ps1'
[1.759s] [34mcolcon.colcon_core.shell[0m [1;30mINFO[0m Creating prefix util module '/home/wego/drive_ws/install/_local_setup_util_ps1.py'
[1.763s] [34mcolcon.colcon_core.shell[0m [1;30mINFO[0m Creating prefix chain script '/home/wego/drive_ws/install/setup.ps1'
[1.775s] [34mcolcon.colcon_core.shell[0m [1;30mINFO[0m Creating prefix script '/home/wego/drive_ws/install/local_setup.sh'
[1.777s] [34mcolcon.colcon_core.shell[0m [1;30mINFO[0m Creating prefix util module '/home/wego/drive_ws/install/_local_setup_util_sh.py'
[1.779s] [34mcolcon.colcon_core.shell[0m [1;30mINFO[0m Creating prefix chain script '/home/wego/drive_ws/install/setup.sh'
[1.791s] [34mcolcon.colcon_core.shell[0m [1;30mINFO[0m Creating prefix script '/home/wego/drive_ws/install/local_setup.bash'
[1.792s] [34mcolcon.colcon_core.shell[0m [1;30mINFO[0m Creating prefix chain script '/home/wego/drive_ws/install/setup.bash'
[1.802s] [34mcolcon.colcon_core.shell[0m [1;30mINFO[0m Creating prefix script '/home/wego/drive_ws/install/local_setup.zsh'
[1.803s] [34mcolcon.colcon_core.shell[0m [1;30mINFO[0m Creating prefix chain script '/home/wego/drive_ws/install/setup.zsh'
